#
# A fatal error has been detected by the Java Runtime Environment:
#
#  EXCEPTION_ACCESS_VIOLATION (0xc0000005) at pc=0x0000000068a1a557, pid=138780, tid=138488
#
# JRE version: Java(TM) SE Runtime Environment (13.0+33) (build 13+33)
# Java VM: Java HotSpot(TM) 64-Bit Server VM (13+33, mixed mode, sharing, tiered, compressed oops, g1 gc, windows-amd64)
# Problematic frame:
# C  [libtesseract-3.dll+0x1a557]
#
# No core dump will be written. Minidumps are not enabled by default on client versions of Windows
#
# If you would like to submit a bug report, please visit:
#   http://bugreport.java.com/bugreport/crash.jsp
# The crash happened outside the Java Virtual Machine in native code.
# See problematic frame for where to report the bug.
#

---------------  S U M M A R Y ------------

Command Line: -Djava.library.path=C:\opencv\build\java\x64 Main

Host: AMD Ryzen 7 2700X Eight-Core Processor         , 16 cores, 15G,  Windows 10 , 64 bit Build 18362 (10.0.18362.329)
Time: Sun Oct 20 08:04:02 2019 Türkiye Standart Saati elapsed time: 1 seconds (0d 0h 0m 1s)

---------------  T H R E A D  ---------------

Current thread (0x0000019164386000):  JavaThread "main" [_thread_in_native, id=138488, stack(0x0000001a43900000,0x0000001a43a00000)]

Stack: [0x0000001a43900000,0x0000001a43a00000],  sp=0x0000001a439fec10,  free space=1019k
Native frames: (J=compiled Java code, j=interpreted, Vv=VM code, C=native code)
C  [libtesseract-3.dll+0x1a557]

Java frames: (J=compiled Java code, j=interpreted, Vv=VM code)
j  org.bytedeco.javacpp.tesseract$TessBaseAPI.GetUTF8Text()Lorg/bytedeco/javacpp/BytePointer;+0
j  ReceiptScannerImpl.getStringFromImage(Ljava/lang/String;)Ljava/lang/String;+95
j  Main.main([Ljava/lang/String;)V+11
v  ~StubRoutines::call_stub

siginfo: EXCEPTION_ACCESS_VIOLATION (0xc0000005), reading address 0x000000000000000c


Register to memory mapping:

RIP=0x0000000068a1a557 libtesseract-3.dll
RAX=0x0 is NULL
RBX=0x0000001a439fec80 is pointing into the stack for thread: 0x0000019164386000
RCX=0x0 is NULL
RDX=0x0 is NULL
RSP=0x0000001a439fec10 is pointing into the stack for thread: 0x0000019164386000
RBP=0x0 is NULL
RSI=0x000001910b26d970 points into unknown readable memory: 10 b1 c4 68 00 00 00 00
RDI=0x000001910b2f9740 points into unknown readable memory: 00 00 00 00 00 00 00 00
R8 =0x0 is NULL
R9 =0x0 is NULL
R10=0xe47260615e737764 is an unknown value
R11=0x8101010101010100 is an unknown value
R12=0x0 is NULL
R13=0x0 is NULL
R14=0x0000001a439fefb8 is pointing into the stack for thread: 0x0000019164386000
R15=0x0000019164386000 is a thread


Registers:
RAX=0x0000000000000000, RBX=0x0000001a439fec80, RCX=0x0000000000000000, RDX=0x0000000000000000
RSP=0x0000001a439fec10, RBP=0x0000000000000000, RSI=0x000001910b26d970, RDI=0x000001910b2f9740
R8 =0x0000000000000000, R9 =0x0000000000000000, R10=0xe47260615e737764, R11=0x8101010101010100
R12=0x0000000000000000, R13=0x0000000000000000, R14=0x0000001a439fefb8, R15=0x0000019164386000
RIP=0x0000000068a1a557, EFLAGS=0x0000000000010246

Top of Stack: (sp=0x0000001a439fec10)
0x0000001a439fec10:   0000000000000000 0000000000000000
0x0000001a439fec20:   000001910b766e20 000001910b0f4990
0x0000001a439fec30:   000001910b766e20 000001910b767fb0
0x0000001a439fec40:   0000000000000000 0000001a439fec90
0x0000001a439fec50:   000001910b0f48a0 000001910b2fe130
0x0000001a439fec60:   0000000000000000 0000000068b81ccf
0x0000001a439fec70:   000001910b2f9740 0000000000000000
0x0000001a439fec80:   000001910b2f9740 0000000000000000
0x0000001a439fec90:   0000000000000000 0000000000000000
0x0000001a439feca0:   000001910b2a3730 000001910b2fe130
0x0000001a439fecb0:   000001910b767fb0 000001910b2c7990
0x0000001a439fecc0:   000001910b2fe2b0 000001910b767fb0
0x0000001a439fecd0:   000001910b2f9748 000001910b767fb0
0x0000001a439fece0:   000001910b767fb0 000001910b767fb0
0x0000001a439fecf0:   0000000000000000 000001910b767fb0
0x0000001a439fed00:   0000001a439fed00 000001910b767fd8 

Instructions: (pc=0x0000000068a1a557)
0x0000000068a1a457:   d7 01 00 00 31 d2 48 89 d9 e8 3b 67 16 00 4c 8d
0x0000000068a1a467:   64 24 40 4c 8d 7f 40 eb 6b 48 8b 90 e8 00 00 00
0x0000000068a1a477:   80 7a 4c 0a 0f 84 82 00 00 00 48 8b 88 00 01 00
0x0000000068a1a487:   00 48 85 c9 74 41 48 81 c1 a0 00 00 00 e8 07 c1
0x0000000068a1a497:   18 00 85 c0 7e 31 48 8b 84 24 90 00 00 00 4c 89
0x0000000068a1a4a7:   e1 48 8b 90 00 01 00 00 48 81 c2 a0 00 00 00 e8
0x0000000068a1a4b7:   65 be 18 00 4c 89 e2 4c 89 f9 e8 0a 57 1a 00 4c
0x0000000068a1a4c7:   89 e1 e8 92 bf 18 00 45 31 c0 31 d2 48 89 d9 e8
0x0000000068a1a4d7:   35 63 16 00 48 8b 84 24 90 00 00 00 48 85 c0 74
0x0000000068a1a4e7:   48 48 8b 50 08 f6 42 13 02 0f 84 7a ff ff ff 48
0x0000000068a1a4f7:   89 da 48 89 f1 e8 2f bc ff ff eb cb 83 86 14 4c
0x0000000068a1a507:   00 00 01 e9 72 ff ff ff 90 4c 89 f1 88 44 24 3f
0x0000000068a1a517:   e8 e4 8e 1a 00 0f b6 44 24 3f e9 54 fc ff ff 66
0x0000000068a1a527:   2e 0f 1f 84 00 00 00 00 00 4c 89 f1 e8 c8 8e 1a
0x0000000068a1a537:   00 83 bc 24 e8 01 00 00 01 0f 84 2f fc ff ff e9
0x0000000068a1a547:   f1 fa ff ff 0f 1f 44 00 00 48 8b 86 40 0b 00 00
0x0000000068a1a557:   80 78 0c 00 0f 84 c1 fd ff ff 48 89 f1 e8 e7 7a
0x0000000068a1a567:   10 00 e9 b4 fd ff ff 48 89 fa 48 89 f1 e8 a7 72
0x0000000068a1a577:   ff ff e9 4f fb ff ff 48 89 fa 48 89 f1 e8 77 9f
0x0000000068a1a587:   ff ff e9 fc fa ff ff 48 89 fa 48 89 f1 e8 97 95
0x0000000068a1a597:   ff ff e9 df fa ff ff 8b 8e 28 4c 00 00 85 c9 0f
0x0000000068a1a5a7:   8e ca fc ff ff 48 8b 96 30 4c 00 00 48 8b 02 83
0x0000000068a1a5b7:   b8 6c 1e 00 00 01 0f 85 e7 fb ff ff 44 8d 41 ff
0x0000000068a1a5c7:   48 8d 42 08 4e 8d 44 c2 08 eb 14 48 8b 10 48 83
0x0000000068a1a5d7:   c0 08 83 ba 6c 1e 00 00 01 0f 85 c4 fb ff ff 4c
0x0000000068a1a5e7:   39 c0 75 e7 e9 86 fc ff ff 80 be 92 31 00 00 00
0x0000000068a1a5f7:   0f 85 fb fa ff ff 8b 96 44 1e 00 00 48 8d 8e f0
0x0000000068a1a607:   3d 00 00 49 89 f8 e8 6e de 0c 00 31 d2 48 89 d9
0x0000000068a1a617:   e8 84 65 16 00 48 8b 84 24 90 00 00 00 48 85 c0
0x0000000068a1a627:   0f 85 05 fb ff ff e9 43 fb ff ff 4c 89 f1 88 44
0x0000000068a1a637:   24 3f e8 c2 8d 1a 00 0f b6 44 24 3f e9 32 fb ff
0x0000000068a1a647:   ff 48 89 fa 48 89 f1 e8 ed 11 00 00 e9 5d fa ff 


Stack slot to memory mapping:
stack at sp + 0 slots: 0x0 is NULL
stack at sp + 1 slots: 0x0 is NULL
stack at sp + 2 slots: 0x000001910b766e20 points into unknown readable memory: d0 a3 2f 0b 91 01 00 00
stack at sp + 3 slots: 0x000001910b0f4990 points into unknown readable memory: 30 e1 2f 0b 91 01 00 00
stack at sp + 4 slots: 0x000001910b766e20 points into unknown readable memory: d0 a3 2f 0b 91 01 00 00
stack at sp + 5 slots: 0x000001910b767fb0 points into unknown readable memory: b0 7f 76 0b 91 01 00 00
stack at sp + 6 slots: 0x0 is NULL
stack at sp + 7 slots: 0x0000001a439fec90 is pointing into the stack for thread: 0x0000019164386000


---------------  P R O C E S S  ---------------

Threads class SMR info:
_java_thread_list=0x000001910a486ea0, length=12, elements={
0x0000019164386000, 0x00000191093d7800, 0x00000191093dd800, 0x00000191093f5000,
0x00000191093f9800, 0x00000191093fb000, 0x0000019109401800, 0x0000019109415800,
0x000001910969f000, 0x00000191096b0800, 0x0000019109e4c000, 0x000001910968c000
}

Java Threads: ( => current thread )
=>0x0000019164386000 JavaThread "main" [_thread_in_native, id=138488, stack(0x0000001a43900000,0x0000001a43a00000)]
  0x00000191093d7800 JavaThread "Reference Handler" daemon [_thread_blocked, id=138520, stack(0x0000001a44000000,0x0000001a44100000)]
  0x00000191093dd800 JavaThread "Finalizer" daemon [_thread_blocked, id=138524, stack(0x0000001a44100000,0x0000001a44200000)]
  0x00000191093f5000 JavaThread "Signal Dispatcher" daemon [_thread_blocked, id=138528, stack(0x0000001a44200000,0x0000001a44300000)]
  0x00000191093f9800 JavaThread "Attach Listener" daemon [_thread_blocked, id=138532, stack(0x0000001a44300000,0x0000001a44400000)]
  0x00000191093fb000 JavaThread "C2 CompilerThread0" daemon [_thread_blocked, id=138536, stack(0x0000001a44400000,0x0000001a44500000)]
  0x0000019109401800 JavaThread "C1 CompilerThread0" daemon [_thread_blocked, id=138540, stack(0x0000001a44500000,0x0000001a44600000)]
  0x0000019109415800 JavaThread "Sweeper thread" daemon [_thread_blocked, id=138544, stack(0x0000001a44600000,0x0000001a44700000)]
  0x000001910969f000 JavaThread "Service Thread" daemon [_thread_blocked, id=138552, stack(0x0000001a44800000,0x0000001a44900000)]
  0x00000191096b0800 JavaThread "Common-Cleaner" daemon [_thread_blocked, id=138560, stack(0x0000001a44a00000,0x0000001a44b00000)]
  0x0000019109e4c000 JavaThread "C1 CompilerThread1" daemon [_thread_blocked, id=138456, stack(0x0000001a44700000,0x0000001a44800000)]
  0x000001910968c000 JavaThread "C1 CompilerThread2" daemon [_thread_blocked, id=138464, stack(0x0000001a44b00000,0x0000001a44c00000)]

Other Threads:
  0x00000191093d4000 VMThread "VM Thread" [stack: 0x0000001a43f00000,0x0000001a44000000] [id=138516]
  0x00000191096a0800 WatcherThread [stack: 0x0000001a44900000,0x0000001a44a00000] [id=138556]
  0x00000191643f4000 GCTaskThread "GC Thread#0" [stack: 0x0000001a43a00000,0x0000001a43b00000] [id=138492]
  0x000001910a435000 GCTaskThread "GC Thread#1" [stack: 0x0000001a44c00000,0x0000001a44d00000] [id=138436]
  0x0000019109ef9800 GCTaskThread "GC Thread#2" [stack: 0x0000001a44d00000,0x0000001a44e00000] [id=138412]
  0x00000191096bf000 GCTaskThread "GC Thread#3" [stack: 0x0000001a44e00000,0x0000001a44f00000] [id=138448]
  0x000001910a02e800 GCTaskThread "GC Thread#4" [stack: 0x0000001a44f00000,0x0000001a45000000] [id=138444]
  0x000001910a3d4000 GCTaskThread "GC Thread#5" [stack: 0x0000001a45000000,0x0000001a45100000] [id=138452]
  0x0000019164416800 ConcurrentGCThread "G1 Main Marker" [stack: 0x0000001a43b00000,0x0000001a43c00000] [id=138496]
  0x0000019164418800 ConcurrentGCThread "G1 Conc#0" [stack: 0x0000001a43c00000,0x0000001a43d00000] [id=138500]
  0x000001910860a800 ConcurrentGCThread "G1 Refine#0" [stack: 0x0000001a43d00000,0x0000001a43e00000] [id=138504]
  0x000001910860d000 ConcurrentGCThread "G1 Young RemSet Sampling" [stack: 0x0000001a43e00000,0x0000001a43f00000] [id=138512]

Threads with active compile tasks:

VM state:not at safepoint (normal execution)

VM Mutex/Monitor currently owned by a thread: None

Heap address: 0x0000000700c00000, size: 4084 MB, Compressed Oops mode: Zero based, Oop shift amount: 3
Narrow klass base: 0x0000000800000000, Narrow klass shift: 3
Compressed class space size: 1073741824 Address: 0x0000000800b40000

Heap:
 garbage-first heap   total 262144K, used 93530K [0x0000000700c00000, 0x0000000800000000)
  region size 1024K, 92 young (94208K), 3 survivors (3072K)
 Metaspace       used 3497K, capacity 6611K, committed 6784K, reserved 1056768K
  class space    used 214K, capacity 540K, committed 640K, reserved 1048576K
Heap Regions: E=young(eden), S=young(survivor), O=old, HS=humongous(starts), HC=humongous(continues), CS=collection set, F=free, A=archive, TAMS=top-at-mark-start (previous, next)
|   0|0x0000000700c00000, 0x0000000700c00000, 0x0000000700d00000|  0%| F|  |TAMS 0x0000000700c00000, 0x0000000700c00000| Untracked 
|   1|0x0000000700d00000, 0x0000000700d56a00, 0x0000000700e00000| 33%| O|  |TAMS 0x0000000700d00000, 0x0000000700d00000| Untracked 
|   2|0x0000000700e00000, 0x0000000700e00000, 0x0000000700f00000|  0%| F|  |TAMS 0x0000000700e00000, 0x0000000700e00000| Untracked 
|   3|0x0000000700f00000, 0x0000000700f00000, 0x0000000701000000|  0%| F|  |TAMS 0x0000000700f00000, 0x0000000700f00000| Untracked 
|   4|0x0000000701000000, 0x0000000701000000, 0x0000000701100000|  0%| F|  |TAMS 0x0000000701000000, 0x0000000701000000| Untracked 
|   5|0x0000000701100000, 0x0000000701100000, 0x0000000701200000|  0%| F|  |TAMS 0x0000000701100000, 0x0000000701100000| Untracked 
|   6|0x0000000701200000, 0x0000000701200000, 0x0000000701300000|  0%| F|  |TAMS 0x0000000701200000, 0x0000000701200000| Untracked 
|   7|0x0000000701300000, 0x0000000701300000, 0x0000000701400000|  0%| F|  |TAMS 0x0000000701300000, 0x0000000701300000| Untracked 
|   8|0x0000000701400000, 0x0000000701400000, 0x0000000701500000|  0%| F|  |TAMS 0x0000000701400000, 0x0000000701400000| Untracked 
|   9|0x0000000701500000, 0x0000000701500000, 0x0000000701600000|  0%| F|  |TAMS 0x0000000701500000, 0x0000000701500000| Untracked 
|  10|0x0000000701600000, 0x0000000701600000, 0x0000000701700000|  0%| F|  |TAMS 0x0000000701600000, 0x0000000701600000| Untracked 
|  11|0x0000000701700000, 0x0000000701700000, 0x0000000701800000|  0%| F|  |TAMS 0x0000000701700000, 0x0000000701700000| Untracked 
|  12|0x0000000701800000, 0x0000000701800000, 0x0000000701900000|  0%| F|  |TAMS 0x0000000701800000, 0x0000000701800000| Untracked 
|  13|0x0000000701900000, 0x0000000701900000, 0x0000000701a00000|  0%| F|  |TAMS 0x0000000701900000, 0x0000000701900000| Untracked 
|  14|0x0000000701a00000, 0x0000000701a00000, 0x0000000701b00000|  0%| F|  |TAMS 0x0000000701a00000, 0x0000000701a00000| Untracked 
|  15|0x0000000701b00000, 0x0000000701b00000, 0x0000000701c00000|  0%| F|  |TAMS 0x0000000701b00000, 0x0000000701b00000| Untracked 
|  16|0x0000000701c00000, 0x0000000701c00000, 0x0000000701d00000|  0%| F|  |TAMS 0x0000000701c00000, 0x0000000701c00000| Untracked 
|  17|0x0000000701d00000, 0x0000000701d00000, 0x0000000701e00000|  0%| F|  |TAMS 0x0000000701d00000, 0x0000000701d00000| Untracked 
|  18|0x0000000701e00000, 0x0000000701e00000, 0x0000000701f00000|  0%| F|  |TAMS 0x0000000701e00000, 0x0000000701e00000| Untracked 
|  19|0x0000000701f00000, 0x0000000701f00000, 0x0000000702000000|  0%| F|  |TAMS 0x0000000701f00000, 0x0000000701f00000| Untracked 
|  20|0x0000000702000000, 0x0000000702000000, 0x0000000702100000|  0%| F|  |TAMS 0x0000000702000000, 0x0000000702000000| Untracked 
|  21|0x0000000702100000, 0x0000000702100000, 0x0000000702200000|  0%| F|  |TAMS 0x0000000702100000, 0x0000000702100000| Untracked 
|  22|0x0000000702200000, 0x0000000702200000, 0x0000000702300000|  0%| F|  |TAMS 0x0000000702200000, 0x0000000702200000| Untracked 
|  23|0x0000000702300000, 0x0000000702300000, 0x0000000702400000|  0%| F|  |TAMS 0x0000000702300000, 0x0000000702300000| Untracked 
|  24|0x0000000702400000, 0x0000000702400000, 0x0000000702500000|  0%| F|  |TAMS 0x0000000702400000, 0x0000000702400000| Untracked 
|  25|0x0000000702500000, 0x0000000702500000, 0x0000000702600000|  0%| F|  |TAMS 0x0000000702500000, 0x0000000702500000| Untracked 
|  26|0x0000000702600000, 0x0000000702600000, 0x0000000702700000|  0%| F|  |TAMS 0x0000000702600000, 0x0000000702600000| Untracked 
|  27|0x0000000702700000, 0x0000000702700000, 0x0000000702800000|  0%| F|  |TAMS 0x0000000702700000, 0x0000000702700000| Untracked 
|  28|0x0000000702800000, 0x0000000702800000, 0x0000000702900000|  0%| F|  |TAMS 0x0000000702800000, 0x0000000702800000| Untracked 
|  29|0x0000000702900000, 0x0000000702900000, 0x0000000702a00000|  0%| F|  |TAMS 0x0000000702900000, 0x0000000702900000| Untracked 
|  30|0x0000000702a00000, 0x0000000702a00000, 0x0000000702b00000|  0%| F|  |TAMS 0x0000000702a00000, 0x0000000702a00000| Untracked 
|  31|0x0000000702b00000, 0x0000000702b00000, 0x0000000702c00000|  0%| F|  |TAMS 0x0000000702b00000, 0x0000000702b00000| Untracked 
|  32|0x0000000702c00000, 0x0000000702c00000, 0x0000000702d00000|  0%| F|  |TAMS 0x0000000702c00000, 0x0000000702c00000| Untracked 
|  33|0x0000000702d00000, 0x0000000702d00000, 0x0000000702e00000|  0%| F|  |TAMS 0x0000000702d00000, 0x0000000702d00000| Untracked 
|  34|0x0000000702e00000, 0x0000000702e00000, 0x0000000702f00000|  0%| F|  |TAMS 0x0000000702e00000, 0x0000000702e00000| Untracked 
|  35|0x0000000702f00000, 0x0000000702f00000, 0x0000000703000000|  0%| F|  |TAMS 0x0000000702f00000, 0x0000000702f00000| Untracked 
|  36|0x0000000703000000, 0x0000000703000000, 0x0000000703100000|  0%| F|  |TAMS 0x0000000703000000, 0x0000000703000000| Untracked 
|  37|0x0000000703100000, 0x0000000703100000, 0x0000000703200000|  0%| F|  |TAMS 0x0000000703100000, 0x0000000703100000| Untracked 
|  38|0x0000000703200000, 0x0000000703200000, 0x0000000703300000|  0%| F|  |TAMS 0x0000000703200000, 0x0000000703200000| Untracked 
|  39|0x0000000703300000, 0x0000000703300000, 0x0000000703400000|  0%| F|  |TAMS 0x0000000703300000, 0x0000000703300000| Untracked 
|  40|0x0000000703400000, 0x0000000703400000, 0x0000000703500000|  0%| F|  |TAMS 0x0000000703400000, 0x0000000703400000| Untracked 
|  41|0x0000000703500000, 0x0000000703500000, 0x0000000703600000|  0%| F|  |TAMS 0x0000000703500000, 0x0000000703500000| Untracked 
|  42|0x0000000703600000, 0x0000000703600000, 0x0000000703700000|  0%| F|  |TAMS 0x0000000703600000, 0x0000000703600000| Untracked 
|  43|0x0000000703700000, 0x0000000703700000, 0x0000000703800000|  0%| F|  |TAMS 0x0000000703700000, 0x0000000703700000| Untracked 
|  44|0x0000000703800000, 0x0000000703800000, 0x0000000703900000|  0%| F|  |TAMS 0x0000000703800000, 0x0000000703800000| Untracked 
|  45|0x0000000703900000, 0x0000000703900000, 0x0000000703a00000|  0%| F|  |TAMS 0x0000000703900000, 0x0000000703900000| Untracked 
|  46|0x0000000703a00000, 0x0000000703a00000, 0x0000000703b00000|  0%| F|  |TAMS 0x0000000703a00000, 0x0000000703a00000| Untracked 
|  47|0x0000000703b00000, 0x0000000703b00000, 0x0000000703c00000|  0%| F|  |TAMS 0x0000000703b00000, 0x0000000703b00000| Untracked 
|  48|0x0000000703c00000, 0x0000000703c00000, 0x0000000703d00000|  0%| F|  |TAMS 0x0000000703c00000, 0x0000000703c00000| Untracked 
|  49|0x0000000703d00000, 0x0000000703d00000, 0x0000000703e00000|  0%| F|  |TAMS 0x0000000703d00000, 0x0000000703d00000| Untracked 
|  50|0x0000000703e00000, 0x0000000703e00000, 0x0000000703f00000|  0%| F|  |TAMS 0x0000000703e00000, 0x0000000703e00000| Untracked 
|  51|0x0000000703f00000, 0x0000000703f00000, 0x0000000704000000|  0%| F|  |TAMS 0x0000000703f00000, 0x0000000703f00000| Untracked 
|  52|0x0000000704000000, 0x0000000704000000, 0x0000000704100000|  0%| F|  |TAMS 0x0000000704000000, 0x0000000704000000| Untracked 
|  53|0x0000000704100000, 0x0000000704100000, 0x0000000704200000|  0%| F|  |TAMS 0x0000000704100000, 0x0000000704100000| Untracked 
|  54|0x0000000704200000, 0x0000000704200000, 0x0000000704300000|  0%| F|  |TAMS 0x0000000704200000, 0x0000000704200000| Untracked 
|  55|0x0000000704300000, 0x0000000704300000, 0x0000000704400000|  0%| F|  |TAMS 0x0000000704300000, 0x0000000704300000| Untracked 
|  56|0x0000000704400000, 0x0000000704400000, 0x0000000704500000|  0%| F|  |TAMS 0x0000000704400000, 0x0000000704400000| Untracked 
|  57|0x0000000704500000, 0x0000000704500000, 0x0000000704600000|  0%| F|  |TAMS 0x0000000704500000, 0x0000000704500000| Untracked 
|  58|0x0000000704600000, 0x0000000704600000, 0x0000000704700000|  0%| F|  |TAMS 0x0000000704600000, 0x0000000704600000| Untracked 
|  59|0x0000000704700000, 0x0000000704700000, 0x0000000704800000|  0%| F|  |TAMS 0x0000000704700000, 0x0000000704700000| Untracked 
|  60|0x0000000704800000, 0x0000000704800000, 0x0000000704900000|  0%| F|  |TAMS 0x0000000704800000, 0x0000000704800000| Untracked 
|  61|0x0000000704900000, 0x0000000704900000, 0x0000000704a00000|  0%| F|  |TAMS 0x0000000704900000, 0x0000000704900000| Untracked 
|  62|0x0000000704a00000, 0x0000000704a00000, 0x0000000704b00000|  0%| F|  |TAMS 0x0000000704a00000, 0x0000000704a00000| Untracked 
|  63|0x0000000704b00000, 0x0000000704b00000, 0x0000000704c00000|  0%| F|  |TAMS 0x0000000704b00000, 0x0000000704b00000| Untracked 
|  64|0x0000000704c00000, 0x0000000704c00000, 0x0000000704d00000|  0%| F|  |TAMS 0x0000000704c00000, 0x0000000704c00000| Untracked 
|  65|0x0000000704d00000, 0x0000000704d00000, 0x0000000704e00000|  0%| F|  |TAMS 0x0000000704d00000, 0x0000000704d00000| Untracked 
|  66|0x0000000704e00000, 0x0000000704e00000, 0x0000000704f00000|  0%| F|  |TAMS 0x0000000704e00000, 0x0000000704e00000| Untracked 
|  67|0x0000000704f00000, 0x0000000704f00000, 0x0000000705000000|  0%| F|  |TAMS 0x0000000704f00000, 0x0000000704f00000| Untracked 
|  68|0x0000000705000000, 0x0000000705000000, 0x0000000705100000|  0%| F|  |TAMS 0x0000000705000000, 0x0000000705000000| Untracked 
|  69|0x0000000705100000, 0x0000000705100000, 0x0000000705200000|  0%| F|  |TAMS 0x0000000705100000, 0x0000000705100000| Untracked 
|  70|0x0000000705200000, 0x0000000705200000, 0x0000000705300000|  0%| F|  |TAMS 0x0000000705200000, 0x0000000705200000| Untracked 
|  71|0x0000000705300000, 0x0000000705300000, 0x0000000705400000|  0%| F|  |TAMS 0x0000000705300000, 0x0000000705300000| Untracked 
|  72|0x0000000705400000, 0x0000000705400000, 0x0000000705500000|  0%| F|  |TAMS 0x0000000705400000, 0x0000000705400000| Untracked 
|  73|0x0000000705500000, 0x0000000705500000, 0x0000000705600000|  0%| F|  |TAMS 0x0000000705500000, 0x0000000705500000| Untracked 
|  74|0x0000000705600000, 0x0000000705600000, 0x0000000705700000|  0%| F|  |TAMS 0x0000000705600000, 0x0000000705600000| Untracked 
|  75|0x0000000705700000, 0x0000000705700000, 0x0000000705800000|  0%| F|  |TAMS 0x0000000705700000, 0x0000000705700000| Untracked 
|  76|0x0000000705800000, 0x0000000705800000, 0x0000000705900000|  0%| F|  |TAMS 0x0000000705800000, 0x0000000705800000| Untracked 
|  77|0x0000000705900000, 0x0000000705900000, 0x0000000705a00000|  0%| F|  |TAMS 0x0000000705900000, 0x0000000705900000| Untracked 
|  78|0x0000000705a00000, 0x0000000705a00000, 0x0000000705b00000|  0%| F|  |TAMS 0x0000000705a00000, 0x0000000705a00000| Untracked 
|  79|0x0000000705b00000, 0x0000000705b00000, 0x0000000705c00000|  0%| F|  |TAMS 0x0000000705b00000, 0x0000000705b00000| Untracked 
|  80|0x0000000705c00000, 0x0000000705c00000, 0x0000000705d00000|  0%| F|  |TAMS 0x0000000705c00000, 0x0000000705c00000| Untracked 
|  81|0x0000000705d00000, 0x0000000705d00000, 0x0000000705e00000|  0%| F|  |TAMS 0x0000000705d00000, 0x0000000705d00000| Untracked 
|  82|0x0000000705e00000, 0x0000000705e00000, 0x0000000705f00000|  0%| F|  |TAMS 0x0000000705e00000, 0x0000000705e00000| Untracked 
|  83|0x0000000705f00000, 0x0000000705f00000, 0x0000000706000000|  0%| F|  |TAMS 0x0000000705f00000, 0x0000000705f00000| Untracked 
|  84|0x0000000706000000, 0x0000000706000000, 0x0000000706100000|  0%| F|  |TAMS 0x0000000706000000, 0x0000000706000000| Untracked 
|  85|0x0000000706100000, 0x0000000706100000, 0x0000000706200000|  0%| F|  |TAMS 0x0000000706100000, 0x0000000706100000| Untracked 
|  86|0x0000000706200000, 0x0000000706200000, 0x0000000706300000|  0%| F|  |TAMS 0x0000000706200000, 0x0000000706200000| Untracked 
|  87|0x0000000706300000, 0x0000000706300000, 0x0000000706400000|  0%| F|  |TAMS 0x0000000706300000, 0x0000000706300000| Untracked 
|  88|0x0000000706400000, 0x0000000706400000, 0x0000000706500000|  0%| F|  |TAMS 0x0000000706400000, 0x0000000706400000| Untracked 
|  89|0x0000000706500000, 0x0000000706500000, 0x0000000706600000|  0%| F|  |TAMS 0x0000000706500000, 0x0000000706500000| Untracked 
|  90|0x0000000706600000, 0x0000000706600000, 0x0000000706700000|  0%| F|  |TAMS 0x0000000706600000, 0x0000000706600000| Untracked 
|  91|0x0000000706700000, 0x0000000706700000, 0x0000000706800000|  0%| F|  |TAMS 0x0000000706700000, 0x0000000706700000| Untracked 
|  92|0x0000000706800000, 0x0000000706800000, 0x0000000706900000|  0%| F|  |TAMS 0x0000000706800000, 0x0000000706800000| Untracked 
|  93|0x0000000706900000, 0x0000000706900000, 0x0000000706a00000|  0%| F|  |TAMS 0x0000000706900000, 0x0000000706900000| Untracked 
|  94|0x0000000706a00000, 0x0000000706a00000, 0x0000000706b00000|  0%| F|  |TAMS 0x0000000706a00000, 0x0000000706a00000| Untracked 
|  95|0x0000000706b00000, 0x0000000706b00000, 0x0000000706c00000|  0%| F|  |TAMS 0x0000000706b00000, 0x0000000706b00000| Untracked 
|  96|0x0000000706c00000, 0x0000000706c00000, 0x0000000706d00000|  0%| F|  |TAMS 0x0000000706c00000, 0x0000000706c00000| Untracked 
|  97|0x0000000706d00000, 0x0000000706d00000, 0x0000000706e00000|  0%| F|  |TAMS 0x0000000706d00000, 0x0000000706d00000| Untracked 
|  98|0x0000000706e00000, 0x0000000706e00000, 0x0000000706f00000|  0%| F|  |TAMS 0x0000000706e00000, 0x0000000706e00000| Untracked 
|  99|0x0000000706f00000, 0x0000000706f00000, 0x0000000707000000|  0%| F|  |TAMS 0x0000000706f00000, 0x0000000706f00000| Untracked 
| 100|0x0000000707000000, 0x0000000707000000, 0x0000000707100000|  0%| F|  |TAMS 0x0000000707000000, 0x0000000707000000| Untracked 
| 101|0x0000000707100000, 0x0000000707100000, 0x0000000707200000|  0%| F|  |TAMS 0x0000000707100000, 0x0000000707100000| Untracked 
| 102|0x0000000707200000, 0x0000000707200000, 0x0000000707300000|  0%| F|  |TAMS 0x0000000707200000, 0x0000000707200000| Untracked 
| 103|0x0000000707300000, 0x0000000707300000, 0x0000000707400000|  0%| F|  |TAMS 0x0000000707300000, 0x0000000707300000| Untracked 
| 104|0x0000000707400000, 0x0000000707400000, 0x0000000707500000|  0%| F|  |TAMS 0x0000000707400000, 0x0000000707400000| Untracked 
| 105|0x0000000707500000, 0x0000000707500000, 0x0000000707600000|  0%| F|  |TAMS 0x0000000707500000, 0x0000000707500000| Untracked 
| 106|0x0000000707600000, 0x0000000707600000, 0x0000000707700000|  0%| F|  |TAMS 0x0000000707600000, 0x0000000707600000| Untracked 
| 107|0x0000000707700000, 0x0000000707700000, 0x0000000707800000|  0%| F|  |TAMS 0x0000000707700000, 0x0000000707700000| Untracked 
| 108|0x0000000707800000, 0x0000000707800000, 0x0000000707900000|  0%| F|  |TAMS 0x0000000707800000, 0x0000000707800000| Untracked 
| 109|0x0000000707900000, 0x0000000707900000, 0x0000000707a00000|  0%| F|  |TAMS 0x0000000707900000, 0x0000000707900000| Untracked 
| 110|0x0000000707a00000, 0x0000000707a00000, 0x0000000707b00000|  0%| F|  |TAMS 0x0000000707a00000, 0x0000000707a00000| Untracked 
| 111|0x0000000707b00000, 0x0000000707b00000, 0x0000000707c00000|  0%| F|  |TAMS 0x0000000707b00000, 0x0000000707b00000| Untracked 
| 112|0x0000000707c00000, 0x0000000707c00000, 0x0000000707d00000|  0%| F|  |TAMS 0x0000000707c00000, 0x0000000707c00000| Untracked 
| 113|0x0000000707d00000, 0x0000000707d00000, 0x0000000707e00000|  0%| F|  |TAMS 0x0000000707d00000, 0x0000000707d00000| Untracked 
| 114|0x0000000707e00000, 0x0000000707e00000, 0x0000000707f00000|  0%| F|  |TAMS 0x0000000707e00000, 0x0000000707e00000| Untracked 
| 115|0x0000000707f00000, 0x0000000707f00000, 0x0000000708000000|  0%| F|  |TAMS 0x0000000707f00000, 0x0000000707f00000| Untracked 
| 116|0x0000000708000000, 0x0000000708000000, 0x0000000708100000|  0%| F|  |TAMS 0x0000000708000000, 0x0000000708000000| Untracked 
| 117|0x0000000708100000, 0x0000000708100000, 0x0000000708200000|  0%| F|  |TAMS 0x0000000708100000, 0x0000000708100000| Untracked 
| 118|0x0000000708200000, 0x0000000708200000, 0x0000000708300000|  0%| F|  |TAMS 0x0000000708200000, 0x0000000708200000| Untracked 
| 119|0x0000000708300000, 0x0000000708300000, 0x0000000708400000|  0%| F|  |TAMS 0x0000000708300000, 0x0000000708300000| Untracked 
| 120|0x0000000708400000, 0x0000000708400000, 0x0000000708500000|  0%| F|  |TAMS 0x0000000708400000, 0x0000000708400000| Untracked 
| 121|0x0000000708500000, 0x0000000708500000, 0x0000000708600000|  0%| F|  |TAMS 0x0000000708500000, 0x0000000708500000| Untracked 
| 122|0x0000000708600000, 0x0000000708600000, 0x0000000708700000|  0%| F|  |TAMS 0x0000000708600000, 0x0000000708600000| Untracked 
| 123|0x0000000708700000, 0x0000000708700000, 0x0000000708800000|  0%| F|  |TAMS 0x0000000708700000, 0x0000000708700000| Untracked 
| 124|0x0000000708800000, 0x0000000708800000, 0x0000000708900000|  0%| F|  |TAMS 0x0000000708800000, 0x0000000708800000| Untracked 
| 125|0x0000000708900000, 0x0000000708900000, 0x0000000708a00000|  0%| F|  |TAMS 0x0000000708900000, 0x0000000708900000| Untracked 
| 126|0x0000000708a00000, 0x0000000708a00000, 0x0000000708b00000|  0%| F|  |TAMS 0x0000000708a00000, 0x0000000708a00000| Untracked 
| 127|0x0000000708b00000, 0x0000000708b00000, 0x0000000708c00000|  0%| F|  |TAMS 0x0000000708b00000, 0x0000000708b00000| Untracked 
| 128|0x0000000708c00000, 0x0000000708c00000, 0x0000000708d00000|  0%| F|  |TAMS 0x0000000708c00000, 0x0000000708c00000| Untracked 
| 129|0x0000000708d00000, 0x0000000708d00000, 0x0000000708e00000|  0%| F|  |TAMS 0x0000000708d00000, 0x0000000708d00000| Untracked 
| 130|0x0000000708e00000, 0x0000000708e00000, 0x0000000708f00000|  0%| F|  |TAMS 0x0000000708e00000, 0x0000000708e00000| Untracked 
| 131|0x0000000708f00000, 0x0000000708f00000, 0x0000000709000000|  0%| F|  |TAMS 0x0000000708f00000, 0x0000000708f00000| Untracked 
| 132|0x0000000709000000, 0x0000000709000000, 0x0000000709100000|  0%| F|  |TAMS 0x0000000709000000, 0x0000000709000000| Untracked 
| 133|0x0000000709100000, 0x0000000709100000, 0x0000000709200000|  0%| F|  |TAMS 0x0000000709100000, 0x0000000709100000| Untracked 
| 134|0x0000000709200000, 0x0000000709200000, 0x0000000709300000|  0%| F|  |TAMS 0x0000000709200000, 0x0000000709200000| Untracked 
| 135|0x0000000709300000, 0x0000000709300000, 0x0000000709400000|  0%| F|  |TAMS 0x0000000709300000, 0x0000000709300000| Untracked 
| 136|0x0000000709400000, 0x0000000709400000, 0x0000000709500000|  0%| F|  |TAMS 0x0000000709400000, 0x0000000709400000| Untracked 
| 137|0x0000000709500000, 0x0000000709500000, 0x0000000709600000|  0%| F|  |TAMS 0x0000000709500000, 0x0000000709500000| Untracked 
| 138|0x0000000709600000, 0x0000000709600000, 0x0000000709700000|  0%| F|  |TAMS 0x0000000709600000, 0x0000000709600000| Untracked 
| 139|0x0000000709700000, 0x0000000709700000, 0x0000000709800000|  0%| F|  |TAMS 0x0000000709700000, 0x0000000709700000| Untracked 
| 140|0x0000000709800000, 0x0000000709800000, 0x0000000709900000|  0%| F|  |TAMS 0x0000000709800000, 0x0000000709800000| Untracked 
| 141|0x0000000709900000, 0x0000000709900000, 0x0000000709a00000|  0%| F|  |TAMS 0x0000000709900000, 0x0000000709900000| Untracked 
| 142|0x0000000709a00000, 0x0000000709a00000, 0x0000000709b00000|  0%| F|  |TAMS 0x0000000709a00000, 0x0000000709a00000| Untracked 
| 143|0x0000000709b00000, 0x0000000709b00000, 0x0000000709c00000|  0%| F|  |TAMS 0x0000000709b00000, 0x0000000709b00000| Untracked 
| 144|0x0000000709c00000, 0x0000000709c00000, 0x0000000709d00000|  0%| F|  |TAMS 0x0000000709c00000, 0x0000000709c00000| Untracked 
| 145|0x0000000709d00000, 0x0000000709d00000, 0x0000000709e00000|  0%| F|  |TAMS 0x0000000709d00000, 0x0000000709d00000| Untracked 
| 146|0x0000000709e00000, 0x0000000709e00000, 0x0000000709f00000|  0%| F|  |TAMS 0x0000000709e00000, 0x0000000709e00000| Untracked 
| 147|0x0000000709f00000, 0x0000000709f00000, 0x000000070a000000|  0%| F|  |TAMS 0x0000000709f00000, 0x0000000709f00000| Untracked 
| 148|0x000000070a000000, 0x000000070a000000, 0x000000070a100000|  0%| F|  |TAMS 0x000000070a000000, 0x000000070a000000| Untracked 
| 149|0x000000070a100000, 0x000000070a100000, 0x000000070a200000|  0%| F|  |TAMS 0x000000070a100000, 0x000000070a100000| Untracked 
| 150|0x000000070a200000, 0x000000070a200000, 0x000000070a300000|  0%| F|  |TAMS 0x000000070a200000, 0x000000070a200000| Untracked 
| 151|0x000000070a300000, 0x000000070a300000, 0x000000070a400000|  0%| F|  |TAMS 0x000000070a300000, 0x000000070a300000| Untracked 
| 152|0x000000070a400000, 0x000000070a400000, 0x000000070a500000|  0%| F|  |TAMS 0x000000070a400000, 0x000000070a400000| Untracked 
| 153|0x000000070a500000, 0x000000070a500000, 0x000000070a600000|  0%| F|  |TAMS 0x000000070a500000, 0x000000070a500000| Untracked 
| 154|0x000000070a600000, 0x000000070a600000, 0x000000070a700000|  0%| F|  |TAMS 0x000000070a600000, 0x000000070a600000| Untracked 
| 155|0x000000070a700000, 0x000000070a700000, 0x000000070a800000|  0%| F|  |TAMS 0x000000070a700000, 0x000000070a700000| Untracked 
| 156|0x000000070a800000, 0x000000070a800000, 0x000000070a900000|  0%| F|  |TAMS 0x000000070a800000, 0x000000070a800000| Untracked 
| 157|0x000000070a900000, 0x000000070a900000, 0x000000070aa00000|  0%| F|  |TAMS 0x000000070a900000, 0x000000070a900000| Untracked 
| 158|0x000000070aa00000, 0x000000070aa00000, 0x000000070ab00000|  0%| F|  |TAMS 0x000000070aa00000, 0x000000070aa00000| Untracked 
| 159|0x000000070ab00000, 0x000000070ab00000, 0x000000070ac00000|  0%| F|  |TAMS 0x000000070ab00000, 0x000000070ab00000| Untracked 
| 160|0x000000070ac00000, 0x000000070ac00000, 0x000000070ad00000|  0%| F|  |TAMS 0x000000070ac00000, 0x000000070ac00000| Untracked 
| 161|0x000000070ad00000, 0x000000070ad00000, 0x000000070ae00000|  0%| F|  |TAMS 0x000000070ad00000, 0x000000070ad00000| Untracked 
| 162|0x000000070ae00000, 0x000000070ae00000, 0x000000070af00000|  0%| F|  |TAMS 0x000000070ae00000, 0x000000070ae00000| Untracked 
| 163|0x000000070af00000, 0x000000070af00000, 0x000000070b000000|  0%| F|  |TAMS 0x000000070af00000, 0x000000070af00000| Untracked 
| 164|0x000000070b000000, 0x000000070b080800, 0x000000070b100000| 50%| E|  |TAMS 0x000000070b000000, 0x000000070b000000| Complete 
| 165|0x000000070b100000, 0x000000070b200000, 0x000000070b200000|100%| E|CS|TAMS 0x000000070b100000, 0x000000070b100000| Complete 
| 166|0x000000070b200000, 0x000000070b300000, 0x000000070b300000|100%| E|CS|TAMS 0x000000070b200000, 0x000000070b200000| Complete 
| 167|0x000000070b300000, 0x000000070b400000, 0x000000070b400000|100%| E|CS|TAMS 0x000000070b300000, 0x000000070b300000| Complete 
| 168|0x000000070b400000, 0x000000070b500000, 0x000000070b500000|100%| E|CS|TAMS 0x000000070b400000, 0x000000070b400000| Complete 
| 169|0x000000070b500000, 0x000000070b600000, 0x000000070b600000|100%| E|CS|TAMS 0x000000070b500000, 0x000000070b500000| Complete 
| 170|0x000000070b600000, 0x000000070b700000, 0x000000070b700000|100%| E|CS|TAMS 0x000000070b600000, 0x000000070b600000| Complete 
| 171|0x000000070b700000, 0x000000070b800000, 0x000000070b800000|100%| E|CS|TAMS 0x000000070b700000, 0x000000070b700000| Complete 
| 172|0x000000070b800000, 0x000000070b900000, 0x000000070b900000|100%| E|CS|TAMS 0x000000070b800000, 0x000000070b800000| Complete 
| 173|0x000000070b900000, 0x000000070ba00000, 0x000000070ba00000|100%| E|CS|TAMS 0x000000070b900000, 0x000000070b900000| Complete 
| 174|0x000000070ba00000, 0x000000070bb00000, 0x000000070bb00000|100%| E|CS|TAMS 0x000000070ba00000, 0x000000070ba00000| Complete 
| 175|0x000000070bb00000, 0x000000070bc00000, 0x000000070bc00000|100%| E|CS|TAMS 0x000000070bb00000, 0x000000070bb00000| Complete 
| 176|0x000000070bc00000, 0x000000070bd00000, 0x000000070bd00000|100%| E|CS|TAMS 0x000000070bc00000, 0x000000070bc00000| Complete 
| 177|0x000000070bd00000, 0x000000070be00000, 0x000000070be00000|100%| E|CS|TAMS 0x000000070bd00000, 0x000000070bd00000| Complete 
| 178|0x000000070be00000, 0x000000070bf00000, 0x000000070bf00000|100%| E|CS|TAMS 0x000000070be00000, 0x000000070be00000| Complete 
| 179|0x000000070bf00000, 0x000000070c000000, 0x000000070c000000|100%| E|CS|TAMS 0x000000070bf00000, 0x000000070bf00000| Complete 
| 180|0x000000070c000000, 0x000000070c100000, 0x000000070c100000|100%| E|CS|TAMS 0x000000070c000000, 0x000000070c000000| Complete 
| 181|0x000000070c100000, 0x000000070c200000, 0x000000070c200000|100%| E|CS|TAMS 0x000000070c100000, 0x000000070c100000| Complete 
| 182|0x000000070c200000, 0x000000070c300000, 0x000000070c300000|100%| E|CS|TAMS 0x000000070c200000, 0x000000070c200000| Complete 
| 183|0x000000070c300000, 0x000000070c400000, 0x000000070c400000|100%| E|CS|TAMS 0x000000070c300000, 0x000000070c300000| Complete 
| 184|0x000000070c400000, 0x000000070c500000, 0x000000070c500000|100%| E|CS|TAMS 0x000000070c400000, 0x000000070c400000| Complete 
| 185|0x000000070c500000, 0x000000070c600000, 0x000000070c600000|100%| E|CS|TAMS 0x000000070c500000, 0x000000070c500000| Complete 
| 186|0x000000070c600000, 0x000000070c700000, 0x000000070c700000|100%| E|CS|TAMS 0x000000070c600000, 0x000000070c600000| Complete 
| 187|0x000000070c700000, 0x000000070c800000, 0x000000070c800000|100%| E|CS|TAMS 0x000000070c700000, 0x000000070c700000| Complete 
| 188|0x000000070c800000, 0x000000070c900000, 0x000000070c900000|100%| E|CS|TAMS 0x000000070c800000, 0x000000070c800000| Complete 
| 189|0x000000070c900000, 0x000000070ca00000, 0x000000070ca00000|100%| E|CS|TAMS 0x000000070c900000, 0x000000070c900000| Complete 
| 190|0x000000070ca00000, 0x000000070cb00000, 0x000000070cb00000|100%| E|CS|TAMS 0x000000070ca00000, 0x000000070ca00000| Complete 
| 191|0x000000070cb00000, 0x000000070cc00000, 0x000000070cc00000|100%| E|CS|TAMS 0x000000070cb00000, 0x000000070cb00000| Complete 
| 192|0x000000070cc00000, 0x000000070cd00000, 0x000000070cd00000|100%| E|CS|TAMS 0x000000070cc00000, 0x000000070cc00000| Complete 
| 193|0x000000070cd00000, 0x000000070ce00000, 0x000000070ce00000|100%| E|CS|TAMS 0x000000070cd00000, 0x000000070cd00000| Complete 
| 194|0x000000070ce00000, 0x000000070cf00000, 0x000000070cf00000|100%| E|CS|TAMS 0x000000070ce00000, 0x000000070ce00000| Complete 
| 195|0x000000070cf00000, 0x000000070d000000, 0x000000070d000000|100%| E|CS|TAMS 0x000000070cf00000, 0x000000070cf00000| Complete 
| 196|0x000000070d000000, 0x000000070d100000, 0x000000070d100000|100%| E|CS|TAMS 0x000000070d000000, 0x000000070d000000| Complete 
| 197|0x000000070d100000, 0x000000070d200000, 0x000000070d200000|100%| E|CS|TAMS 0x000000070d100000, 0x000000070d100000| Complete 
| 198|0x000000070d200000, 0x000000070d300000, 0x000000070d300000|100%| E|CS|TAMS 0x000000070d200000, 0x000000070d200000| Complete 
| 199|0x000000070d300000, 0x000000070d400000, 0x000000070d400000|100%| E|CS|TAMS 0x000000070d300000, 0x000000070d300000| Complete 
| 200|0x000000070d400000, 0x000000070d500000, 0x000000070d500000|100%| E|CS|TAMS 0x000000070d400000, 0x000000070d400000| Complete 
| 201|0x000000070d500000, 0x000000070d600000, 0x000000070d600000|100%| E|CS|TAMS 0x000000070d500000, 0x000000070d500000| Complete 
| 202|0x000000070d600000, 0x000000070d700000, 0x000000070d700000|100%| E|CS|TAMS 0x000000070d600000, 0x000000070d600000| Complete 
| 203|0x000000070d700000, 0x000000070d800000, 0x000000070d800000|100%| E|CS|TAMS 0x000000070d700000, 0x000000070d700000| Complete 
| 204|0x000000070d800000, 0x000000070d900000, 0x000000070d900000|100%| E|CS|TAMS 0x000000070d800000, 0x000000070d800000| Complete 
| 205|0x000000070d900000, 0x000000070da00000, 0x000000070da00000|100%| E|CS|TAMS 0x000000070d900000, 0x000000070d900000| Complete 
| 206|0x000000070da00000, 0x000000070db00000, 0x000000070db00000|100%| E|CS|TAMS 0x000000070da00000, 0x000000070da00000| Complete 
| 207|0x000000070db00000, 0x000000070dc00000, 0x000000070dc00000|100%| E|CS|TAMS 0x000000070db00000, 0x000000070db00000| Complete 
| 208|0x000000070dc00000, 0x000000070dd00000, 0x000000070dd00000|100%| E|CS|TAMS 0x000000070dc00000, 0x000000070dc00000| Complete 
| 209|0x000000070dd00000, 0x000000070de00000, 0x000000070de00000|100%| E|CS|TAMS 0x000000070dd00000, 0x000000070dd00000| Complete 
| 210|0x000000070de00000, 0x000000070df00000, 0x000000070df00000|100%| E|CS|TAMS 0x000000070de00000, 0x000000070de00000| Complete 
| 211|0x000000070df00000, 0x000000070e000000, 0x000000070e000000|100%| E|CS|TAMS 0x000000070df00000, 0x000000070df00000| Complete 
| 212|0x000000070e000000, 0x000000070e100000, 0x000000070e100000|100%| E|CS|TAMS 0x000000070e000000, 0x000000070e000000| Complete 
| 213|0x000000070e100000, 0x000000070e200000, 0x000000070e200000|100%| E|CS|TAMS 0x000000070e100000, 0x000000070e100000| Complete 
| 214|0x000000070e200000, 0x000000070e300000, 0x000000070e300000|100%| E|CS|TAMS 0x000000070e200000, 0x000000070e200000| Complete 
| 215|0x000000070e300000, 0x000000070e400000, 0x000000070e400000|100%| E|CS|TAMS 0x000000070e300000, 0x000000070e300000| Complete 
| 216|0x000000070e400000, 0x000000070e500000, 0x000000070e500000|100%| E|CS|TAMS 0x000000070e400000, 0x000000070e400000| Complete 
| 217|0x000000070e500000, 0x000000070e600000, 0x000000070e600000|100%| E|CS|TAMS 0x000000070e500000, 0x000000070e500000| Complete 
| 218|0x000000070e600000, 0x000000070e700000, 0x000000070e700000|100%| E|CS|TAMS 0x000000070e600000, 0x000000070e600000| Complete 
| 219|0x000000070e700000, 0x000000070e800000, 0x000000070e800000|100%| E|CS|TAMS 0x000000070e700000, 0x000000070e700000| Complete 
| 220|0x000000070e800000, 0x000000070e900000, 0x000000070e900000|100%| E|CS|TAMS 0x000000070e800000, 0x000000070e800000| Complete 
| 221|0x000000070e900000, 0x000000070ea00000, 0x000000070ea00000|100%| E|CS|TAMS 0x000000070e900000, 0x000000070e900000| Complete 
| 222|0x000000070ea00000, 0x000000070eb00000, 0x000000070eb00000|100%| E|CS|TAMS 0x000000070ea00000, 0x000000070ea00000| Complete 
| 223|0x000000070eb00000, 0x000000070ec00000, 0x000000070ec00000|100%| E|CS|TAMS 0x000000070eb00000, 0x000000070eb00000| Complete 
| 224|0x000000070ec00000, 0x000000070ed00000, 0x000000070ed00000|100%| E|CS|TAMS 0x000000070ec00000, 0x000000070ec00000| Complete 
| 225|0x000000070ed00000, 0x000000070ee00000, 0x000000070ee00000|100%| E|CS|TAMS 0x000000070ed00000, 0x000000070ed00000| Complete 
| 226|0x000000070ee00000, 0x000000070ef00000, 0x000000070ef00000|100%| E|CS|TAMS 0x000000070ee00000, 0x000000070ee00000| Complete 
| 227|0x000000070ef00000, 0x000000070f000000, 0x000000070f000000|100%| E|CS|TAMS 0x000000070ef00000, 0x000000070ef00000| Complete 
| 228|0x000000070f000000, 0x000000070f100000, 0x000000070f100000|100%| E|CS|TAMS 0x000000070f000000, 0x000000070f000000| Complete 
| 229|0x000000070f100000, 0x000000070f200000, 0x000000070f200000|100%| S|CS|TAMS 0x000000070f100000, 0x000000070f100000| Complete 
| 230|0x000000070f200000, 0x000000070f300000, 0x000000070f300000|100%| S|CS|TAMS 0x000000070f200000, 0x000000070f200000| Complete 
| 231|0x000000070f300000, 0x000000070f400000, 0x000000070f400000|100%| S|CS|TAMS 0x000000070f300000, 0x000000070f300000| Complete 
| 232|0x000000070f400000, 0x000000070f500000, 0x000000070f500000|100%| E|CS|TAMS 0x000000070f400000, 0x000000070f400000| Complete 
| 233|0x000000070f500000, 0x000000070f600000, 0x000000070f600000|100%| E|CS|TAMS 0x000000070f500000, 0x000000070f500000| Complete 
| 234|0x000000070f600000, 0x000000070f700000, 0x000000070f700000|100%| E|CS|TAMS 0x000000070f600000, 0x000000070f600000| Complete 
| 235|0x000000070f700000, 0x000000070f800000, 0x000000070f800000|100%| E|CS|TAMS 0x000000070f700000, 0x000000070f700000| Complete 
| 236|0x000000070f800000, 0x000000070f900000, 0x000000070f900000|100%| E|CS|TAMS 0x000000070f800000, 0x000000070f800000| Complete 
| 237|0x000000070f900000, 0x000000070fa00000, 0x000000070fa00000|100%| E|CS|TAMS 0x000000070f900000, 0x000000070f900000| Complete 
| 238|0x000000070fa00000, 0x000000070fb00000, 0x000000070fb00000|100%| E|CS|TAMS 0x000000070fa00000, 0x000000070fa00000| Complete 
| 239|0x000000070fb00000, 0x000000070fc00000, 0x000000070fc00000|100%| E|CS|TAMS 0x000000070fb00000, 0x000000070fb00000| Complete 
| 240|0x000000070fc00000, 0x000000070fd00000, 0x000000070fd00000|100%| E|CS|TAMS 0x000000070fc00000, 0x000000070fc00000| Complete 
| 241|0x000000070fd00000, 0x000000070fe00000, 0x000000070fe00000|100%| E|CS|TAMS 0x000000070fd00000, 0x000000070fd00000| Complete 
| 242|0x000000070fe00000, 0x000000070ff00000, 0x000000070ff00000|100%| E|CS|TAMS 0x000000070fe00000, 0x000000070fe00000| Complete 
| 243|0x000000070ff00000, 0x0000000710000000, 0x0000000710000000|100%| E|CS|TAMS 0x000000070ff00000, 0x000000070ff00000| Complete 
| 244|0x0000000710000000, 0x0000000710100000, 0x0000000710100000|100%| E|CS|TAMS 0x0000000710000000, 0x0000000710000000| Complete 
| 245|0x0000000710100000, 0x0000000710200000, 0x0000000710200000|100%| E|CS|TAMS 0x0000000710100000, 0x0000000710100000| Complete 
| 246|0x0000000710200000, 0x0000000710300000, 0x0000000710300000|100%| E|CS|TAMS 0x0000000710200000, 0x0000000710200000| Complete 
| 247|0x0000000710300000, 0x0000000710400000, 0x0000000710400000|100%| E|CS|TAMS 0x0000000710300000, 0x0000000710300000| Complete 
| 248|0x0000000710400000, 0x0000000710500000, 0x0000000710500000|100%| E|CS|TAMS 0x0000000710400000, 0x0000000710400000| Complete 
| 249|0x0000000710500000, 0x0000000710600000, 0x0000000710600000|100%| E|CS|TAMS 0x0000000710500000, 0x0000000710500000| Complete 
| 250|0x0000000710600000, 0x0000000710700000, 0x0000000710700000|100%| E|CS|TAMS 0x0000000710600000, 0x0000000710600000| Complete 
| 251|0x0000000710700000, 0x0000000710800000, 0x0000000710800000|100%| E|CS|TAMS 0x0000000710700000, 0x0000000710700000| Complete 
| 252|0x0000000710800000, 0x0000000710900000, 0x0000000710900000|100%| E|CS|TAMS 0x0000000710800000, 0x0000000710800000| Complete 
| 253|0x0000000710900000, 0x0000000710a00000, 0x0000000710a00000|100%| E|CS|TAMS 0x0000000710900000, 0x0000000710900000| Complete 
| 254|0x0000000710a00000, 0x0000000710b00000, 0x0000000710b00000|100%| E|CS|TAMS 0x0000000710a00000, 0x0000000710a00000| Complete 
| 255|0x0000000710b00000, 0x0000000710c00000, 0x0000000710c00000|100%| E|CS|TAMS 0x0000000710b00000, 0x0000000710b00000| Complete 

Card table byte_map: [0x000001917ca00000,0x000001917d200000] _byte_map_base: 0x00000191791fa000

Marking Bits (Prev, Next): (CMBitMap*) 0x00000191643f49c8, (CMBitMap*) 0x00000191643f4a08
 Prev Bits: [0x0000019100000000, 0x0000019103fd0000)
 Next Bits: [0x0000019103fd0000, 0x0000019107fa0000)

Polling page: 0x0000019162310000

Metaspace:

Usage:
  Non-class:      5.93 MB capacity,     3.21 MB ( 54%) used,     2.72 MB ( 46%) free+waste,     4.44 KB ( <1%) overhead. 
      Class:    540.00 KB capacity,   214.92 KB ( 40%) used,   323.27 KB ( 60%) free+waste,     1.81 KB ( <1%) overhead. 
       Both:      6.46 MB capacity,     3.42 MB ( 53%) used,     3.03 MB ( 47%) free+waste,     6.25 KB ( <1%) overhead. 

Virtual space:
  Non-class space:        8.00 MB reserved,       6.00 MB ( 75%) committed 
      Class space:        1.00 GB reserved,     640.00 KB ( <1%) committed 
             Both:        1.01 GB reserved,       6.63 MB ( <1%) committed 

Chunk freelists:
   Non-Class:  9.00 KB
       Class:  4.00 KB
        Both:  13.00 KB

MaxMetaspaceSize: 17179869184.00 GB
CompressedClassSpaceSize: 1.00 GB

CodeHeap 'non-profiled nmethods': size=119168Kb used=360Kb max_used=360Kb free=118807Kb
 bounds [0x0000019174410000, 0x0000019174680000, 0x000001917b870000]
CodeHeap 'profiled nmethods': size=119168Kb used=1815Kb max_used=1815Kb free=117352Kb
 bounds [0x000001916cfb0000, 0x000001916d220000, 0x0000019174410000]
CodeHeap 'non-nmethods': size=7424Kb used=2425Kb max_used=2449Kb free=4998Kb
 bounds [0x000001916c870000, 0x000001916cae0000, 0x000001916cfb0000]
 total_blobs=1987 nmethods=863 adapters=502
 compilation: enabled
              stopped_count=0, restarted_count=0
 full_count=0

Compilation events (20 events):
Event: 1.604 Thread 0x000001910968c000 nmethod 855 0x000001916d16f910 code [0x000001916d16fac0, 0x000001916d16fd38]
Event: 1.609 Thread 0x000001910968c000  856       3       jdk.internal.reflect.ClassFileAssembler::emitByte (11 bytes)
Event: 1.609 Thread 0x0000019109e4c000  857       3       jdk.internal.reflect.ByteVectorImpl::add (38 bytes)
Event: 1.609 Thread 0x000001910968c000 nmethod 856 0x000001916d16fe10 code [0x000001916d16ffc0, 0x000001916d1701d0]
Event: 1.609 Thread 0x0000019109e4c000 nmethod 857 0x000001916d170290 code [0x000001916d170440, 0x000001916d170690]
Event: 1.610 Thread 0x0000019109e4c000  858       3       java.util.concurrent.ConcurrentHashMap$Node::<init> (14 bytes)
Event: 1.610 Thread 0x0000019109e4c000 nmethod 858 0x000001916d170790 code [0x000001916d170940, 0x000001916d170cb8]
Event: 1.613 Thread 0x0000019109e4c000  859       3       org.bytedeco.javacpp.ClassProperties::getProperty (30 bytes)
Event: 1.614 Thread 0x0000019109e4c000 nmethod 859 0x000001916d170d90 code [0x000001916d171000, 0x000001916d171d40]
Event: 1.618 Thread 0x00000191093fb000 nmethod 844 0x0000019174465e90 code [0x0000019174466160, 0x00000191744686d8]
Event: 1.618 Thread 0x00000191093fb000  848       4       java.lang.String::endsWith (15 bytes)
Event: 1.619 Thread 0x0000019109e4c000  860       3       sun.reflect.generics.parser.SignatureParser::skipIdentifier (67 bytes)
Event: 1.619 Thread 0x000001910968c000  861   !   3       com.sun.proxy.$Proxy3::link (29 bytes)
Event: 1.619 Thread 0x0000019109e4c000 nmethod 860 0x000001916d172190 code [0x000001916d1723a0, 0x000001916d1729d0]
Event: 1.619 Thread 0x000001910968c000 nmethod 861 0x000001916d172b90 code [0x000001916d172d60, 0x000001916d1731c0]
Event: 1.621 Thread 0x00000191093fb000 nmethod 848 0x0000019174469c10 code [0x0000019174469da0, 0x0000019174469ff8]
Event: 1.624 Thread 0x000001910968c000  862       3       java.lang.Class::resolveName (86 bytes)
Event: 1.624 Thread 0x0000019109401800  863   !   3       java.lang.Class::getResource (92 bytes)
Event: 1.624 Thread 0x000001910968c000 nmethod 862 0x000001916d173390 code [0x000001916d173680, 0x000001916d174440]
Event: 1.625 Thread 0x0000019109401800 nmethod 863 0x000001916d174910 code [0x000001916d174be0, 0x000001916d175a70]

GC Heap History (2 events):
Event: 1.294 GC heap before
{Heap before GC invocations=0 (full 0):
 garbage-first heap   total 262144K, used 24576K [0x0000000700c00000, 0x0000000800000000)
  region size 1024K, 24 young (24576K), 0 survivors (0K)
 Metaspace       used 2659K, capacity 5997K, committed 6144K, reserved 1056768K
  class space    used 116K, capacity 443K, committed 512K, reserved 1048576K
}
Event: 1.296 GC heap after
{Heap after GC invocations=1 (full 0):
 garbage-first heap   total 262144K, used 3418K [0x0000000700c00000, 0x0000000800000000)
  region size 1024K, 3 young (3072K), 3 survivors (3072K)
 Metaspace       used 2659K, capacity 5997K, committed 6144K, reserved 1056768K
  class space    used 116K, capacity 443K, committed 512K, reserved 1048576K
}

Deoptimization events (20 events):
Event: 0.164 Thread 0x0000019164386000 DEOPT PACKING pc=0x000001916d003f0d sp=0x0000001a439f6560
Event: 0.164 Thread 0x0000019164386000 DEOPT UNPACKING pc=0x000001916c8b964e sp=0x0000001a439f59c0 mode 0
Event: 0.190 Thread 0x0000019164386000 DEOPT PACKING pc=0x000001916cfbe3df sp=0x0000001a439fd130
Event: 0.190 Thread 0x0000019164386000 DEOPT UNPACKING pc=0x000001916c8b964e sp=0x0000001a439fc580 mode 0
Event: 0.192 Thread 0x0000019164386000 Uncommon trap: trap_request=0xffffff45 fr.pc=0x000001917442a6e0 relative=0x0000000000000700
Event: 0.192 Thread 0x0000019164386000 Uncommon trap: reason=unstable_if action=reinterpret pc=0x000001917442a6e0 method=java.lang.StringLatin1.toLowerCase(Ljava/lang/String;[BLjava/util/Locale;)Ljava/lang/String; @ 70 c2
Event: 0.192 Thread 0x0000019164386000 DEOPT PACKING pc=0x000001917442a6e0 sp=0x0000001a439fdb50
Event: 0.192 Thread 0x0000019164386000 DEOPT UNPACKING pc=0x000001916c8b912f sp=0x0000001a439fdaf0 mode 2
Event: 0.226 Thread 0x0000019164386000 DEOPT PACKING pc=0x000001916cfbe3df sp=0x0000001a439fd680
Event: 0.226 Thread 0x0000019164386000 DEOPT UNPACKING pc=0x000001916c8b964e sp=0x0000001a439fcad0 mode 0
Event: 0.226 Thread 0x0000019164386000 DEOPT PACKING pc=0x000001916cff7ad2 sp=0x0000001a439fdcb0
Event: 0.226 Thread 0x0000019164386000 DEOPT UNPACKING pc=0x000001916c8b964e sp=0x0000001a439fd180 mode 0
Event: 1.324 Thread 0x0000019164386000 DEOPT PACKING pc=0x000001916cfbdbbb sp=0x0000001a439ee6a0
Event: 1.324 Thread 0x0000019164386000 DEOPT UNPACKING pc=0x000001916c8b964e sp=0x0000001a439edb18 mode 0
Event: 1.585 Thread 0x0000019164386000 DEOPT PACKING pc=0x000001916d010e7b sp=0x0000001a439fc660
Event: 1.585 Thread 0x0000019164386000 DEOPT UNPACKING pc=0x000001916c8b964e sp=0x0000001a439fbba0 mode 0
Event: 1.585 Thread 0x0000019164386000 Uncommon trap: trap_request=0xffffff45 fr.pc=0x000001917441bd90 relative=0x0000000000000070
Event: 1.585 Thread 0x0000019164386000 Uncommon trap: reason=unstable_if action=reinterpret pc=0x000001917441bd90 method=java.io.WinNTFileSystem.isSlash(C)Z @ 9 c2
Event: 1.585 Thread 0x0000019164386000 DEOPT PACKING pc=0x000001917441bd90 sp=0x0000001a439fc6a0
Event: 1.585 Thread 0x0000019164386000 DEOPT UNPACKING pc=0x000001916c8b912f sp=0x0000001a439fc628 mode 2

Classes unloaded (0 events):
No events

Classes redefined (0 events):
No events

Internal exceptions (4 events):
Event: 0.202 Thread 0x0000019164386000 Exception <a 'java/lang/NoSuchMethodError'{0x000000071009cce0}: 'int java.lang.invoke.DirectMethodHandle$Holder.invokeStaticInit(java.lang.Object, java.lang.Object, java.lang.Object, java.lang.Object)'> (0x000000071009cce0) 
thrown [t:/workspace/open/src/hotspot/share/interpreter/linkResolver.cpp, line 767]
Event: 0.203 Thread 0x0000019164386000 Exception <a 'java/lang/IncompatibleClassChangeError'{0x00000007100a6a68}: Found class java.lang.Object, but interface was expected> (0x00000007100a6a68) 
thrown [t:/workspace/open/src/hotspot/share/interpreter/linkResolver.cpp, line 833]
Event: 0.203 Thread 0x0000019164386000 Exception <a 'java/lang/NoSuchMethodError'{0x00000007100a9b20}: 'void java.lang.invoke.DirectMethodHandle$Holder.invokeStaticInit(java.lang.Object, java.lang.Object)'> (0x00000007100a9b20) 
thrown [t:/workspace/open/src/hotspot/share/interpreter/linkResolver.cpp, line 767]
Event: 0.204 Thread 0x0000019164386000 Exception <a 'java/lang/NoSuchMethodError'{0x00000007100af668}: 'int java.lang.invoke.DirectMethodHandle$Holder.invokeStaticInit(java.lang.Object, java.lang.Object)'> (0x00000007100af668) 
thrown [t:/workspace/open/src/hotspot/share/interpreter/linkResolver.cpp, line 767]

Events (20 events):
Event: 1.609 loading class jdk/internal/reflect/ByteVectorImpl
Event: 1.609 loading class jdk/internal/reflect/ByteVector
Event: 1.609 loading class jdk/internal/reflect/ByteVector done
Event: 1.609 loading class jdk/internal/reflect/ByteVectorImpl done
Event: 1.609 loading class jdk/internal/reflect/ClassFileAssembler
Event: 1.609 loading class jdk/internal/reflect/ClassFileAssembler done
Event: 1.609 loading class jdk/internal/reflect/UTF8
Event: 1.609 loading class jdk/internal/reflect/UTF8 done
Event: 1.610 loading class jdk/internal/reflect/Label
Event: 1.610 loading class jdk/internal/reflect/Label done
Event: 1.610 loading class jdk/internal/reflect/Label$PatchInfo
Event: 1.610 loading class jdk/internal/reflect/Label$PatchInfo done
Event: 1.610 loading class jdk/internal/reflect/MethodAccessorGenerator$1
Event: 1.610 loading class jdk/internal/reflect/MethodAccessorGenerator$1 done
Event: 1.610 loading class jdk/internal/reflect/ClassDefiner
Event: 1.610 loading class jdk/internal/reflect/ClassDefiner done
Event: 1.610 loading class jdk/internal/reflect/ClassDefiner$1
Event: 1.610 loading class jdk/internal/reflect/ClassDefiner$1 done
Event: 1.610 loading class jdk/internal/reflect/BootstrapConstructorAccessorImpl
Event: 1.610 loading class jdk/internal/reflect/BootstrapConstructorAccessorImpl done


Dynamic libraries:
0x00007ff7d38e0000 - 0x00007ff7d38ef000 	C:\Program Files\Java\jdk-13\bin\java.exe
0x00007ff9a1320000 - 0x00007ff9a1510000 	C:\WINDOWS\SYSTEM32\ntdll.dll
0x00007ff9a0b20000 - 0x00007ff9a0bd2000 	C:\WINDOWS\System32\KERNEL32.DLL
0x00007ff99ebd0000 - 0x00007ff99ee73000 	C:\WINDOWS\System32\KERNELBASE.dll
0x00007ff99f120000 - 0x00007ff99f21a000 	C:\WINDOWS\System32\ucrtbase.dll
0x00007ff997490000 - 0x00007ff9974a5000 	C:\Program Files\Java\jdk-13\bin\VCRUNTIME140.dll
0x00007ff9986f0000 - 0x00007ff998708000 	C:\Program Files\Java\jdk-13\bin\jli.dll
0x00007ff9a1080000 - 0x00007ff9a1123000 	C:\WINDOWS\System32\ADVAPI32.dll
0x00007ff9a0900000 - 0x00007ff9a099e000 	C:\WINDOWS\System32\msvcrt.dll
0x00007ff9a0a80000 - 0x00007ff9a0b17000 	C:\WINDOWS\System32\sechost.dll
0x00007ff99f3d0000 - 0x00007ff99f4f0000 	C:\WINDOWS\System32\RPCRT4.dll
0x00007ff99f5a0000 - 0x00007ff99f733000 	C:\WINDOWS\System32\USER32.dll
0x00007ff992400000 - 0x00007ff992685000 	C:\WINDOWS\WinSxS\amd64_microsoft.windows.common-controls_6595b64144ccf1df_6.0.18362.356_none_e6c4af7d130f27cc\COMCTL32.dll
0x00007ff99f240000 - 0x00007ff99f261000 	C:\WINDOWS\System32\win32u.dll
0x00007ff9a00f0000 - 0x00007ff9a0116000 	C:\WINDOWS\System32\GDI32.dll
0x00007ff9a0be0000 - 0x00007ff9a0f16000 	C:\WINDOWS\System32\combase.dll
0x00007ff99ea30000 - 0x00007ff99ebc4000 	C:\WINDOWS\System32\gdi32full.dll
0x00007ff99ef50000 - 0x00007ff99efd0000 	C:\WINDOWS\System32\bcryptPrimitives.dll
0x00007ff99eeb0000 - 0x00007ff99ef4e000 	C:\WINDOWS\System32\msvcp_win.dll
0x00007ff999920000 - 0x00007ff99992a000 	C:\WINDOWS\SYSTEM32\VERSION.dll
0x00007ff9a02b0000 - 0x00007ff9a02de000 	C:\WINDOWS\System32\IMM32.DLL
0x00007ff98b090000 - 0x00007ff98b12b000 	C:\Program Files\Java\jdk-13\bin\msvcp140.dll
0x00007ff94c070000 - 0x00007ff94cbd6000 	C:\Program Files\Java\jdk-13\bin\server\jvm.dll
0x00007ff9a0120000 - 0x00007ff9a0128000 	C:\WINDOWS\System32\PSAPI.DLL
0x00007ff99c080000 - 0x00007ff99c0a4000 	C:\WINDOWS\SYSTEM32\WINMM.dll
0x00007ff997100000 - 0x00007ff997109000 	C:\WINDOWS\SYSTEM32\WSOCK32.dll
0x00007ff9a02e0000 - 0x00007ff9a034f000 	C:\WINDOWS\System32\WS2_32.dll
0x00007ff99bce0000 - 0x00007ff99bd0d000 	C:\WINDOWS\SYSTEM32\winmmbase.dll
0x00007ff99f380000 - 0x00007ff99f3ca000 	C:\WINDOWS\System32\cfgmgr32.dll
0x00007ff99e250000 - 0x00007ff99e261000 	C:\WINDOWS\System32\kernel.appcore.dll
0x00007ff998750000 - 0x00007ff998760000 	C:\Program Files\Java\jdk-13\bin\verify.dll
0x00007ff98cbf0000 - 0x00007ff98cde4000 	C:\WINDOWS\SYSTEM32\DBGHELP.DLL
0x00007ff98cba0000 - 0x00007ff98cbca000 	C:\WINDOWS\SYSTEM32\dbgcore.DLL
0x00007ff98b130000 - 0x00007ff98b156000 	C:\Program Files\Java\jdk-13\bin\java.dll
0x00007ff996ce0000 - 0x00007ff996cf7000 	C:\Program Files\Java\jdk-13\bin\zip.dll
0x00007ff9984f0000 - 0x00007ff9984fa000 	C:\Program Files\Java\jdk-13\bin\jimage.dll
0x00007ff99f7b0000 - 0x00007ff99fe95000 	C:\WINDOWS\System32\SHELL32.dll
0x00007ff99ff00000 - 0x00007ff99ffa9000 	C:\WINDOWS\System32\shcore.dll
0x00007ff99e2b0000 - 0x00007ff99ea2e000 	C:\WINDOWS\System32\windows.storage.dll
0x00007ff99e290000 - 0x00007ff99e2af000 	C:\WINDOWS\System32\profapi.dll
0x00007ff99e200000 - 0x00007ff99e24a000 	C:\WINDOWS\System32\powrprof.dll
0x00007ff99e1f0000 - 0x00007ff99e200000 	C:\WINDOWS\System32\UMPDC.dll
0x00007ff9a08a0000 - 0x00007ff9a08f2000 	C:\WINDOWS\System32\shlwapi.dll
0x00007ff99f220000 - 0x00007ff99f237000 	C:\WINDOWS\System32\cryptsp.dll
0x00007ff996bd0000 - 0x00007ff996be9000 	C:\Program Files\Java\jdk-13\bin\net.dll
0x00007ff993b30000 - 0x00007ff993d06000 	C:\WINDOWS\SYSTEM32\urlmon.dll
0x00007ff996f70000 - 0x00007ff997060000 	C:\WINDOWS\SYSTEM32\WINHTTP.dll
0x00007ff9935f0000 - 0x00007ff993896000 	C:\WINDOWS\SYSTEM32\iertutil.dll
0x00007ff99dc30000 - 0x00007ff99dc3c000 	C:\WINDOWS\SYSTEM32\CRYPTBASE.DLL
0x00007ff99da60000 - 0x00007ff99dac7000 	C:\WINDOWS\system32\mswsock.dll
0x00007ff98ee70000 - 0x00007ff98ee83000 	C:\Program Files\Java\jdk-13\bin\nio.dll
0x0000000064940000 - 0x000000006495d000 	C:\Users\Salim\AppData\Local\Temp\javacpp233642896498000\libwinpthread-1.dll
0x0000000061440000 - 0x000000006145c000 	C:\Users\Salim\AppData\Local\Temp\javacpp233642896498000\libgcc_s_seh-1.dll
0x000000006fc40000 - 0x000000006fd41000 	C:\Users\Salim\AppData\Local\Temp\javacpp233642896498000\libstdc++-6.dll
0x0000000071140000 - 0x00000000714e8000 	C:\Users\Salim\AppData\Local\Temp\javacpp233642896498000\liblept-4.dll
0x0000000068340000 - 0x000000006862c000 	C:\Users\Salim\AppData\Local\Temp\javacpp233642896498000\jnilept.dll
0x0000000068a00000 - 0x0000000068f66000 	C:\Users\Salim\AppData\Local\Temp\javacpp233642896498000\libtesseract-3.dll
0x000000006a900000 - 0x000000006a988000 	C:\Users\Salim\AppData\Local\Temp\javacpp233642896498000\jnitesseract.dll

dbghelp: loaded successfully - version: 4.0.5 - missing functions: none
symbol engine: initialized successfully - sym options: 0x614 - pdb path: .;C:\Program Files\Java\jdk-13\bin;C:\WINDOWS\SYSTEM32;C:\WINDOWS\WinSxS\amd64_microsoft.windows.common-controls_6595b64144ccf1df_6.0.18362.356_none_e6c4af7d130f27cc;C:\Program Files\Java\jdk-13\bin\server;C:\Users\Salim\AppData\Local\Temp\javacpp233642896498000

VM Arguments:
jvm_args: -Djava.library.path=C:\opencv\build\java\x64 
java_command: Main
java_class_path (initial): C:\Users\Salim\Documents\NetBeansProjects\ReadReceipt\target\classes;C:\Users\Salim\.m2\repository\org\bytedeco\javacv-platform\1.5.1\javacv-platform-1.5.1.jar;C:\Users\Salim\.m2\repository\org\bytedeco\javacv\1.5.1\javacv-1.5.1.jar;C:\Users\Salim\.m2\repository\org\bytedeco\openblas\0.3.6-1.5.1\openblas-0.3.6-1.5.1.jar;C:\Users\Salim\.m2\repository\org\bytedeco\opencv\4.1.0-1.5.1\opencv-4.1.0-1.5.1.jar;C:\Users\Salim\.m2\repository\org\bytedeco\ffmpeg\4.1.3-1.5.1\ffmpeg-4.1.3-1.5.1.jar;C:\Users\Salim\.m2\repository\org\bytedeco\flycapture\2.13.3.31-1.5.1\flycapture-2.13.3.31-1.5.1.jar;C:\Users\Salim\.m2\repository\org\bytedeco\libdc1394\2.2.6-1.5.1\libdc1394-2.2.6-1.5.1.jar;C:\Users\Salim\.m2\repository\org\bytedeco\libfreenect\0.5.7-1.5.1\libfreenect-0.5.7-1.5.1.jar;C:\Users\Salim\.m2\repository\org\bytedeco\libfreenect2\0.2.0-1.5.1\libfreenect2-0.2.0-1.5.1.jar;C:\Users\Salim\.m2\repository\org\bytedeco\librealsense\1.12.1-1.5.1\librealsense-1.12.1-1.5.1.jar;C:\Users\Salim\.m2\repository\org\bytedeco\videoinput\0.200-1.5.1\videoinput-0.200-1.5.1.jar;C:\Users\Salim\.m2\repository\org\bytedeco\artoolkitplus\2.3.1-1.5.1\artoolkitplus-2.3.1-1.5.1.jar;C:\Users\Salim\.m2\repository\org\bytedeco\flandmark\1.07-1.5.1\flandmark-1.07-1.5.1.jar;C:\Users\Salim\.m2\repository\org\bytedeco\leptonica\1.78.0-1.5.1\leptonica-1.78.0-1.5.1.jar;C:\Users\Salim\.m2\repository\org\bytedeco\tesseract\4.1.0-1.5.1\tesseract-4.1.0-1.5.1.jar;C:\Users\Salim\.m2\repository\org\bytedeco\openblas-platform\0.3.6-1.5.1\openblas-platform-0.3.6-1.5.1.jar;C:\Users\Salim\.m2\repository\org\bytedeco\openblas\0.3.6-1.5.1\openblas-0.3.6-1.5.1-android-arm.jar;C:\Users\Salim\.m2\repository\org\bytedeco\openblas\0.3.6-1.5.1\openblas-0.3.6-1.5.1-android-arm64.jar;C:\Users\Salim\.m2\repository\org\bytedeco\openblas\0.3.6-1.5.1\openblas-0.3.6-1.5.1-android-x86.jar;C:\Users\Salim\.m2\repository\org\bytedeco\openblas\0.3.6-1.5.1\openblas-0.3.6-1.5.1-android-x86_64.jar;C:\Users\Salim\
Launcher Type: SUN_STANDARD

[Global flags]
     intx CICompilerCount                          = 12                                        {product} {ergonomic}
     uint ConcGCThreads                            = 3                                         {product} {ergonomic}
     uint G1ConcRefinementThreads                  = 13                                        {product} {ergonomic}
   size_t G1HeapRegionSize                         = 1048576                                   {product} {ergonomic}
    uintx GCDrainStackTargetSize                   = 64                                        {product} {ergonomic}
   size_t InitialHeapSize                          = 268435456                                 {product} {ergonomic}
   size_t MarkStackSize                            = 4194304                                   {product} {ergonomic}
   size_t MaxHeapSize                              = 4282384384                                {product} {ergonomic}
   size_t MaxNewSize                               = 2569011200                                {product} {ergonomic}
   size_t MinHeapDeltaBytes                        = 1048576                                   {product} {ergonomic}
   size_t MinHeapSize                              = 8388608                                   {product} {ergonomic}
    uintx NonNMethodCodeHeapSize                   = 7594288                                {pd product} {ergonomic}
    uintx NonProfiledCodeHeapSize                  = 122031976                              {pd product} {ergonomic}
    uintx ProfiledCodeHeapSize                     = 122031976                              {pd product} {ergonomic}
    uintx ReservedCodeCacheSize                    = 251658240                              {pd product} {ergonomic}
     bool SegmentedCodeCache                       = true                                      {product} {ergonomic}
   size_t SoftMaxHeapSize                          = 4282384384                             {manageable} {ergonomic}
     bool UseCompressedClassPointers               = true                                 {lp64_product} {ergonomic}
     bool UseCompressedOops                        = true                                 {lp64_product} {ergonomic}
     bool UseG1GC                                  = true                                      {product} {ergonomic}
     bool UseLargePagesIndividualAllocation        = false                                  {pd product} {ergonomic}

Logging:
Log output configuration:
 #0: stdout all=warning uptime,level,tags
 #1: stderr all=off uptime,level,tags

Environment Variables:
JAVA_HOME=C:\Program Files\Java\jdk-13
PATH=C:\Program Files\NVIDIA GPU Computing Toolkit\CUDA\v9.2\bin;C:\Program Files\NVIDIA GPU Computing Toolkit\CUDA\v9.2\libnvvp;C:\Program Files (x86)\Common Files\Oracle\Java\javapath;C:\WINDOWS\system32;C:\WINDOWS;C:\WINDOWS\System32\Wbem;C:\WINDOWS\System32\WindowsPowerShell\v1.0\;C:\WINDOWS\System32\OpenSSH\;C:\Program Files (x86)\NVIDIA Corporation\PhysX\Common;C:\Program Files\Java\jdk-13\bin;C:\Program Files\Git\cmd;C:\Users\Salim\AppData\Local\Microsoft\WindowsApps;
USERNAME=Salim
OS=Windows_NT
PROCESSOR_IDENTIFIER=AMD64 Family 23 Model 8 Stepping 2, AuthenticAMD



---------------  S Y S T E M  ---------------

OS: Windows 10 , 64 bit Build 18362 (10.0.18362.329)

CPU:total 16 (initial active 16) (16 cores per cpu, 2 threads per core) family 23 model 8 stepping 2, cmov, cx8, fxsr, mmx, sse, sse2, sse3, ssse3, sse4.1, sse4.2, popcnt, avx, avx2, aes, clmul, mmxext, 3dnowpref, lzcnt, sse4a, ht, tsc, tscinvbit, tscinv, bmi1, bmi2, adx, sha, fma

Memory: 4k page, system-wide physical 16335M (7562M free)
TotalPageFile size 18767M (AvailPageFile size 3357M)
current process WorkingSet (physical memory assigned to process): 162M, peak: 162M
current process commit charge ("private bytes"): 395M, peak: 395M

vm_info: Java HotSpot(TM) 64-Bit Server VM (13+33) for windows-amd64 JRE (13+33), built on Sep 18 2019 21:38:00 by "mach5one" with unknown MS VC++:1916

END.
