#
# A fatal error has been detected by the Java Runtime Environment:
#
#  EXCEPTION_UNCAUGHT_CXX_EXCEPTION (0xe06d7363) at pc=0x00007ffae54fa839, pid=2476, tid=14192
#
# JRE version: Java(TM) SE Runtime Environment (13.0+33) (build 13+33)
# Java VM: Java HotSpot(TM) 64-Bit Server VM (13+33, mixed mode, sharing, tiered, compressed oops, g1 gc, windows-amd64)
# Problematic frame:
# C  [KERNELBASE.dll+0x3a839]
#
# No core dump will be written. Minidumps are not enabled by default on client versions of Windows
#
# If you would like to submit a bug report, please visit:
#   http://bugreport.java.com/bugreport/crash.jsp
# The crash happened outside the Java Virtual Machine in native code.
# See problematic frame for where to report the bug.
#

---------------  S U M M A R Y ------------

Command Line: com.mycompany.readreceipt.Main

Host: AMD Ryzen 7 2700X Eight-Core Processor         , 16 cores, 15G,  Windows 10 , 64 bit Build 18362 (10.0.18362.329)
Time: Mon Oct 21 05:20:50 2019 Türkiye Standart Saati elapsed time: 11 seconds (0d 0h 0m 11s)

---------------  T H R E A D  ---------------

Current thread (0x000001d562fae000):  JavaThread "main" [_thread_in_native, id=14192, stack(0x000000a281d00000,0x000000a281e00000)]

Stack: [0x000000a281d00000,0x000000a281e00000],  sp=0x000000a281dfe8c0,  free space=1018k
Native frames: (J=compiled Java code, j=interpreted, Vv=VM code, C=native code)
C  [KERNELBASE.dll+0x3a839]
C  [VCRUNTIME140.dll+0x486d]
C  [opencv_core401.dll+0x1cf601]

Java frames: (J=compiled Java code, j=interpreted, Vv=VM code)
j  org.bytedeco.opencv.global.opencv_core.cvSetImageROI(Lorg/bytedeco/opencv/opencv_core/IplImage;Lorg/bytedeco/opencv/opencv_core/CvRect;)V+0
j  com.mycompany.readreceipt.ReceiptScannerImpl.cropImage(Lorg/bytedeco/opencv/opencv_core/IplImage;IIII)Lorg/bytedeco/opencv/opencv_core/IplImage;+10
j  com.mycompany.readreceipt.ReceiptScannerImpl.applyPerspectiveTransformThresholdOnOriginalImage(Lorg/bytedeco/opencv/opencv_core/IplImage;Lorg/bytedeco/opencv/opencv_core/CvSeq;I)Lorg/bytedeco/opencv/opencv_core/IplImage;+378
j  com.mycompany.readreceipt.ReceiptScannerImpl.getTextFromReceiptImage(Ljava/lang/String;)Ljava/lang/String;+52
j  com.mycompany.readreceipt.Main.main([Ljava/lang/String;)V+13
v  ~StubRoutines::call_stub

siginfo: EXCEPTION_UNCAUGHT_CXX_EXCEPTION (0xe06d7363), ExceptionInformation=0x0000000019930520 0x000000a281dfea50 0x00007ffaaad64518 0x00007ffaaaa30000 


Register to memory mapping:

RIP=0x00007ffae54fa839 KERNELBASE.dll
RAX=0x0 is NULL
RBX=0x00007ffaaad64518 opencv_core401.dll
RCX=0x0 is NULL
RDX=0x00007ffae78fc4bf ntdll.dll
RSP=0x000000a281dfe8c0 is pointing into the stack for thread: 0x000001d562fae000
RBP=0x000000a281dfea00 is pointing into the stack for thread: 0x000001d562fae000
RSI=0x000000a281dfeca0 is pointing into the stack for thread: 0x000001d562fae000
RDI=0x000000a281dfea50 is pointing into the stack for thread: 0x000001d562fae000
R8 =0x0 is NULL
R9 =0x0 is NULL
R10=0x000001d560e11f80 points into unknown readable memory: c0 0c e1 60 d5 01 00 00
R11=0x0 is NULL
R12=0x0 is NULL
R13=0x000001d57fc02190 is pointing into metadata
R14=0x0 is NULL
R15=0x000001d562fae000 is a thread


Registers:
RAX=0x0000000000000000, RBX=0x00007ffaaad64518, RCX=0x0000000000000000, RDX=0x00007ffae78fc4bf
RSP=0x000000a281dfe8c0, RBP=0x000000a281dfea00, RSI=0x000000a281dfeca0, RDI=0x000000a281dfea50
R8 =0x0000000000000000, R9 =0x0000000000000000, R10=0x000001d560e11f80, R11=0x0000000000000000
R12=0x0000000000000000, R13=0x000001d57fc02190, R14=0x0000000000000000, R15=0x000001d562fae000
RIP=0x00007ffae54fa839, EFLAGS=0x0000000000000202

Top of Stack: (sp=0x000000a281dfe8c0)
0x000000a281dfe8c0:   0000000000000002 00007ffaaad64518
0x000000a281dfe8d0:   000000a281dfeca0 000000000000006f
0x000000a281dfe8e0:   00000001e06d7363 0000000000000000
0x000000a281dfe8f0:   00007ffae54fa839 00007ffa00000004
0x000000a281dfe900:   0000000019930520 000000a281dfea50
0x000000a281dfe910:   00007ffaaad64518 00007ffaaaa30000
0x000000a281dfe920:   000001d57fc02190 0000000000000000
0x000000a281dfe930:   000000a281dfeca0 000000a281dfea00
0x000000a281dfe940:   000000a281dfea10 00007ffae78df49f
0x000000a281dfe950:   000000a281dfea50 00007ffa00000000
0x000000a281dfe960:   0000000800000bd3 000001d5ffffff29
0x000000a281dfe970:   00007ffaaad95000 00007ffaaaa30000
0x000000a281dfe980:   00000220447b0c7c 000001d509292500
0x000000a281dfe990:   00007ffaaad64518 00007ffae10d486d
0x000000a281dfe9a0:   000000a281dfead0 0000000000000062
0x000000a281dfe9b0:   0000000000000000 000000a281dfead0 

Instructions: (pc=0x00007ffae54fa839)
0x00007ffae54fa739:   fe ff ff 4c 8d 05 9d 46 20 00 33 d2 8d 4a 02 e8
0x00007ffae54fa749:   83 17 02 00 48 8b f8 48 89 44 24 58 e9 ef fd ff
0x00007ffae54fa759:   ff 45 33 c0 49 8b d7 48 83 c9 ff e8 07 f0 02 00
0x00007ffae54fa769:   e9 09 ff ff ff 48 8b 0d c3 0f 23 00 e8 06 f2 ff
0x00007ffae54fa779:   ff 48 8b cf e8 4e a2 fe ff e9 f9 fe ff ff 49 8b
0x00007ffae54fa789:   ce e8 41 a2 fe ff e9 f5 fe ff ff 48 8b ce e8 34
0x00007ffae54fa799:   a2 fe ff e9 f1 fe ff ff cc cc cc cc cc cc cc cc
0x00007ffae54fa7a9:   cc cc cc cc cc cc cc 65 48 8b 04 25 30 00 00 00
0x00007ffae54fa7b9:   8b 40 68 c3 cc cc cc cc cc cc cc cc cc cc cc cc
0x00007ffae54fa7c9:   cc cc cc cc cc cc cc 48 81 ec d8 00 00 00 48 8b
0x00007ffae54fa7d9:   05 52 e6 22 00 48 33 c4 48 89 84 24 c0 00 00 00
0x00007ffae54fa7e9:   48 83 64 24 28 00 48 8d 05 da ff ff ff 83 e2 01
0x00007ffae54fa7f9:   89 4c 24 20 89 54 24 24 48 89 44 24 30 4d 85 c9
0x00007ffae54fa809:   74 4b b8 0f 00 00 00 48 8d 4c 24 40 44 3b c0 49
0x00007ffae54fa819:   8b d1 44 0f 47 c0 44 89 44 24 38 49 c1 e0 03 e8
0x00007ffae54fa829:   7a 4c 05 00 48 8d 4c 24 20 48 ff 15 8f bf 16 00
0x00007ffae54fa839:   0f 1f 44 00 00 48 8b 8c 24 c0 00 00 00 48 33 cc
0x00007ffae54fa849:   e8 92 ee 04 00 48 81 c4 d8 00 00 00 c3 83 64 24
0x00007ffae54fa859:   38 00 eb d0 cc cc cc cc cc cc cc 48 89 5c 24 08
0x00007ffae54fa869:   48 89 74 24 10 57 48 83 ec 20 8b da 48 8b f9 e8
0x00007ffae54fa879:   f3 d6 ff ff 33 f6 85 c0 0f 84 b1 86 06 00 85 db
0x00007ffae54fa889:   0f 84 a9 86 06 00 44 8d 4e 02 ba 09 10 00 20 4c
0x00007ffae54fa899:   8d 44 24 40 48 8b cf e8 7b b5 ff ff 85 c0 0f 84
0x00007ffae54fa8a9:   8b 86 06 00 39 5c 24 40 0f 85 81 86 06 00 0f b7
0x00007ffae54fa8b9:   c3 48 8b 5c 24 30 48 8b 74 24 38 48 83 c4 20 5f
0x00007ffae54fa8c9:   c3 cc cc cc cc cc cc 48 89 5c 24 08 48 89 74 24
0x00007ffae54fa8d9:   10 57 48 83 ec 40 48 8b c2 48 8b f1 48 8b c8 33
0x00007ffae54fa8e9:   d2 49 8b d9 41 8b f8 e8 5b 6c ff ff 48 8b d0 48
0x00007ffae54fa8f9:   85 db 0f 85 6b 86 06 00 48 8b 44 24 78 44 8b c7
0x00007ffae54fa909:   44 8b 4c 24 70 48 8b ce 48 89 44 24 38 8d 43 01
0x00007ffae54fa919:   89 44 24 30 89 44 24 28 89 44 24 20 e8 16 00 00
0x00007ffae54fa929:   00 48 8b 5c 24 50 48 8b 74 24 58 48 83 c4 40 5f 


Stack slot to memory mapping:
stack at sp + 0 slots: 0x0000000000000002 is an unknown value
stack at sp + 1 slots: 0x00007ffaaad64518 opencv_core401.dll
stack at sp + 2 slots: 0x000000a281dfeca0 is pointing into the stack for thread: 0x000001d562fae000
stack at sp + 3 slots: 0x000000000000006f is an unknown value
stack at sp + 4 slots: 0x00000001e06d7363 is an unknown value
stack at sp + 5 slots: 0x0 is NULL
stack at sp + 6 slots: 0x00007ffae54fa839 KERNELBASE.dll
stack at sp + 7 slots: 0x00007ffa00000004 is an unknown value


---------------  P R O C E S S  ---------------

Threads class SMR info:
_java_thread_list=0x000001d5097c5900, length=11, elements={
0x000001d562fae000, 0x000001d57f0e3800, 0x000001d57f0e6800, 0x000001d57f0ff800,
0x000001d57f102800, 0x000001d57f103800, 0x000001d57f108800, 0x000001d57f11d800,
0x000001d508329000, 0x000001d5082f8000, 0x000001d508a8b000
}

Java Threads: ( => current thread )
=>0x000001d562fae000 JavaThread "main" [_thread_in_native, id=14192, stack(0x000000a281d00000,0x000000a281e00000)]
  0x000001d57f0e3800 JavaThread "Reference Handler" daemon [_thread_blocked, id=11292, stack(0x000000a282400000,0x000000a282500000)]
  0x000001d57f0e6800 JavaThread "Finalizer" daemon [_thread_blocked, id=9436, stack(0x000000a282500000,0x000000a282600000)]
  0x000001d57f0ff800 JavaThread "Signal Dispatcher" daemon [_thread_blocked, id=13592, stack(0x000000a282600000,0x000000a282700000)]
  0x000001d57f102800 JavaThread "Attach Listener" daemon [_thread_blocked, id=8812, stack(0x000000a282700000,0x000000a282800000)]
  0x000001d57f103800 JavaThread "C2 CompilerThread0" daemon [_thread_blocked, id=6348, stack(0x000000a282800000,0x000000a282900000)]
  0x000001d57f108800 JavaThread "C1 CompilerThread0" daemon [_thread_blocked, id=3752, stack(0x000000a282900000,0x000000a282a00000)]
  0x000001d57f11d800 JavaThread "Sweeper thread" daemon [_thread_blocked, id=784, stack(0x000000a282a00000,0x000000a282b00000)]
  0x000001d508329000 JavaThread "Service Thread" daemon [_thread_blocked, id=13940, stack(0x000000a282c00000,0x000000a282d00000)]
  0x000001d5082f8000 JavaThread "Common-Cleaner" daemon [_thread_blocked, id=12612, stack(0x000000a282e00000,0x000000a282f00000)]
  0x000001d508a8b000 JavaThread "JavaCPP Deallocator" daemon [_thread_blocked, id=13832, stack(0x000000a283000000,0x000000a283100000)]

Other Threads:
  0x000001d57f0e2800 VMThread "VM Thread" [stack: 0x000000a282300000,0x000000a282400000] [id=9192]
  0x000001d50832a000 WatcherThread [stack: 0x000000a282d00000,0x000000a282e00000] [id=2424]
  0x000001d56301a800 GCTaskThread "GC Thread#0" [stack: 0x000000a281e00000,0x000000a281f00000] [id=8668]
  0x000001d508e10000 GCTaskThread "GC Thread#1" [stack: 0x000000a283200000,0x000000a283300000] [id=11888]
  0x000001d508d7e000 GCTaskThread "GC Thread#2" [stack: 0x000000a283300000,0x000000a283400000] [id=14260]
  0x000001d509281800 GCTaskThread "GC Thread#3" [stack: 0x000000a283400000,0x000000a283500000] [id=12520]
  0x000001d50927e000 GCTaskThread "GC Thread#4" [stack: 0x000000a283500000,0x000000a283600000] [id=10772]
  0x000001d509282000 GCTaskThread "GC Thread#5" [stack: 0x000000a283600000,0x000000a283700000] [id=2764]
  0x000001d56303d000 ConcurrentGCThread "G1 Main Marker" [stack: 0x000000a281f00000,0x000000a282000000] [id=7540]
  0x000001d56303f000 ConcurrentGCThread "G1 Conc#0" [stack: 0x000000a282000000,0x000000a282100000] [id=3216]
  0x000001d57f034800 ConcurrentGCThread "G1 Refine#0" [stack: 0x000000a282100000,0x000000a282200000] [id=9780]
  0x000001d57f036800 ConcurrentGCThread "G1 Young RemSet Sampling" [stack: 0x000000a282200000,0x000000a282300000] [id=7144]

Threads with active compile tasks:

VM state:not at safepoint (normal execution)

VM Mutex/Monitor currently owned by a thread: None

Heap address: 0x0000000700c00000, size: 4084 MB, Compressed Oops mode: Zero based, Oop shift amount: 3
Narrow klass base: 0x0000000800000000, Narrow klass shift: 3
Compressed class space size: 1073741824 Address: 0x0000000800b40000

Heap:
 garbage-first heap   total 262144K, used 155945K [0x0000000700c00000, 0x0000000800000000)
  region size 1024K, 150 young (153600K), 1 survivors (1024K)
 Metaspace       used 4615K, capacity 7426K, committed 7680K, reserved 1056768K
  class space    used 375K, capacity 703K, committed 768K, reserved 1048576K
Heap Regions: E=young(eden), S=young(survivor), O=old, HS=humongous(starts), HC=humongous(continues), CS=collection set, F=free, A=archive, TAMS=top-at-mark-start (previous, next)
|   0|0x0000000700c00000, 0x0000000700d00000, 0x0000000700d00000|100%| O|  |TAMS 0x0000000700c00000, 0x0000000700c00000| Untracked 
|   1|0x0000000700d00000, 0x0000000700e00000, 0x0000000700e00000|100%| O|  |TAMS 0x0000000700d00000, 0x0000000700d00000| Untracked 
|   2|0x0000000700e00000, 0x0000000700f00000, 0x0000000700f00000|100%| O|  |TAMS 0x0000000700e00000, 0x0000000700e00000| Untracked 
|   3|0x0000000700f00000, 0x0000000701000000, 0x0000000701000000|100%| O|  |TAMS 0x0000000700f00000, 0x0000000700f00000| Untracked 
|   4|0x0000000701000000, 0x0000000701045600, 0x0000000701100000| 27%| O|  |TAMS 0x0000000701000000, 0x0000000701000000| Untracked 
|   5|0x0000000701100000, 0x0000000701100000, 0x0000000701200000|  0%| F|  |TAMS 0x0000000701100000, 0x0000000701100000| Untracked 
|   6|0x0000000701200000, 0x0000000701200000, 0x0000000701300000|  0%| F|  |TAMS 0x0000000701200000, 0x0000000701200000| Untracked 
|   7|0x0000000701300000, 0x0000000701300000, 0x0000000701400000|  0%| F|  |TAMS 0x0000000701300000, 0x0000000701300000| Untracked 
|   8|0x0000000701400000, 0x0000000701400000, 0x0000000701500000|  0%| F|  |TAMS 0x0000000701400000, 0x0000000701400000| Untracked 
|   9|0x0000000701500000, 0x0000000701500000, 0x0000000701600000|  0%| F|  |TAMS 0x0000000701500000, 0x0000000701500000| Untracked 
|  10|0x0000000701600000, 0x0000000701600000, 0x0000000701700000|  0%| F|  |TAMS 0x0000000701600000, 0x0000000701600000| Untracked 
|  11|0x0000000701700000, 0x0000000701700000, 0x0000000701800000|  0%| F|  |TAMS 0x0000000701700000, 0x0000000701700000| Untracked 
|  12|0x0000000701800000, 0x0000000701800000, 0x0000000701900000|  0%| F|  |TAMS 0x0000000701800000, 0x0000000701800000| Untracked 
|  13|0x0000000701900000, 0x0000000701900000, 0x0000000701a00000|  0%| F|  |TAMS 0x0000000701900000, 0x0000000701900000| Untracked 
|  14|0x0000000701a00000, 0x0000000701a00000, 0x0000000701b00000|  0%| F|  |TAMS 0x0000000701a00000, 0x0000000701a00000| Untracked 
|  15|0x0000000701b00000, 0x0000000701b00000, 0x0000000701c00000|  0%| F|  |TAMS 0x0000000701b00000, 0x0000000701b00000| Untracked 
|  16|0x0000000701c00000, 0x0000000701c00000, 0x0000000701d00000|  0%| F|  |TAMS 0x0000000701c00000, 0x0000000701c00000| Untracked 
|  17|0x0000000701d00000, 0x0000000701d00000, 0x0000000701e00000|  0%| F|  |TAMS 0x0000000701d00000, 0x0000000701d00000| Untracked 
|  18|0x0000000701e00000, 0x0000000701e00000, 0x0000000701f00000|  0%| F|  |TAMS 0x0000000701e00000, 0x0000000701e00000| Untracked 
|  19|0x0000000701f00000, 0x0000000701f00000, 0x0000000702000000|  0%| F|  |TAMS 0x0000000701f00000, 0x0000000701f00000| Untracked 
|  20|0x0000000702000000, 0x0000000702000000, 0x0000000702100000|  0%| F|  |TAMS 0x0000000702000000, 0x0000000702000000| Untracked 
|  21|0x0000000702100000, 0x0000000702100000, 0x0000000702200000|  0%| F|  |TAMS 0x0000000702100000, 0x0000000702100000| Untracked 
|  22|0x0000000702200000, 0x0000000702200000, 0x0000000702300000|  0%| F|  |TAMS 0x0000000702200000, 0x0000000702200000| Untracked 
|  23|0x0000000702300000, 0x0000000702300000, 0x0000000702400000|  0%| F|  |TAMS 0x0000000702300000, 0x0000000702300000| Untracked 
|  24|0x0000000702400000, 0x0000000702400000, 0x0000000702500000|  0%| F|  |TAMS 0x0000000702400000, 0x0000000702400000| Untracked 
|  25|0x0000000702500000, 0x0000000702500000, 0x0000000702600000|  0%| F|  |TAMS 0x0000000702500000, 0x0000000702500000| Untracked 
|  26|0x0000000702600000, 0x0000000702600000, 0x0000000702700000|  0%| F|  |TAMS 0x0000000702600000, 0x0000000702600000| Untracked 
|  27|0x0000000702700000, 0x0000000702700000, 0x0000000702800000|  0%| F|  |TAMS 0x0000000702700000, 0x0000000702700000| Untracked 
|  28|0x0000000702800000, 0x0000000702800000, 0x0000000702900000|  0%| F|  |TAMS 0x0000000702800000, 0x0000000702800000| Untracked 
|  29|0x0000000702900000, 0x0000000702900000, 0x0000000702a00000|  0%| F|  |TAMS 0x0000000702900000, 0x0000000702900000| Untracked 
|  30|0x0000000702a00000, 0x0000000702a00000, 0x0000000702b00000|  0%| F|  |TAMS 0x0000000702a00000, 0x0000000702a00000| Untracked 
|  31|0x0000000702b00000, 0x0000000702b00000, 0x0000000702c00000|  0%| F|  |TAMS 0x0000000702b00000, 0x0000000702b00000| Untracked 
|  32|0x0000000702c00000, 0x0000000702c00000, 0x0000000702d00000|  0%| F|  |TAMS 0x0000000702c00000, 0x0000000702c00000| Untracked 
|  33|0x0000000702d00000, 0x0000000702d00000, 0x0000000702e00000|  0%| F|  |TAMS 0x0000000702d00000, 0x0000000702d00000| Untracked 
|  34|0x0000000702e00000, 0x0000000702e00000, 0x0000000702f00000|  0%| F|  |TAMS 0x0000000702e00000, 0x0000000702e00000| Untracked 
|  35|0x0000000702f00000, 0x0000000702f00000, 0x0000000703000000|  0%| F|  |TAMS 0x0000000702f00000, 0x0000000702f00000| Untracked 
|  36|0x0000000703000000, 0x0000000703000000, 0x0000000703100000|  0%| F|  |TAMS 0x0000000703000000, 0x0000000703000000| Untracked 
|  37|0x0000000703100000, 0x0000000703100000, 0x0000000703200000|  0%| F|  |TAMS 0x0000000703100000, 0x0000000703100000| Untracked 
|  38|0x0000000703200000, 0x0000000703200000, 0x0000000703300000|  0%| F|  |TAMS 0x0000000703200000, 0x0000000703200000| Untracked 
|  39|0x0000000703300000, 0x0000000703300000, 0x0000000703400000|  0%| F|  |TAMS 0x0000000703300000, 0x0000000703300000| Untracked 
|  40|0x0000000703400000, 0x0000000703400000, 0x0000000703500000|  0%| F|  |TAMS 0x0000000703400000, 0x0000000703400000| Untracked 
|  41|0x0000000703500000, 0x0000000703500000, 0x0000000703600000|  0%| F|  |TAMS 0x0000000703500000, 0x0000000703500000| Untracked 
|  42|0x0000000703600000, 0x0000000703600000, 0x0000000703700000|  0%| F|  |TAMS 0x0000000703600000, 0x0000000703600000| Untracked 
|  43|0x0000000703700000, 0x0000000703700000, 0x0000000703800000|  0%| F|  |TAMS 0x0000000703700000, 0x0000000703700000| Untracked 
|  44|0x0000000703800000, 0x0000000703800000, 0x0000000703900000|  0%| F|  |TAMS 0x0000000703800000, 0x0000000703800000| Untracked 
|  45|0x0000000703900000, 0x0000000703900000, 0x0000000703a00000|  0%| F|  |TAMS 0x0000000703900000, 0x0000000703900000| Untracked 
|  46|0x0000000703a00000, 0x0000000703a00000, 0x0000000703b00000|  0%| F|  |TAMS 0x0000000703a00000, 0x0000000703a00000| Untracked 
|  47|0x0000000703b00000, 0x0000000703b00000, 0x0000000703c00000|  0%| F|  |TAMS 0x0000000703b00000, 0x0000000703b00000| Untracked 
|  48|0x0000000703c00000, 0x0000000703c00000, 0x0000000703d00000|  0%| F|  |TAMS 0x0000000703c00000, 0x0000000703c00000| Untracked 
|  49|0x0000000703d00000, 0x0000000703d00000, 0x0000000703e00000|  0%| F|  |TAMS 0x0000000703d00000, 0x0000000703d00000| Untracked 
|  50|0x0000000703e00000, 0x0000000703e00000, 0x0000000703f00000|  0%| F|  |TAMS 0x0000000703e00000, 0x0000000703e00000| Untracked 
|  51|0x0000000703f00000, 0x0000000703f00000, 0x0000000704000000|  0%| F|  |TAMS 0x0000000703f00000, 0x0000000703f00000| Untracked 
|  52|0x0000000704000000, 0x0000000704000000, 0x0000000704100000|  0%| F|  |TAMS 0x0000000704000000, 0x0000000704000000| Untracked 
|  53|0x0000000704100000, 0x0000000704100000, 0x0000000704200000|  0%| F|  |TAMS 0x0000000704100000, 0x0000000704100000| Untracked 
|  54|0x0000000704200000, 0x0000000704200000, 0x0000000704300000|  0%| F|  |TAMS 0x0000000704200000, 0x0000000704200000| Untracked 
|  55|0x0000000704300000, 0x0000000704300000, 0x0000000704400000|  0%| F|  |TAMS 0x0000000704300000, 0x0000000704300000| Untracked 
|  56|0x0000000704400000, 0x0000000704400000, 0x0000000704500000|  0%| F|  |TAMS 0x0000000704400000, 0x0000000704400000| Untracked 
|  57|0x0000000704500000, 0x0000000704500000, 0x0000000704600000|  0%| F|  |TAMS 0x0000000704500000, 0x0000000704500000| Untracked 
|  58|0x0000000704600000, 0x0000000704600000, 0x0000000704700000|  0%| F|  |TAMS 0x0000000704600000, 0x0000000704600000| Untracked 
|  59|0x0000000704700000, 0x0000000704700000, 0x0000000704800000|  0%| F|  |TAMS 0x0000000704700000, 0x0000000704700000| Untracked 
|  60|0x0000000704800000, 0x0000000704800000, 0x0000000704900000|  0%| F|  |TAMS 0x0000000704800000, 0x0000000704800000| Untracked 
|  61|0x0000000704900000, 0x0000000704900000, 0x0000000704a00000|  0%| F|  |TAMS 0x0000000704900000, 0x0000000704900000| Untracked 
|  62|0x0000000704a00000, 0x0000000704a00000, 0x0000000704b00000|  0%| F|  |TAMS 0x0000000704a00000, 0x0000000704a00000| Untracked 
|  63|0x0000000704b00000, 0x0000000704b00000, 0x0000000704c00000|  0%| F|  |TAMS 0x0000000704b00000, 0x0000000704b00000| Untracked 
|  64|0x0000000704c00000, 0x0000000704c00000, 0x0000000704d00000|  0%| F|  |TAMS 0x0000000704c00000, 0x0000000704c00000| Untracked 
|  65|0x0000000704d00000, 0x0000000704d00000, 0x0000000704e00000|  0%| F|  |TAMS 0x0000000704d00000, 0x0000000704d00000| Untracked 
|  66|0x0000000704e00000, 0x0000000704e00000, 0x0000000704f00000|  0%| F|  |TAMS 0x0000000704e00000, 0x0000000704e00000| Untracked 
|  67|0x0000000704f00000, 0x0000000704f00000, 0x0000000705000000|  0%| F|  |TAMS 0x0000000704f00000, 0x0000000704f00000| Untracked 
|  68|0x0000000705000000, 0x0000000705000000, 0x0000000705100000|  0%| F|  |TAMS 0x0000000705000000, 0x0000000705000000| Untracked 
|  69|0x0000000705100000, 0x0000000705100000, 0x0000000705200000|  0%| F|  |TAMS 0x0000000705100000, 0x0000000705100000| Untracked 
|  70|0x0000000705200000, 0x0000000705200000, 0x0000000705300000|  0%| F|  |TAMS 0x0000000705200000, 0x0000000705200000| Untracked 
|  71|0x0000000705300000, 0x0000000705300000, 0x0000000705400000|  0%| F|  |TAMS 0x0000000705300000, 0x0000000705300000| Untracked 
|  72|0x0000000705400000, 0x0000000705400000, 0x0000000705500000|  0%| F|  |TAMS 0x0000000705400000, 0x0000000705400000| Untracked 
|  73|0x0000000705500000, 0x0000000705500000, 0x0000000705600000|  0%| F|  |TAMS 0x0000000705500000, 0x0000000705500000| Untracked 
|  74|0x0000000705600000, 0x0000000705600000, 0x0000000705700000|  0%| F|  |TAMS 0x0000000705600000, 0x0000000705600000| Untracked 
|  75|0x0000000705700000, 0x0000000705700000, 0x0000000705800000|  0%| F|  |TAMS 0x0000000705700000, 0x0000000705700000| Untracked 
|  76|0x0000000705800000, 0x0000000705800000, 0x0000000705900000|  0%| F|  |TAMS 0x0000000705800000, 0x0000000705800000| Untracked 
|  77|0x0000000705900000, 0x0000000705900000, 0x0000000705a00000|  0%| F|  |TAMS 0x0000000705900000, 0x0000000705900000| Untracked 
|  78|0x0000000705a00000, 0x0000000705a00000, 0x0000000705b00000|  0%| F|  |TAMS 0x0000000705a00000, 0x0000000705a00000| Untracked 
|  79|0x0000000705b00000, 0x0000000705b00000, 0x0000000705c00000|  0%| F|  |TAMS 0x0000000705b00000, 0x0000000705b00000| Untracked 
|  80|0x0000000705c00000, 0x0000000705c00000, 0x0000000705d00000|  0%| F|  |TAMS 0x0000000705c00000, 0x0000000705c00000| Untracked 
|  81|0x0000000705d00000, 0x0000000705d00000, 0x0000000705e00000|  0%| F|  |TAMS 0x0000000705d00000, 0x0000000705d00000| Untracked 
|  82|0x0000000705e00000, 0x0000000705e00000, 0x0000000705f00000|  0%| F|  |TAMS 0x0000000705e00000, 0x0000000705e00000| Untracked 
|  83|0x0000000705f00000, 0x0000000705f00000, 0x0000000706000000|  0%| F|  |TAMS 0x0000000705f00000, 0x0000000705f00000| Untracked 
|  84|0x0000000706000000, 0x0000000706000000, 0x0000000706100000|  0%| F|  |TAMS 0x0000000706000000, 0x0000000706000000| Untracked 
|  85|0x0000000706100000, 0x0000000706100000, 0x0000000706200000|  0%| F|  |TAMS 0x0000000706100000, 0x0000000706100000| Untracked 
|  86|0x0000000706200000, 0x0000000706200000, 0x0000000706300000|  0%| F|  |TAMS 0x0000000706200000, 0x0000000706200000| Untracked 
|  87|0x0000000706300000, 0x0000000706300000, 0x0000000706400000|  0%| F|  |TAMS 0x0000000706300000, 0x0000000706300000| Untracked 
|  88|0x0000000706400000, 0x0000000706400000, 0x0000000706500000|  0%| F|  |TAMS 0x0000000706400000, 0x0000000706400000| Untracked 
|  89|0x0000000706500000, 0x0000000706500000, 0x0000000706600000|  0%| F|  |TAMS 0x0000000706500000, 0x0000000706500000| Untracked 
|  90|0x0000000706600000, 0x0000000706600000, 0x0000000706700000|  0%| F|  |TAMS 0x0000000706600000, 0x0000000706600000| Untracked 
|  91|0x0000000706700000, 0x0000000706700000, 0x0000000706800000|  0%| F|  |TAMS 0x0000000706700000, 0x0000000706700000| Untracked 
|  92|0x0000000706800000, 0x0000000706800000, 0x0000000706900000|  0%| F|  |TAMS 0x0000000706800000, 0x0000000706800000| Untracked 
|  93|0x0000000706900000, 0x0000000706900000, 0x0000000706a00000|  0%| F|  |TAMS 0x0000000706900000, 0x0000000706900000| Untracked 
|  94|0x0000000706a00000, 0x0000000706a00000, 0x0000000706b00000|  0%| F|  |TAMS 0x0000000706a00000, 0x0000000706a00000| Untracked 
|  95|0x0000000706b00000, 0x0000000706b00000, 0x0000000706c00000|  0%| F|  |TAMS 0x0000000706b00000, 0x0000000706b00000| Untracked 
|  96|0x0000000706c00000, 0x0000000706c00000, 0x0000000706d00000|  0%| F|  |TAMS 0x0000000706c00000, 0x0000000706c00000| Untracked 
|  97|0x0000000706d00000, 0x0000000706d00000, 0x0000000706e00000|  0%| F|  |TAMS 0x0000000706d00000, 0x0000000706d00000| Untracked 
|  98|0x0000000706e00000, 0x0000000706e00000, 0x0000000706f00000|  0%| F|  |TAMS 0x0000000706e00000, 0x0000000706e00000| Untracked 
|  99|0x0000000706f00000, 0x0000000706f00000, 0x0000000707000000|  0%| F|  |TAMS 0x0000000706f00000, 0x0000000706f00000| Untracked 
| 100|0x0000000707000000, 0x0000000707000000, 0x0000000707100000|  0%| F|  |TAMS 0x0000000707000000, 0x0000000707000000| Untracked 
| 101|0x0000000707100000, 0x0000000707100000, 0x0000000707200000|  0%| F|  |TAMS 0x0000000707100000, 0x0000000707100000| Untracked 
| 102|0x0000000707200000, 0x0000000707200000, 0x0000000707300000|  0%| F|  |TAMS 0x0000000707200000, 0x0000000707200000| Untracked 
| 103|0x0000000707300000, 0x00000007073050a0, 0x0000000707400000|  1%| S|CS|TAMS 0x0000000707300000, 0x0000000707300000| Complete 
| 104|0x0000000707400000, 0x0000000707400000, 0x0000000707500000|  0%| F|  |TAMS 0x0000000707400000, 0x0000000707400000| Untracked 
| 105|0x0000000707500000, 0x0000000707500000, 0x0000000707600000|  0%| F|  |TAMS 0x0000000707500000, 0x0000000707500000| Untracked 
| 106|0x0000000707600000, 0x0000000707600000, 0x0000000707700000|  0%| F|  |TAMS 0x0000000707600000, 0x0000000707600000| Untracked 
| 107|0x0000000707700000, 0x0000000707800000, 0x0000000707800000|100%| E|  |TAMS 0x0000000707700000, 0x0000000707700000| Complete 
| 108|0x0000000707800000, 0x0000000707900000, 0x0000000707900000|100%| E|CS|TAMS 0x0000000707800000, 0x0000000707800000| Complete 
| 109|0x0000000707900000, 0x0000000707a00000, 0x0000000707a00000|100%| E|CS|TAMS 0x0000000707900000, 0x0000000707900000| Complete 
| 110|0x0000000707a00000, 0x0000000707b00000, 0x0000000707b00000|100%| E|CS|TAMS 0x0000000707a00000, 0x0000000707a00000| Complete 
| 111|0x0000000707b00000, 0x0000000707c00000, 0x0000000707c00000|100%| E|CS|TAMS 0x0000000707b00000, 0x0000000707b00000| Complete 
| 112|0x0000000707c00000, 0x0000000707d00000, 0x0000000707d00000|100%| E|CS|TAMS 0x0000000707c00000, 0x0000000707c00000| Complete 
| 113|0x0000000707d00000, 0x0000000707e00000, 0x0000000707e00000|100%| E|CS|TAMS 0x0000000707d00000, 0x0000000707d00000| Complete 
| 114|0x0000000707e00000, 0x0000000707f00000, 0x0000000707f00000|100%| E|CS|TAMS 0x0000000707e00000, 0x0000000707e00000| Complete 
| 115|0x0000000707f00000, 0x0000000708000000, 0x0000000708000000|100%| E|CS|TAMS 0x0000000707f00000, 0x0000000707f00000| Complete 
| 116|0x0000000708000000, 0x0000000708100000, 0x0000000708100000|100%| E|CS|TAMS 0x0000000708000000, 0x0000000708000000| Complete 
| 117|0x0000000708100000, 0x0000000708200000, 0x0000000708200000|100%| E|CS|TAMS 0x0000000708100000, 0x0000000708100000| Complete 
| 118|0x0000000708200000, 0x0000000708300000, 0x0000000708300000|100%| E|CS|TAMS 0x0000000708200000, 0x0000000708200000| Complete 
| 119|0x0000000708300000, 0x0000000708400000, 0x0000000708400000|100%| E|CS|TAMS 0x0000000708300000, 0x0000000708300000| Complete 
| 120|0x0000000708400000, 0x0000000708500000, 0x0000000708500000|100%| E|CS|TAMS 0x0000000708400000, 0x0000000708400000| Complete 
| 121|0x0000000708500000, 0x0000000708600000, 0x0000000708600000|100%| E|CS|TAMS 0x0000000708500000, 0x0000000708500000| Complete 
| 122|0x0000000708600000, 0x0000000708700000, 0x0000000708700000|100%| E|CS|TAMS 0x0000000708600000, 0x0000000708600000| Complete 
| 123|0x0000000708700000, 0x0000000708800000, 0x0000000708800000|100%| E|CS|TAMS 0x0000000708700000, 0x0000000708700000| Complete 
| 124|0x0000000708800000, 0x0000000708900000, 0x0000000708900000|100%| E|CS|TAMS 0x0000000708800000, 0x0000000708800000| Complete 
| 125|0x0000000708900000, 0x0000000708a00000, 0x0000000708a00000|100%| E|CS|TAMS 0x0000000708900000, 0x0000000708900000| Complete 
| 126|0x0000000708a00000, 0x0000000708b00000, 0x0000000708b00000|100%| E|CS|TAMS 0x0000000708a00000, 0x0000000708a00000| Complete 
| 127|0x0000000708b00000, 0x0000000708c00000, 0x0000000708c00000|100%| E|CS|TAMS 0x0000000708b00000, 0x0000000708b00000| Complete 
| 128|0x0000000708c00000, 0x0000000708d00000, 0x0000000708d00000|100%| E|CS|TAMS 0x0000000708c00000, 0x0000000708c00000| Complete 
| 129|0x0000000708d00000, 0x0000000708e00000, 0x0000000708e00000|100%| E|CS|TAMS 0x0000000708d00000, 0x0000000708d00000| Complete 
| 130|0x0000000708e00000, 0x0000000708f00000, 0x0000000708f00000|100%| E|CS|TAMS 0x0000000708e00000, 0x0000000708e00000| Complete 
| 131|0x0000000708f00000, 0x0000000709000000, 0x0000000709000000|100%| E|CS|TAMS 0x0000000708f00000, 0x0000000708f00000| Complete 
| 132|0x0000000709000000, 0x0000000709100000, 0x0000000709100000|100%| E|CS|TAMS 0x0000000709000000, 0x0000000709000000| Complete 
| 133|0x0000000709100000, 0x0000000709200000, 0x0000000709200000|100%| E|CS|TAMS 0x0000000709100000, 0x0000000709100000| Complete 
| 134|0x0000000709200000, 0x0000000709300000, 0x0000000709300000|100%| E|CS|TAMS 0x0000000709200000, 0x0000000709200000| Complete 
| 135|0x0000000709300000, 0x0000000709400000, 0x0000000709400000|100%| E|CS|TAMS 0x0000000709300000, 0x0000000709300000| Complete 
| 136|0x0000000709400000, 0x0000000709500000, 0x0000000709500000|100%| E|CS|TAMS 0x0000000709400000, 0x0000000709400000| Complete 
| 137|0x0000000709500000, 0x0000000709600000, 0x0000000709600000|100%| E|CS|TAMS 0x0000000709500000, 0x0000000709500000| Complete 
| 138|0x0000000709600000, 0x0000000709700000, 0x0000000709700000|100%| E|CS|TAMS 0x0000000709600000, 0x0000000709600000| Complete 
| 139|0x0000000709700000, 0x0000000709800000, 0x0000000709800000|100%| E|CS|TAMS 0x0000000709700000, 0x0000000709700000| Complete 
| 140|0x0000000709800000, 0x0000000709900000, 0x0000000709900000|100%| E|CS|TAMS 0x0000000709800000, 0x0000000709800000| Complete 
| 141|0x0000000709900000, 0x0000000709a00000, 0x0000000709a00000|100%| E|CS|TAMS 0x0000000709900000, 0x0000000709900000| Complete 
| 142|0x0000000709a00000, 0x0000000709b00000, 0x0000000709b00000|100%| E|CS|TAMS 0x0000000709a00000, 0x0000000709a00000| Complete 
| 143|0x0000000709b00000, 0x0000000709c00000, 0x0000000709c00000|100%| E|CS|TAMS 0x0000000709b00000, 0x0000000709b00000| Complete 
| 144|0x0000000709c00000, 0x0000000709d00000, 0x0000000709d00000|100%| E|CS|TAMS 0x0000000709c00000, 0x0000000709c00000| Complete 
| 145|0x0000000709d00000, 0x0000000709e00000, 0x0000000709e00000|100%| E|CS|TAMS 0x0000000709d00000, 0x0000000709d00000| Complete 
| 146|0x0000000709e00000, 0x0000000709f00000, 0x0000000709f00000|100%| E|CS|TAMS 0x0000000709e00000, 0x0000000709e00000| Complete 
| 147|0x0000000709f00000, 0x000000070a000000, 0x000000070a000000|100%| E|CS|TAMS 0x0000000709f00000, 0x0000000709f00000| Complete 
| 148|0x000000070a000000, 0x000000070a100000, 0x000000070a100000|100%| E|CS|TAMS 0x000000070a000000, 0x000000070a000000| Complete 
| 149|0x000000070a100000, 0x000000070a200000, 0x000000070a200000|100%| E|CS|TAMS 0x000000070a100000, 0x000000070a100000| Complete 
| 150|0x000000070a200000, 0x000000070a300000, 0x000000070a300000|100%| E|CS|TAMS 0x000000070a200000, 0x000000070a200000| Complete 
| 151|0x000000070a300000, 0x000000070a400000, 0x000000070a400000|100%| E|CS|TAMS 0x000000070a300000, 0x000000070a300000| Complete 
| 152|0x000000070a400000, 0x000000070a500000, 0x000000070a500000|100%| E|CS|TAMS 0x000000070a400000, 0x000000070a400000| Complete 
| 153|0x000000070a500000, 0x000000070a600000, 0x000000070a600000|100%| E|CS|TAMS 0x000000070a500000, 0x000000070a500000| Complete 
| 154|0x000000070a600000, 0x000000070a700000, 0x000000070a700000|100%| E|CS|TAMS 0x000000070a600000, 0x000000070a600000| Complete 
| 155|0x000000070a700000, 0x000000070a800000, 0x000000070a800000|100%| E|CS|TAMS 0x000000070a700000, 0x000000070a700000| Complete 
| 156|0x000000070a800000, 0x000000070a900000, 0x000000070a900000|100%| E|CS|TAMS 0x000000070a800000, 0x000000070a800000| Complete 
| 157|0x000000070a900000, 0x000000070aa00000, 0x000000070aa00000|100%| E|CS|TAMS 0x000000070a900000, 0x000000070a900000| Complete 
| 158|0x000000070aa00000, 0x000000070ab00000, 0x000000070ab00000|100%| E|CS|TAMS 0x000000070aa00000, 0x000000070aa00000| Complete 
| 159|0x000000070ab00000, 0x000000070ac00000, 0x000000070ac00000|100%| E|CS|TAMS 0x000000070ab00000, 0x000000070ab00000| Complete 
| 160|0x000000070ac00000, 0x000000070ad00000, 0x000000070ad00000|100%| E|CS|TAMS 0x000000070ac00000, 0x000000070ac00000| Complete 
| 161|0x000000070ad00000, 0x000000070ae00000, 0x000000070ae00000|100%| E|CS|TAMS 0x000000070ad00000, 0x000000070ad00000| Complete 
| 162|0x000000070ae00000, 0x000000070af00000, 0x000000070af00000|100%| E|CS|TAMS 0x000000070ae00000, 0x000000070ae00000| Complete 
| 163|0x000000070af00000, 0x000000070b000000, 0x000000070b000000|100%| E|CS|TAMS 0x000000070af00000, 0x000000070af00000| Complete 
| 164|0x000000070b000000, 0x000000070b100000, 0x000000070b100000|100%| E|CS|TAMS 0x000000070b000000, 0x000000070b000000| Complete 
| 165|0x000000070b100000, 0x000000070b200000, 0x000000070b200000|100%| E|CS|TAMS 0x000000070b100000, 0x000000070b100000| Complete 
| 166|0x000000070b200000, 0x000000070b300000, 0x000000070b300000|100%| E|CS|TAMS 0x000000070b200000, 0x000000070b200000| Complete 
| 167|0x000000070b300000, 0x000000070b400000, 0x000000070b400000|100%| E|CS|TAMS 0x000000070b300000, 0x000000070b300000| Complete 
| 168|0x000000070b400000, 0x000000070b500000, 0x000000070b500000|100%| E|CS|TAMS 0x000000070b400000, 0x000000070b400000| Complete 
| 169|0x000000070b500000, 0x000000070b600000, 0x000000070b600000|100%| E|CS|TAMS 0x000000070b500000, 0x000000070b500000| Complete 
| 170|0x000000070b600000, 0x000000070b700000, 0x000000070b700000|100%| E|CS|TAMS 0x000000070b600000, 0x000000070b600000| Complete 
| 171|0x000000070b700000, 0x000000070b800000, 0x000000070b800000|100%| E|CS|TAMS 0x000000070b700000, 0x000000070b700000| Complete 
| 172|0x000000070b800000, 0x000000070b900000, 0x000000070b900000|100%| E|CS|TAMS 0x000000070b800000, 0x000000070b800000| Complete 
| 173|0x000000070b900000, 0x000000070ba00000, 0x000000070ba00000|100%| E|CS|TAMS 0x000000070b900000, 0x000000070b900000| Complete 
| 174|0x000000070ba00000, 0x000000070bb00000, 0x000000070bb00000|100%| E|CS|TAMS 0x000000070ba00000, 0x000000070ba00000| Complete 
| 175|0x000000070bb00000, 0x000000070bc00000, 0x000000070bc00000|100%| E|CS|TAMS 0x000000070bb00000, 0x000000070bb00000| Complete 
| 176|0x000000070bc00000, 0x000000070bd00000, 0x000000070bd00000|100%| E|CS|TAMS 0x000000070bc00000, 0x000000070bc00000| Complete 
| 177|0x000000070bd00000, 0x000000070be00000, 0x000000070be00000|100%| E|CS|TAMS 0x000000070bd00000, 0x000000070bd00000| Complete 
| 178|0x000000070be00000, 0x000000070bf00000, 0x000000070bf00000|100%| E|CS|TAMS 0x000000070be00000, 0x000000070be00000| Complete 
| 179|0x000000070bf00000, 0x000000070c000000, 0x000000070c000000|100%| E|CS|TAMS 0x000000070bf00000, 0x000000070bf00000| Complete 
| 180|0x000000070c000000, 0x000000070c100000, 0x000000070c100000|100%| E|CS|TAMS 0x000000070c000000, 0x000000070c000000| Complete 
| 181|0x000000070c100000, 0x000000070c200000, 0x000000070c200000|100%| E|CS|TAMS 0x000000070c100000, 0x000000070c100000| Complete 
| 182|0x000000070c200000, 0x000000070c300000, 0x000000070c300000|100%| E|CS|TAMS 0x000000070c200000, 0x000000070c200000| Complete 
| 183|0x000000070c300000, 0x000000070c400000, 0x000000070c400000|100%| E|CS|TAMS 0x000000070c300000, 0x000000070c300000| Complete 
| 184|0x000000070c400000, 0x000000070c500000, 0x000000070c500000|100%| E|CS|TAMS 0x000000070c400000, 0x000000070c400000| Complete 
| 185|0x000000070c500000, 0x000000070c600000, 0x000000070c600000|100%| E|CS|TAMS 0x000000070c500000, 0x000000070c500000| Complete 
| 186|0x000000070c600000, 0x000000070c700000, 0x000000070c700000|100%| E|CS|TAMS 0x000000070c600000, 0x000000070c600000| Complete 
| 187|0x000000070c700000, 0x000000070c800000, 0x000000070c800000|100%| E|CS|TAMS 0x000000070c700000, 0x000000070c700000| Complete 
| 188|0x000000070c800000, 0x000000070c900000, 0x000000070c900000|100%| E|CS|TAMS 0x000000070c800000, 0x000000070c800000| Complete 
| 189|0x000000070c900000, 0x000000070ca00000, 0x000000070ca00000|100%| E|CS|TAMS 0x000000070c900000, 0x000000070c900000| Complete 
| 190|0x000000070ca00000, 0x000000070cb00000, 0x000000070cb00000|100%| E|CS|TAMS 0x000000070ca00000, 0x000000070ca00000| Complete 
| 191|0x000000070cb00000, 0x000000070cc00000, 0x000000070cc00000|100%| E|CS|TAMS 0x000000070cb00000, 0x000000070cb00000| Complete 
| 192|0x000000070cc00000, 0x000000070cd00000, 0x000000070cd00000|100%| E|CS|TAMS 0x000000070cc00000, 0x000000070cc00000| Complete 
| 193|0x000000070cd00000, 0x000000070ce00000, 0x000000070ce00000|100%| E|CS|TAMS 0x000000070cd00000, 0x000000070cd00000| Complete 
| 194|0x000000070ce00000, 0x000000070cf00000, 0x000000070cf00000|100%| E|CS|TAMS 0x000000070ce00000, 0x000000070ce00000| Complete 
| 195|0x000000070cf00000, 0x000000070d000000, 0x000000070d000000|100%| E|CS|TAMS 0x000000070cf00000, 0x000000070cf00000| Complete 
| 196|0x000000070d000000, 0x000000070d100000, 0x000000070d100000|100%| E|CS|TAMS 0x000000070d000000, 0x000000070d000000| Complete 
| 197|0x000000070d100000, 0x000000070d200000, 0x000000070d200000|100%| E|CS|TAMS 0x000000070d100000, 0x000000070d100000| Complete 
| 198|0x000000070d200000, 0x000000070d300000, 0x000000070d300000|100%| E|CS|TAMS 0x000000070d200000, 0x000000070d200000| Complete 
| 199|0x000000070d300000, 0x000000070d400000, 0x000000070d400000|100%| E|CS|TAMS 0x000000070d300000, 0x000000070d300000| Complete 
| 200|0x000000070d400000, 0x000000070d500000, 0x000000070d500000|100%| E|CS|TAMS 0x000000070d400000, 0x000000070d400000| Complete 
| 201|0x000000070d500000, 0x000000070d600000, 0x000000070d600000|100%| E|CS|TAMS 0x000000070d500000, 0x000000070d500000| Complete 
| 202|0x000000070d600000, 0x000000070d700000, 0x000000070d700000|100%| E|CS|TAMS 0x000000070d600000, 0x000000070d600000| Complete 
| 203|0x000000070d700000, 0x000000070d800000, 0x000000070d800000|100%| E|CS|TAMS 0x000000070d700000, 0x000000070d700000| Complete 
| 204|0x000000070d800000, 0x000000070d900000, 0x000000070d900000|100%| E|CS|TAMS 0x000000070d800000, 0x000000070d800000| Complete 
| 205|0x000000070d900000, 0x000000070da00000, 0x000000070da00000|100%| E|CS|TAMS 0x000000070d900000, 0x000000070d900000| Complete 
| 206|0x000000070da00000, 0x000000070db00000, 0x000000070db00000|100%| E|CS|TAMS 0x000000070da00000, 0x000000070da00000| Complete 
| 207|0x000000070db00000, 0x000000070dc00000, 0x000000070dc00000|100%| E|CS|TAMS 0x000000070db00000, 0x000000070db00000| Complete 
| 208|0x000000070dc00000, 0x000000070dd00000, 0x000000070dd00000|100%| E|CS|TAMS 0x000000070dc00000, 0x000000070dc00000| Complete 
| 209|0x000000070dd00000, 0x000000070de00000, 0x000000070de00000|100%| E|CS|TAMS 0x000000070dd00000, 0x000000070dd00000| Complete 
| 210|0x000000070de00000, 0x000000070df00000, 0x000000070df00000|100%| E|CS|TAMS 0x000000070de00000, 0x000000070de00000| Complete 
| 211|0x000000070df00000, 0x000000070e000000, 0x000000070e000000|100%| E|CS|TAMS 0x000000070df00000, 0x000000070df00000| Complete 
| 212|0x000000070e000000, 0x000000070e100000, 0x000000070e100000|100%| E|CS|TAMS 0x000000070e000000, 0x000000070e000000| Complete 
| 213|0x000000070e100000, 0x000000070e200000, 0x000000070e200000|100%| E|CS|TAMS 0x000000070e100000, 0x000000070e100000| Complete 
| 214|0x000000070e200000, 0x000000070e300000, 0x000000070e300000|100%| E|CS|TAMS 0x000000070e200000, 0x000000070e200000| Complete 
| 215|0x000000070e300000, 0x000000070e400000, 0x000000070e400000|100%| E|CS|TAMS 0x000000070e300000, 0x000000070e300000| Complete 
| 216|0x000000070e400000, 0x000000070e500000, 0x000000070e500000|100%| E|CS|TAMS 0x000000070e400000, 0x000000070e400000| Complete 
| 217|0x000000070e500000, 0x000000070e600000, 0x000000070e600000|100%| E|CS|TAMS 0x000000070e500000, 0x000000070e500000| Complete 
| 218|0x000000070e600000, 0x000000070e700000, 0x000000070e700000|100%| E|CS|TAMS 0x000000070e600000, 0x000000070e600000| Complete 
| 219|0x000000070e700000, 0x000000070e800000, 0x000000070e800000|100%| E|CS|TAMS 0x000000070e700000, 0x000000070e700000| Complete 
| 220|0x000000070e800000, 0x000000070e900000, 0x000000070e900000|100%| E|CS|TAMS 0x000000070e800000, 0x000000070e800000| Complete 
| 221|0x000000070e900000, 0x000000070ea00000, 0x000000070ea00000|100%| E|CS|TAMS 0x000000070e900000, 0x000000070e900000| Complete 
| 222|0x000000070ea00000, 0x000000070eb00000, 0x000000070eb00000|100%| E|CS|TAMS 0x000000070ea00000, 0x000000070ea00000| Complete 
| 223|0x000000070eb00000, 0x000000070ec00000, 0x000000070ec00000|100%| E|CS|TAMS 0x000000070eb00000, 0x000000070eb00000| Complete 
| 224|0x000000070ec00000, 0x000000070ed00000, 0x000000070ed00000|100%| E|CS|TAMS 0x000000070ec00000, 0x000000070ec00000| Complete 
| 225|0x000000070ed00000, 0x000000070ee00000, 0x000000070ee00000|100%| E|CS|TAMS 0x000000070ed00000, 0x000000070ed00000| Complete 
| 226|0x000000070ee00000, 0x000000070ef00000, 0x000000070ef00000|100%| E|CS|TAMS 0x000000070ee00000, 0x000000070ee00000| Complete 
| 227|0x000000070ef00000, 0x000000070f000000, 0x000000070f000000|100%| E|CS|TAMS 0x000000070ef00000, 0x000000070ef00000| Complete 
| 228|0x000000070f000000, 0x000000070f100000, 0x000000070f100000|100%| E|CS|TAMS 0x000000070f000000, 0x000000070f000000| Complete 
| 229|0x000000070f100000, 0x000000070f200000, 0x000000070f200000|100%| E|CS|TAMS 0x000000070f100000, 0x000000070f100000| Complete 
| 230|0x000000070f200000, 0x000000070f300000, 0x000000070f300000|100%| E|CS|TAMS 0x000000070f200000, 0x000000070f200000| Complete 
| 231|0x000000070f300000, 0x000000070f400000, 0x000000070f400000|100%| E|CS|TAMS 0x000000070f300000, 0x000000070f300000| Complete 
| 232|0x000000070f400000, 0x000000070f500000, 0x000000070f500000|100%| E|CS|TAMS 0x000000070f400000, 0x000000070f400000| Complete 
| 233|0x000000070f500000, 0x000000070f600000, 0x000000070f600000|100%| E|CS|TAMS 0x000000070f500000, 0x000000070f500000| Complete 
| 234|0x000000070f600000, 0x000000070f700000, 0x000000070f700000|100%| E|CS|TAMS 0x000000070f600000, 0x000000070f600000| Complete 
| 235|0x000000070f700000, 0x000000070f800000, 0x000000070f800000|100%| E|CS|TAMS 0x000000070f700000, 0x000000070f700000| Complete 
| 236|0x000000070f800000, 0x000000070f900000, 0x000000070f900000|100%| E|CS|TAMS 0x000000070f800000, 0x000000070f800000| Complete 
| 237|0x000000070f900000, 0x000000070fa00000, 0x000000070fa00000|100%| E|CS|TAMS 0x000000070f900000, 0x000000070f900000| Complete 
| 238|0x000000070fa00000, 0x000000070fb00000, 0x000000070fb00000|100%| E|CS|TAMS 0x000000070fa00000, 0x000000070fa00000| Complete 
| 239|0x000000070fb00000, 0x000000070fc00000, 0x000000070fc00000|100%| E|CS|TAMS 0x000000070fb00000, 0x000000070fb00000| Complete 
| 240|0x000000070fc00000, 0x000000070fd00000, 0x000000070fd00000|100%| E|CS|TAMS 0x000000070fc00000, 0x000000070fc00000| Complete 
| 241|0x000000070fd00000, 0x000000070fe00000, 0x000000070fe00000|100%| E|CS|TAMS 0x000000070fd00000, 0x000000070fd00000| Complete 
| 242|0x000000070fe00000, 0x000000070ff00000, 0x000000070ff00000|100%| E|CS|TAMS 0x000000070fe00000, 0x000000070fe00000| Complete 
| 243|0x000000070ff00000, 0x0000000710000000, 0x0000000710000000|100%| E|CS|TAMS 0x000000070ff00000, 0x000000070ff00000| Complete 
| 244|0x0000000710000000, 0x0000000710100000, 0x0000000710100000|100%| E|CS|TAMS 0x0000000710000000, 0x0000000710000000| Complete 
| 245|0x0000000710100000, 0x0000000710200000, 0x0000000710200000|100%| E|CS|TAMS 0x0000000710100000, 0x0000000710100000| Complete 
| 246|0x0000000710200000, 0x0000000710300000, 0x0000000710300000|100%| E|CS|TAMS 0x0000000710200000, 0x0000000710200000| Complete 
| 247|0x0000000710300000, 0x0000000710400000, 0x0000000710400000|100%| E|CS|TAMS 0x0000000710300000, 0x0000000710300000| Complete 
| 248|0x0000000710400000, 0x0000000710500000, 0x0000000710500000|100%| E|CS|TAMS 0x0000000710400000, 0x0000000710400000| Complete 
| 249|0x0000000710500000, 0x0000000710600000, 0x0000000710600000|100%| E|CS|TAMS 0x0000000710500000, 0x0000000710500000| Complete 
| 250|0x0000000710600000, 0x0000000710700000, 0x0000000710700000|100%| E|CS|TAMS 0x0000000710600000, 0x0000000710600000| Complete 
| 251|0x0000000710700000, 0x0000000710800000, 0x0000000710800000|100%| E|CS|TAMS 0x0000000710700000, 0x0000000710700000| Complete 
| 252|0x0000000710800000, 0x0000000710900000, 0x0000000710900000|100%| E|CS|TAMS 0x0000000710800000, 0x0000000710800000| Complete 
| 253|0x0000000710900000, 0x0000000710a00000, 0x0000000710a00000|100%| E|CS|TAMS 0x0000000710900000, 0x0000000710900000| Complete 
| 254|0x0000000710a00000, 0x0000000710b00000, 0x0000000710b00000|100%| E|CS|TAMS 0x0000000710a00000, 0x0000000710a00000| Complete 
| 255|0x0000000710b00000, 0x0000000710c00000, 0x0000000710c00000|100%| E|CS|TAMS 0x0000000710b00000, 0x0000000710b00000| Complete 

Card table byte_map: [0x000001d57b620000,0x000001d57be20000] _byte_map_base: 0x000001d577e1a000

Marking Bits (Prev, Next): (CMBitMap*) 0x000001d56301b518, (CMBitMap*) 0x000001d56301b558
 Prev Bits: [0x000001d500000000, 0x000001d503fd0000)
 Next Bits: [0x000001d503fd0000, 0x000001d507fa0000)

Polling page: 0x000001d560f10000

Metaspace:

Usage:
  Non-class:      6.57 MB capacity,     4.14 MB ( 63%) used,     2.42 MB ( 37%) free+waste,     5.44 KB ( <1%) overhead. 
      Class:    703.00 KB capacity,   375.15 KB ( 53%) used,   325.54 KB ( 46%) free+waste,     2.31 KB ( <1%) overhead. 
       Both:      7.25 MB capacity,     4.51 MB ( 62%) used,     2.74 MB ( 38%) free+waste,     7.75 KB ( <1%) overhead. 

Virtual space:
  Non-class space:        8.00 MB reserved,       6.75 MB ( 84%) committed 
      Class space:        1.00 GB reserved,     768.00 KB ( <1%) committed 
             Both:        1.01 GB reserved,       7.50 MB ( <1%) committed 

Chunk freelists:
   Non-Class:  1.00 KB
       Class:  1.00 KB
        Both:  2.00 KB

MaxMetaspaceSize: 17179869184.00 GB
CompressedClassSpaceSize: 1.00 GB

CodeHeap 'non-profiled nmethods': size=119168Kb used=1102Kb max_used=1102Kb free=118066Kb
 bounds [0x000001d573030000, 0x000001d5732a0000, 0x000001d57a490000]
CodeHeap 'profiled nmethods': size=119168Kb used=3270Kb max_used=3270Kb free=115897Kb
 bounds [0x000001d56bbd0000, 0x000001d56bf10000, 0x000001d573030000]
CodeHeap 'non-nmethods': size=7424Kb used=1212Kb max_used=1787Kb free=6211Kb
 bounds [0x000001d56b490000, 0x000001d56b700000, 0x000001d56bbd0000]
 total_blobs=2588 nmethods=1307 adapters=387
 compilation: enabled
              stopped_count=0, restarted_count=0
 full_count=0

Compilation events (20 events):
Event: 10.355 Thread 0x000001d57f108800 1294       3       org.bytedeco.javacpp.Pointer$DeallocatorReference::clear (60 bytes)
Event: 10.356 Thread 0x000001d57f108800 nmethod 1294 0x000001d56beffb90 code [0x000001d56beffe40, 0x000001d56bf00d00]
Event: 10.356 Thread 0x000001d57f108800 1295       3       org.bytedeco.javacpp.Pointer::access$100 (4 bytes)
Event: 10.356 Thread 0x000001d57f108800 nmethod 1295 0x000001d56bf01110 code [0x000001d56bf012a0, 0x000001d56bf013f8]
Event: 10.356 Thread 0x000001d57f108800 1296       3       org.bytedeco.javacpp.Pointer$NativeDeallocator::deallocate (41 bytes)
Event: 10.356 Thread 0x000001d57f108800 nmethod 1296 0x000001d56bf01490 code [0x000001d56bf01640, 0x000001d56bf018d0]
Event: 10.500 Thread 0x000001d57f103800 1301   !   4       java.util.jar.JarFile::isMultiRelease (33 bytes)
Event: 10.501 Thread 0x000001d57f103800 nmethod 1301 0x000001d573140110 code [0x000001d5731402a0, 0x000001d573140388]
Event: 10.785 Thread 0x000001d57f103800 1302       4       java.io.File::equals (30 bytes)
Event: 10.788 Thread 0x000001d57f103800 nmethod 1302 0x000001d573140410 code [0x000001d5731405a0, 0x000001d573140898]
Event: 10.799 Thread 0x000001d57f103800 1303       4       java.io.File::getParentFile (24 bytes)
Event: 10.800 Thread 0x000001d57f108800 1304       1       java.lang.Class::getAnnotationType (5 bytes)
Event: 10.800 Thread 0x000001d57f108800 nmethod 1304 0x000001d573140b90 code [0x000001d573140d20, 0x000001d573140e58]
Event: 10.807 Thread 0x000001d57f103800 nmethod 1303 0x000001d573140f10 code [0x000001d5731410c0, 0x000001d573141858]
Event: 11.137 Thread 0x000001d57f103800 1305   !   4       sun.net.www.ParseUtil::decode (316 bytes)
Event: 11.140 Thread 0x000001d57f103800 nmethod 1305 0x000001d573141c10 code [0x000001d573141da0, 0x000001d573141fb8]
Event: 11.183 Thread 0x000001d57f103800 1306  s    4       java.util.Hashtable::get (69 bytes)
Event: 11.189 Thread 0x000001d57f103800 nmethod 1306 0x000001d573142210 code [0x000001d5731423c0, 0x000001d573142d78]
Event: 11.206 Thread 0x000001d57f103800 1307       4       java.net.URI$Parser::checkChars (44 bytes)
Event: 11.208 Thread 0x000001d57f103800 nmethod 1307 0x000001d573143110 code [0x000001d5731432a0, 0x000001d5731434e8]

GC Heap History (20 events):
Event: 10.100 GC heap before
{Heap before GC invocations=77 (full 0):
 garbage-first heap   total 262144K, used 160015K [0x0000000700c00000, 0x0000000800000000)
  region size 1024K, 153 young (156672K), 1 survivors (1024K)
 Metaspace       used 4591K, capacity 7426K, committed 7680K, reserved 1056768K
  class space    used 375K, capacity 703K, committed 768K, reserved 1048576K
}
Event: 10.100 GC heap after
{Heap after GC invocations=78 (full 0):
 garbage-first heap   total 262144K, used 4365K [0x0000000700c00000, 0x0000000800000000)
  region size 1024K, 1 young (1024K), 1 survivors (1024K)
 Metaspace       used 4591K, capacity 7426K, committed 7680K, reserved 1056768K
  class space    used 375K, capacity 703K, committed 768K, reserved 1048576K
}
Event: 10.216 GC heap before
{Heap before GC invocations=78 (full 0):
 garbage-first heap   total 262144K, used 160013K [0x0000000700c00000, 0x0000000800000000)
  region size 1024K, 153 young (156672K), 1 survivors (1024K)
 Metaspace       used 4591K, capacity 7426K, committed 7680K, reserved 1056768K
  class space    used 375K, capacity 703K, committed 768K, reserved 1048576K
}
Event: 10.217 GC heap after
{Heap after GC invocations=79 (full 0):
 garbage-first heap   total 262144K, used 4377K [0x0000000700c00000, 0x0000000800000000)
  region size 1024K, 1 young (1024K), 1 survivors (1024K)
 Metaspace       used 4591K, capacity 7426K, committed 7680K, reserved 1056768K
  class space    used 375K, capacity 703K, committed 768K, reserved 1048576K
}
Event: 10.353 GC heap before
{Heap before GC invocations=79 (full 0):
 garbage-first heap   total 262144K, used 160025K [0x0000000700c00000, 0x0000000800000000)
  region size 1024K, 153 young (156672K), 1 survivors (1024K)
 Metaspace       used 4609K, capacity 7426K, committed 7680K, reserved 1056768K
  class space    used 375K, capacity 703K, committed 768K, reserved 1048576K
}
Event: 10.354 GC heap after
{Heap after GC invocations=80 (full 0):
 garbage-first heap   total 262144K, used 4417K [0x0000000700c00000, 0x0000000800000000)
  region size 1024K, 1 young (1024K), 1 survivors (1024K)
 Metaspace       used 4609K, capacity 7426K, committed 7680K, reserved 1056768K
  class space    used 375K, capacity 703K, committed 768K, reserved 1048576K
}
Event: 10.476 GC heap before
{Heap before GC invocations=80 (full 0):
 garbage-first heap   total 262144K, used 160065K [0x0000000700c00000, 0x0000000800000000)
  region size 1024K, 153 young (156672K), 1 survivors (1024K)
 Metaspace       used 4614K, capacity 7426K, committed 7680K, reserved 1056768K
  class space    used 375K, capacity 703K, committed 768K, reserved 1048576K
}
Event: 10.476 GC heap after
{Heap after GC invocations=81 (full 0):
 garbage-first heap   total 262144K, used 4379K [0x0000000700c00000, 0x0000000800000000)
  region size 1024K, 1 young (1024K), 1 survivors (1024K)
 Metaspace       used 4614K, capacity 7426K, committed 7680K, reserved 1056768K
  class space    used 375K, capacity 703K, committed 768K, reserved 1048576K
}
Event: 10.588 GC heap before
{Heap before GC invocations=81 (full 0):
 garbage-first heap   total 262144K, used 160027K [0x0000000700c00000, 0x0000000800000000)
  region size 1024K, 153 young (156672K), 1 survivors (1024K)
 Metaspace       used 4614K, capacity 7426K, committed 7680K, reserved 1056768K
  class space    used 375K, capacity 703K, committed 768K, reserved 1048576K
}
Event: 10.588 GC heap after
{Heap after GC invocations=82 (full 0):
 garbage-first heap   total 262144K, used 4380K [0x0000000700c00000, 0x0000000800000000)
  region size 1024K, 1 young (1024K), 1 survivors (1024K)
 Metaspace       used 4614K, capacity 7426K, committed 7680K, reserved 1056768K
  class space    used 375K, capacity 703K, committed 768K, reserved 1048576K
}
Event: 10.699 GC heap before
{Heap before GC invocations=82 (full 0):
 garbage-first heap   total 262144K, used 160028K [0x0000000700c00000, 0x0000000800000000)
  region size 1024K, 153 young (156672K), 1 survivors (1024K)
 Metaspace       used 4614K, capacity 7426K, committed 7680K, reserved 1056768K
  class space    used 375K, capacity 703K, committed 768K, reserved 1048576K
}
Event: 10.699 GC heap after
{Heap after GC invocations=83 (full 0):
 garbage-first heap   total 262144K, used 4383K [0x0000000700c00000, 0x0000000800000000)
  region size 1024K, 1 young (1024K), 1 survivors (1024K)
 Metaspace       used 4614K, capacity 7426K, committed 7680K, reserved 1056768K
  class space    used 375K, capacity 703K, committed 768K, reserved 1048576K
}
Event: 10.818 GC heap before
{Heap before GC invocations=83 (full 0):
 garbage-first heap   total 262144K, used 160031K [0x0000000700c00000, 0x0000000800000000)
  region size 1024K, 153 young (156672K), 1 survivors (1024K)
 Metaspace       used 4614K, capacity 7426K, committed 7680K, reserved 1056768K
  class space    used 375K, capacity 703K, committed 768K, reserved 1048576K
}
Event: 10.819 GC heap after
{Heap after GC invocations=84 (full 0):
 garbage-first heap   total 262144K, used 4390K [0x0000000700c00000, 0x0000000800000000)
  region size 1024K, 1 young (1024K), 1 survivors (1024K)
 Metaspace       used 4614K, capacity 7426K, committed 7680K, reserved 1056768K
  class space    used 375K, capacity 703K, committed 768K, reserved 1048576K
}
Event: 10.940 GC heap before
{Heap before GC invocations=84 (full 0):
 garbage-first heap   total 262144K, used 160038K [0x0000000700c00000, 0x0000000800000000)
  region size 1024K, 153 young (156672K), 1 survivors (1024K)
 Metaspace       used 4614K, capacity 7426K, committed 7680K, reserved 1056768K
  class space    used 375K, capacity 703K, committed 768K, reserved 1048576K
}
Event: 10.940 GC heap after
{Heap after GC invocations=85 (full 0):
 garbage-first heap   total 262144K, used 4389K [0x0000000700c00000, 0x0000000800000000)
  region size 1024K, 1 young (1024K), 1 survivors (1024K)
 Metaspace       used 4614K, capacity 7426K, committed 7680K, reserved 1056768K
  class space    used 375K, capacity 703K, committed 768K, reserved 1048576K
}
Event: 11.052 GC heap before
{Heap before GC invocations=85 (full 0):
 garbage-first heap   total 262144K, used 160037K [0x0000000700c00000, 0x0000000800000000)
  region size 1024K, 153 young (156672K), 1 survivors (1024K)
 Metaspace       used 4614K, capacity 7426K, committed 7680K, reserved 1056768K
  class space    used 375K, capacity 703K, committed 768K, reserved 1048576K
}
Event: 11.052 GC heap after
{Heap after GC invocations=86 (full 0):
 garbage-first heap   total 262144K, used 4390K [0x0000000700c00000, 0x0000000800000000)
  region size 1024K, 1 young (1024K), 1 survivors (1024K)
 Metaspace       used 4614K, capacity 7426K, committed 7680K, reserved 1056768K
  class space    used 375K, capacity 703K, committed 768K, reserved 1048576K
}
Event: 11.163 GC heap before
{Heap before GC invocations=86 (full 0):
 garbage-first heap   total 262144K, used 160038K [0x0000000700c00000, 0x0000000800000000)
  region size 1024K, 153 young (156672K), 1 survivors (1024K)
 Metaspace       used 4614K, capacity 7426K, committed 7680K, reserved 1056768K
  class space    used 375K, capacity 703K, committed 768K, reserved 1048576K
}
Event: 11.164 GC heap after
{Heap after GC invocations=87 (full 0):
 garbage-first heap   total 262144K, used 4393K [0x0000000700c00000, 0x0000000800000000)
  region size 1024K, 1 young (1024K), 1 survivors (1024K)
 Metaspace       used 4614K, capacity 7426K, committed 7680K, reserved 1056768K
  class space    used 375K, capacity 703K, committed 768K, reserved 1048576K
}

Deoptimization events (20 events):
Event: 4.452 Thread 0x000001d562fae000 Uncommon trap: trap_request=0xffffff45 fr.pc=0x000001d573060510 relative=0x0000000000000650
Event: 4.452 Thread 0x000001d562fae000 Uncommon trap: reason=unstable_if action=reinterpret pc=0x000001d573060510 method=java.lang.Integer.getChars(II[B)I @ 25 c2
Event: 4.452 Thread 0x000001d562fae000 DEOPT PACKING pc=0x000001d573060510 sp=0x000000a281dfed90
Event: 4.452 Thread 0x000001d562fae000 DEOPT UNPACKING pc=0x000001d56b4d912f sp=0x000000a281dfec80 mode 2
Event: 4.452 Thread 0x000001d562fae000 Uncommon trap: trap_request=0xffffff45 fr.pc=0x000001d57305614c relative=0x000000000000060c
Event: 4.452 Thread 0x000001d562fae000 Uncommon trap: reason=unstable_if action=reinterpret pc=0x000001d57305614c method=java.lang.Integer.getChars(II[B)I @ 25 c2
Event: 4.452 Thread 0x000001d562fae000 DEOPT PACKING pc=0x000001d57305614c sp=0x000000a281dfed30
Event: 4.452 Thread 0x000001d562fae000 DEOPT UNPACKING pc=0x000001d56b4d912f sp=0x000000a281dfec88 mode 2
Event: 4.452 Thread 0x000001d562fae000 Uncommon trap: trap_request=0xffffffc6 fr.pc=0x000001d5730f26c8 relative=0x0000000000000288
Event: 4.452 Thread 0x000001d562fae000 Uncommon trap: reason=bimorphic_or_optimized_type_check action=maybe_recompile pc=0x000001d5730f26c8 method=java.nio.Buffer.<init>(IIII)V @ 33 c2
Event: 4.452 Thread 0x000001d562fae000 DEOPT PACKING pc=0x000001d5730f26c8 sp=0x000000a281dfe930
Event: 4.452 Thread 0x000001d562fae000 DEOPT UNPACKING pc=0x000001d56b4d912f sp=0x000000a281dfe8e8 mode 2
Event: 5.428 Thread 0x000001d562fae000 Uncommon trap: trap_request=0xffffffc6 fr.pc=0x000001d5730f26c8 relative=0x0000000000000288
Event: 5.428 Thread 0x000001d562fae000 Uncommon trap: reason=bimorphic_or_optimized_type_check action=maybe_recompile pc=0x000001d5730f26c8 method=java.nio.Buffer.<init>(IIII)V @ 33 c2
Event: 5.428 Thread 0x000001d562fae000 DEOPT PACKING pc=0x000001d5730f26c8 sp=0x000000a281dfe930
Event: 5.428 Thread 0x000001d562fae000 DEOPT UNPACKING pc=0x000001d56b4d912f sp=0x000000a281dfe8e8 mode 2
Event: 9.405 Thread 0x000001d562fae000 Uncommon trap: trap_request=0xffffff5c fr.pc=0x000001d57312a194 relative=0x0000000000000974
Event: 9.405 Thread 0x000001d562fae000 Uncommon trap: reason=speculate_null_check action=make_not_entrant pc=0x000001d57312a194 method=java.lang.ClassLoader.loadLibrary0(Ljava/lang/Class;Ljava/io/File;)Z @ 38 c2
Event: 9.405 Thread 0x000001d562fae000 DEOPT PACKING pc=0x000001d57312a194 sp=0x000000a281dfdd30
Event: 9.405 Thread 0x000001d562fae000 DEOPT UNPACKING pc=0x000001d56b4d912f sp=0x000000a281dfdd00 mode 2

Classes unloaded (0 events):
No events

Classes redefined (0 events):
No events

Internal exceptions (4 events):
Event: 0.223 Thread 0x000001d562fae000 Exception <a 'java/lang/NoSuchMethodError'{0x00000007101c4180}: 'int java.lang.invoke.DirectMethodHandle$Holder.invokeStaticInit(java.lang.Object, java.lang.Object, java.lang.Object, java.lang.Object)'> (0x00000007101c4180) 
thrown [t:/workspace/open/src/hotspot/share/interpreter/linkResolver.cpp, line 767]
Event: 0.224 Thread 0x000001d562fae000 Exception <a 'java/lang/IncompatibleClassChangeError'{0x00000007101cdf08}: Found class java.lang.Object, but interface was expected> (0x00000007101cdf08) 
thrown [t:/workspace/open/src/hotspot/share/interpreter/linkResolver.cpp, line 833]
Event: 0.225 Thread 0x000001d562fae000 Exception <a 'java/lang/NoSuchMethodError'{0x00000007101d0fc0}: 'void java.lang.invoke.DirectMethodHandle$Holder.invokeStaticInit(java.lang.Object, java.lang.Object)'> (0x00000007101d0fc0) 
thrown [t:/workspace/open/src/hotspot/share/interpreter/linkResolver.cpp, line 767]
Event: 0.226 Thread 0x000001d562fae000 Exception <a 'java/lang/NoSuchMethodError'{0x00000007101d6b28}: 'int java.lang.invoke.DirectMethodHandle$Holder.invokeStaticInit(java.lang.Object, java.lang.Object)'> (0x00000007101d6b28) 
thrown [t:/workspace/open/src/hotspot/share/interpreter/linkResolver.cpp, line 767]

Events (20 events):
Event: 10.310 Loaded shared library C:\Users\Salim\.javacpp\cache\opencv-4.0.1-1.5-windows-x86_64.jar\org\bytedeco\opencv\windows-x86_64\jniopencv_core.dll
Event: 10.312 Loaded shared library C:\Users\Salim\.javacpp\cache\opencv-4.0.1-1.5-windows-x86_64.jar\org\bytedeco\opencv\windows-x86_64\jniopencv_core.dll
Event: 10.314 Loaded shared library C:\Users\Salim\.javacpp\cache\opencv-4.0.1-1.5-windows-x86_64.jar\org\bytedeco\opencv\windows-x86_64\jniopencv_core.dll
Event: 10.317 Loaded shared library C:\Users\Salim\.javacpp\cache\opencv-4.0.1-1.5-windows-x86_64.jar\org\bytedeco\opencv\windows-x86_64\jniopencv_core.dll
Event: 10.353 Executing VM operation: G1CollectForAllocation
Event: 10.354 Executing VM operation: G1CollectForAllocation done
Event: 10.476 Executing VM operation: G1CollectForAllocation
Event: 10.476 Executing VM operation: G1CollectForAllocation done
Event: 10.588 Executing VM operation: G1CollectForAllocation
Event: 10.588 Executing VM operation: G1CollectForAllocation done
Event: 10.699 Executing VM operation: G1CollectForAllocation
Event: 10.699 Executing VM operation: G1CollectForAllocation done
Event: 10.818 Executing VM operation: G1CollectForAllocation
Event: 10.819 Executing VM operation: G1CollectForAllocation done
Event: 10.940 Executing VM operation: G1CollectForAllocation
Event: 10.940 Executing VM operation: G1CollectForAllocation done
Event: 11.052 Executing VM operation: G1CollectForAllocation
Event: 11.052 Executing VM operation: G1CollectForAllocation done
Event: 11.163 Executing VM operation: G1CollectForAllocation
Event: 11.164 Executing VM operation: G1CollectForAllocation done


Dynamic libraries:
0x00007ff671fe0000 - 0x00007ff671fef000 	C:\Program Files\Java\jdk-13\bin\java.exe
0x00007ffae78c0000 - 0x00007ffae7ab0000 	C:\WINDOWS\SYSTEM32\ntdll.dll
0x00007ffae5ff0000 - 0x00007ffae60a2000 	C:\WINDOWS\System32\KERNEL32.DLL
0x00007ffae54c0000 - 0x00007ffae5763000 	C:\WINDOWS\System32\KERNELBASE.dll
0x00007ffae4850000 - 0x00007ffae494a000 	C:\WINDOWS\System32\ucrtbase.dll
0x00007ffacf110000 - 0x00007ffacf128000 	C:\Program Files\Java\jdk-13\bin\jli.dll
0x00007ffae5b70000 - 0x00007ffae5c13000 	C:\WINDOWS\System32\ADVAPI32.dll
0x00007ffae10d0000 - 0x00007ffae10e5000 	C:\Program Files\Java\jdk-13\bin\VCRUNTIME140.dll
0x00007ffae7110000 - 0x00007ffae71ae000 	C:\WINDOWS\System32\msvcrt.dll
0x00007ffae74e0000 - 0x00007ffae7577000 	C:\WINDOWS\System32\sechost.dll
0x00007ffae72d0000 - 0x00007ffae73f0000 	C:\WINDOWS\System32\RPCRT4.dll
0x00007ffae6f60000 - 0x00007ffae70f4000 	C:\WINDOWS\System32\USER32.dll
0x00007ffacfb50000 - 0x00007ffacfdd5000 	C:\WINDOWS\WinSxS\amd64_microsoft.windows.common-controls_6595b64144ccf1df_6.0.18362.418_none_e6c6b287130d565d\COMCTL32.dll
0x00007ffae4950000 - 0x00007ffae4971000 	C:\WINDOWS\System32\win32u.dll
0x00007ffae6270000 - 0x00007ffae6296000 	C:\WINDOWS\System32\GDI32.dll
0x00007ffae5c20000 - 0x00007ffae5f56000 	C:\WINDOWS\System32\combase.dll
0x00007ffae5210000 - 0x00007ffae53a4000 	C:\WINDOWS\System32\gdi32full.dll
0x00007ffae57a0000 - 0x00007ffae5820000 	C:\WINDOWS\System32\bcryptPrimitives.dll
0x00007ffae49d0000 - 0x00007ffae4a6e000 	C:\WINDOWS\System32\msvcp_win.dll
0x00007ffae0a90000 - 0x00007ffae0a9a000 	C:\WINDOWS\SYSTEM32\VERSION.dll
0x00007ffae7850000 - 0x00007ffae787e000 	C:\WINDOWS\System32\IMM32.DLL
0x00007ffacade0000 - 0x00007ffacae7b000 	C:\Program Files\Java\jdk-13\bin\msvcp140.dll
0x00007ffaae210000 - 0x00007ffaaed76000 	C:\Program Files\Java\jdk-13\bin\server\jvm.dll
0x00007ffae60b0000 - 0x00007ffae60b8000 	C:\WINDOWS\System32\PSAPI.DLL
0x00007ffadd400000 - 0x00007ffadd424000 	C:\WINDOWS\SYSTEM32\WINMM.dll
0x00007ffacee90000 - 0x00007ffacee99000 	C:\WINDOWS\SYSTEM32\WSOCK32.dll
0x00007ffae73f0000 - 0x00007ffae745f000 	C:\WINDOWS\System32\WS2_32.dll
0x00007ffadd3d0000 - 0x00007ffadd3fd000 	C:\WINDOWS\SYSTEM32\winmmbase.dll
0x00007ffae4980000 - 0x00007ffae49ca000 	C:\WINDOWS\System32\cfgmgr32.dll
0x00007ffae47f0000 - 0x00007ffae4801000 	C:\WINDOWS\System32\kernel.appcore.dll
0x00007ffae0f40000 - 0x00007ffae0f50000 	C:\Program Files\Java\jdk-13\bin\verify.dll
0x00007ffadfb80000 - 0x00007ffadfd74000 	C:\WINDOWS\SYSTEM32\DBGHELP.DLL
0x00007ffadf640000 - 0x00007ffadf66a000 	C:\WINDOWS\SYSTEM32\dbgcore.DLL
0x00007ffadf330000 - 0x00007ffadf356000 	C:\Program Files\Java\jdk-13\bin\java.dll
0x00007ffae0f10000 - 0x00007ffae0f27000 	C:\Program Files\Java\jdk-13\bin\zip.dll
0x00007ffae0eb0000 - 0x00007ffae0eba000 	C:\Program Files\Java\jdk-13\bin\jimage.dll
0x00007ffae62a0000 - 0x00007ffae6985000 	C:\WINDOWS\System32\SHELL32.dll
0x00007ffae7220000 - 0x00007ffae72c9000 	C:\WINDOWS\System32\shcore.dll
0x00007ffae4a90000 - 0x00007ffae520f000 	C:\WINDOWS\System32\windows.storage.dll
0x00007ffae4810000 - 0x00007ffae482f000 	C:\WINDOWS\System32\profapi.dll
0x00007ffae47a0000 - 0x00007ffae47ea000 	C:\WINDOWS\System32\powrprof.dll
0x00007ffae4790000 - 0x00007ffae47a0000 	C:\WINDOWS\System32\UMPDC.dll
0x00007ffae7740000 - 0x00007ffae7792000 	C:\WINDOWS\System32\shlwapi.dll
0x00007ffae4a70000 - 0x00007ffae4a87000 	C:\WINDOWS\System32\cryptsp.dll
0x00007ffad9e90000 - 0x00007ffad9ea9000 	C:\Program Files\Java\jdk-13\bin\net.dll
0x00007ffadf4d0000 - 0x00007ffadf5c0000 	C:\WINDOWS\SYSTEM32\WINHTTP.dll
0x00007ffadd150000 - 0x00007ffadd326000 	C:\WINDOWS\SYSTEM32\urlmon.dll
0x00007ffad9fe0000 - 0x00007ffada286000 	C:\WINDOWS\SYSTEM32\iertutil.dll
0x00007ffae41d0000 - 0x00007ffae41dc000 	C:\WINDOWS\SYSTEM32\CRYPTBASE.DLL
0x00007ffae4000000 - 0x00007ffae4067000 	C:\WINDOWS\system32\mswsock.dll
0x00007ffad1840000 - 0x00007ffad1853000 	C:\Program Files\Java\jdk-13\bin\nio.dll
0x000001d50ac30000 - 0x000001d50ac33000 	C:\Users\Salim\.javacpp\cache\opencv-4.0.1-1.5-windows-x86_64.jar\org\bytedeco\opencv\windows-x86_64\api-ms-win-crt-locale-l1-1-0.dll
0x000001d50ac40000 - 0x000001d50ac44000 	C:\Users\Salim\.javacpp\cache\opencv-4.0.1-1.5-windows-x86_64.jar\org\bytedeco\opencv\windows-x86_64\api-ms-win-crt-string-l1-1-0.dll
0x000001d50ac50000 - 0x000001d50ac54000 	C:\Users\Salim\.javacpp\cache\opencv-4.0.1-1.5-windows-x86_64.jar\org\bytedeco\opencv\windows-x86_64\api-ms-win-crt-stdio-l1-1-0.dll
0x000001d50ac60000 - 0x000001d50ac65000 	C:\Users\Salim\.javacpp\cache\opencv-4.0.1-1.5-windows-x86_64.jar\org\bytedeco\opencv\windows-x86_64\api-ms-win-crt-math-l1-1-0.dll
0x000001d50ac70000 - 0x000001d50ac73000 	C:\Users\Salim\.javacpp\cache\opencv-4.0.1-1.5-windows-x86_64.jar\org\bytedeco\opencv\windows-x86_64\api-ms-win-crt-heap-l1-1-0.dll
0x000001d50ac80000 - 0x000001d50ac84000 	C:\Users\Salim\.javacpp\cache\opencv-4.0.1-1.5-windows-x86_64.jar\org\bytedeco\opencv\windows-x86_64\api-ms-win-crt-runtime-l1-1-0.dll
0x000001d50ac90000 - 0x000001d50ac94000 	C:\Users\Salim\.javacpp\cache\opencv-4.0.1-1.5-windows-x86_64.jar\org\bytedeco\opencv\windows-x86_64\api-ms-win-crt-convert-l1-1-0.dll
0x000001d50aca0000 - 0x000001d50aca3000 	C:\Users\Salim\.javacpp\cache\opencv-4.0.1-1.5-windows-x86_64.jar\org\bytedeco\opencv\windows-x86_64\api-ms-win-crt-environment-l1-1-0.dll
0x000001d50acb0000 - 0x000001d50acb3000 	C:\Users\Salim\.javacpp\cache\opencv-4.0.1-1.5-windows-x86_64.jar\org\bytedeco\opencv\windows-x86_64\api-ms-win-crt-time-l1-1-0.dll
0x000001d50acc0000 - 0x000001d50acc3000 	C:\Users\Salim\.javacpp\cache\opencv-4.0.1-1.5-windows-x86_64.jar\org\bytedeco\opencv\windows-x86_64\api-ms-win-crt-filesystem-l1-1-0.dll
0x000001d50acd0000 - 0x000001d50acd3000 	C:\Users\Salim\.javacpp\cache\opencv-4.0.1-1.5-windows-x86_64.jar\org\bytedeco\opencv\windows-x86_64\api-ms-win-crt-utility-l1-1-0.dll
0x000001d50ace0000 - 0x000001d50ace5000 	C:\Users\Salim\.javacpp\cache\opencv-4.0.1-1.5-windows-x86_64.jar\org\bytedeco\opencv\windows-x86_64\api-ms-win-crt-multibyte-l1-1-0.dll
0x000001d50acf0000 - 0x000001d50acf3000 	C:\Users\Salim\.javacpp\cache\opencv-4.0.1-1.5-windows-x86_64.jar\org\bytedeco\opencv\windows-x86_64\api-ms-win-core-string-l1-1-0.dll
0x000001d50ad00000 - 0x000001d50ad03000 	C:\Users\Salim\.javacpp\cache\opencv-4.0.1-1.5-windows-x86_64.jar\org\bytedeco\opencv\windows-x86_64\api-ms-win-core-errorhandling-l1-1-0.dll
0x000001d50ad10000 - 0x000001d50ad13000 	C:\Users\Salim\.javacpp\cache\opencv-4.0.1-1.5-windows-x86_64.jar\org\bytedeco\opencv\windows-x86_64\api-ms-win-core-timezone-l1-1-0.dll
0x000001d50ad20000 - 0x000001d50ad24000 	C:\Users\Salim\.javacpp\cache\opencv-4.0.1-1.5-windows-x86_64.jar\org\bytedeco\opencv\windows-x86_64\api-ms-win-core-file-l1-1-0.dll
0x000001d50ad30000 - 0x000001d50ad33000 	C:\Users\Salim\.javacpp\cache\opencv-4.0.1-1.5-windows-x86_64.jar\org\bytedeco\opencv\windows-x86_64\api-ms-win-core-namedpipe-l1-1-0.dll
0x000001d50ad40000 - 0x000001d50ad43000 	C:\Users\Salim\.javacpp\cache\opencv-4.0.1-1.5-windows-x86_64.jar\org\bytedeco\opencv\windows-x86_64\api-ms-win-core-handle-l1-1-0.dll
0x000001d50ad50000 - 0x000001d50ad53000 	C:\Users\Salim\.javacpp\cache\opencv-4.0.1-1.5-windows-x86_64.jar\org\bytedeco\opencv\windows-x86_64\api-ms-win-core-file-l2-1-0.dll
0x000001d50ad60000 - 0x000001d50ad63000 	C:\Users\Salim\.javacpp\cache\opencv-4.0.1-1.5-windows-x86_64.jar\org\bytedeco\opencv\windows-x86_64\api-ms-win-core-heap-l1-1-0.dll
0x000001d50ad70000 - 0x000001d50ad73000 	C:\Users\Salim\.javacpp\cache\opencv-4.0.1-1.5-windows-x86_64.jar\org\bytedeco\opencv\windows-x86_64\api-ms-win-core-libraryloader-l1-1-0.dll
0x000001d50ad80000 - 0x000001d50ad83000 	C:\Users\Salim\.javacpp\cache\opencv-4.0.1-1.5-windows-x86_64.jar\org\bytedeco\opencv\windows-x86_64\api-ms-win-core-synch-l1-1-0.dll
0x000001d50ad90000 - 0x000001d50ad93000 	C:\Users\Salim\.javacpp\cache\opencv-4.0.1-1.5-windows-x86_64.jar\org\bytedeco\opencv\windows-x86_64\api-ms-win-core-processthreads-l1-1-0.dll
0x000001d50ada0000 - 0x000001d50ada3000 	C:\Users\Salim\.javacpp\cache\opencv-4.0.1-1.5-windows-x86_64.jar\org\bytedeco\opencv\windows-x86_64\api-ms-win-core-processenvironment-l1-1-0.dll
0x000001d50adb0000 - 0x000001d50adb3000 	C:\Users\Salim\.javacpp\cache\opencv-4.0.1-1.5-windows-x86_64.jar\org\bytedeco\opencv\windows-x86_64\api-ms-win-core-datetime-l1-1-0.dll
0x000001d50adc0000 - 0x000001d50adc3000 	C:\Users\Salim\.javacpp\cache\opencv-4.0.1-1.5-windows-x86_64.jar\org\bytedeco\opencv\windows-x86_64\api-ms-win-core-localization-l1-2-0.dll
0x000001d50add0000 - 0x000001d50add3000 	C:\Users\Salim\.javacpp\cache\opencv-4.0.1-1.5-windows-x86_64.jar\org\bytedeco\opencv\windows-x86_64\api-ms-win-core-sysinfo-l1-1-0.dll
0x000001d50ade0000 - 0x000001d50ade3000 	C:\Users\Salim\.javacpp\cache\opencv-4.0.1-1.5-windows-x86_64.jar\org\bytedeco\opencv\windows-x86_64\api-ms-win-core-synch-l1-2-0.dll
0x000001d50adf0000 - 0x000001d50adf3000 	C:\Users\Salim\.javacpp\cache\opencv-4.0.1-1.5-windows-x86_64.jar\org\bytedeco\opencv\windows-x86_64\api-ms-win-core-console-l1-1-0.dll
0x000001d50ae00000 - 0x000001d50ae03000 	C:\Users\Salim\.javacpp\cache\opencv-4.0.1-1.5-windows-x86_64.jar\org\bytedeco\opencv\windows-x86_64\api-ms-win-core-debug-l1-1-0.dll
0x000001d50ae10000 - 0x000001d50ae13000 	C:\Users\Salim\.javacpp\cache\opencv-4.0.1-1.5-windows-x86_64.jar\org\bytedeco\opencv\windows-x86_64\api-ms-win-core-rtlsupport-l1-1-0.dll
0x000001d50ae20000 - 0x000001d50ae23000 	C:\Users\Salim\.javacpp\cache\opencv-4.0.1-1.5-windows-x86_64.jar\org\bytedeco\opencv\windows-x86_64\api-ms-win-core-processthreads-l1-1-1.dll
0x000001d50ae30000 - 0x000001d50ae33000 	C:\Users\Salim\.javacpp\cache\opencv-4.0.1-1.5-windows-x86_64.jar\org\bytedeco\opencv\windows-x86_64\api-ms-win-core-file-l1-2-0.dll
0x000001d50ae40000 - 0x000001d50ae43000 	C:\Users\Salim\.javacpp\cache\opencv-4.0.1-1.5-windows-x86_64.jar\org\bytedeco\opencv\windows-x86_64\api-ms-win-core-profile-l1-1-0.dll
0x000001d50ae50000 - 0x000001d50ae53000 	C:\Users\Salim\.javacpp\cache\opencv-4.0.1-1.5-windows-x86_64.jar\org\bytedeco\opencv\windows-x86_64\api-ms-win-core-memory-l1-1-0.dll
0x000001d50ae60000 - 0x000001d50ae63000 	C:\Users\Salim\.javacpp\cache\opencv-4.0.1-1.5-windows-x86_64.jar\org\bytedeco\opencv\windows-x86_64\api-ms-win-core-util-l1-1-0.dll
0x000001d50ae70000 - 0x000001d50ae73000 	C:\Users\Salim\.javacpp\cache\opencv-4.0.1-1.5-windows-x86_64.jar\org\bytedeco\opencv\windows-x86_64\api-ms-win-core-interlocked-l1-1-0.dll
0x00007ffaac260000 - 0x00007ffaac355000 	C:\Users\Salim\.javacpp\cache\opencv-4.0.1-1.5-windows-x86_64.jar\org\bytedeco\opencv\windows-x86_64\ucrtbase.dll
0x00007ffae0e80000 - 0x00007ffae0e97000 	C:\Users\Salim\.javacpp\cache\opencv-4.0.1-1.5-windows-x86_64.jar\org\bytedeco\opencv\windows-x86_64\vcruntime140.dll
0x00007ffaac1c0000 - 0x00007ffaac25d000 	C:\Users\Salim\.javacpp\cache\opencv-4.0.1-1.5-windows-x86_64.jar\org\bytedeco\opencv\windows-x86_64\msvcp140.dll
0x00007ffab80b0000 - 0x00007ffab8101000 	C:\Users\Salim\.javacpp\cache\opencv-4.0.1-1.5-windows-x86_64.jar\org\bytedeco\opencv\windows-x86_64\concrt140.dll
0x00007ffacb080000 - 0x00007ffacb0ae000 	C:\Users\Salim\.javacpp\cache\opencv-4.0.1-1.5-windows-x86_64.jar\org\bytedeco\opencv\windows-x86_64\vcomp140.dll
0x00007ffaaaa30000 - 0x00007ffaaadc1000 	C:\Users\Salim\.javacpp\cache\opencv-4.0.1-1.5-windows-x86_64.jar\org\bytedeco\opencv\windows-x86_64\opencv_core401.dll
0x00007ffaaa5e0000 - 0x00007ffaaaa27000 	C:\Users\Salim\.javacpp\cache\opencv-4.0.1-1.5-windows-x86_64.jar\org\bytedeco\opencv\windows-x86_64\opencv_imgproc401.dll
0x00007ffaaa240000 - 0x00007ffaaa5d2000 	C:\Users\Salim\.javacpp\cache\opencv-4.0.1-1.5-windows-x86_64.jar\org\bytedeco\opencv\windows-x86_64\jniopencv_core.dll
0x00007ffaac050000 - 0x00007ffaac1b5000 	C:\Users\Salim\.javacpp\cache\opencv-4.0.1-1.5-windows-x86_64.jar\org\bytedeco\opencv\windows-x86_64\jniopencv_imgproc.dll
0x00007ffaa9f50000 - 0x00007ffaaa239000 	C:\Users\Salim\.javacpp\cache\opencv-4.0.1-1.5-windows-x86_64.jar\org\bytedeco\opencv\windows-x86_64\opencv_imgcodecs401.dll
0x00007ffab1200000 - 0x00007ffab1230000 	C:\Users\Salim\.javacpp\cache\opencv-4.0.1-1.5-windows-x86_64.jar\org\bytedeco\opencv\windows-x86_64\jniopencv_imgcodecs.dll

dbghelp: loaded successfully - version: 4.0.5 - missing functions: none
symbol engine: initialized successfully - sym options: 0x614 - pdb path: .;C:\Program Files\Java\jdk-13\bin;C:\WINDOWS\SYSTEM32;C:\WINDOWS\WinSxS\amd64_microsoft.windows.common-controls_6595b64144ccf1df_6.0.18362.418_none_e6c6b287130d565d;C:\Program Files\Java\jdk-13\bin\server;C:\Users\Salim\.javacpp\cache\opencv-4.0.1-1.5-windows-x86_64.jar\org\bytedeco\opencv\windows-x86_64

VM Arguments:
java_command: com.mycompany.readreceipt.Main
java_class_path (initial): C:\Users\Salim\Documents\NetBeansProjects\ReadReceipt\target\classes;C:\Users\Salim\.m2\repository\org\bytedeco\javacv-platform\1.5\javacv-platform-1.5.jar;C:\Users\Salim\.m2\repository\org\bytedeco\javacv\1.5\javacv-1.5.jar;C:\Users\Salim\.m2\repository\org\bytedeco\opencv\4.0.1-1.5\opencv-4.0.1-1.5.jar;C:\Users\Salim\.m2\repository\org\bytedeco\ffmpeg\4.1.3-1.5\ffmpeg-4.1.3-1.5.jar;C:\Users\Salim\.m2\repository\org\bytedeco\flycapture\2.13.3.31-1.5\flycapture-2.13.3.31-1.5.jar;C:\Users\Salim\.m2\repository\org\bytedeco\libdc1394\2.2.5-1.5\libdc1394-2.2.5-1.5.jar;C:\Users\Salim\.m2\repository\org\bytedeco\libfreenect\0.5.7-1.5\libfreenect-0.5.7-1.5.jar;C:\Users\Salim\.m2\repository\org\bytedeco\libfreenect2\0.2.0-1.5\libfreenect2-0.2.0-1.5.jar;C:\Users\Salim\.m2\repository\org\bytedeco\librealsense\1.12.1-1.5\librealsense-1.12.1-1.5.jar;C:\Users\Salim\.m2\repository\org\bytedeco\videoinput\0.200-1.5\videoinput-0.200-1.5.jar;C:\Users\Salim\.m2\repository\org\bytedeco\artoolkitplus\2.3.1-1.5\artoolkitplus-2.3.1-1.5.jar;C:\Users\Salim\.m2\repository\org\bytedeco\flandmark\1.07-1.5\flandmark-1.07-1.5.jar;C:\Users\Salim\.m2\repository\org\bytedeco\leptonica\1.78.0-1.5\leptonica-1.78.0-1.5.jar;C:\Users\Salim\.m2\repository\org\bytedeco\tesseract\4.0.0-1.5\tesseract-4.0.0-1.5.jar;C:\Users\Salim\.m2\repository\org\bytedeco\opencv-platform\4.0.1-1.5\opencv-platform-4.0.1-1.5.jar;C:\Users\Salim\.m2\repository\org\bytedeco\opencv\4.0.1-1.5\opencv-4.0.1-1.5-android-arm.jar;C:\Users\Salim\.m2\repository\org\bytedeco\opencv\4.0.1-1.5\opencv-4.0.1-1.5-android-arm64.jar;C:\Users\Salim\.m2\repository\org\bytedeco\opencv\4.0.1-1.5\opencv-4.0.1-1.5-android-x86.jar;C:\Users\Salim\.m2\repository\org\bytedeco\opencv\4.0.1-1.5\opencv-4.0.1-1.5-android-x86_64.jar;C:\Users\Salim\.m2\repository\org\bytedeco\opencv\4.0.1-1.5\opencv-4.0.1-1.5-ios-arm64.jar;C:\Users\Salim\.m2\repository\org\bytedeco\opencv\4.0.1-1.5\opencv-4.0.1-1.5-ios-x86_64.jar;C:\Users\Salim\.m
Launcher Type: SUN_STANDARD

[Global flags]
     intx CICompilerCount                          = 12                                        {product} {ergonomic}
     uint ConcGCThreads                            = 3                                         {product} {ergonomic}
     uint G1ConcRefinementThreads                  = 13                                        {product} {ergonomic}
   size_t G1HeapRegionSize                         = 1048576                                   {product} {ergonomic}
    uintx GCDrainStackTargetSize                   = 64                                        {product} {ergonomic}
   size_t InitialHeapSize                          = 268435456                                 {product} {ergonomic}
   size_t MarkStackSize                            = 4194304                                   {product} {ergonomic}
   size_t MaxHeapSize                              = 4282384384                                {product} {ergonomic}
   size_t MaxNewSize                               = 2569011200                                {product} {ergonomic}
   size_t MinHeapDeltaBytes                        = 1048576                                   {product} {ergonomic}
   size_t MinHeapSize                              = 8388608                                   {product} {ergonomic}
    uintx NonNMethodCodeHeapSize                   = 7594288                                {pd product} {ergonomic}
    uintx NonProfiledCodeHeapSize                  = 122031976                              {pd product} {ergonomic}
    uintx ProfiledCodeHeapSize                     = 122031976                              {pd product} {ergonomic}
    uintx ReservedCodeCacheSize                    = 251658240                              {pd product} {ergonomic}
     bool SegmentedCodeCache                       = true                                      {product} {ergonomic}
   size_t SoftMaxHeapSize                          = 4282384384                             {manageable} {ergonomic}
     bool UseCompressedClassPointers               = true                                 {lp64_product} {ergonomic}
     bool UseCompressedOops                        = true                                 {lp64_product} {ergonomic}
     bool UseG1GC                                  = true                                      {product} {ergonomic}
     bool UseLargePagesIndividualAllocation        = false                                  {pd product} {ergonomic}

Logging:
Log output configuration:
 #0: stdout all=warning uptime,level,tags
 #1: stderr all=off uptime,level,tags

Environment Variables:
JAVA_HOME=C:\Program Files\Java\jdk-13
PATH=;C:\Program Files (x86)\Common Files\Oracle\Java\javapath;C:\WINDOWS\system32;C:\WINDOWS;C:\WINDOWS\System32\Wbem;C:\WINDOWS\System32\WindowsPowerShell\v1.0\;C:\WINDOWS\System32\OpenSSH\;C:\Program Files (x86)\NVIDIA Corporation\PhysX\Common;C:\Program Files\Git\cmd;"C:\Program Files\Java\jdk1.8.0_60\bin;";C:\Users\Salim\AppData\Local\Microsoft\WindowsApps;
USERNAME=Salim
OS=Windows_NT
PROCESSOR_IDENTIFIER=AMD64 Family 23 Model 8 Stepping 2, AuthenticAMD



---------------  S Y S T E M  ---------------

OS: Windows 10 , 64 bit Build 18362 (10.0.18362.329)

CPU:total 16 (initial active 16) (16 cores per cpu, 2 threads per core) family 23 model 8 stepping 2, cmov, cx8, fxsr, mmx, sse, sse2, sse3, ssse3, sse4.1, sse4.2, popcnt, avx, avx2, aes, clmul, mmxext, 3dnowpref, lzcnt, sse4a, ht, tsc, tscinvbit, tscinv, bmi1, bmi2, adx, sha, fma

Memory: 4k page, system-wide physical 16335M (8630M free)
TotalPageFile size 18767M (AvailPageFile size 5630M)
current process WorkingSet (physical memory assigned to process): 271M, peak: 271M
current process commit charge ("private bytes"): 432M, peak: 432M

vm_info: Java HotSpot(TM) 64-Bit Server VM (13+33) for windows-amd64 JRE (13+33), built on Sep 18 2019 21:38:00 by "mach5one" with unknown MS VC++:1916

END.
