#
# A fatal error has been detected by the Java Runtime Environment:
#
#  EXCEPTION_UNCAUGHT_CXX_EXCEPTION (0xe06d7363) at pc=0x00007ffae54fa839, pid=1628, tid=6776
#
# JRE version: Java(TM) SE Runtime Environment (13.0+33) (build 13+33)
# Java VM: Java HotSpot(TM) 64-Bit Server VM (13+33, mixed mode, sharing, tiered, compressed oops, g1 gc, windows-amd64)
# Problematic frame:
# C  [KERNELBASE.dll+0x3a839]
#
# No core dump will be written. Minidumps are not enabled by default on client versions of Windows
#
# If you would like to submit a bug report, please visit:
#   http://bugreport.java.com/bugreport/crash.jsp
# The crash happened outside the Java Virtual Machine in native code.
# See problematic frame for where to report the bug.
#

---------------  S U M M A R Y ------------

Command Line: com.mycompany.readreceipt.Main

Host: AMD Ryzen 7 2700X Eight-Core Processor         , 16 cores, 15G,  Windows 10 , 64 bit Build 18362 (10.0.18362.329)
Time: Mon Oct 21 22:52:18 2019 Türkiye Standart Saati elapsed time: 11 seconds (0d 0h 0m 11s)

---------------  T H R E A D  ---------------

Current thread (0x000002910a784000):  JavaThread "main" [_thread_in_native, id=6776, stack(0x000000f15a800000,0x000000f15a900000)]

Stack: [0x000000f15a800000,0x000000f15a900000],  sp=0x000000f15a8fee10,  free space=1019k
Native frames: (J=compiled Java code, j=interpreted, Vv=VM code, C=native code)
C  [KERNELBASE.dll+0x3a839]
C  [VCRUNTIME140.dll+0x486d]
C  [opencv_core410.dll+0x1d4a21]

Java frames: (J=compiled Java code, j=interpreted, Vv=VM code)
j  org.bytedeco.opencv.global.opencv_imgproc.cvContourPerimeter(Lorg/bytedeco/javacpp/Pointer;)D+0
j  com.mycompany.readreceipt.ReceiptScannerImpl.findLargestSquareOnCannyDetectedImage(Lorg/bytedeco/opencv/opencv_core/IplImage;)Lorg/bytedeco/opencv/opencv_core/CvSeq;+143
j  com.mycompany.readreceipt.ReceiptScannerImpl.getTextFromReceiptImage(Ljava/lang/String;)Ljava/lang/String;+40
j  com.mycompany.readreceipt.Main.main([Ljava/lang/String;)V+13
v  ~StubRoutines::call_stub

siginfo: EXCEPTION_UNCAUGHT_CXX_EXCEPTION (0xe06d7363), ExceptionInformation=0x0000000019930520 0x000000f15a8fefa0 0x00007ffaa9331170 0x00007ffaa8fb0000 


Register to memory mapping:

RIP=0x00007ffae54fa839 KERNELBASE.dll
RAX=0x0000029108620000 points into unknown readable memory: 00 00 00 00 00 00 00 00
RBX=0x00007ffaa9331170 opencv_core410.dll
RCX=0x00000291313b0000 points into unknown readable memory: 00 00 00 00 00 00 00 00
RDX=0x00007ffae78fc4bf ntdll.dll
RSP=0x000000f15a8fee10 is pointing into the stack for thread: 0x000002910a784000
RBP=0x000000f15a8fef50 is pointing into the stack for thread: 0x000002910a784000
RSI=0x000000f15a8ff220 is pointing into the stack for thread: 0x000002910a784000
RDI=0x000000f15a8fefa0 is pointing into the stack for thread: 0x000002910a784000
R8 =0x00007ffaa9189400 opencv_core410.dll
R9 =0x0 is NULL
R10=0x000002910852a5c0 points into unknown readable memory: 50 0d 52 08 91 02 00 00
R11=0x0000000000fdffff libopenblas.dll
R12=0x0 is NULL
R13=0x000002916e727c90 is pointing into metadata
R14=0x0 is NULL
R15=0x000002910a784000 is a thread


Registers:
RAX=0x0000029108620000, RBX=0x00007ffaa9331170, RCX=0x00000291313b0000, RDX=0x00007ffae78fc4bf
RSP=0x000000f15a8fee10, RBP=0x000000f15a8fef50, RSI=0x000000f15a8ff220, RDI=0x000000f15a8fefa0
R8 =0x00007ffaa9189400, R9 =0x0000000000000000, R10=0x000002910852a5c0, R11=0x0000000000fdffff
R12=0x0000000000000000, R13=0x000002916e727c90, R14=0x0000000000000000, R15=0x000002910a784000
RIP=0x00007ffae54fa839, EFLAGS=0x0000000000000206

Top of Stack: (sp=0x000000f15a8fee10)
0x000000f15a8fee10:   0000000000000002 00007ffaa9331170
0x000000f15a8fee20:   000000f15a8ff220 000000000000006f
0x000000f15a8fee30:   00000001e06d7363 0000000000000000
0x000000f15a8fee40:   00007ffae54fa839 00007ffa00000004
0x000000f15a8fee50:   0000000019930520 000000f15a8fefa0
0x000000f15a8fee60:   00007ffaa9331170 00007ffaa8fb0000
0x000000f15a8fee70:   000002916e727c90 0000000000000000
0x000000f15a8fee80:   000000f15a8ff220 000000f15a8fef50
0x000000f15a8fee90:   000000f15a8fef60 00007ffae78df49f
0x000000f15a8feea0:   000000f15a8fefa0 00007ffa00000000
0x000000f15a8feeb0:   000002910000002f 000000f1ffffff29
0x000000f15a8feec0:   00007ffaa9362000 00007ffaa8fb0000
0x000000f15a8feed0:   0000cbbe763a8d92 00000291304b0170
0x000000f15a8feee0:   00007ffaa9331170 00007ffadef6486d
0x000000f15a8feef0:   000000f15a8ff020 0000000000000065
0x000000f15a8fef00:   0000000000000000 000000f15a8ff020 

Instructions: (pc=0x00007ffae54fa839)
0x00007ffae54fa739:   fe ff ff 4c 8d 05 9d 46 20 00 33 d2 8d 4a 02 e8
0x00007ffae54fa749:   83 17 02 00 48 8b f8 48 89 44 24 58 e9 ef fd ff
0x00007ffae54fa759:   ff 45 33 c0 49 8b d7 48 83 c9 ff e8 07 f0 02 00
0x00007ffae54fa769:   e9 09 ff ff ff 48 8b 0d c3 0f 23 00 e8 06 f2 ff
0x00007ffae54fa779:   ff 48 8b cf e8 4e a2 fe ff e9 f9 fe ff ff 49 8b
0x00007ffae54fa789:   ce e8 41 a2 fe ff e9 f5 fe ff ff 48 8b ce e8 34
0x00007ffae54fa799:   a2 fe ff e9 f1 fe ff ff cc cc cc cc cc cc cc cc
0x00007ffae54fa7a9:   cc cc cc cc cc cc cc 65 48 8b 04 25 30 00 00 00
0x00007ffae54fa7b9:   8b 40 68 c3 cc cc cc cc cc cc cc cc cc cc cc cc
0x00007ffae54fa7c9:   cc cc cc cc cc cc cc 48 81 ec d8 00 00 00 48 8b
0x00007ffae54fa7d9:   05 52 e6 22 00 48 33 c4 48 89 84 24 c0 00 00 00
0x00007ffae54fa7e9:   48 83 64 24 28 00 48 8d 05 da ff ff ff 83 e2 01
0x00007ffae54fa7f9:   89 4c 24 20 89 54 24 24 48 89 44 24 30 4d 85 c9
0x00007ffae54fa809:   74 4b b8 0f 00 00 00 48 8d 4c 24 40 44 3b c0 49
0x00007ffae54fa819:   8b d1 44 0f 47 c0 44 89 44 24 38 49 c1 e0 03 e8
0x00007ffae54fa829:   7a 4c 05 00 48 8d 4c 24 20 48 ff 15 8f bf 16 00
0x00007ffae54fa839:   0f 1f 44 00 00 48 8b 8c 24 c0 00 00 00 48 33 cc
0x00007ffae54fa849:   e8 92 ee 04 00 48 81 c4 d8 00 00 00 c3 83 64 24
0x00007ffae54fa859:   38 00 eb d0 cc cc cc cc cc cc cc 48 89 5c 24 08
0x00007ffae54fa869:   48 89 74 24 10 57 48 83 ec 20 8b da 48 8b f9 e8
0x00007ffae54fa879:   f3 d6 ff ff 33 f6 85 c0 0f 84 b1 86 06 00 85 db
0x00007ffae54fa889:   0f 84 a9 86 06 00 44 8d 4e 02 ba 09 10 00 20 4c
0x00007ffae54fa899:   8d 44 24 40 48 8b cf e8 7b b5 ff ff 85 c0 0f 84
0x00007ffae54fa8a9:   8b 86 06 00 39 5c 24 40 0f 85 81 86 06 00 0f b7
0x00007ffae54fa8b9:   c3 48 8b 5c 24 30 48 8b 74 24 38 48 83 c4 20 5f
0x00007ffae54fa8c9:   c3 cc cc cc cc cc cc 48 89 5c 24 08 48 89 74 24
0x00007ffae54fa8d9:   10 57 48 83 ec 40 48 8b c2 48 8b f1 48 8b c8 33
0x00007ffae54fa8e9:   d2 49 8b d9 41 8b f8 e8 5b 6c ff ff 48 8b d0 48
0x00007ffae54fa8f9:   85 db 0f 85 6b 86 06 00 48 8b 44 24 78 44 8b c7
0x00007ffae54fa909:   44 8b 4c 24 70 48 8b ce 48 89 44 24 38 8d 43 01
0x00007ffae54fa919:   89 44 24 30 89 44 24 28 89 44 24 20 e8 16 00 00
0x00007ffae54fa929:   00 48 8b 5c 24 50 48 8b 74 24 58 48 83 c4 40 5f 


Stack slot to memory mapping:
stack at sp + 0 slots: 0x0000000000000002 is an unknown value
stack at sp + 1 slots: 0x00007ffaa9331170 opencv_core410.dll
stack at sp + 2 slots: 0x000000f15a8ff220 is pointing into the stack for thread: 0x000002910a784000
stack at sp + 3 slots: 0x000000000000006f is an unknown value
stack at sp + 4 slots: 0x00000001e06d7363 is an unknown value
stack at sp + 5 slots: 0x0 is NULL
stack at sp + 6 slots: 0x00007ffae54fa839 KERNELBASE.dll
stack at sp + 7 slots: 0x00007ffa00000004 is an unknown value


---------------  P R O C E S S  ---------------

Threads class SMR info:
_java_thread_list=0x000002913101ee60, length=11, elements={
0x000002910a784000, 0x000002912e551800, 0x000002912e554800, 0x000002912f7e2800,
0x000002912f7e7000, 0x000002912e56a000, 0x000002912f7e8000, 0x000002912f801000,
0x000002912fa9b800, 0x000002912fa99000, 0x000002912fa9a800
}

Java Threads: ( => current thread )
=>0x000002910a784000 JavaThread "main" [_thread_in_native, id=6776, stack(0x000000f15a800000,0x000000f15a900000)]
  0x000002912e551800 JavaThread "Reference Handler" daemon [_thread_blocked, id=3368, stack(0x000000f15af00000,0x000000f15b000000)]
  0x000002912e554800 JavaThread "Finalizer" daemon [_thread_blocked, id=5304, stack(0x000000f15b000000,0x000000f15b100000)]
  0x000002912f7e2800 JavaThread "Signal Dispatcher" daemon [_thread_blocked, id=1340, stack(0x000000f15b100000,0x000000f15b200000)]
  0x000002912f7e7000 JavaThread "Attach Listener" daemon [_thread_blocked, id=5500, stack(0x000000f15b200000,0x000000f15b300000)]
  0x000002912e56a000 JavaThread "C2 CompilerThread0" daemon [_thread_blocked, id=10676, stack(0x000000f15b300000,0x000000f15b400000)]
  0x000002912f7e8000 JavaThread "C1 CompilerThread0" daemon [_thread_blocked, id=5520, stack(0x000000f15b400000,0x000000f15b500000)]
  0x000002912f801000 JavaThread "Sweeper thread" daemon [_thread_blocked, id=14264, stack(0x000000f15b500000,0x000000f15b600000)]
  0x000002912fa9b800 JavaThread "Service Thread" daemon [_thread_blocked, id=6572, stack(0x000000f15b800000,0x000000f15b900000)]
  0x000002912fa99000 JavaThread "Common-Cleaner" daemon [_thread_blocked, id=10708, stack(0x000000f15ba00000,0x000000f15bb00000)]
  0x000002912fa9a800 JavaThread "JavaCPP Deallocator" daemon [_thread_blocked, id=5368, stack(0x000000f15bc00000,0x000000f15bd00000)]

Other Threads:
  0x000002912e550800 VMThread "VM Thread" [stack: 0x000000f15ae00000,0x000000f15af00000] [id=14732]
  0x000002912faa3800 WatcherThread [stack: 0x000000f15b900000,0x000000f15ba00000] [id=10104]
  0x000002910a7ef800 GCTaskThread "GC Thread#0" [stack: 0x000000f15a900000,0x000000f15aa00000] [id=7268]
  0x0000029130407000 GCTaskThread "GC Thread#1" [stack: 0x000000f15cd00000,0x000000f15ce00000] [id=5908]
  0x00000291301e2800 GCTaskThread "GC Thread#2" [stack: 0x000000f15ce00000,0x000000f15cf00000] [id=5904]
  0x00000291306e5000 GCTaskThread "GC Thread#3" [stack: 0x000000f15cf00000,0x000000f15d000000] [id=2744]
  0x0000029130a8a800 GCTaskThread "GC Thread#4" [stack: 0x000000f15d000000,0x000000f15d100000] [id=13844]
  0x00000291308cb000 GCTaskThread "GC Thread#5" [stack: 0x000000f15d100000,0x000000f15d200000] [id=5816]
  0x000002910a812800 ConcurrentGCThread "G1 Main Marker" [stack: 0x000000f15aa00000,0x000000f15ab00000] [id=5320]
  0x000002910a814000 ConcurrentGCThread "G1 Conc#0" [stack: 0x000000f15ab00000,0x000000f15ac00000] [id=12616]
  0x000002912e4a2000 ConcurrentGCThread "G1 Refine#0" [stack: 0x000000f15ac00000,0x000000f15ad00000] [id=4296]
  0x000002912e4a4800 ConcurrentGCThread "G1 Young RemSet Sampling" [stack: 0x000000f15ad00000,0x000000f15ae00000] [id=13052]

Threads with active compile tasks:

VM state:not at safepoint (normal execution)

VM Mutex/Monitor currently owned by a thread: None

Heap address: 0x0000000700c00000, size: 4084 MB, Compressed Oops mode: Zero based, Oop shift amount: 3
Narrow klass base: 0x0000000800000000, Narrow klass shift: 3
Compressed class space size: 1073741824 Address: 0x0000000800b40000

Heap:
 garbage-first heap   total 262144K, used 91758K [0x0000000700c00000, 0x0000000800000000)
  region size 1024K, 87 young (89088K), 1 survivors (1024K)
 Metaspace       used 7230K, capacity 10079K, committed 10240K, reserved 1058816K
  class space    used 389K, capacity 705K, committed 768K, reserved 1048576K
Heap Regions: E=young(eden), S=young(survivor), O=old, HS=humongous(starts), HC=humongous(continues), CS=collection set, F=free, A=archive, TAMS=top-at-mark-start (previous, next)
|   0|0x0000000700c00000, 0x0000000700d00000, 0x0000000700d00000|100%| O|  |TAMS 0x0000000700c00000, 0x0000000700c00000| Untracked 
|   1|0x0000000700d00000, 0x0000000700e00000, 0x0000000700e00000|100%| O|  |TAMS 0x0000000700d00000, 0x0000000700d00000| Untracked 
|   2|0x0000000700e00000, 0x0000000700f00000, 0x0000000700f00000|100%| O|  |TAMS 0x0000000700e00000, 0x0000000700e00000| Untracked 
|   3|0x0000000700f00000, 0x0000000701000000, 0x0000000701000000|100%| O|  |TAMS 0x0000000700f00000, 0x0000000700f00000| Untracked 
|   4|0x0000000701000000, 0x0000000701095c00, 0x0000000701100000| 58%| O|  |TAMS 0x0000000701000000, 0x0000000701000000| Untracked 
|   5|0x0000000701100000, 0x0000000701100000, 0x0000000701200000|  0%| F|  |TAMS 0x0000000701100000, 0x0000000701100000| Untracked 
|   6|0x0000000701200000, 0x0000000701200000, 0x0000000701300000|  0%| F|  |TAMS 0x0000000701200000, 0x0000000701200000| Untracked 
|   7|0x0000000701300000, 0x0000000701300000, 0x0000000701400000|  0%| F|  |TAMS 0x0000000701300000, 0x0000000701300000| Untracked 
|   8|0x0000000701400000, 0x0000000701400000, 0x0000000701500000|  0%| F|  |TAMS 0x0000000701400000, 0x0000000701400000| Untracked 
|   9|0x0000000701500000, 0x0000000701500000, 0x0000000701600000|  0%| F|  |TAMS 0x0000000701500000, 0x0000000701500000| Untracked 
|  10|0x0000000701600000, 0x0000000701600000, 0x0000000701700000|  0%| F|  |TAMS 0x0000000701600000, 0x0000000701600000| Untracked 
|  11|0x0000000701700000, 0x0000000701700000, 0x0000000701800000|  0%| F|  |TAMS 0x0000000701700000, 0x0000000701700000| Untracked 
|  12|0x0000000701800000, 0x0000000701800000, 0x0000000701900000|  0%| F|  |TAMS 0x0000000701800000, 0x0000000701800000| Untracked 
|  13|0x0000000701900000, 0x0000000701900000, 0x0000000701a00000|  0%| F|  |TAMS 0x0000000701900000, 0x0000000701900000| Untracked 
|  14|0x0000000701a00000, 0x0000000701a00000, 0x0000000701b00000|  0%| F|  |TAMS 0x0000000701a00000, 0x0000000701a00000| Untracked 
|  15|0x0000000701b00000, 0x0000000701b00000, 0x0000000701c00000|  0%| F|  |TAMS 0x0000000701b00000, 0x0000000701b00000| Untracked 
|  16|0x0000000701c00000, 0x0000000701c00000, 0x0000000701d00000|  0%| F|  |TAMS 0x0000000701c00000, 0x0000000701c00000| Untracked 
|  17|0x0000000701d00000, 0x0000000701d00000, 0x0000000701e00000|  0%| F|  |TAMS 0x0000000701d00000, 0x0000000701d00000| Untracked 
|  18|0x0000000701e00000, 0x0000000701e00000, 0x0000000701f00000|  0%| F|  |TAMS 0x0000000701e00000, 0x0000000701e00000| Untracked 
|  19|0x0000000701f00000, 0x0000000701f00000, 0x0000000702000000|  0%| F|  |TAMS 0x0000000701f00000, 0x0000000701f00000| Untracked 
|  20|0x0000000702000000, 0x0000000702000000, 0x0000000702100000|  0%| F|  |TAMS 0x0000000702000000, 0x0000000702000000| Untracked 
|  21|0x0000000702100000, 0x0000000702100000, 0x0000000702200000|  0%| F|  |TAMS 0x0000000702100000, 0x0000000702100000| Untracked 
|  22|0x0000000702200000, 0x0000000702200000, 0x0000000702300000|  0%| F|  |TAMS 0x0000000702200000, 0x0000000702200000| Untracked 
|  23|0x0000000702300000, 0x0000000702300000, 0x0000000702400000|  0%| F|  |TAMS 0x0000000702300000, 0x0000000702300000| Untracked 
|  24|0x0000000702400000, 0x0000000702400000, 0x0000000702500000|  0%| F|  |TAMS 0x0000000702400000, 0x0000000702400000| Untracked 
|  25|0x0000000702500000, 0x0000000702500000, 0x0000000702600000|  0%| F|  |TAMS 0x0000000702500000, 0x0000000702500000| Untracked 
|  26|0x0000000702600000, 0x0000000702600000, 0x0000000702700000|  0%| F|  |TAMS 0x0000000702600000, 0x0000000702600000| Untracked 
|  27|0x0000000702700000, 0x0000000702700000, 0x0000000702800000|  0%| F|  |TAMS 0x0000000702700000, 0x0000000702700000| Untracked 
|  28|0x0000000702800000, 0x0000000702800000, 0x0000000702900000|  0%| F|  |TAMS 0x0000000702800000, 0x0000000702800000| Untracked 
|  29|0x0000000702900000, 0x0000000702900000, 0x0000000702a00000|  0%| F|  |TAMS 0x0000000702900000, 0x0000000702900000| Untracked 
|  30|0x0000000702a00000, 0x0000000702a00000, 0x0000000702b00000|  0%| F|  |TAMS 0x0000000702a00000, 0x0000000702a00000| Untracked 
|  31|0x0000000702b00000, 0x0000000702b00000, 0x0000000702c00000|  0%| F|  |TAMS 0x0000000702b00000, 0x0000000702b00000| Untracked 
|  32|0x0000000702c00000, 0x0000000702c00000, 0x0000000702d00000|  0%| F|  |TAMS 0x0000000702c00000, 0x0000000702c00000| Untracked 
|  33|0x0000000702d00000, 0x0000000702d00000, 0x0000000702e00000|  0%| F|  |TAMS 0x0000000702d00000, 0x0000000702d00000| Untracked 
|  34|0x0000000702e00000, 0x0000000702e00000, 0x0000000702f00000|  0%| F|  |TAMS 0x0000000702e00000, 0x0000000702e00000| Untracked 
|  35|0x0000000702f00000, 0x0000000702f00000, 0x0000000703000000|  0%| F|  |TAMS 0x0000000702f00000, 0x0000000702f00000| Untracked 
|  36|0x0000000703000000, 0x0000000703000000, 0x0000000703100000|  0%| F|  |TAMS 0x0000000703000000, 0x0000000703000000| Untracked 
|  37|0x0000000703100000, 0x0000000703100000, 0x0000000703200000|  0%| F|  |TAMS 0x0000000703100000, 0x0000000703100000| Untracked 
|  38|0x0000000703200000, 0x0000000703200000, 0x0000000703300000|  0%| F|  |TAMS 0x0000000703200000, 0x0000000703200000| Untracked 
|  39|0x0000000703300000, 0x0000000703300000, 0x0000000703400000|  0%| F|  |TAMS 0x0000000703300000, 0x0000000703300000| Untracked 
|  40|0x0000000703400000, 0x0000000703400000, 0x0000000703500000|  0%| F|  |TAMS 0x0000000703400000, 0x0000000703400000| Untracked 
|  41|0x0000000703500000, 0x0000000703500000, 0x0000000703600000|  0%| F|  |TAMS 0x0000000703500000, 0x0000000703500000| Untracked 
|  42|0x0000000703600000, 0x0000000703600000, 0x0000000703700000|  0%| F|  |TAMS 0x0000000703600000, 0x0000000703600000| Untracked 
|  43|0x0000000703700000, 0x0000000703700000, 0x0000000703800000|  0%| F|  |TAMS 0x0000000703700000, 0x0000000703700000| Untracked 
|  44|0x0000000703800000, 0x0000000703800000, 0x0000000703900000|  0%| F|  |TAMS 0x0000000703800000, 0x0000000703800000| Untracked 
|  45|0x0000000703900000, 0x0000000703900000, 0x0000000703a00000|  0%| F|  |TAMS 0x0000000703900000, 0x0000000703900000| Untracked 
|  46|0x0000000703a00000, 0x0000000703a00000, 0x0000000703b00000|  0%| F|  |TAMS 0x0000000703a00000, 0x0000000703a00000| Untracked 
|  47|0x0000000703b00000, 0x0000000703b00000, 0x0000000703c00000|  0%| F|  |TAMS 0x0000000703b00000, 0x0000000703b00000| Untracked 
|  48|0x0000000703c00000, 0x0000000703c00000, 0x0000000703d00000|  0%| F|  |TAMS 0x0000000703c00000, 0x0000000703c00000| Untracked 
|  49|0x0000000703d00000, 0x0000000703d00000, 0x0000000703e00000|  0%| F|  |TAMS 0x0000000703d00000, 0x0000000703d00000| Untracked 
|  50|0x0000000703e00000, 0x0000000703e00000, 0x0000000703f00000|  0%| F|  |TAMS 0x0000000703e00000, 0x0000000703e00000| Untracked 
|  51|0x0000000703f00000, 0x0000000703f00000, 0x0000000704000000|  0%| F|  |TAMS 0x0000000703f00000, 0x0000000703f00000| Untracked 
|  52|0x0000000704000000, 0x0000000704000000, 0x0000000704100000|  0%| F|  |TAMS 0x0000000704000000, 0x0000000704000000| Untracked 
|  53|0x0000000704100000, 0x0000000704100000, 0x0000000704200000|  0%| F|  |TAMS 0x0000000704100000, 0x0000000704100000| Untracked 
|  54|0x0000000704200000, 0x0000000704200000, 0x0000000704300000|  0%| F|  |TAMS 0x0000000704200000, 0x0000000704200000| Untracked 
|  55|0x0000000704300000, 0x0000000704300000, 0x0000000704400000|  0%| F|  |TAMS 0x0000000704300000, 0x0000000704300000| Untracked 
|  56|0x0000000704400000, 0x0000000704400000, 0x0000000704500000|  0%| F|  |TAMS 0x0000000704400000, 0x0000000704400000| Untracked 
|  57|0x0000000704500000, 0x0000000704500000, 0x0000000704600000|  0%| F|  |TAMS 0x0000000704500000, 0x0000000704500000| Untracked 
|  58|0x0000000704600000, 0x0000000704600000, 0x0000000704700000|  0%| F|  |TAMS 0x0000000704600000, 0x0000000704600000| Untracked 
|  59|0x0000000704700000, 0x0000000704700000, 0x0000000704800000|  0%| F|  |TAMS 0x0000000704700000, 0x0000000704700000| Untracked 
|  60|0x0000000704800000, 0x0000000704800000, 0x0000000704900000|  0%| F|  |TAMS 0x0000000704800000, 0x0000000704800000| Untracked 
|  61|0x0000000704900000, 0x0000000704900000, 0x0000000704a00000|  0%| F|  |TAMS 0x0000000704900000, 0x0000000704900000| Untracked 
|  62|0x0000000704a00000, 0x0000000704a00000, 0x0000000704b00000|  0%| F|  |TAMS 0x0000000704a00000, 0x0000000704a00000| Untracked 
|  63|0x0000000704b00000, 0x0000000704b00000, 0x0000000704c00000|  0%| F|  |TAMS 0x0000000704b00000, 0x0000000704b00000| Untracked 
|  64|0x0000000704c00000, 0x0000000704c00000, 0x0000000704d00000|  0%| F|  |TAMS 0x0000000704c00000, 0x0000000704c00000| Untracked 
|  65|0x0000000704d00000, 0x0000000704d00000, 0x0000000704e00000|  0%| F|  |TAMS 0x0000000704d00000, 0x0000000704d00000| Untracked 
|  66|0x0000000704e00000, 0x0000000704e00000, 0x0000000704f00000|  0%| F|  |TAMS 0x0000000704e00000, 0x0000000704e00000| Untracked 
|  67|0x0000000704f00000, 0x0000000704f00000, 0x0000000705000000|  0%| F|  |TAMS 0x0000000704f00000, 0x0000000704f00000| Untracked 
|  68|0x0000000705000000, 0x0000000705000000, 0x0000000705100000|  0%| F|  |TAMS 0x0000000705000000, 0x0000000705000000| Untracked 
|  69|0x0000000705100000, 0x0000000705100000, 0x0000000705200000|  0%| F|  |TAMS 0x0000000705100000, 0x0000000705100000| Untracked 
|  70|0x0000000705200000, 0x0000000705200000, 0x0000000705300000|  0%| F|  |TAMS 0x0000000705200000, 0x0000000705200000| Untracked 
|  71|0x0000000705300000, 0x0000000705300000, 0x0000000705400000|  0%| F|  |TAMS 0x0000000705300000, 0x0000000705300000| Untracked 
|  72|0x0000000705400000, 0x0000000705400000, 0x0000000705500000|  0%| F|  |TAMS 0x0000000705400000, 0x0000000705400000| Untracked 
|  73|0x0000000705500000, 0x0000000705500000, 0x0000000705600000|  0%| F|  |TAMS 0x0000000705500000, 0x0000000705500000| Untracked 
|  74|0x0000000705600000, 0x0000000705600000, 0x0000000705700000|  0%| F|  |TAMS 0x0000000705600000, 0x0000000705600000| Untracked 
|  75|0x0000000705700000, 0x0000000705700000, 0x0000000705800000|  0%| F|  |TAMS 0x0000000705700000, 0x0000000705700000| Untracked 
|  76|0x0000000705800000, 0x0000000705800000, 0x0000000705900000|  0%| F|  |TAMS 0x0000000705800000, 0x0000000705800000| Untracked 
|  77|0x0000000705900000, 0x0000000705900000, 0x0000000705a00000|  0%| F|  |TAMS 0x0000000705900000, 0x0000000705900000| Untracked 
|  78|0x0000000705a00000, 0x0000000705a00000, 0x0000000705b00000|  0%| F|  |TAMS 0x0000000705a00000, 0x0000000705a00000| Untracked 
|  79|0x0000000705b00000, 0x0000000705b00000, 0x0000000705c00000|  0%| F|  |TAMS 0x0000000705b00000, 0x0000000705b00000| Untracked 
|  80|0x0000000705c00000, 0x0000000705c00000, 0x0000000705d00000|  0%| F|  |TAMS 0x0000000705c00000, 0x0000000705c00000| Untracked 
|  81|0x0000000705d00000, 0x0000000705d00000, 0x0000000705e00000|  0%| F|  |TAMS 0x0000000705d00000, 0x0000000705d00000| Untracked 
|  82|0x0000000705e00000, 0x0000000705e00000, 0x0000000705f00000|  0%| F|  |TAMS 0x0000000705e00000, 0x0000000705e00000| Untracked 
|  83|0x0000000705f00000, 0x0000000705f00000, 0x0000000706000000|  0%| F|  |TAMS 0x0000000705f00000, 0x0000000705f00000| Untracked 
|  84|0x0000000706000000, 0x0000000706000000, 0x0000000706100000|  0%| F|  |TAMS 0x0000000706000000, 0x0000000706000000| Untracked 
|  85|0x0000000706100000, 0x0000000706100000, 0x0000000706200000|  0%| F|  |TAMS 0x0000000706100000, 0x0000000706100000| Untracked 
|  86|0x0000000706200000, 0x0000000706200000, 0x0000000706300000|  0%| F|  |TAMS 0x0000000706200000, 0x0000000706200000| Untracked 
|  87|0x0000000706300000, 0x0000000706300000, 0x0000000706400000|  0%| F|  |TAMS 0x0000000706300000, 0x0000000706300000| Untracked 
|  88|0x0000000706400000, 0x0000000706400000, 0x0000000706500000|  0%| F|  |TAMS 0x0000000706400000, 0x0000000706400000| Untracked 
|  89|0x0000000706500000, 0x0000000706500000, 0x0000000706600000|  0%| F|  |TAMS 0x0000000706500000, 0x0000000706500000| Untracked 
|  90|0x0000000706600000, 0x0000000706600000, 0x0000000706700000|  0%| F|  |TAMS 0x0000000706600000, 0x0000000706600000| Untracked 
|  91|0x0000000706700000, 0x0000000706700000, 0x0000000706800000|  0%| F|  |TAMS 0x0000000706700000, 0x0000000706700000| Untracked 
|  92|0x0000000706800000, 0x0000000706800000, 0x0000000706900000|  0%| F|  |TAMS 0x0000000706800000, 0x0000000706800000| Untracked 
|  93|0x0000000706900000, 0x0000000706900000, 0x0000000706a00000|  0%| F|  |TAMS 0x0000000706900000, 0x0000000706900000| Untracked 
|  94|0x0000000706a00000, 0x0000000706a00000, 0x0000000706b00000|  0%| F|  |TAMS 0x0000000706a00000, 0x0000000706a00000| Untracked 
|  95|0x0000000706b00000, 0x0000000706b00000, 0x0000000706c00000|  0%| F|  |TAMS 0x0000000706b00000, 0x0000000706b00000| Untracked 
|  96|0x0000000706c00000, 0x0000000706c00000, 0x0000000706d00000|  0%| F|  |TAMS 0x0000000706c00000, 0x0000000706c00000| Untracked 
|  97|0x0000000706d00000, 0x0000000706d00000, 0x0000000706e00000|  0%| F|  |TAMS 0x0000000706d00000, 0x0000000706d00000| Untracked 
|  98|0x0000000706e00000, 0x0000000706e00000, 0x0000000706f00000|  0%| F|  |TAMS 0x0000000706e00000, 0x0000000706e00000| Untracked 
|  99|0x0000000706f00000, 0x0000000706f00000, 0x0000000707000000|  0%| F|  |TAMS 0x0000000706f00000, 0x0000000706f00000| Untracked 
| 100|0x0000000707000000, 0x0000000707000000, 0x0000000707100000|  0%| F|  |TAMS 0x0000000707000000, 0x0000000707000000| Untracked 
| 101|0x0000000707100000, 0x0000000707100000, 0x0000000707200000|  0%| F|  |TAMS 0x0000000707100000, 0x0000000707100000| Untracked 
| 102|0x0000000707200000, 0x0000000707200000, 0x0000000707300000|  0%| F|  |TAMS 0x0000000707200000, 0x0000000707200000| Untracked 
| 103|0x0000000707300000, 0x0000000707305c30, 0x0000000707400000|  2%| S|CS|TAMS 0x0000000707300000, 0x0000000707300000| Complete 
| 104|0x0000000707400000, 0x0000000707400000, 0x0000000707500000|  0%| F|  |TAMS 0x0000000707400000, 0x0000000707400000| Untracked 
| 105|0x0000000707500000, 0x0000000707500000, 0x0000000707600000|  0%| F|  |TAMS 0x0000000707500000, 0x0000000707500000| Untracked 
| 106|0x0000000707600000, 0x0000000707600000, 0x0000000707700000|  0%| F|  |TAMS 0x0000000707600000, 0x0000000707600000| Untracked 
| 107|0x0000000707700000, 0x0000000707700000, 0x0000000707800000|  0%| F|  |TAMS 0x0000000707700000, 0x0000000707700000| Untracked 
| 108|0x0000000707800000, 0x0000000707800000, 0x0000000707900000|  0%| F|  |TAMS 0x0000000707800000, 0x0000000707800000| Untracked 
| 109|0x0000000707900000, 0x0000000707900000, 0x0000000707a00000|  0%| F|  |TAMS 0x0000000707900000, 0x0000000707900000| Untracked 
| 110|0x0000000707a00000, 0x0000000707a00000, 0x0000000707b00000|  0%| F|  |TAMS 0x0000000707a00000, 0x0000000707a00000| Untracked 
| 111|0x0000000707b00000, 0x0000000707b00000, 0x0000000707c00000|  0%| F|  |TAMS 0x0000000707b00000, 0x0000000707b00000| Untracked 
| 112|0x0000000707c00000, 0x0000000707c00000, 0x0000000707d00000|  0%| F|  |TAMS 0x0000000707c00000, 0x0000000707c00000| Untracked 
| 113|0x0000000707d00000, 0x0000000707d00000, 0x0000000707e00000|  0%| F|  |TAMS 0x0000000707d00000, 0x0000000707d00000| Untracked 
| 114|0x0000000707e00000, 0x0000000707e00000, 0x0000000707f00000|  0%| F|  |TAMS 0x0000000707e00000, 0x0000000707e00000| Untracked 
| 115|0x0000000707f00000, 0x0000000707f00000, 0x0000000708000000|  0%| F|  |TAMS 0x0000000707f00000, 0x0000000707f00000| Untracked 
| 116|0x0000000708000000, 0x0000000708000000, 0x0000000708100000|  0%| F|  |TAMS 0x0000000708000000, 0x0000000708000000| Untracked 
| 117|0x0000000708100000, 0x0000000708100000, 0x0000000708200000|  0%| F|  |TAMS 0x0000000708100000, 0x0000000708100000| Untracked 
| 118|0x0000000708200000, 0x0000000708200000, 0x0000000708300000|  0%| F|  |TAMS 0x0000000708200000, 0x0000000708200000| Untracked 
| 119|0x0000000708300000, 0x0000000708300000, 0x0000000708400000|  0%| F|  |TAMS 0x0000000708300000, 0x0000000708300000| Untracked 
| 120|0x0000000708400000, 0x0000000708400000, 0x0000000708500000|  0%| F|  |TAMS 0x0000000708400000, 0x0000000708400000| Untracked 
| 121|0x0000000708500000, 0x0000000708500000, 0x0000000708600000|  0%| F|  |TAMS 0x0000000708500000, 0x0000000708500000| Untracked 
| 122|0x0000000708600000, 0x0000000708600000, 0x0000000708700000|  0%| F|  |TAMS 0x0000000708600000, 0x0000000708600000| Untracked 
| 123|0x0000000708700000, 0x0000000708700000, 0x0000000708800000|  0%| F|  |TAMS 0x0000000708700000, 0x0000000708700000| Untracked 
| 124|0x0000000708800000, 0x0000000708800000, 0x0000000708900000|  0%| F|  |TAMS 0x0000000708800000, 0x0000000708800000| Untracked 
| 125|0x0000000708900000, 0x0000000708900000, 0x0000000708a00000|  0%| F|  |TAMS 0x0000000708900000, 0x0000000708900000| Untracked 
| 126|0x0000000708a00000, 0x0000000708a00000, 0x0000000708b00000|  0%| F|  |TAMS 0x0000000708a00000, 0x0000000708a00000| Untracked 
| 127|0x0000000708b00000, 0x0000000708b00000, 0x0000000708c00000|  0%| F|  |TAMS 0x0000000708b00000, 0x0000000708b00000| Untracked 
| 128|0x0000000708c00000, 0x0000000708c00000, 0x0000000708d00000|  0%| F|  |TAMS 0x0000000708c00000, 0x0000000708c00000| Untracked 
| 129|0x0000000708d00000, 0x0000000708d00000, 0x0000000708e00000|  0%| F|  |TAMS 0x0000000708d00000, 0x0000000708d00000| Untracked 
| 130|0x0000000708e00000, 0x0000000708e00000, 0x0000000708f00000|  0%| F|  |TAMS 0x0000000708e00000, 0x0000000708e00000| Untracked 
| 131|0x0000000708f00000, 0x0000000708f00000, 0x0000000709000000|  0%| F|  |TAMS 0x0000000708f00000, 0x0000000708f00000| Untracked 
| 132|0x0000000709000000, 0x0000000709000000, 0x0000000709100000|  0%| F|  |TAMS 0x0000000709000000, 0x0000000709000000| Untracked 
| 133|0x0000000709100000, 0x0000000709100000, 0x0000000709200000|  0%| F|  |TAMS 0x0000000709100000, 0x0000000709100000| Untracked 
| 134|0x0000000709200000, 0x0000000709200000, 0x0000000709300000|  0%| F|  |TAMS 0x0000000709200000, 0x0000000709200000| Untracked 
| 135|0x0000000709300000, 0x0000000709300000, 0x0000000709400000|  0%| F|  |TAMS 0x0000000709300000, 0x0000000709300000| Untracked 
| 136|0x0000000709400000, 0x0000000709400000, 0x0000000709500000|  0%| F|  |TAMS 0x0000000709400000, 0x0000000709400000| Untracked 
| 137|0x0000000709500000, 0x0000000709500000, 0x0000000709600000|  0%| F|  |TAMS 0x0000000709500000, 0x0000000709500000| Untracked 
| 138|0x0000000709600000, 0x0000000709600000, 0x0000000709700000|  0%| F|  |TAMS 0x0000000709600000, 0x0000000709600000| Untracked 
| 139|0x0000000709700000, 0x0000000709700000, 0x0000000709800000|  0%| F|  |TAMS 0x0000000709700000, 0x0000000709700000| Untracked 
| 140|0x0000000709800000, 0x0000000709800000, 0x0000000709900000|  0%| F|  |TAMS 0x0000000709800000, 0x0000000709800000| Untracked 
| 141|0x0000000709900000, 0x0000000709900000, 0x0000000709a00000|  0%| F|  |TAMS 0x0000000709900000, 0x0000000709900000| Untracked 
| 142|0x0000000709a00000, 0x0000000709a00000, 0x0000000709b00000|  0%| F|  |TAMS 0x0000000709a00000, 0x0000000709a00000| Untracked 
| 143|0x0000000709b00000, 0x0000000709b00000, 0x0000000709c00000|  0%| F|  |TAMS 0x0000000709b00000, 0x0000000709b00000| Untracked 
| 144|0x0000000709c00000, 0x0000000709c00000, 0x0000000709d00000|  0%| F|  |TAMS 0x0000000709c00000, 0x0000000709c00000| Untracked 
| 145|0x0000000709d00000, 0x0000000709d00000, 0x0000000709e00000|  0%| F|  |TAMS 0x0000000709d00000, 0x0000000709d00000| Untracked 
| 146|0x0000000709e00000, 0x0000000709e00000, 0x0000000709f00000|  0%| F|  |TAMS 0x0000000709e00000, 0x0000000709e00000| Untracked 
| 147|0x0000000709f00000, 0x0000000709f00000, 0x000000070a000000|  0%| F|  |TAMS 0x0000000709f00000, 0x0000000709f00000| Untracked 
| 148|0x000000070a000000, 0x000000070a000000, 0x000000070a100000|  0%| F|  |TAMS 0x000000070a000000, 0x000000070a000000| Untracked 
| 149|0x000000070a100000, 0x000000070a100000, 0x000000070a200000|  0%| F|  |TAMS 0x000000070a100000, 0x000000070a100000| Untracked 
| 150|0x000000070a200000, 0x000000070a200000, 0x000000070a300000|  0%| F|  |TAMS 0x000000070a200000, 0x000000070a200000| Untracked 
| 151|0x000000070a300000, 0x000000070a300000, 0x000000070a400000|  0%| F|  |TAMS 0x000000070a300000, 0x000000070a300000| Untracked 
| 152|0x000000070a400000, 0x000000070a400000, 0x000000070a500000|  0%| F|  |TAMS 0x000000070a400000, 0x000000070a400000| Untracked 
| 153|0x000000070a500000, 0x000000070a500000, 0x000000070a600000|  0%| F|  |TAMS 0x000000070a500000, 0x000000070a500000| Untracked 
| 154|0x000000070a600000, 0x000000070a600000, 0x000000070a700000|  0%| F|  |TAMS 0x000000070a600000, 0x000000070a600000| Untracked 
| 155|0x000000070a700000, 0x000000070a700000, 0x000000070a800000|  0%| F|  |TAMS 0x000000070a700000, 0x000000070a700000| Untracked 
| 156|0x000000070a800000, 0x000000070a800000, 0x000000070a900000|  0%| F|  |TAMS 0x000000070a800000, 0x000000070a800000| Untracked 
| 157|0x000000070a900000, 0x000000070a900000, 0x000000070aa00000|  0%| F|  |TAMS 0x000000070a900000, 0x000000070a900000| Untracked 
| 158|0x000000070aa00000, 0x000000070aa00000, 0x000000070ab00000|  0%| F|  |TAMS 0x000000070aa00000, 0x000000070aa00000| Untracked 
| 159|0x000000070ab00000, 0x000000070ab00000, 0x000000070ac00000|  0%| F|  |TAMS 0x000000070ab00000, 0x000000070ab00000| Untracked 
| 160|0x000000070ac00000, 0x000000070ac00000, 0x000000070ad00000|  0%| F|  |TAMS 0x000000070ac00000, 0x000000070ac00000| Untracked 
| 161|0x000000070ad00000, 0x000000070ad00000, 0x000000070ae00000|  0%| F|  |TAMS 0x000000070ad00000, 0x000000070ad00000| Untracked 
| 162|0x000000070ae00000, 0x000000070ae00000, 0x000000070af00000|  0%| F|  |TAMS 0x000000070ae00000, 0x000000070ae00000| Untracked 
| 163|0x000000070af00000, 0x000000070af00000, 0x000000070b000000|  0%| F|  |TAMS 0x000000070af00000, 0x000000070af00000| Untracked 
| 164|0x000000070b000000, 0x000000070b000000, 0x000000070b100000|  0%| F|  |TAMS 0x000000070b000000, 0x000000070b000000| Untracked 
| 165|0x000000070b100000, 0x000000070b100000, 0x000000070b200000|  0%| F|  |TAMS 0x000000070b100000, 0x000000070b100000| Untracked 
| 166|0x000000070b200000, 0x000000070b200000, 0x000000070b300000|  0%| F|  |TAMS 0x000000070b200000, 0x000000070b200000| Untracked 
| 167|0x000000070b300000, 0x000000070b300000, 0x000000070b400000|  0%| F|  |TAMS 0x000000070b300000, 0x000000070b300000| Untracked 
| 168|0x000000070b400000, 0x000000070b400000, 0x000000070b500000|  0%| F|  |TAMS 0x000000070b400000, 0x000000070b400000| Untracked 
| 169|0x000000070b500000, 0x000000070b500000, 0x000000070b600000|  0%| F|  |TAMS 0x000000070b500000, 0x000000070b500000| Untracked 
| 170|0x000000070b600000, 0x000000070b700000, 0x000000070b700000|100%| E|  |TAMS 0x000000070b600000, 0x000000070b600000| Complete 
| 171|0x000000070b700000, 0x000000070b800000, 0x000000070b800000|100%| E|CS|TAMS 0x000000070b700000, 0x000000070b700000| Complete 
| 172|0x000000070b800000, 0x000000070b900000, 0x000000070b900000|100%| E|CS|TAMS 0x000000070b800000, 0x000000070b800000| Complete 
| 173|0x000000070b900000, 0x000000070ba00000, 0x000000070ba00000|100%| E|CS|TAMS 0x000000070b900000, 0x000000070b900000| Complete 
| 174|0x000000070ba00000, 0x000000070bb00000, 0x000000070bb00000|100%| E|CS|TAMS 0x000000070ba00000, 0x000000070ba00000| Complete 
| 175|0x000000070bb00000, 0x000000070bc00000, 0x000000070bc00000|100%| E|CS|TAMS 0x000000070bb00000, 0x000000070bb00000| Complete 
| 176|0x000000070bc00000, 0x000000070bd00000, 0x000000070bd00000|100%| E|CS|TAMS 0x000000070bc00000, 0x000000070bc00000| Complete 
| 177|0x000000070bd00000, 0x000000070be00000, 0x000000070be00000|100%| E|CS|TAMS 0x000000070bd00000, 0x000000070bd00000| Complete 
| 178|0x000000070be00000, 0x000000070bf00000, 0x000000070bf00000|100%| E|CS|TAMS 0x000000070be00000, 0x000000070be00000| Complete 
| 179|0x000000070bf00000, 0x000000070c000000, 0x000000070c000000|100%| E|CS|TAMS 0x000000070bf00000, 0x000000070bf00000| Complete 
| 180|0x000000070c000000, 0x000000070c100000, 0x000000070c100000|100%| E|CS|TAMS 0x000000070c000000, 0x000000070c000000| Complete 
| 181|0x000000070c100000, 0x000000070c200000, 0x000000070c200000|100%| E|CS|TAMS 0x000000070c100000, 0x000000070c100000| Complete 
| 182|0x000000070c200000, 0x000000070c300000, 0x000000070c300000|100%| E|CS|TAMS 0x000000070c200000, 0x000000070c200000| Complete 
| 183|0x000000070c300000, 0x000000070c400000, 0x000000070c400000|100%| E|CS|TAMS 0x000000070c300000, 0x000000070c300000| Complete 
| 184|0x000000070c400000, 0x000000070c500000, 0x000000070c500000|100%| E|CS|TAMS 0x000000070c400000, 0x000000070c400000| Complete 
| 185|0x000000070c500000, 0x000000070c600000, 0x000000070c600000|100%| E|CS|TAMS 0x000000070c500000, 0x000000070c500000| Complete 
| 186|0x000000070c600000, 0x000000070c700000, 0x000000070c700000|100%| E|CS|TAMS 0x000000070c600000, 0x000000070c600000| Complete 
| 187|0x000000070c700000, 0x000000070c800000, 0x000000070c800000|100%| E|CS|TAMS 0x000000070c700000, 0x000000070c700000| Complete 
| 188|0x000000070c800000, 0x000000070c900000, 0x000000070c900000|100%| E|CS|TAMS 0x000000070c800000, 0x000000070c800000| Complete 
| 189|0x000000070c900000, 0x000000070ca00000, 0x000000070ca00000|100%| E|CS|TAMS 0x000000070c900000, 0x000000070c900000| Complete 
| 190|0x000000070ca00000, 0x000000070cb00000, 0x000000070cb00000|100%| E|CS|TAMS 0x000000070ca00000, 0x000000070ca00000| Complete 
| 191|0x000000070cb00000, 0x000000070cc00000, 0x000000070cc00000|100%| E|CS|TAMS 0x000000070cb00000, 0x000000070cb00000| Complete 
| 192|0x000000070cc00000, 0x000000070cd00000, 0x000000070cd00000|100%| E|CS|TAMS 0x000000070cc00000, 0x000000070cc00000| Complete 
| 193|0x000000070cd00000, 0x000000070ce00000, 0x000000070ce00000|100%| E|CS|TAMS 0x000000070cd00000, 0x000000070cd00000| Complete 
| 194|0x000000070ce00000, 0x000000070cf00000, 0x000000070cf00000|100%| E|CS|TAMS 0x000000070ce00000, 0x000000070ce00000| Complete 
| 195|0x000000070cf00000, 0x000000070d000000, 0x000000070d000000|100%| E|CS|TAMS 0x000000070cf00000, 0x000000070cf00000| Complete 
| 196|0x000000070d000000, 0x000000070d100000, 0x000000070d100000|100%| E|CS|TAMS 0x000000070d000000, 0x000000070d000000| Complete 
| 197|0x000000070d100000, 0x000000070d200000, 0x000000070d200000|100%| E|CS|TAMS 0x000000070d100000, 0x000000070d100000| Complete 
| 198|0x000000070d200000, 0x000000070d300000, 0x000000070d300000|100%| E|CS|TAMS 0x000000070d200000, 0x000000070d200000| Complete 
| 199|0x000000070d300000, 0x000000070d400000, 0x000000070d400000|100%| E|CS|TAMS 0x000000070d300000, 0x000000070d300000| Complete 
| 200|0x000000070d400000, 0x000000070d500000, 0x000000070d500000|100%| E|CS|TAMS 0x000000070d400000, 0x000000070d400000| Complete 
| 201|0x000000070d500000, 0x000000070d600000, 0x000000070d600000|100%| E|CS|TAMS 0x000000070d500000, 0x000000070d500000| Complete 
| 202|0x000000070d600000, 0x000000070d700000, 0x000000070d700000|100%| E|CS|TAMS 0x000000070d600000, 0x000000070d600000| Complete 
| 203|0x000000070d700000, 0x000000070d800000, 0x000000070d800000|100%| E|CS|TAMS 0x000000070d700000, 0x000000070d700000| Complete 
| 204|0x000000070d800000, 0x000000070d900000, 0x000000070d900000|100%| E|CS|TAMS 0x000000070d800000, 0x000000070d800000| Complete 
| 205|0x000000070d900000, 0x000000070da00000, 0x000000070da00000|100%| E|CS|TAMS 0x000000070d900000, 0x000000070d900000| Complete 
| 206|0x000000070da00000, 0x000000070db00000, 0x000000070db00000|100%| E|CS|TAMS 0x000000070da00000, 0x000000070da00000| Complete 
| 207|0x000000070db00000, 0x000000070dc00000, 0x000000070dc00000|100%| E|CS|TAMS 0x000000070db00000, 0x000000070db00000| Complete 
| 208|0x000000070dc00000, 0x000000070dd00000, 0x000000070dd00000|100%| E|CS|TAMS 0x000000070dc00000, 0x000000070dc00000| Complete 
| 209|0x000000070dd00000, 0x000000070de00000, 0x000000070de00000|100%| E|CS|TAMS 0x000000070dd00000, 0x000000070dd00000| Complete 
| 210|0x000000070de00000, 0x000000070df00000, 0x000000070df00000|100%| E|CS|TAMS 0x000000070de00000, 0x000000070de00000| Complete 
| 211|0x000000070df00000, 0x000000070e000000, 0x000000070e000000|100%| E|CS|TAMS 0x000000070df00000, 0x000000070df00000| Complete 
| 212|0x000000070e000000, 0x000000070e100000, 0x000000070e100000|100%| E|CS|TAMS 0x000000070e000000, 0x000000070e000000| Complete 
| 213|0x000000070e100000, 0x000000070e200000, 0x000000070e200000|100%| E|CS|TAMS 0x000000070e100000, 0x000000070e100000| Complete 
| 214|0x000000070e200000, 0x000000070e300000, 0x000000070e300000|100%| E|CS|TAMS 0x000000070e200000, 0x000000070e200000| Complete 
| 215|0x000000070e300000, 0x000000070e400000, 0x000000070e400000|100%| E|CS|TAMS 0x000000070e300000, 0x000000070e300000| Complete 
| 216|0x000000070e400000, 0x000000070e500000, 0x000000070e500000|100%| E|CS|TAMS 0x000000070e400000, 0x000000070e400000| Complete 
| 217|0x000000070e500000, 0x000000070e600000, 0x000000070e600000|100%| E|CS|TAMS 0x000000070e500000, 0x000000070e500000| Complete 
| 218|0x000000070e600000, 0x000000070e700000, 0x000000070e700000|100%| E|CS|TAMS 0x000000070e600000, 0x000000070e600000| Complete 
| 219|0x000000070e700000, 0x000000070e800000, 0x000000070e800000|100%| E|CS|TAMS 0x000000070e700000, 0x000000070e700000| Complete 
| 220|0x000000070e800000, 0x000000070e900000, 0x000000070e900000|100%| E|CS|TAMS 0x000000070e800000, 0x000000070e800000| Complete 
| 221|0x000000070e900000, 0x000000070ea00000, 0x000000070ea00000|100%| E|CS|TAMS 0x000000070e900000, 0x000000070e900000| Complete 
| 222|0x000000070ea00000, 0x000000070eb00000, 0x000000070eb00000|100%| E|CS|TAMS 0x000000070ea00000, 0x000000070ea00000| Complete 
| 223|0x000000070eb00000, 0x000000070ec00000, 0x000000070ec00000|100%| E|CS|TAMS 0x000000070eb00000, 0x000000070eb00000| Complete 
| 224|0x000000070ec00000, 0x000000070ed00000, 0x000000070ed00000|100%| E|CS|TAMS 0x000000070ec00000, 0x000000070ec00000| Complete 
| 225|0x000000070ed00000, 0x000000070ee00000, 0x000000070ee00000|100%| E|CS|TAMS 0x000000070ed00000, 0x000000070ed00000| Complete 
| 226|0x000000070ee00000, 0x000000070ef00000, 0x000000070ef00000|100%| E|CS|TAMS 0x000000070ee00000, 0x000000070ee00000| Complete 
| 227|0x000000070ef00000, 0x000000070f000000, 0x000000070f000000|100%| E|CS|TAMS 0x000000070ef00000, 0x000000070ef00000| Complete 
| 228|0x000000070f000000, 0x000000070f100000, 0x000000070f100000|100%| E|CS|TAMS 0x000000070f000000, 0x000000070f000000| Complete 
| 229|0x000000070f100000, 0x000000070f200000, 0x000000070f200000|100%| E|CS|TAMS 0x000000070f100000, 0x000000070f100000| Complete 
| 230|0x000000070f200000, 0x000000070f300000, 0x000000070f300000|100%| E|CS|TAMS 0x000000070f200000, 0x000000070f200000| Complete 
| 231|0x000000070f300000, 0x000000070f400000, 0x000000070f400000|100%| E|CS|TAMS 0x000000070f300000, 0x000000070f300000| Complete 
| 232|0x000000070f400000, 0x000000070f500000, 0x000000070f500000|100%| E|CS|TAMS 0x000000070f400000, 0x000000070f400000| Complete 
| 233|0x000000070f500000, 0x000000070f600000, 0x000000070f600000|100%| E|CS|TAMS 0x000000070f500000, 0x000000070f500000| Complete 
| 234|0x000000070f600000, 0x000000070f700000, 0x000000070f700000|100%| E|CS|TAMS 0x000000070f600000, 0x000000070f600000| Complete 
| 235|0x000000070f700000, 0x000000070f800000, 0x000000070f800000|100%| E|CS|TAMS 0x000000070f700000, 0x000000070f700000| Complete 
| 236|0x000000070f800000, 0x000000070f900000, 0x000000070f900000|100%| E|CS|TAMS 0x000000070f800000, 0x000000070f800000| Complete 
| 237|0x000000070f900000, 0x000000070fa00000, 0x000000070fa00000|100%| E|CS|TAMS 0x000000070f900000, 0x000000070f900000| Complete 
| 238|0x000000070fa00000, 0x000000070fb00000, 0x000000070fb00000|100%| E|CS|TAMS 0x000000070fa00000, 0x000000070fa00000| Complete 
| 239|0x000000070fb00000, 0x000000070fc00000, 0x000000070fc00000|100%| E|CS|TAMS 0x000000070fb00000, 0x000000070fb00000| Complete 
| 240|0x000000070fc00000, 0x000000070fd00000, 0x000000070fd00000|100%| E|CS|TAMS 0x000000070fc00000, 0x000000070fc00000| Complete 
| 241|0x000000070fd00000, 0x000000070fe00000, 0x000000070fe00000|100%| E|CS|TAMS 0x000000070fd00000, 0x000000070fd00000| Complete 
| 242|0x000000070fe00000, 0x000000070ff00000, 0x000000070ff00000|100%| E|CS|TAMS 0x000000070fe00000, 0x000000070fe00000| Complete 
| 243|0x000000070ff00000, 0x0000000710000000, 0x0000000710000000|100%| E|CS|TAMS 0x000000070ff00000, 0x000000070ff00000| Complete 
| 244|0x0000000710000000, 0x0000000710100000, 0x0000000710100000|100%| E|CS|TAMS 0x0000000710000000, 0x0000000710000000| Complete 
| 245|0x0000000710100000, 0x0000000710200000, 0x0000000710200000|100%| E|CS|TAMS 0x0000000710100000, 0x0000000710100000| Complete 
| 246|0x0000000710200000, 0x0000000710300000, 0x0000000710300000|100%| E|CS|TAMS 0x0000000710200000, 0x0000000710200000| Complete 
| 247|0x0000000710300000, 0x0000000710400000, 0x0000000710400000|100%| E|CS|TAMS 0x0000000710300000, 0x0000000710300000| Complete 
| 248|0x0000000710400000, 0x0000000710500000, 0x0000000710500000|100%| E|CS|TAMS 0x0000000710400000, 0x0000000710400000| Complete 
| 249|0x0000000710500000, 0x0000000710600000, 0x0000000710600000|100%| E|CS|TAMS 0x0000000710500000, 0x0000000710500000| Complete 
| 250|0x0000000710600000, 0x0000000710700000, 0x0000000710700000|100%| E|CS|TAMS 0x0000000710600000, 0x0000000710600000| Complete 
| 251|0x0000000710700000, 0x0000000710800000, 0x0000000710800000|100%| E|CS|TAMS 0x0000000710700000, 0x0000000710700000| Complete 
| 252|0x0000000710800000, 0x0000000710900000, 0x0000000710900000|100%| E|CS|TAMS 0x0000000710800000, 0x0000000710800000| Complete 
| 253|0x0000000710900000, 0x0000000710a00000, 0x0000000710a00000|100%| E|CS|TAMS 0x0000000710900000, 0x0000000710900000| Complete 
| 254|0x0000000710a00000, 0x0000000710b00000, 0x0000000710b00000|100%| E|CS|TAMS 0x0000000710a00000, 0x0000000710a00000| Complete 
| 255|0x0000000710b00000, 0x0000000710c00000, 0x0000000710c00000|100%| E|CS|TAMS 0x0000000710b00000, 0x0000000710b00000| Complete 

Card table byte_map: [0x0000029122e00000,0x0000029123600000] _byte_map_base: 0x000002911f5fa000

Marking Bits (Prev, Next): (CMBitMap*) 0x000002910a7f05e8, (CMBitMap*) 0x000002910a7f0628
 Prev Bits: [0x0000029123e00000, 0x0000029127dd0000)
 Next Bits: [0x0000029127dd0000, 0x000002912bda0000)

Polling page: 0x00000291088b0000

Metaspace:

Usage:
  Non-class:      9.15 MB capacity,     6.68 MB ( 73%) used,     2.46 MB ( 27%) free+waste,     8.31 KB ( <1%) overhead. 
      Class:    705.00 KB capacity,   389.22 KB ( 55%) used,   313.34 KB ( 44%) free+waste,     2.44 KB ( <1%) overhead. 
       Both:      9.84 MB capacity,     7.06 MB ( 72%) used,     2.77 MB ( 28%) free+waste,    10.75 KB ( <1%) overhead. 

Virtual space:
  Non-class space:       10.00 MB reserved,       9.25 MB ( 93%) committed 
      Class space:        1.00 GB reserved,     768.00 KB ( <1%) committed 
             Both:        1.01 GB reserved,      10.00 MB ( <1%) committed 

Chunk freelists:
   Non-Class:  34.00 KB
       Class:  0 bytes
        Both:  34.00 KB

MaxMetaspaceSize: 17179869184.00 GB
CompressedClassSpaceSize: 1.00 GB

CodeHeap 'non-profiled nmethods': size=119168Kb used=1129Kb max_used=1129Kb free=118038Kb
 bounds [0x000002911a800000, 0x000002911aa70000, 0x0000029121c60000]
CodeHeap 'profiled nmethods': size=119168Kb used=3313Kb max_used=3313Kb free=115854Kb
 bounds [0x00000291133a0000, 0x00000291136e0000, 0x000002911a800000]
CodeHeap 'non-nmethods': size=7424Kb used=1594Kb max_used=2745Kb free=5829Kb
 bounds [0x0000029112c60000, 0x0000029112f20000, 0x00000291133a0000]
 total_blobs=2999 nmethods=1310 adapters=828
 compilation: enabled
              stopped_count=0, restarted_count=0
 full_count=0

Compilation events (20 events):
Event: 10.498 Thread 0x000002912f7e8000 nmethod 1300 0x00000291136d8f90 code [0x00000291136d9160, 0x00000291136d95c0]
Event: 10.499 Thread 0x000002912e56a000 nmethod 1301 0x000002911a917590 code [0x000002911a917720, 0x000002911a917888]
Event: 11.133 Thread 0x000002912f7e8000 1302       3       java.lang.invoke.Invokers$Holder::linkToTargetMethod (8 bytes)
Event: 11.134 Thread 0x000002912f7e8000 nmethod 1302 0x00000291136d9790 code [0x00000291136d9960, 0x00000291136d9ce0]
Event: 11.134 Thread 0x000002912f7e8000 1303       3       java.lang.invoke.LambdaForm$MH/0x0000000800ba7c40::invoke (8 bytes)
Event: 11.134 Thread 0x000002912f7e8000 nmethod 1303 0x00000291136d9d90 code [0x00000291136d9f40, 0x00000291136da218]
Event: 11.134 Thread 0x000002912f7e8000 1304   !   3       com.sun.proxy.$Proxy2::link (29 bytes)
Event: 11.134 Thread 0x000002912f7e8000 nmethod 1304 0x00000291136da310 code [0x00000291136da4e0, 0x00000291136da940]
Event: 11.134 Thread 0x000002912e56a000 1305       4       java.util.ArrayList::<init> (12 bytes)
Event: 11.135 Thread 0x000002912e56a000 nmethod 1305 0x000002911a917a10 code [0x000002911a917ba0, 0x000002911a917cd8]
Event: 11.175 Thread 0x000002912f7e8000 1306  s    3       java.lang.Runtime::loadLibrary0 (58 bytes)
Event: 11.176 Thread 0x000002912f7e8000 nmethod 1306 0x00000291136dab10 code [0x00000291136dade0, 0x00000291136dbd60]
Event: 11.176 Thread 0x000002912f7e8000 1307       3       java.lang.UnsatisfiedLinkError::<init> (6 bytes)
Event: 11.176 Thread 0x000002912f7e8000 nmethod 1307 0x00000291136dc290 code [0x00000291136dc440, 0x00000291136dc6b0]
Event: 11.196 Thread 0x000002912e56a000 1308       4       java.lang.ClassLoader::loadLibrary0 (50 bytes)
Event: 11.210 Thread 0x000002912e56a000 nmethod 1308 0x000002911a917d90 code [0x000002911a917fa0, 0x000002911a918bc0]
Event: 11.210 Thread 0x000002912e56a000 1309   !   4       java.lang.ClassLoader$2::run (25 bytes)
Event: 11.215 Thread 0x000002912e56a000 nmethod 1309 0x000002911a919490 code [0x000002911a919660, 0x000002911a919b50]
Event: 11.537 Thread 0x000002912e56a000 1310       4       sun.nio.fs.WindowsFileSystem::getPath (101 bytes)
Event: 11.540 Thread 0x000002912e56a000 nmethod 1310 0x000002911a919f10 code [0x000002911a91a0c0, 0x000002911a91a508]

GC Heap History (20 events):
Event: 10.570 GC heap before
{Heap before GC invocations=77 (full 0):
 garbage-first heap   total 262144K, used 160352K [0x0000000700c00000, 0x0000000800000000)
  region size 1024K, 153 young (156672K), 1 survivors (1024K)
 Metaspace       used 7227K, capacity 10078K, committed 10240K, reserved 1058816K
  class space    used 389K, capacity 705K, committed 768K, reserved 1048576K
}
Event: 10.570 GC heap after
{Heap after GC invocations=78 (full 0):
 garbage-first heap   total 262144K, used 4708K [0x0000000700c00000, 0x0000000800000000)
  region size 1024K, 1 young (1024K), 1 survivors (1024K)
 Metaspace       used 7227K, capacity 10078K, committed 10240K, reserved 1058816K
  class space    used 389K, capacity 705K, committed 768K, reserved 1048576K
}
Event: 10.695 GC heap before
{Heap before GC invocations=78 (full 0):
 garbage-first heap   total 262144K, used 160356K [0x0000000700c00000, 0x0000000800000000)
  region size 1024K, 153 young (156672K), 1 survivors (1024K)
 Metaspace       used 7227K, capacity 10078K, committed 10240K, reserved 1058816K
  class space    used 389K, capacity 705K, committed 768K, reserved 1048576K
}
Event: 10.696 GC heap after
{Heap after GC invocations=79 (full 0):
 garbage-first heap   total 262144K, used 4713K [0x0000000700c00000, 0x0000000800000000)
  region size 1024K, 1 young (1024K), 1 survivors (1024K)
 Metaspace       used 7227K, capacity 10078K, committed 10240K, reserved 1058816K
  class space    used 389K, capacity 705K, committed 768K, reserved 1048576K
}
Event: 10.817 GC heap before
{Heap before GC invocations=79 (full 0):
 garbage-first heap   total 262144K, used 160361K [0x0000000700c00000, 0x0000000800000000)
  region size 1024K, 153 young (156672K), 1 survivors (1024K)
 Metaspace       used 7227K, capacity 10078K, committed 10240K, reserved 1058816K
  class space    used 389K, capacity 705K, committed 768K, reserved 1048576K
}
Event: 10.818 GC heap after
{Heap after GC invocations=80 (full 0):
 garbage-first heap   total 262144K, used 4710K [0x0000000700c00000, 0x0000000800000000)
  region size 1024K, 1 young (1024K), 1 survivors (1024K)
 Metaspace       used 7227K, capacity 10078K, committed 10240K, reserved 1058816K
  class space    used 389K, capacity 705K, committed 768K, reserved 1048576K
}
Event: 10.940 GC heap before
{Heap before GC invocations=80 (full 0):
 garbage-first heap   total 262144K, used 160358K [0x0000000700c00000, 0x0000000800000000)
  region size 1024K, 153 young (156672K), 1 survivors (1024K)
 Metaspace       used 7227K, capacity 10078K, committed 10240K, reserved 1058816K
  class space    used 389K, capacity 705K, committed 768K, reserved 1048576K
}
Event: 10.940 GC heap after
{Heap after GC invocations=81 (full 0):
 garbage-first heap   total 262144K, used 4712K [0x0000000700c00000, 0x0000000800000000)
  region size 1024K, 1 young (1024K), 1 survivors (1024K)
 Metaspace       used 7227K, capacity 10078K, committed 10240K, reserved 1058816K
  class space    used 389K, capacity 705K, committed 768K, reserved 1048576K
}
Event: 11.067 GC heap before
{Heap before GC invocations=81 (full 0):
 garbage-first heap   total 262144K, used 160360K [0x0000000700c00000, 0x0000000800000000)
  region size 1024K, 153 young (156672K), 1 survivors (1024K)
 Metaspace       used 7227K, capacity 10078K, committed 10240K, reserved 1058816K
  class space    used 389K, capacity 705K, committed 768K, reserved 1048576K
}
Event: 11.067 GC heap after
{Heap after GC invocations=82 (full 0):
 garbage-first heap   total 262144K, used 4712K [0x0000000700c00000, 0x0000000800000000)
  region size 1024K, 1 young (1024K), 1 survivors (1024K)
 Metaspace       used 7227K, capacity 10078K, committed 10240K, reserved 1058816K
  class space    used 389K, capacity 705K, committed 768K, reserved 1048576K
}
Event: 11.198 GC heap before
{Heap before GC invocations=82 (full 0):
 garbage-first heap   total 262144K, used 160360K [0x0000000700c00000, 0x0000000800000000)
  region size 1024K, 153 young (156672K), 1 survivors (1024K)
 Metaspace       used 7230K, capacity 10079K, committed 10240K, reserved 1058816K
  class space    used 389K, capacity 705K, committed 768K, reserved 1048576K
}
Event: 11.198 GC heap after
{Heap after GC invocations=83 (full 0):
 garbage-first heap   total 262144K, used 4715K [0x0000000700c00000, 0x0000000800000000)
  region size 1024K, 1 young (1024K), 1 survivors (1024K)
 Metaspace       used 7230K, capacity 10079K, committed 10240K, reserved 1058816K
  class space    used 389K, capacity 705K, committed 768K, reserved 1048576K
}
Event: 11.325 GC heap before
{Heap before GC invocations=83 (full 0):
 garbage-first heap   total 262144K, used 160363K [0x0000000700c00000, 0x0000000800000000)
  region size 1024K, 153 young (156672K), 1 survivors (1024K)
 Metaspace       used 7230K, capacity 10079K, committed 10240K, reserved 1058816K
  class space    used 389K, capacity 705K, committed 768K, reserved 1048576K
}
Event: 11.325 GC heap after
{Heap after GC invocations=84 (full 0):
 garbage-first heap   total 262144K, used 4717K [0x0000000700c00000, 0x0000000800000000)
  region size 1024K, 1 young (1024K), 1 survivors (1024K)
 Metaspace       used 7230K, capacity 10079K, committed 10240K, reserved 1058816K
  class space    used 389K, capacity 705K, committed 768K, reserved 1048576K
}
Event: 11.450 GC heap before
{Heap before GC invocations=84 (full 0):
 garbage-first heap   total 262144K, used 160365K [0x0000000700c00000, 0x0000000800000000)
  region size 1024K, 153 young (156672K), 1 survivors (1024K)
 Metaspace       used 7230K, capacity 10079K, committed 10240K, reserved 1058816K
  class space    used 389K, capacity 705K, committed 768K, reserved 1048576K
}
Event: 11.450 GC heap after
{Heap after GC invocations=85 (full 0):
 garbage-first heap   total 262144K, used 4720K [0x0000000700c00000, 0x0000000800000000)
  region size 1024K, 1 young (1024K), 1 survivors (1024K)
 Metaspace       used 7230K, capacity 10079K, committed 10240K, reserved 1058816K
  class space    used 389K, capacity 705K, committed 768K, reserved 1048576K
}
Event: 11.571 GC heap before
{Heap before GC invocations=85 (full 0):
 garbage-first heap   total 262144K, used 160368K [0x0000000700c00000, 0x0000000800000000)
  region size 1024K, 153 young (156672K), 1 survivors (1024K)
 Metaspace       used 7230K, capacity 10079K, committed 10240K, reserved 1058816K
  class space    used 389K, capacity 705K, committed 768K, reserved 1048576K
}
Event: 11.572 GC heap after
{Heap after GC invocations=86 (full 0):
 garbage-first heap   total 262144K, used 4720K [0x0000000700c00000, 0x0000000800000000)
  region size 1024K, 1 young (1024K), 1 survivors (1024K)
 Metaspace       used 7230K, capacity 10079K, committed 10240K, reserved 1058816K
  class space    used 389K, capacity 705K, committed 768K, reserved 1048576K
}
Event: 11.697 GC heap before
{Heap before GC invocations=86 (full 0):
 garbage-first heap   total 262144K, used 160368K [0x0000000700c00000, 0x0000000800000000)
  region size 1024K, 153 young (156672K), 1 survivors (1024K)
 Metaspace       used 7230K, capacity 10079K, committed 10240K, reserved 1058816K
  class space    used 389K, capacity 705K, committed 768K, reserved 1048576K
}
Event: 11.697 GC heap after
{Heap after GC invocations=87 (full 0):
 garbage-first heap   total 262144K, used 4718K [0x0000000700c00000, 0x0000000800000000)
  region size 1024K, 1 young (1024K), 1 survivors (1024K)
 Metaspace       used 7230K, capacity 10079K, committed 10240K, reserved 1058816K
  class space    used 389K, capacity 705K, committed 768K, reserved 1048576K
}

Deoptimization events (20 events):
Event: 8.359 Thread 0x000002910a784000 Uncommon trap: trap_request=0xffffffe4 fr.pc=0x000002911a8de6d0 relative=0x0000000000007d10
Event: 8.359 Thread 0x000002910a784000 Uncommon trap: reason=range_check action=make_not_entrant pc=0x000002911a8de6d0 method=org.bytedeco.javacpp.Loader.findLibrary(Ljava/lang/Class;Lorg/bytedeco/javacpp/ClassProperties;Ljava/lang/String;Z)[Ljava/net/URL; @ 136 c2
Event: 8.359 Thread 0x000002910a784000 DEOPT PACKING pc=0x000002911a8de6d0 sp=0x000000f15a8fec50
Event: 8.359 Thread 0x000002910a784000 DEOPT UNPACKING pc=0x0000029112ca912f sp=0x000000f15a8febe0 mode 2
Event: 8.891 Thread 0x000002910a784000 Uncommon trap: trap_request=0xffffffbe fr.pc=0x000002911a8edc34 relative=0x0000000000004df4
Event: 8.891 Thread 0x000002910a784000 Uncommon trap: reason=profile_predicate action=maybe_recompile pc=0x000002911a8edc34 method=org.bytedeco.javacpp.Loader.findLibrary(Ljava/lang/Class;Lorg/bytedeco/javacpp/ClassProperties;Ljava/lang/String;Z)[Ljava/net/URL; @ 965 c2
Event: 8.891 Thread 0x000002910a784000 DEOPT PACKING pc=0x000002911a8edc34 sp=0x000000f15a8fe6a0
Event: 8.891 Thread 0x000002910a784000 DEOPT UNPACKING pc=0x0000029112ca912f sp=0x000000f15a8fe640 mode 2
Event: 8.901 Thread 0x000002910a784000 Uncommon trap: trap_request=0xffffffbe fr.pc=0x000002911a8edc34 relative=0x0000000000004df4
Event: 8.901 Thread 0x000002910a784000 Uncommon trap: reason=profile_predicate action=maybe_recompile pc=0x000002911a8edc34 method=org.bytedeco.javacpp.Loader.findLibrary(Ljava/lang/Class;Lorg/bytedeco/javacpp/ClassProperties;Ljava/lang/String;Z)[Ljava/net/URL; @ 965 c2
Event: 8.901 Thread 0x000002910a784000 DEOPT PACKING pc=0x000002911a8edc34 sp=0x000000f15a8fe6a0
Event: 8.901 Thread 0x000002910a784000 DEOPT UNPACKING pc=0x0000029112ca912f sp=0x000000f15a8fe640 mode 2
Event: 8.911 Thread 0x000002910a784000 Uncommon trap: trap_request=0xffffffbe fr.pc=0x000002911a8edc34 relative=0x0000000000004df4
Event: 8.911 Thread 0x000002910a784000 Uncommon trap: reason=profile_predicate action=maybe_recompile pc=0x000002911a8edc34 method=org.bytedeco.javacpp.Loader.findLibrary(Ljava/lang/Class;Lorg/bytedeco/javacpp/ClassProperties;Ljava/lang/String;Z)[Ljava/net/URL; @ 965 c2
Event: 8.911 Thread 0x000002910a784000 DEOPT PACKING pc=0x000002911a8edc34 sp=0x000000f15a8fe6a0
Event: 8.911 Thread 0x000002910a784000 DEOPT UNPACKING pc=0x0000029112ca912f sp=0x000000f15a8fe640 mode 2
Event: 8.921 Thread 0x000002910a784000 Uncommon trap: trap_request=0xffffffbe fr.pc=0x000002911a8edc34 relative=0x0000000000004df4
Event: 8.921 Thread 0x000002910a784000 Uncommon trap: reason=profile_predicate action=maybe_recompile pc=0x000002911a8edc34 method=org.bytedeco.javacpp.Loader.findLibrary(Ljava/lang/Class;Lorg/bytedeco/javacpp/ClassProperties;Ljava/lang/String;Z)[Ljava/net/URL; @ 965 c2
Event: 8.921 Thread 0x000002910a784000 DEOPT PACKING pc=0x000002911a8edc34 sp=0x000000f15a8fe6a0
Event: 8.921 Thread 0x000002910a784000 DEOPT UNPACKING pc=0x0000029112ca912f sp=0x000000f15a8fe640 mode 2

Classes unloaded (0 events):
No events

Classes redefined (0 events):
No events

Internal exceptions (20 events):
Event: 11.667 Thread 0x000002910a784000 Exception <a 'sun/nio/fs/WindowsException'{0x0000000709683180}> (0x0000000709683180) 
thrown [t:/workspace/open/src/hotspot/share/prims/jni.cpp, line 598]
Event: 11.667 Thread 0x000002910a784000 Exception <a 'sun/nio/fs/WindowsException'{0x00000007096831b0}> (0x00000007096831b0) 
thrown [t:/workspace/open/src/hotspot/share/prims/jni.cpp, line 598]
Event: 11.677 Thread 0x000002910a784000 Exception <a 'sun/nio/fs/WindowsException'{0x0000000708927ab0}> (0x0000000708927ab0) 
thrown [t:/workspace/open/src/hotspot/share/prims/jni.cpp, line 598]
Event: 11.677 Thread 0x000002910a784000 Exception <a 'sun/nio/fs/WindowsException'{0x0000000708927ae0}> (0x0000000708927ae0) 
thrown [t:/workspace/open/src/hotspot/share/prims/jni.cpp, line 598]
Event: 11.686 Thread 0x000002910a784000 Exception <a 'sun/nio/fs/WindowsException'{0x0000000707f2efc0}> (0x0000000707f2efc0) 
thrown [t:/workspace/open/src/hotspot/share/prims/jni.cpp, line 598]
Event: 11.686 Thread 0x000002910a784000 Exception <a 'sun/nio/fs/WindowsException'{0x0000000707f2eff0}> (0x0000000707f2eff0) 
thrown [t:/workspace/open/src/hotspot/share/prims/jni.cpp, line 598]
Event: 11.695 Thread 0x000002910a784000 Exception <a 'sun/nio/fs/WindowsException'{0x0000000707597668}> (0x0000000707597668) 
thrown [t:/workspace/open/src/hotspot/share/prims/jni.cpp, line 598]
Event: 11.695 Thread 0x000002910a784000 Exception <a 'sun/nio/fs/WindowsException'{0x0000000707597698}> (0x0000000707597698) 
thrown [t:/workspace/open/src/hotspot/share/prims/jni.cpp, line 598]
Event: 11.704 Thread 0x000002910a784000 Exception <a 'sun/nio/fs/WindowsException'{0x000000071039ebb8}> (0x000000071039ebb8) 
thrown [t:/workspace/open/src/hotspot/share/prims/jni.cpp, line 598]
Event: 11.705 Thread 0x000002910a784000 Exception <a 'sun/nio/fs/WindowsException'{0x000000071039ebe8}> (0x000000071039ebe8) 
thrown [t:/workspace/open/src/hotspot/share/prims/jni.cpp, line 598]
Event: 11.713 Thread 0x000002910a784000 Exception <a 'sun/nio/fs/WindowsException'{0x000000070f9cc7d0}> (0x000000070f9cc7d0) 
thrown [t:/workspace/open/src/hotspot/share/prims/jni.cpp, line 598]
Event: 11.714 Thread 0x000002910a784000 Exception <a 'sun/nio/fs/WindowsException'{0x000000070f9cc800}> (0x000000070f9cc800) 
thrown [t:/workspace/open/src/hotspot/share/prims/jni.cpp, line 598]
Event: 11.722 Thread 0x000002910a784000 Exception <a 'sun/nio/fs/WindowsException'{0x000000070efd4030}> (0x000000070efd4030) 
thrown [t:/workspace/open/src/hotspot/share/prims/jni.cpp, line 598]
Event: 11.723 Thread 0x000002910a784000 Exception <a 'sun/nio/fs/WindowsException'{0x000000070efd4060}> (0x000000070efd4060) 
thrown [t:/workspace/open/src/hotspot/share/prims/jni.cpp, line 598]
Event: 11.752 Thread 0x000002910a784000 Exception <a 'sun/nio/fs/WindowsException'{0x000000070cb542c8}> (0x000000070cb542c8) 
thrown [t:/workspace/open/src/hotspot/share/prims/jni.cpp, line 598]
Event: 11.753 Thread 0x000002910a784000 Exception <a 'sun/nio/fs/WindowsException'{0x000000070cb542f8}> (0x000000070cb542f8) 
thrown [t:/workspace/open/src/hotspot/share/prims/jni.cpp, line 598]
Event: 11.762 Thread 0x000002910a784000 Exception <a 'sun/nio/fs/WindowsException'{0x000000070c04e1b8}> (0x000000070c04e1b8) 
thrown [t:/workspace/open/src/hotspot/share/prims/jni.cpp, line 598]
Event: 11.762 Thread 0x000002910a784000 Exception <a 'sun/nio/fs/WindowsException'{0x000000070c04e1e8}> (0x000000070c04e1e8) 
thrown [t:/workspace/open/src/hotspot/share/prims/jni.cpp, line 598]
Event: 11.771 Thread 0x000002910a784000 Exception <a 'sun/nio/fs/WindowsException'{0x000000070b6ef8c0}> (0x000000070b6ef8c0) 
thrown [t:/workspace/open/src/hotspot/share/prims/jni.cpp, line 598]
Event: 11.771 Thread 0x000002910a784000 Exception <a 'sun/nio/fs/WindowsException'{0x000000070b6ef8f0}> (0x000000070b6ef8f0) 
thrown [t:/workspace/open/src/hotspot/share/prims/jni.cpp, line 598]

Events (20 events):
Event: 10.570 Executing VM operation: G1CollectForAllocation
Event: 10.570 Executing VM operation: G1CollectForAllocation done
Event: 10.695 Executing VM operation: G1CollectForAllocation
Event: 10.696 Executing VM operation: G1CollectForAllocation done
Event: 10.817 Executing VM operation: G1CollectForAllocation
Event: 10.818 Executing VM operation: G1CollectForAllocation done
Event: 10.940 Executing VM operation: G1CollectForAllocation
Event: 10.940 Executing VM operation: G1CollectForAllocation done
Event: 11.067 Executing VM operation: G1CollectForAllocation
Event: 11.067 Executing VM operation: G1CollectForAllocation done
Event: 11.198 Executing VM operation: G1CollectForAllocation
Event: 11.198 Executing VM operation: G1CollectForAllocation done
Event: 11.325 Executing VM operation: G1CollectForAllocation
Event: 11.325 Executing VM operation: G1CollectForAllocation done
Event: 11.449 Executing VM operation: G1CollectForAllocation
Event: 11.450 Executing VM operation: G1CollectForAllocation done
Event: 11.571 Executing VM operation: G1CollectForAllocation
Event: 11.572 Executing VM operation: G1CollectForAllocation done
Event: 11.697 Executing VM operation: G1CollectForAllocation
Event: 11.697 Executing VM operation: G1CollectForAllocation done


Dynamic libraries:
0x00007ff7bc250000 - 0x00007ff7bc25f000 	C:\Program Files\Java\jdk-13\bin\java.exe
0x00007ffae78c0000 - 0x00007ffae7ab0000 	C:\WINDOWS\SYSTEM32\ntdll.dll
0x00007ffae5ff0000 - 0x00007ffae60a2000 	C:\WINDOWS\System32\KERNEL32.DLL
0x00007ffae54c0000 - 0x00007ffae5763000 	C:\WINDOWS\System32\KERNELBASE.dll
0x00007ffae4850000 - 0x00007ffae494a000 	C:\WINDOWS\System32\ucrtbase.dll
0x00007ffadb980000 - 0x00007ffadb998000 	C:\Program Files\Java\jdk-13\bin\jli.dll
0x00007ffadef60000 - 0x00007ffadef75000 	C:\Program Files\Java\jdk-13\bin\VCRUNTIME140.dll
0x00007ffae5b70000 - 0x00007ffae5c13000 	C:\WINDOWS\System32\ADVAPI32.dll
0x00007ffae7110000 - 0x00007ffae71ae000 	C:\WINDOWS\System32\msvcrt.dll
0x00007ffae74e0000 - 0x00007ffae7577000 	C:\WINDOWS\System32\sechost.dll
0x00007ffae72d0000 - 0x00007ffae73f0000 	C:\WINDOWS\System32\RPCRT4.dll
0x00007ffae6f60000 - 0x00007ffae70f4000 	C:\WINDOWS\System32\USER32.dll
0x00007ffae4950000 - 0x00007ffae4971000 	C:\WINDOWS\System32\win32u.dll
0x00007ffad1370000 - 0x00007ffad15f5000 	C:\WINDOWS\WinSxS\amd64_microsoft.windows.common-controls_6595b64144ccf1df_6.0.18362.418_none_e6c6b287130d565d\COMCTL32.dll
0x00007ffae6270000 - 0x00007ffae6296000 	C:\WINDOWS\System32\GDI32.dll
0x00007ffae5c20000 - 0x00007ffae5f56000 	C:\WINDOWS\System32\combase.dll
0x00007ffae5210000 - 0x00007ffae53a4000 	C:\WINDOWS\System32\gdi32full.dll
0x00007ffae49d0000 - 0x00007ffae4a6e000 	C:\WINDOWS\System32\msvcp_win.dll
0x00007ffae57a0000 - 0x00007ffae5820000 	C:\WINDOWS\System32\bcryptPrimitives.dll
0x00007ffae0a90000 - 0x00007ffae0a9a000 	C:\WINDOWS\SYSTEM32\VERSION.dll
0x00007ffae7850000 - 0x00007ffae787e000 	C:\WINDOWS\System32\IMM32.DLL
0x00007ffad0980000 - 0x00007ffad0a1b000 	C:\Program Files\Java\jdk-13\bin\msvcp140.dll
0x00007ffa87580000 - 0x00007ffa880e6000 	C:\Program Files\Java\jdk-13\bin\server\jvm.dll
0x00007ffae60b0000 - 0x00007ffae60b8000 	C:\WINDOWS\System32\PSAPI.DLL
0x00007ffad07a0000 - 0x00007ffad07a9000 	C:\WINDOWS\SYSTEM32\WSOCK32.dll
0x00007ffadd400000 - 0x00007ffadd424000 	C:\WINDOWS\SYSTEM32\WINMM.dll
0x00007ffae73f0000 - 0x00007ffae745f000 	C:\WINDOWS\System32\WS2_32.dll
0x00007ffadd3d0000 - 0x00007ffadd3fd000 	C:\WINDOWS\SYSTEM32\WINMMBASE.dll
0x00007ffae4980000 - 0x00007ffae49ca000 	C:\WINDOWS\System32\cfgmgr32.dll
0x00007ffae47f0000 - 0x00007ffae4801000 	C:\WINDOWS\System32\kernel.appcore.dll
0x00007ffadef50000 - 0x00007ffadef60000 	C:\Program Files\Java\jdk-13\bin\verify.dll
0x00007ffadfb80000 - 0x00007ffadfd74000 	C:\WINDOWS\SYSTEM32\DBGHELP.DLL
0x00007ffadf640000 - 0x00007ffadf66a000 	C:\WINDOWS\SYSTEM32\dbgcore.DLL
0x00007ffadce20000 - 0x00007ffadce46000 	C:\Program Files\Java\jdk-13\bin\java.dll
0x00007ffadb800000 - 0x00007ffadb817000 	C:\Program Files\Java\jdk-13\bin\zip.dll
0x00007ffadef30000 - 0x00007ffadef3a000 	C:\Program Files\Java\jdk-13\bin\jimage.dll
0x00007ffae62a0000 - 0x00007ffae6985000 	C:\WINDOWS\System32\SHELL32.dll
0x00007ffae7220000 - 0x00007ffae72c9000 	C:\WINDOWS\System32\shcore.dll
0x00007ffae4a90000 - 0x00007ffae520f000 	C:\WINDOWS\System32\windows.storage.dll
0x00007ffae4810000 - 0x00007ffae482f000 	C:\WINDOWS\System32\profapi.dll
0x00007ffae47a0000 - 0x00007ffae47ea000 	C:\WINDOWS\System32\powrprof.dll
0x00007ffae4790000 - 0x00007ffae47a0000 	C:\WINDOWS\System32\UMPDC.dll
0x00007ffae7740000 - 0x00007ffae7792000 	C:\WINDOWS\System32\shlwapi.dll
0x00007ffae4a70000 - 0x00007ffae4a87000 	C:\WINDOWS\System32\cryptsp.dll
0x00007ffad47f0000 - 0x00007ffad4809000 	C:\Program Files\Java\jdk-13\bin\net.dll
0x00007ffadf4d0000 - 0x00007ffadf5c0000 	C:\WINDOWS\SYSTEM32\WINHTTP.dll
0x00007ffadd150000 - 0x00007ffadd326000 	C:\WINDOWS\SYSTEM32\urlmon.dll
0x00007ffad9fe0000 - 0x00007ffada286000 	C:\WINDOWS\SYSTEM32\iertutil.dll
0x00007ffae41d0000 - 0x00007ffae41dc000 	C:\WINDOWS\SYSTEM32\CRYPTBASE.DLL
0x00007ffae4000000 - 0x00007ffae4067000 	C:\WINDOWS\system32\mswsock.dll
0x00007ffad47d0000 - 0x00007ffad47e3000 	C:\Program Files\Java\jdk-13\bin\nio.dll
0x000000006d7c0000 - 0x000000006f38f000 	C:\Users\Salim\.javacpp\cache\openblas-0.3.6-1.5.1-windows-x86_64.jar\org\bytedeco\openblas\windows-x86_64\libopenblas_nolapack.dll
0x0000000071000000 - 0x0000000071061000 	C:\Users\Salim\.javacpp\cache\openblas-0.3.6-1.5.1-windows-x86_64.jar\org\bytedeco\openblas\windows-x86_64\jniopenblas_nolapack.dll
0x00000000003e0000 - 0x0000000001faf000 	C:\Users\Salim\.javacpp\cache\openblas-0.3.6-1.5.1-windows-x86_64.jar\org\bytedeco\openblas\windows-x86_64\libopenblas.dll
0x0000000067800000 - 0x0000000068716000 	C:\Users\Salim\.javacpp\cache\openblas-0.3.6-1.5.1-windows-x86_64.jar\org\bytedeco\openblas\windows-x86_64\jniopenblas.dll
0x000002910a6a0000 - 0x000002910a6a3000 	C:\Users\Salim\.javacpp\cache\opencv-4.1.0-1.5.1-windows-x86_64.jar\org\bytedeco\opencv\windows-x86_64\api-ms-win-crt-locale-l1-1-0.dll
0x000002910a6b0000 - 0x000002910a6b4000 	C:\Users\Salim\.javacpp\cache\opencv-4.1.0-1.5.1-windows-x86_64.jar\org\bytedeco\opencv\windows-x86_64\api-ms-win-crt-string-l1-1-0.dll
0x000002910a6c0000 - 0x000002910a6c4000 	C:\Users\Salim\.javacpp\cache\opencv-4.1.0-1.5.1-windows-x86_64.jar\org\bytedeco\opencv\windows-x86_64\api-ms-win-crt-stdio-l1-1-0.dll
0x000002910a6d0000 - 0x000002910a6d5000 	C:\Users\Salim\.javacpp\cache\opencv-4.1.0-1.5.1-windows-x86_64.jar\org\bytedeco\opencv\windows-x86_64\api-ms-win-crt-math-l1-1-0.dll
0x000002910a6e0000 - 0x000002910a6e3000 	C:\Users\Salim\.javacpp\cache\opencv-4.1.0-1.5.1-windows-x86_64.jar\org\bytedeco\opencv\windows-x86_64\api-ms-win-crt-heap-l1-1-0.dll
0x000002910a6f0000 - 0x000002910a6f4000 	C:\Users\Salim\.javacpp\cache\opencv-4.1.0-1.5.1-windows-x86_64.jar\org\bytedeco\opencv\windows-x86_64\api-ms-win-crt-runtime-l1-1-0.dll
0x000002910a700000 - 0x000002910a704000 	C:\Users\Salim\.javacpp\cache\opencv-4.1.0-1.5.1-windows-x86_64.jar\org\bytedeco\opencv\windows-x86_64\api-ms-win-crt-convert-l1-1-0.dll
0x000002910a710000 - 0x000002910a713000 	C:\Users\Salim\.javacpp\cache\opencv-4.1.0-1.5.1-windows-x86_64.jar\org\bytedeco\opencv\windows-x86_64\api-ms-win-crt-environment-l1-1-0.dll
0x000002910a720000 - 0x000002910a723000 	C:\Users\Salim\.javacpp\cache\opencv-4.1.0-1.5.1-windows-x86_64.jar\org\bytedeco\opencv\windows-x86_64\api-ms-win-crt-time-l1-1-0.dll
0x000002916e490000 - 0x000002916e493000 	C:\Users\Salim\.javacpp\cache\opencv-4.1.0-1.5.1-windows-x86_64.jar\org\bytedeco\opencv\windows-x86_64\api-ms-win-crt-filesystem-l1-1-0.dll
0x000002916e4a0000 - 0x000002916e4a3000 	C:\Users\Salim\.javacpp\cache\opencv-4.1.0-1.5.1-windows-x86_64.jar\org\bytedeco\opencv\windows-x86_64\api-ms-win-crt-utility-l1-1-0.dll
0x000002916e4b0000 - 0x000002916e4b5000 	C:\Users\Salim\.javacpp\cache\opencv-4.1.0-1.5.1-windows-x86_64.jar\org\bytedeco\opencv\windows-x86_64\api-ms-win-crt-multibyte-l1-1-0.dll
0x000002916e4c0000 - 0x000002916e4c3000 	C:\Users\Salim\.javacpp\cache\opencv-4.1.0-1.5.1-windows-x86_64.jar\org\bytedeco\opencv\windows-x86_64\api-ms-win-core-string-l1-1-0.dll
0x000002916e4d0000 - 0x000002916e4d3000 	C:\Users\Salim\.javacpp\cache\opencv-4.1.0-1.5.1-windows-x86_64.jar\org\bytedeco\opencv\windows-x86_64\api-ms-win-core-errorhandling-l1-1-0.dll
0x000002916e4e0000 - 0x000002916e4e3000 	C:\Users\Salim\.javacpp\cache\opencv-4.1.0-1.5.1-windows-x86_64.jar\org\bytedeco\opencv\windows-x86_64\api-ms-win-core-timezone-l1-1-0.dll
0x000002916e4f0000 - 0x000002916e4f4000 	C:\Users\Salim\.javacpp\cache\opencv-4.1.0-1.5.1-windows-x86_64.jar\org\bytedeco\opencv\windows-x86_64\api-ms-win-core-file-l1-1-0.dll
0x000002916e500000 - 0x000002916e503000 	C:\Users\Salim\.javacpp\cache\opencv-4.1.0-1.5.1-windows-x86_64.jar\org\bytedeco\opencv\windows-x86_64\api-ms-win-core-namedpipe-l1-1-0.dll
0x000002916e510000 - 0x000002916e513000 	C:\Users\Salim\.javacpp\cache\opencv-4.1.0-1.5.1-windows-x86_64.jar\org\bytedeco\opencv\windows-x86_64\api-ms-win-core-handle-l1-1-0.dll
0x000002916e520000 - 0x000002916e523000 	C:\Users\Salim\.javacpp\cache\opencv-4.1.0-1.5.1-windows-x86_64.jar\org\bytedeco\opencv\windows-x86_64\api-ms-win-core-file-l2-1-0.dll
0x000002916e530000 - 0x000002916e533000 	C:\Users\Salim\.javacpp\cache\opencv-4.1.0-1.5.1-windows-x86_64.jar\org\bytedeco\opencv\windows-x86_64\api-ms-win-core-heap-l1-1-0.dll
0x000002916e540000 - 0x000002916e543000 	C:\Users\Salim\.javacpp\cache\opencv-4.1.0-1.5.1-windows-x86_64.jar\org\bytedeco\opencv\windows-x86_64\api-ms-win-core-libraryloader-l1-1-0.dll
0x000002916e550000 - 0x000002916e553000 	C:\Users\Salim\.javacpp\cache\opencv-4.1.0-1.5.1-windows-x86_64.jar\org\bytedeco\opencv\windows-x86_64\api-ms-win-core-synch-l1-1-0.dll
0x000002916e560000 - 0x000002916e563000 	C:\Users\Salim\.javacpp\cache\opencv-4.1.0-1.5.1-windows-x86_64.jar\org\bytedeco\opencv\windows-x86_64\api-ms-win-core-processthreads-l1-1-0.dll
0x000002916e570000 - 0x000002916e573000 	C:\Users\Salim\.javacpp\cache\opencv-4.1.0-1.5.1-windows-x86_64.jar\org\bytedeco\opencv\windows-x86_64\api-ms-win-core-processenvironment-l1-1-0.dll
0x000002916e580000 - 0x000002916e583000 	C:\Users\Salim\.javacpp\cache\opencv-4.1.0-1.5.1-windows-x86_64.jar\org\bytedeco\opencv\windows-x86_64\api-ms-win-core-datetime-l1-1-0.dll
0x000002916e590000 - 0x000002916e593000 	C:\Users\Salim\.javacpp\cache\opencv-4.1.0-1.5.1-windows-x86_64.jar\org\bytedeco\opencv\windows-x86_64\api-ms-win-core-localization-l1-2-0.dll
0x000002916e5a0000 - 0x000002916e5a3000 	C:\Users\Salim\.javacpp\cache\opencv-4.1.0-1.5.1-windows-x86_64.jar\org\bytedeco\opencv\windows-x86_64\api-ms-win-core-sysinfo-l1-1-0.dll
0x000002916e5b0000 - 0x000002916e5b3000 	C:\Users\Salim\.javacpp\cache\opencv-4.1.0-1.5.1-windows-x86_64.jar\org\bytedeco\opencv\windows-x86_64\api-ms-win-core-synch-l1-2-0.dll
0x000002916e5c0000 - 0x000002916e5c3000 	C:\Users\Salim\.javacpp\cache\opencv-4.1.0-1.5.1-windows-x86_64.jar\org\bytedeco\opencv\windows-x86_64\api-ms-win-core-console-l1-1-0.dll
0x000002916e5d0000 - 0x000002916e5d3000 	C:\Users\Salim\.javacpp\cache\opencv-4.1.0-1.5.1-windows-x86_64.jar\org\bytedeco\opencv\windows-x86_64\api-ms-win-core-debug-l1-1-0.dll
0x000002916e5e0000 - 0x000002916e5e3000 	C:\Users\Salim\.javacpp\cache\opencv-4.1.0-1.5.1-windows-x86_64.jar\org\bytedeco\opencv\windows-x86_64\api-ms-win-core-rtlsupport-l1-1-0.dll
0x000002916e5f0000 - 0x000002916e5f3000 	C:\Users\Salim\.javacpp\cache\opencv-4.1.0-1.5.1-windows-x86_64.jar\org\bytedeco\opencv\windows-x86_64\api-ms-win-core-processthreads-l1-1-1.dll
0x000002916e600000 - 0x000002916e603000 	C:\Users\Salim\.javacpp\cache\opencv-4.1.0-1.5.1-windows-x86_64.jar\org\bytedeco\opencv\windows-x86_64\api-ms-win-core-file-l1-2-0.dll
0x000002916e610000 - 0x000002916e613000 	C:\Users\Salim\.javacpp\cache\opencv-4.1.0-1.5.1-windows-x86_64.jar\org\bytedeco\opencv\windows-x86_64\api-ms-win-core-profile-l1-1-0.dll
0x000002916e620000 - 0x000002916e623000 	C:\Users\Salim\.javacpp\cache\opencv-4.1.0-1.5.1-windows-x86_64.jar\org\bytedeco\opencv\windows-x86_64\api-ms-win-core-memory-l1-1-0.dll
0x000002916e630000 - 0x000002916e633000 	C:\Users\Salim\.javacpp\cache\opencv-4.1.0-1.5.1-windows-x86_64.jar\org\bytedeco\opencv\windows-x86_64\api-ms-win-core-util-l1-1-0.dll
0x000002916e640000 - 0x000002916e643000 	C:\Users\Salim\.javacpp\cache\opencv-4.1.0-1.5.1-windows-x86_64.jar\org\bytedeco\opencv\windows-x86_64\api-ms-win-core-interlocked-l1-1-0.dll
0x00007ffaabed0000 - 0x00007ffaabfc5000 	C:\Users\Salim\.javacpp\cache\opencv-4.1.0-1.5.1-windows-x86_64.jar\org\bytedeco\opencv\windows-x86_64\ucrtbase.dll
0x00007ffadb7d0000 - 0x00007ffadb7e7000 	C:\Users\Salim\.javacpp\cache\opencv-4.1.0-1.5.1-windows-x86_64.jar\org\bytedeco\opencv\windows-x86_64\vcruntime140.dll
0x00007ffabe730000 - 0x00007ffabe7cd000 	C:\Users\Salim\.javacpp\cache\opencv-4.1.0-1.5.1-windows-x86_64.jar\org\bytedeco\opencv\windows-x86_64\msvcp140.dll
0x00007ffac1400000 - 0x00007ffac1451000 	C:\Users\Salim\.javacpp\cache\opencv-4.1.0-1.5.1-windows-x86_64.jar\org\bytedeco\opencv\windows-x86_64\concrt140.dll
0x00007ffacfef0000 - 0x00007ffacff1e000 	C:\Users\Salim\.javacpp\cache\opencv-4.1.0-1.5.1-windows-x86_64.jar\org\bytedeco\opencv\windows-x86_64\vcomp140.dll
0x00007ffaa8fb0000 - 0x00007ffaa9390000 	C:\Users\Salim\.javacpp\cache\opencv-4.1.0-1.5.1-windows-x86_64.jar\org\bytedeco\opencv\windows-x86_64\opencv_core410.dll
0x00007ffaa7ef0000 - 0x00007ffaa8535000 	C:\Users\Salim\.javacpp\cache\opencv-4.1.0-1.5.1-windows-x86_64.jar\org\bytedeco\opencv\windows-x86_64\opencv_imgproc410.dll
0x00007ffaa8c70000 - 0x00007ffaa8fa1000 	C:\Users\Salim\.javacpp\cache\opencv-4.1.0-1.5.1-windows-x86_64.jar\org\bytedeco\opencv\windows-x86_64\jniopencv_core.dll
0x00007ffaa9ba0000 - 0x00007ffaa9cf4000 	C:\Users\Salim\.javacpp\cache\opencv-4.1.0-1.5.1-windows-x86_64.jar\org\bytedeco\opencv\windows-x86_64\jniopencv_imgproc.dll
0x00007ffaa7be0000 - 0x00007ffaa7ee3000 	C:\Users\Salim\.javacpp\cache\opencv-4.1.0-1.5.1-windows-x86_64.jar\org\bytedeco\opencv\windows-x86_64\opencv_imgcodecs410.dll
0x00007ffac1f00000 - 0x00007ffac1f30000 	C:\Users\Salim\.javacpp\cache\opencv-4.1.0-1.5.1-windows-x86_64.jar\org\bytedeco\opencv\windows-x86_64\jniopencv_imgcodecs.dll

dbghelp: loaded successfully - version: 4.0.5 - missing functions: none
symbol engine: initialized successfully - sym options: 0x614 - pdb path: .;C:\Program Files\Java\jdk-13\bin;C:\WINDOWS\SYSTEM32;C:\WINDOWS\WinSxS\amd64_microsoft.windows.common-controls_6595b64144ccf1df_6.0.18362.418_none_e6c6b287130d565d;C:\Program Files\Java\jdk-13\bin\server;C:\Users\Salim\.javacpp\cache\openblas-0.3.6-1.5.1-windows-x86_64.jar\org\bytedeco\openblas\windows-x86_64;C:\Users\Salim\.javacpp\cache\opencv-4.1.0-1.5.1-windows-x86_64.jar\org\bytedeco\opencv\windows-x86_64

VM Arguments:
java_command: com.mycompany.readreceipt.Main
java_class_path (initial): C:\Users\Salim\Documents\NetBeansProjects\ReadReceipt\target\classes;C:\Users\Salim\.m2\repository\org\bytedeco\javacv-platform\1.5.1\javacv-platform-1.5.1.jar;C:\Users\Salim\.m2\repository\org\bytedeco\javacv\1.5.1\javacv-1.5.1.jar;C:\Users\Salim\.m2\repository\org\bytedeco\openblas\0.3.6-1.5.1\openblas-0.3.6-1.5.1.jar;C:\Users\Salim\.m2\repository\org\bytedeco\opencv\4.1.0-1.5.1\opencv-4.1.0-1.5.1.jar;C:\Users\Salim\.m2\repository\org\bytedeco\ffmpeg\4.1.3-1.5.1\ffmpeg-4.1.3-1.5.1.jar;C:\Users\Salim\.m2\repository\org\bytedeco\flycapture\2.13.3.31-1.5.1\flycapture-2.13.3.31-1.5.1.jar;C:\Users\Salim\.m2\repository\org\bytedeco\libdc1394\2.2.6-1.5.1\libdc1394-2.2.6-1.5.1.jar;C:\Users\Salim\.m2\repository\org\bytedeco\libfreenect\0.5.7-1.5.1\libfreenect-0.5.7-1.5.1.jar;C:\Users\Salim\.m2\repository\org\bytedeco\libfreenect2\0.2.0-1.5.1\libfreenect2-0.2.0-1.5.1.jar;C:\Users\Salim\.m2\repository\org\bytedeco\librealsense\1.12.1-1.5.1\librealsense-1.12.1-1.5.1.jar;C:\Users\Salim\.m2\repository\org\bytedeco\videoinput\0.200-1.5.1\videoinput-0.200-1.5.1.jar;C:\Users\Salim\.m2\repository\org\bytedeco\artoolkitplus\2.3.1-1.5.1\artoolkitplus-2.3.1-1.5.1.jar;C:\Users\Salim\.m2\repository\org\bytedeco\flandmark\1.07-1.5.1\flandmark-1.07-1.5.1.jar;C:\Users\Salim\.m2\repository\org\bytedeco\leptonica\1.78.0-1.5.1\leptonica-1.78.0-1.5.1.jar;C:\Users\Salim\.m2\repository\org\bytedeco\tesseract\4.1.0-1.5.1\tesseract-4.1.0-1.5.1.jar;C:\Users\Salim\.m2\repository\org\bytedeco\openblas-platform\0.3.6-1.5.1\openblas-platform-0.3.6-1.5.1.jar;C:\Users\Salim\.m2\repository\org\bytedeco\openblas\0.3.6-1.5.1\openblas-0.3.6-1.5.1-android-arm.jar;C:\Users\Salim\.m2\repository\org\bytedeco\openblas\0.3.6-1.5.1\openblas-0.3.6-1.5.1-android-arm64.jar;C:\Users\Salim\.m2\repository\org\bytedeco\openblas\0.3.6-1.5.1\openblas-0.3.6-1.5.1-android-x86.jar;C:\Users\Salim\.m2\repository\org\bytedeco\openblas\0.3.6-1.5.1\openblas-0.3.6-1.5.1-android-x86_64.jar;C:\Users\Salim\
Launcher Type: SUN_STANDARD

[Global flags]
     intx CICompilerCount                          = 12                                        {product} {ergonomic}
     uint ConcGCThreads                            = 3                                         {product} {ergonomic}
     uint G1ConcRefinementThreads                  = 13                                        {product} {ergonomic}
   size_t G1HeapRegionSize                         = 1048576                                   {product} {ergonomic}
    uintx GCDrainStackTargetSize                   = 64                                        {product} {ergonomic}
   size_t InitialHeapSize                          = 268435456                                 {product} {ergonomic}
   size_t MarkStackSize                            = 4194304                                   {product} {ergonomic}
   size_t MaxHeapSize                              = 4282384384                                {product} {ergonomic}
   size_t MaxNewSize                               = 2569011200                                {product} {ergonomic}
   size_t MinHeapDeltaBytes                        = 1048576                                   {product} {ergonomic}
   size_t MinHeapSize                              = 8388608                                   {product} {ergonomic}
    uintx NonNMethodCodeHeapSize                   = 7594288                                {pd product} {ergonomic}
    uintx NonProfiledCodeHeapSize                  = 122031976                              {pd product} {ergonomic}
    uintx ProfiledCodeHeapSize                     = 122031976                              {pd product} {ergonomic}
    uintx ReservedCodeCacheSize                    = 251658240                              {pd product} {ergonomic}
     bool SegmentedCodeCache                       = true                                      {product} {ergonomic}
   size_t SoftMaxHeapSize                          = 4282384384                             {manageable} {ergonomic}
     bool UseCompressedClassPointers               = true                                 {lp64_product} {ergonomic}
     bool UseCompressedOops                        = true                                 {lp64_product} {ergonomic}
     bool UseG1GC                                  = true                                      {product} {ergonomic}
     bool UseLargePagesIndividualAllocation        = false                                  {pd product} {ergonomic}

Logging:
Log output configuration:
 #0: stdout all=warning uptime,level,tags
 #1: stderr all=off uptime,level,tags

Environment Variables:
JAVA_HOME=C:\Program Files\Java\jdk-13
PATH=;C:\Program Files (x86)\Common Files\Oracle\Java\javapath;C:\WINDOWS\system32;C:\WINDOWS;C:\WINDOWS\System32\Wbem;C:\WINDOWS\System32\WindowsPowerShell\v1.0\;C:\WINDOWS\System32\OpenSSH\;C:\Program Files (x86)\NVIDIA Corporation\PhysX\Common;C:\Program Files\Git\cmd;"C:\Program Files\Java\jdk1.8.0_60\bin;";C:\Users\Salim\AppData\Local\Microsoft\WindowsApps;
USERNAME=Salim
OS=Windows_NT
PROCESSOR_IDENTIFIER=AMD64 Family 23 Model 8 Stepping 2, AuthenticAMD



---------------  S Y S T E M  ---------------

OS: Windows 10 , 64 bit Build 18362 (10.0.18362.329)

CPU:total 16 (initial active 16) (16 cores per cpu, 2 threads per core) family 23 model 8 stepping 2, cmov, cx8, fxsr, mmx, sse, sse2, sse3, ssse3, sse4.1, sse4.2, popcnt, avx, avx2, aes, clmul, mmxext, 3dnowpref, lzcnt, sse4a, ht, tsc, tscinvbit, tscinv, bmi1, bmi2, adx, sha, fma

Memory: 4k page, system-wide physical 16335M (8519M free)
TotalPageFile size 18767M (AvailPageFile size 5956M)
current process WorkingSet (physical memory assigned to process): 235M, peak: 256M
current process commit charge ("private bytes"): 1358M, peak: 1379M

vm_info: Java HotSpot(TM) 64-Bit Server VM (13+33) for windows-amd64 JRE (13+33), built on Sep 18 2019 21:38:00 by "mach5one" with unknown MS VC++:1916

END.
