#
# A fatal error has been detected by the Java Runtime Environment:
#
#  EXCEPTION_ACCESS_VIOLATION (0xc0000005) at pc=0x00007ffdf0288a2d, pid=10056, tid=42444
#
# JRE version: Java(TM) SE Runtime Environment (13.0+33) (build 13+33)
# Java VM: Java HotSpot(TM) 64-Bit Server VM (13+33, mixed mode, sharing, tiered, compressed oops, g1 gc, windows-amd64)
# Problematic frame:
# C  [opencv_imgproc310.dll+0x188a2d]
#
# No core dump will be written. Minidumps are not enabled by default on client versions of Windows
#
# If you would like to submit a bug report, please visit:
#   http://bugreport.java.com/bugreport/crash.jsp
# The crash happened outside the Java Virtual Machine in native code.
# See problematic frame for where to report the bug.
#

---------------  S U M M A R Y ------------

Command Line: com.mycompany.readreceipt.Main

Host: AMD Ryzen 7 2700X Eight-Core Processor         , 16 cores, 15G,  Windows 10 , 64 bit Build 18362 (10.0.18362.329)
Time: Wed Oct 23 20:50:07 2019 Türkiye Standart Saati elapsed time: 0 seconds (0d 0h 0m 0s)

---------------  T H R E A D  ---------------

Current thread (0x000002e7e30d1800):  JavaThread "main" [_thread_in_native, id=42444, stack(0x000000f34ae00000,0x000000f34af00000)]

Stack: [0x000000f34ae00000,0x000000f34af00000],  sp=0x000000f34aefe540,  free space=1017k
Native frames: (J=compiled Java code, j=interpreted, Vv=VM code, C=native code)
C  [opencv_imgproc310.dll+0x188a2d]

Java frames: (J=compiled Java code, j=interpreted, Vv=VM code)
j  org.bytedeco.javacpp.opencv_imgproc.cvSmooth(Lorg/bytedeco/javacpp/helper/opencv_core$CvArr;Lorg/bytedeco/javacpp/helper/opencv_core$CvArr;IIIDD)V+0
j  com.mycompany.readreceipt.ReceiptScannerImpl.cleanImageSmoothingForOCR(Lorg/bytedeco/javacpp/opencv_core$IplImage;)Lorg/bytedeco/javacpp/opencv_core$IplImage;+42
j  com.mycompany.readreceipt.ReceiptScannerImpl.preprocessaImagem(Ljava/lang/String;)Ljava/lang/String;+94
j  com.mycompany.readreceipt.ReceiptScannerImpl.getTextFromReceiptImage(Ljava/lang/String;)Ljava/lang/String;+2
j  com.mycompany.readreceipt.Main.main([Ljava/lang/String;)V+16
v  ~StubRoutines::call_stub

siginfo: EXCEPTION_ACCESS_VIOLATION (0xc0000005), reading address 0x0000000000000000


Register to memory mapping:

RIP=0x00007ffdf0288a2d opencv_imgproc310.dll
RAX=0x00007ffdf031e0b0 opencv_imgproc310.dll
RBX=0x0 is NULL
RCX=0xffffffffffffffff is an unknown value
RDX=0x0000000000000001 is an unknown value
RSP=0x000000f34aefe540 is pointing into the stack for thread: 0x000002e7e30d1800
RBP=0x000000f34aefe640 is pointing into the stack for thread: 0x000002e7e30d1800
RSI=0x0 is NULL
RDI=0x0 is NULL
R8 =0x00000000ffffffff is an unknown value
R9 =0x0 is NULL
R10=0x0 is NULL
R11=0x0 is NULL
R12=0xffffffffffffffff is an unknown value
R13=0x0 is NULL
R14=0x0000000000000001 is an unknown value
R15=0xffffffffffffffff is an unknown value


Registers:
RAX=0x00007ffdf031e0b0, RBX=0x0000000000000000, RCX=0xffffffffffffffff, RDX=0x0000000000000001
RSP=0x000000f34aefe540, RBP=0x000000f34aefe640, RSI=0x0000000000000000, RDI=0x0000000000000000
R8 =0x00000000ffffffff, R9 =0x0000000000000000, R10=0x0000000000000000, R11=0x0000000000000000
R12=0xffffffffffffffff, R13=0x0000000000000000, R14=0x0000000000000001, R15=0xffffffffffffffff
RIP=0x00007ffdf0288a2d, EFLAGS=0x0000000000010297

Top of Stack: (sp=0x000000f34aefe540)
0x000000f34aefe540:   000000f34aefeab8 00007ffdf05778f9
0x000000f34aefe550:   00000000000000a5 000002e78885fbc0
0x000000f34aefe560:   0000000000000001 00000001101c1601
0x000000f34aefe570:   00000001ffffffff 0000000000000004
0x000000f34aefe580:   ffffffff00000001 0000000000000000
0x000000f34aefe590:   0000000000000000 ffffffffffffffff
0x000000f34aefe5a0:   000000f300000000 0000000000000000
0x000000f34aefe5b0:   0000000000000000 0000000000000000
0x000000f34aefe5c0:   000000f34aefeb10 0000000000000000
0x000000f34aefe5d0:   000002e788ba100f 0000000000000000
0x000000f34aefe5e0:   0000000000000000 0000000000000000
0x000000f34aefe5f0:   0000000000000001 00007ffe2ec414cb
0x000000f34aefe600:   0000000000000000 000002e78885ff80
0x000000f34aefe610:   0000000000000001 000002e78885ff80
0x000000f34aefe620:   ffffffffffffffff 00007ffe1276154b
0x000000f34aefe630:   fffffffffffffffe 00007ffd00000000 

Instructions: (pc=0x00007ffdf0288a2d)
0x00007ffdf028892d:   60 00 00 00 00 48 8d 05 77 57 09 00 44 89 4c 24
0x00007ffdf028893d:   38 44 89 44 24 34 48 89 5d 90 4c 89 55 60 49 8b
0x00007ffdf028894d:   ff 4c 89 7c 24 50 48 89 75 70 66 0f 1f 84 00 00
0x00007ffdf028895d:   00 00 00 41 8d 48 fe 4c 8d 5c 24 2c 48 8d 54 24
0x00007ffdf028896d:   60 85 c9 89 4c 24 2c 44 89 44 24 20 49 0f 49 d3
0x00007ffdf028897d:   8b 0a 48 8d 54 24 20 41 0f af ca 4c 63 d9 48 8d
0x00007ffdf028898d:   4c 24 38 4d 03 df 45 3b c8 48 0f 4d ca 41 8b d5
0x00007ffdf028899d:   4c 89 5c 24 68 8b 09 41 0f af ca 48 63 f1 0f b6
0x00007ffdf02889ad:   4c 24 28 49 03 f7 84 c9 41 0f 45 d4 33 db 45 33
0x00007ffdf02889bd:   c9 4c 89 4c 24 48 48 89 75 c0 89 5c 24 24 48 63
0x00007ffdf02889cd:   ca 89 54 24 2c 4c 3b c9 0f 8d 9a 02 00 00 49 8b
0x00007ffdf02889dd:   ce 45 8b c5 4d 8b fb 45 2b c4 48 f7 d9 4d 2b fe
0x00007ffdf02889ed:   4c 8d 14 09 4c 8b e7 48 8b ce 4d 2b e6 4b 8d 14
0x00007ffdf02889fd:   0e 49 2b ce 44 89 44 24 30 4c 89 55 f0 4c 89 7d
0x00007ffdf0288a0d:   e0 48 89 4c 24 58 48 89 55 b0 4c 89 65 00 0f 1f
0x00007ffdf0288a1d:   44 00 00 4d 3b ce 7c 05 4c 03 d2 eb 03 4d 8b d1
0x00007ffdf0288a2d:   46 0f b6 2c 17 41 3b d8 41 0f b6 1c 14 47 0f b6
0x00007ffdf0288a3d:   04 1a 45 0f b6 24 32 4c 8b 54 24 58 49 8b c9 45
0x00007ffdf0288a4d:   0f b6 0c 17 45 8b f0 48 0f 4c ca 46 0f b6 3c 19
0x00007ffdf0288a5d:   45 0f b6 1c 12 44 0f b6 14 31 0f b6 3c 0f 41 8b
0x00007ffdf0288a6d:   d1 49 2b d7 0f b6 8c 02 00 01 00 00 8b d3 44 2b
0x00007ffdf0288a7d:   c9 48 2b d7 44 03 f9 0f b6 8c 02 00 01 00 00 41
0x00007ffdf0288a8d:   8b d3 2b d9 49 2b d2 03 f9 0f b6 8c 02 00 01 00
0x00007ffdf0288a9d:   00 41 8b d0 44 2b d9 44 03 d1 49 63 c9 48 2b d1
0x00007ffdf0288aad:   48 63 cb 4d 63 d2 0f b6 b4 02 00 01 00 00 41 8b
0x00007ffdf0288abd:   d5 48 2b d1 44 03 ce 0f b6 8c 02 00 01 00 00 4d
0x00007ffdf0288acd:   63 c9 41 8b d4 03 d9 44 2b e9 49 63 cb 48 2b d1
0x00007ffdf0288add:   0f b6 8c 02 00 01 00 00 49 8b d1 44 03 d9 44 2b
0x00007ffdf0288aed:   e1 49 63 cf 48 2b d1 48 63 cf 44 0f b6 84 02 00
0x00007ffdf0288afd:   01 00 00 48 63 d3 48 2b d1 4d 2b c8 45 03 f8 0f
0x00007ffdf0288b0d:   b6 8c 02 00 01 00 00 2b d9 03 f9 49 63 cb 49 2b
0x00007ffdf0288b1d:   ca 89 5c 24 20 0f b6 94 01 00 01 00 00 48 63 4c 


Stack slot to memory mapping:
stack at sp + 0 slots: 0x000000f34aefeab8 is pointing into the stack for thread: 0x000002e7e30d1800
stack at sp + 1 slots: 0x00007ffdf05778f9 opencv_core310.dll
stack at sp + 2 slots: 0x00000000000000a5 is an unknown value
stack at sp + 3 slots: 0x000002e78885fbc0 points into unknown readable memory: 00 7d 87 88 e7 02 00 00
stack at sp + 4 slots: 0x0000000000000001 is an unknown value
stack at sp + 5 slots: 0x00000001101c1601 is an unknown value
stack at sp + 6 slots: 0x00000001ffffffff is an unknown value
stack at sp + 7 slots: 0x0000000000000004 is an unknown value


---------------  P R O C E S S  ---------------

Threads class SMR info:
_java_thread_list=0x000002e78880c7f0, length=13, elements={
0x000002e7e30d1800, 0x000002e7ff8be800, 0x000002e7ff948000, 0x000002e7ff962000,
0x000002e7ff965800, 0x000002e7ff967800, 0x000002e7ff96d800, 0x000002e7ff96f000,
0x000002e7ffa95800, 0x000002e7ffa98800, 0x000002e7ffae8000, 0x000002e7ffaf0800,
0x000002e7ffc9a800
}

Java Threads: ( => current thread )
=>0x000002e7e30d1800 JavaThread "main" [_thread_in_native, id=42444, stack(0x000000f34ae00000,0x000000f34af00000)]
  0x000002e7ff8be800 JavaThread "Reference Handler" daemon [_thread_blocked, id=42584, stack(0x000000f34b500000,0x000000f34b600000)]
  0x000002e7ff948000 JavaThread "Finalizer" daemon [_thread_blocked, id=42860, stack(0x000000f34b600000,0x000000f34b700000)]
  0x000002e7ff962000 JavaThread "Signal Dispatcher" daemon [_thread_blocked, id=20732, stack(0x000000f34b700000,0x000000f34b800000)]
  0x000002e7ff965800 JavaThread "Attach Listener" daemon [_thread_blocked, id=42888, stack(0x000000f34b800000,0x000000f34b900000)]
  0x000002e7ff967800 JavaThread "C2 CompilerThread0" daemon [_thread_blocked, id=37224, stack(0x000000f34b900000,0x000000f34ba00000)]
  0x000002e7ff96d800 JavaThread "C1 CompilerThread0" daemon [_thread_blocked, id=40388, stack(0x000000f34ba00000,0x000000f34bb00000)]
  0x000002e7ff96f000 JavaThread "Sweeper thread" daemon [_thread_blocked, id=40860, stack(0x000000f34bb00000,0x000000f34bc00000)]
  0x000002e7ffa95800 JavaThread "C1 CompilerThread1" daemon [_thread_blocked, id=33928, stack(0x000000f34bc00000,0x000000f34bd00000)]
  0x000002e7ffa98800 JavaThread "C1 CompilerThread2" daemon [_thread_blocked, id=41768, stack(0x000000f34bd00000,0x000000f34be00000)]
  0x000002e7ffae8000 JavaThread "Service Thread" daemon [_thread_blocked, id=40884, stack(0x000000f34be00000,0x000000f34bf00000)]
  0x000002e7ffaf0800 JavaThread "Common-Cleaner" daemon [_thread_blocked, id=29620, stack(0x000000f34c000000,0x000000f34c100000)]
  0x000002e7ffc9a800 JavaThread "C1 CompilerThread3" daemon [_thread_blocked, id=28308, stack(0x000000f34c200000,0x000000f34c300000)]

Other Threads:
  0x000002e7ff944000 VMThread "VM Thread" [stack: 0x000000f34b400000,0x000000f34b500000] [id=39280]
  0x000002e7ffaea800 WatcherThread [stack: 0x000000f34bf00000,0x000000f34c000000] [id=31476]
  0x000002e7e313d000 GCTaskThread "GC Thread#0" [stack: 0x000000f34af00000,0x000000f34b000000] [id=41972]
  0x000002e7e3160800 ConcurrentGCThread "G1 Main Marker" [stack: 0x000000f34b000000,0x000000f34b100000] [id=31836]
  0x000002e7e3162800 ConcurrentGCThread "G1 Conc#0" [stack: 0x000000f34b100000,0x000000f34b200000] [id=42404]
  0x000002e7ff7b7000 ConcurrentGCThread "G1 Refine#0" [stack: 0x000000f34b200000,0x000000f34b300000] [id=42568]
  0x000002e7ff7b9000 ConcurrentGCThread "G1 Young RemSet Sampling" [stack: 0x000000f34b300000,0x000000f34b400000] [id=42148]

Threads with active compile tasks:

VM state:not at safepoint (normal execution)

VM Mutex/Monitor currently owned by a thread: None

Heap address: 0x0000000700c00000, size: 4084 MB, Compressed Oops mode: Zero based, Oop shift amount: 3
Narrow klass base: 0x0000000800000000, Narrow klass shift: 3
Compressed class space size: 1073741824 Address: 0x0000000800b40000

Heap:
 garbage-first heap   total 262144K, used 10240K [0x0000000700c00000, 0x0000000800000000)
  region size 1024K, 11 young (11264K), 0 survivors (0K)
 Metaspace       used 3655K, capacity 6728K, committed 6912K, reserved 1056768K
  class space    used 337K, capacity 648K, committed 768K, reserved 1048576K
Heap Regions: E=young(eden), S=young(survivor), O=old, HS=humongous(starts), HC=humongous(continues), CS=collection set, F=free, A=archive, TAMS=top-at-mark-start (previous, next)
|   0|0x0000000700c00000, 0x0000000700c00000, 0x0000000700d00000|  0%| F|  |TAMS 0x0000000700c00000, 0x0000000700c00000| Untracked 
|   1|0x0000000700d00000, 0x0000000700d00000, 0x0000000700e00000|  0%| F|  |TAMS 0x0000000700d00000, 0x0000000700d00000| Untracked 
|   2|0x0000000700e00000, 0x0000000700e00000, 0x0000000700f00000|  0%| F|  |TAMS 0x0000000700e00000, 0x0000000700e00000| Untracked 
|   3|0x0000000700f00000, 0x0000000700f00000, 0x0000000701000000|  0%| F|  |TAMS 0x0000000700f00000, 0x0000000700f00000| Untracked 
|   4|0x0000000701000000, 0x0000000701000000, 0x0000000701100000|  0%| F|  |TAMS 0x0000000701000000, 0x0000000701000000| Untracked 
|   5|0x0000000701100000, 0x0000000701100000, 0x0000000701200000|  0%| F|  |TAMS 0x0000000701100000, 0x0000000701100000| Untracked 
|   6|0x0000000701200000, 0x0000000701200000, 0x0000000701300000|  0%| F|  |TAMS 0x0000000701200000, 0x0000000701200000| Untracked 
|   7|0x0000000701300000, 0x0000000701300000, 0x0000000701400000|  0%| F|  |TAMS 0x0000000701300000, 0x0000000701300000| Untracked 
|   8|0x0000000701400000, 0x0000000701400000, 0x0000000701500000|  0%| F|  |TAMS 0x0000000701400000, 0x0000000701400000| Untracked 
|   9|0x0000000701500000, 0x0000000701500000, 0x0000000701600000|  0%| F|  |TAMS 0x0000000701500000, 0x0000000701500000| Untracked 
|  10|0x0000000701600000, 0x0000000701600000, 0x0000000701700000|  0%| F|  |TAMS 0x0000000701600000, 0x0000000701600000| Untracked 
|  11|0x0000000701700000, 0x0000000701700000, 0x0000000701800000|  0%| F|  |TAMS 0x0000000701700000, 0x0000000701700000| Untracked 
|  12|0x0000000701800000, 0x0000000701800000, 0x0000000701900000|  0%| F|  |TAMS 0x0000000701800000, 0x0000000701800000| Untracked 
|  13|0x0000000701900000, 0x0000000701900000, 0x0000000701a00000|  0%| F|  |TAMS 0x0000000701900000, 0x0000000701900000| Untracked 
|  14|0x0000000701a00000, 0x0000000701a00000, 0x0000000701b00000|  0%| F|  |TAMS 0x0000000701a00000, 0x0000000701a00000| Untracked 
|  15|0x0000000701b00000, 0x0000000701b00000, 0x0000000701c00000|  0%| F|  |TAMS 0x0000000701b00000, 0x0000000701b00000| Untracked 
|  16|0x0000000701c00000, 0x0000000701c00000, 0x0000000701d00000|  0%| F|  |TAMS 0x0000000701c00000, 0x0000000701c00000| Untracked 
|  17|0x0000000701d00000, 0x0000000701d00000, 0x0000000701e00000|  0%| F|  |TAMS 0x0000000701d00000, 0x0000000701d00000| Untracked 
|  18|0x0000000701e00000, 0x0000000701e00000, 0x0000000701f00000|  0%| F|  |TAMS 0x0000000701e00000, 0x0000000701e00000| Untracked 
|  19|0x0000000701f00000, 0x0000000701f00000, 0x0000000702000000|  0%| F|  |TAMS 0x0000000701f00000, 0x0000000701f00000| Untracked 
|  20|0x0000000702000000, 0x0000000702000000, 0x0000000702100000|  0%| F|  |TAMS 0x0000000702000000, 0x0000000702000000| Untracked 
|  21|0x0000000702100000, 0x0000000702100000, 0x0000000702200000|  0%| F|  |TAMS 0x0000000702100000, 0x0000000702100000| Untracked 
|  22|0x0000000702200000, 0x0000000702200000, 0x0000000702300000|  0%| F|  |TAMS 0x0000000702200000, 0x0000000702200000| Untracked 
|  23|0x0000000702300000, 0x0000000702300000, 0x0000000702400000|  0%| F|  |TAMS 0x0000000702300000, 0x0000000702300000| Untracked 
|  24|0x0000000702400000, 0x0000000702400000, 0x0000000702500000|  0%| F|  |TAMS 0x0000000702400000, 0x0000000702400000| Untracked 
|  25|0x0000000702500000, 0x0000000702500000, 0x0000000702600000|  0%| F|  |TAMS 0x0000000702500000, 0x0000000702500000| Untracked 
|  26|0x0000000702600000, 0x0000000702600000, 0x0000000702700000|  0%| F|  |TAMS 0x0000000702600000, 0x0000000702600000| Untracked 
|  27|0x0000000702700000, 0x0000000702700000, 0x0000000702800000|  0%| F|  |TAMS 0x0000000702700000, 0x0000000702700000| Untracked 
|  28|0x0000000702800000, 0x0000000702800000, 0x0000000702900000|  0%| F|  |TAMS 0x0000000702800000, 0x0000000702800000| Untracked 
|  29|0x0000000702900000, 0x0000000702900000, 0x0000000702a00000|  0%| F|  |TAMS 0x0000000702900000, 0x0000000702900000| Untracked 
|  30|0x0000000702a00000, 0x0000000702a00000, 0x0000000702b00000|  0%| F|  |TAMS 0x0000000702a00000, 0x0000000702a00000| Untracked 
|  31|0x0000000702b00000, 0x0000000702b00000, 0x0000000702c00000|  0%| F|  |TAMS 0x0000000702b00000, 0x0000000702b00000| Untracked 
|  32|0x0000000702c00000, 0x0000000702c00000, 0x0000000702d00000|  0%| F|  |TAMS 0x0000000702c00000, 0x0000000702c00000| Untracked 
|  33|0x0000000702d00000, 0x0000000702d00000, 0x0000000702e00000|  0%| F|  |TAMS 0x0000000702d00000, 0x0000000702d00000| Untracked 
|  34|0x0000000702e00000, 0x0000000702e00000, 0x0000000702f00000|  0%| F|  |TAMS 0x0000000702e00000, 0x0000000702e00000| Untracked 
|  35|0x0000000702f00000, 0x0000000702f00000, 0x0000000703000000|  0%| F|  |TAMS 0x0000000702f00000, 0x0000000702f00000| Untracked 
|  36|0x0000000703000000, 0x0000000703000000, 0x0000000703100000|  0%| F|  |TAMS 0x0000000703000000, 0x0000000703000000| Untracked 
|  37|0x0000000703100000, 0x0000000703100000, 0x0000000703200000|  0%| F|  |TAMS 0x0000000703100000, 0x0000000703100000| Untracked 
|  38|0x0000000703200000, 0x0000000703200000, 0x0000000703300000|  0%| F|  |TAMS 0x0000000703200000, 0x0000000703200000| Untracked 
|  39|0x0000000703300000, 0x0000000703300000, 0x0000000703400000|  0%| F|  |TAMS 0x0000000703300000, 0x0000000703300000| Untracked 
|  40|0x0000000703400000, 0x0000000703400000, 0x0000000703500000|  0%| F|  |TAMS 0x0000000703400000, 0x0000000703400000| Untracked 
|  41|0x0000000703500000, 0x0000000703500000, 0x0000000703600000|  0%| F|  |TAMS 0x0000000703500000, 0x0000000703500000| Untracked 
|  42|0x0000000703600000, 0x0000000703600000, 0x0000000703700000|  0%| F|  |TAMS 0x0000000703600000, 0x0000000703600000| Untracked 
|  43|0x0000000703700000, 0x0000000703700000, 0x0000000703800000|  0%| F|  |TAMS 0x0000000703700000, 0x0000000703700000| Untracked 
|  44|0x0000000703800000, 0x0000000703800000, 0x0000000703900000|  0%| F|  |TAMS 0x0000000703800000, 0x0000000703800000| Untracked 
|  45|0x0000000703900000, 0x0000000703900000, 0x0000000703a00000|  0%| F|  |TAMS 0x0000000703900000, 0x0000000703900000| Untracked 
|  46|0x0000000703a00000, 0x0000000703a00000, 0x0000000703b00000|  0%| F|  |TAMS 0x0000000703a00000, 0x0000000703a00000| Untracked 
|  47|0x0000000703b00000, 0x0000000703b00000, 0x0000000703c00000|  0%| F|  |TAMS 0x0000000703b00000, 0x0000000703b00000| Untracked 
|  48|0x0000000703c00000, 0x0000000703c00000, 0x0000000703d00000|  0%| F|  |TAMS 0x0000000703c00000, 0x0000000703c00000| Untracked 
|  49|0x0000000703d00000, 0x0000000703d00000, 0x0000000703e00000|  0%| F|  |TAMS 0x0000000703d00000, 0x0000000703d00000| Untracked 
|  50|0x0000000703e00000, 0x0000000703e00000, 0x0000000703f00000|  0%| F|  |TAMS 0x0000000703e00000, 0x0000000703e00000| Untracked 
|  51|0x0000000703f00000, 0x0000000703f00000, 0x0000000704000000|  0%| F|  |TAMS 0x0000000703f00000, 0x0000000703f00000| Untracked 
|  52|0x0000000704000000, 0x0000000704000000, 0x0000000704100000|  0%| F|  |TAMS 0x0000000704000000, 0x0000000704000000| Untracked 
|  53|0x0000000704100000, 0x0000000704100000, 0x0000000704200000|  0%| F|  |TAMS 0x0000000704100000, 0x0000000704100000| Untracked 
|  54|0x0000000704200000, 0x0000000704200000, 0x0000000704300000|  0%| F|  |TAMS 0x0000000704200000, 0x0000000704200000| Untracked 
|  55|0x0000000704300000, 0x0000000704300000, 0x0000000704400000|  0%| F|  |TAMS 0x0000000704300000, 0x0000000704300000| Untracked 
|  56|0x0000000704400000, 0x0000000704400000, 0x0000000704500000|  0%| F|  |TAMS 0x0000000704400000, 0x0000000704400000| Untracked 
|  57|0x0000000704500000, 0x0000000704500000, 0x0000000704600000|  0%| F|  |TAMS 0x0000000704500000, 0x0000000704500000| Untracked 
|  58|0x0000000704600000, 0x0000000704600000, 0x0000000704700000|  0%| F|  |TAMS 0x0000000704600000, 0x0000000704600000| Untracked 
|  59|0x0000000704700000, 0x0000000704700000, 0x0000000704800000|  0%| F|  |TAMS 0x0000000704700000, 0x0000000704700000| Untracked 
|  60|0x0000000704800000, 0x0000000704800000, 0x0000000704900000|  0%| F|  |TAMS 0x0000000704800000, 0x0000000704800000| Untracked 
|  61|0x0000000704900000, 0x0000000704900000, 0x0000000704a00000|  0%| F|  |TAMS 0x0000000704900000, 0x0000000704900000| Untracked 
|  62|0x0000000704a00000, 0x0000000704a00000, 0x0000000704b00000|  0%| F|  |TAMS 0x0000000704a00000, 0x0000000704a00000| Untracked 
|  63|0x0000000704b00000, 0x0000000704b00000, 0x0000000704c00000|  0%| F|  |TAMS 0x0000000704b00000, 0x0000000704b00000| Untracked 
|  64|0x0000000704c00000, 0x0000000704c00000, 0x0000000704d00000|  0%| F|  |TAMS 0x0000000704c00000, 0x0000000704c00000| Untracked 
|  65|0x0000000704d00000, 0x0000000704d00000, 0x0000000704e00000|  0%| F|  |TAMS 0x0000000704d00000, 0x0000000704d00000| Untracked 
|  66|0x0000000704e00000, 0x0000000704e00000, 0x0000000704f00000|  0%| F|  |TAMS 0x0000000704e00000, 0x0000000704e00000| Untracked 
|  67|0x0000000704f00000, 0x0000000704f00000, 0x0000000705000000|  0%| F|  |TAMS 0x0000000704f00000, 0x0000000704f00000| Untracked 
|  68|0x0000000705000000, 0x0000000705000000, 0x0000000705100000|  0%| F|  |TAMS 0x0000000705000000, 0x0000000705000000| Untracked 
|  69|0x0000000705100000, 0x0000000705100000, 0x0000000705200000|  0%| F|  |TAMS 0x0000000705100000, 0x0000000705100000| Untracked 
|  70|0x0000000705200000, 0x0000000705200000, 0x0000000705300000|  0%| F|  |TAMS 0x0000000705200000, 0x0000000705200000| Untracked 
|  71|0x0000000705300000, 0x0000000705300000, 0x0000000705400000|  0%| F|  |TAMS 0x0000000705300000, 0x0000000705300000| Untracked 
|  72|0x0000000705400000, 0x0000000705400000, 0x0000000705500000|  0%| F|  |TAMS 0x0000000705400000, 0x0000000705400000| Untracked 
|  73|0x0000000705500000, 0x0000000705500000, 0x0000000705600000|  0%| F|  |TAMS 0x0000000705500000, 0x0000000705500000| Untracked 
|  74|0x0000000705600000, 0x0000000705600000, 0x0000000705700000|  0%| F|  |TAMS 0x0000000705600000, 0x0000000705600000| Untracked 
|  75|0x0000000705700000, 0x0000000705700000, 0x0000000705800000|  0%| F|  |TAMS 0x0000000705700000, 0x0000000705700000| Untracked 
|  76|0x0000000705800000, 0x0000000705800000, 0x0000000705900000|  0%| F|  |TAMS 0x0000000705800000, 0x0000000705800000| Untracked 
|  77|0x0000000705900000, 0x0000000705900000, 0x0000000705a00000|  0%| F|  |TAMS 0x0000000705900000, 0x0000000705900000| Untracked 
|  78|0x0000000705a00000, 0x0000000705a00000, 0x0000000705b00000|  0%| F|  |TAMS 0x0000000705a00000, 0x0000000705a00000| Untracked 
|  79|0x0000000705b00000, 0x0000000705b00000, 0x0000000705c00000|  0%| F|  |TAMS 0x0000000705b00000, 0x0000000705b00000| Untracked 
|  80|0x0000000705c00000, 0x0000000705c00000, 0x0000000705d00000|  0%| F|  |TAMS 0x0000000705c00000, 0x0000000705c00000| Untracked 
|  81|0x0000000705d00000, 0x0000000705d00000, 0x0000000705e00000|  0%| F|  |TAMS 0x0000000705d00000, 0x0000000705d00000| Untracked 
|  82|0x0000000705e00000, 0x0000000705e00000, 0x0000000705f00000|  0%| F|  |TAMS 0x0000000705e00000, 0x0000000705e00000| Untracked 
|  83|0x0000000705f00000, 0x0000000705f00000, 0x0000000706000000|  0%| F|  |TAMS 0x0000000705f00000, 0x0000000705f00000| Untracked 
|  84|0x0000000706000000, 0x0000000706000000, 0x0000000706100000|  0%| F|  |TAMS 0x0000000706000000, 0x0000000706000000| Untracked 
|  85|0x0000000706100000, 0x0000000706100000, 0x0000000706200000|  0%| F|  |TAMS 0x0000000706100000, 0x0000000706100000| Untracked 
|  86|0x0000000706200000, 0x0000000706200000, 0x0000000706300000|  0%| F|  |TAMS 0x0000000706200000, 0x0000000706200000| Untracked 
|  87|0x0000000706300000, 0x0000000706300000, 0x0000000706400000|  0%| F|  |TAMS 0x0000000706300000, 0x0000000706300000| Untracked 
|  88|0x0000000706400000, 0x0000000706400000, 0x0000000706500000|  0%| F|  |TAMS 0x0000000706400000, 0x0000000706400000| Untracked 
|  89|0x0000000706500000, 0x0000000706500000, 0x0000000706600000|  0%| F|  |TAMS 0x0000000706500000, 0x0000000706500000| Untracked 
|  90|0x0000000706600000, 0x0000000706600000, 0x0000000706700000|  0%| F|  |TAMS 0x0000000706600000, 0x0000000706600000| Untracked 
|  91|0x0000000706700000, 0x0000000706700000, 0x0000000706800000|  0%| F|  |TAMS 0x0000000706700000, 0x0000000706700000| Untracked 
|  92|0x0000000706800000, 0x0000000706800000, 0x0000000706900000|  0%| F|  |TAMS 0x0000000706800000, 0x0000000706800000| Untracked 
|  93|0x0000000706900000, 0x0000000706900000, 0x0000000706a00000|  0%| F|  |TAMS 0x0000000706900000, 0x0000000706900000| Untracked 
|  94|0x0000000706a00000, 0x0000000706a00000, 0x0000000706b00000|  0%| F|  |TAMS 0x0000000706a00000, 0x0000000706a00000| Untracked 
|  95|0x0000000706b00000, 0x0000000706b00000, 0x0000000706c00000|  0%| F|  |TAMS 0x0000000706b00000, 0x0000000706b00000| Untracked 
|  96|0x0000000706c00000, 0x0000000706c00000, 0x0000000706d00000|  0%| F|  |TAMS 0x0000000706c00000, 0x0000000706c00000| Untracked 
|  97|0x0000000706d00000, 0x0000000706d00000, 0x0000000706e00000|  0%| F|  |TAMS 0x0000000706d00000, 0x0000000706d00000| Untracked 
|  98|0x0000000706e00000, 0x0000000706e00000, 0x0000000706f00000|  0%| F|  |TAMS 0x0000000706e00000, 0x0000000706e00000| Untracked 
|  99|0x0000000706f00000, 0x0000000706f00000, 0x0000000707000000|  0%| F|  |TAMS 0x0000000706f00000, 0x0000000706f00000| Untracked 
| 100|0x0000000707000000, 0x0000000707000000, 0x0000000707100000|  0%| F|  |TAMS 0x0000000707000000, 0x0000000707000000| Untracked 
| 101|0x0000000707100000, 0x0000000707100000, 0x0000000707200000|  0%| F|  |TAMS 0x0000000707100000, 0x0000000707100000| Untracked 
| 102|0x0000000707200000, 0x0000000707200000, 0x0000000707300000|  0%| F|  |TAMS 0x0000000707200000, 0x0000000707200000| Untracked 
| 103|0x0000000707300000, 0x0000000707300000, 0x0000000707400000|  0%| F|  |TAMS 0x0000000707300000, 0x0000000707300000| Untracked 
| 104|0x0000000707400000, 0x0000000707400000, 0x0000000707500000|  0%| F|  |TAMS 0x0000000707400000, 0x0000000707400000| Untracked 
| 105|0x0000000707500000, 0x0000000707500000, 0x0000000707600000|  0%| F|  |TAMS 0x0000000707500000, 0x0000000707500000| Untracked 
| 106|0x0000000707600000, 0x0000000707600000, 0x0000000707700000|  0%| F|  |TAMS 0x0000000707600000, 0x0000000707600000| Untracked 
| 107|0x0000000707700000, 0x0000000707700000, 0x0000000707800000|  0%| F|  |TAMS 0x0000000707700000, 0x0000000707700000| Untracked 
| 108|0x0000000707800000, 0x0000000707800000, 0x0000000707900000|  0%| F|  |TAMS 0x0000000707800000, 0x0000000707800000| Untracked 
| 109|0x0000000707900000, 0x0000000707900000, 0x0000000707a00000|  0%| F|  |TAMS 0x0000000707900000, 0x0000000707900000| Untracked 
| 110|0x0000000707a00000, 0x0000000707a00000, 0x0000000707b00000|  0%| F|  |TAMS 0x0000000707a00000, 0x0000000707a00000| Untracked 
| 111|0x0000000707b00000, 0x0000000707b00000, 0x0000000707c00000|  0%| F|  |TAMS 0x0000000707b00000, 0x0000000707b00000| Untracked 
| 112|0x0000000707c00000, 0x0000000707c00000, 0x0000000707d00000|  0%| F|  |TAMS 0x0000000707c00000, 0x0000000707c00000| Untracked 
| 113|0x0000000707d00000, 0x0000000707d00000, 0x0000000707e00000|  0%| F|  |TAMS 0x0000000707d00000, 0x0000000707d00000| Untracked 
| 114|0x0000000707e00000, 0x0000000707e00000, 0x0000000707f00000|  0%| F|  |TAMS 0x0000000707e00000, 0x0000000707e00000| Untracked 
| 115|0x0000000707f00000, 0x0000000707f00000, 0x0000000708000000|  0%| F|  |TAMS 0x0000000707f00000, 0x0000000707f00000| Untracked 
| 116|0x0000000708000000, 0x0000000708000000, 0x0000000708100000|  0%| F|  |TAMS 0x0000000708000000, 0x0000000708000000| Untracked 
| 117|0x0000000708100000, 0x0000000708100000, 0x0000000708200000|  0%| F|  |TAMS 0x0000000708100000, 0x0000000708100000| Untracked 
| 118|0x0000000708200000, 0x0000000708200000, 0x0000000708300000|  0%| F|  |TAMS 0x0000000708200000, 0x0000000708200000| Untracked 
| 119|0x0000000708300000, 0x0000000708300000, 0x0000000708400000|  0%| F|  |TAMS 0x0000000708300000, 0x0000000708300000| Untracked 
| 120|0x0000000708400000, 0x0000000708400000, 0x0000000708500000|  0%| F|  |TAMS 0x0000000708400000, 0x0000000708400000| Untracked 
| 121|0x0000000708500000, 0x0000000708500000, 0x0000000708600000|  0%| F|  |TAMS 0x0000000708500000, 0x0000000708500000| Untracked 
| 122|0x0000000708600000, 0x0000000708600000, 0x0000000708700000|  0%| F|  |TAMS 0x0000000708600000, 0x0000000708600000| Untracked 
| 123|0x0000000708700000, 0x0000000708700000, 0x0000000708800000|  0%| F|  |TAMS 0x0000000708700000, 0x0000000708700000| Untracked 
| 124|0x0000000708800000, 0x0000000708800000, 0x0000000708900000|  0%| F|  |TAMS 0x0000000708800000, 0x0000000708800000| Untracked 
| 125|0x0000000708900000, 0x0000000708900000, 0x0000000708a00000|  0%| F|  |TAMS 0x0000000708900000, 0x0000000708900000| Untracked 
| 126|0x0000000708a00000, 0x0000000708a00000, 0x0000000708b00000|  0%| F|  |TAMS 0x0000000708a00000, 0x0000000708a00000| Untracked 
| 127|0x0000000708b00000, 0x0000000708b00000, 0x0000000708c00000|  0%| F|  |TAMS 0x0000000708b00000, 0x0000000708b00000| Untracked 
| 128|0x0000000708c00000, 0x0000000708c00000, 0x0000000708d00000|  0%| F|  |TAMS 0x0000000708c00000, 0x0000000708c00000| Untracked 
| 129|0x0000000708d00000, 0x0000000708d00000, 0x0000000708e00000|  0%| F|  |TAMS 0x0000000708d00000, 0x0000000708d00000| Untracked 
| 130|0x0000000708e00000, 0x0000000708e00000, 0x0000000708f00000|  0%| F|  |TAMS 0x0000000708e00000, 0x0000000708e00000| Untracked 
| 131|0x0000000708f00000, 0x0000000708f00000, 0x0000000709000000|  0%| F|  |TAMS 0x0000000708f00000, 0x0000000708f00000| Untracked 
| 132|0x0000000709000000, 0x0000000709000000, 0x0000000709100000|  0%| F|  |TAMS 0x0000000709000000, 0x0000000709000000| Untracked 
| 133|0x0000000709100000, 0x0000000709100000, 0x0000000709200000|  0%| F|  |TAMS 0x0000000709100000, 0x0000000709100000| Untracked 
| 134|0x0000000709200000, 0x0000000709200000, 0x0000000709300000|  0%| F|  |TAMS 0x0000000709200000, 0x0000000709200000| Untracked 
| 135|0x0000000709300000, 0x0000000709300000, 0x0000000709400000|  0%| F|  |TAMS 0x0000000709300000, 0x0000000709300000| Untracked 
| 136|0x0000000709400000, 0x0000000709400000, 0x0000000709500000|  0%| F|  |TAMS 0x0000000709400000, 0x0000000709400000| Untracked 
| 137|0x0000000709500000, 0x0000000709500000, 0x0000000709600000|  0%| F|  |TAMS 0x0000000709500000, 0x0000000709500000| Untracked 
| 138|0x0000000709600000, 0x0000000709600000, 0x0000000709700000|  0%| F|  |TAMS 0x0000000709600000, 0x0000000709600000| Untracked 
| 139|0x0000000709700000, 0x0000000709700000, 0x0000000709800000|  0%| F|  |TAMS 0x0000000709700000, 0x0000000709700000| Untracked 
| 140|0x0000000709800000, 0x0000000709800000, 0x0000000709900000|  0%| F|  |TAMS 0x0000000709800000, 0x0000000709800000| Untracked 
| 141|0x0000000709900000, 0x0000000709900000, 0x0000000709a00000|  0%| F|  |TAMS 0x0000000709900000, 0x0000000709900000| Untracked 
| 142|0x0000000709a00000, 0x0000000709a00000, 0x0000000709b00000|  0%| F|  |TAMS 0x0000000709a00000, 0x0000000709a00000| Untracked 
| 143|0x0000000709b00000, 0x0000000709b00000, 0x0000000709c00000|  0%| F|  |TAMS 0x0000000709b00000, 0x0000000709b00000| Untracked 
| 144|0x0000000709c00000, 0x0000000709c00000, 0x0000000709d00000|  0%| F|  |TAMS 0x0000000709c00000, 0x0000000709c00000| Untracked 
| 145|0x0000000709d00000, 0x0000000709d00000, 0x0000000709e00000|  0%| F|  |TAMS 0x0000000709d00000, 0x0000000709d00000| Untracked 
| 146|0x0000000709e00000, 0x0000000709e00000, 0x0000000709f00000|  0%| F|  |TAMS 0x0000000709e00000, 0x0000000709e00000| Untracked 
| 147|0x0000000709f00000, 0x0000000709f00000, 0x000000070a000000|  0%| F|  |TAMS 0x0000000709f00000, 0x0000000709f00000| Untracked 
| 148|0x000000070a000000, 0x000000070a000000, 0x000000070a100000|  0%| F|  |TAMS 0x000000070a000000, 0x000000070a000000| Untracked 
| 149|0x000000070a100000, 0x000000070a100000, 0x000000070a200000|  0%| F|  |TAMS 0x000000070a100000, 0x000000070a100000| Untracked 
| 150|0x000000070a200000, 0x000000070a200000, 0x000000070a300000|  0%| F|  |TAMS 0x000000070a200000, 0x000000070a200000| Untracked 
| 151|0x000000070a300000, 0x000000070a300000, 0x000000070a400000|  0%| F|  |TAMS 0x000000070a300000, 0x000000070a300000| Untracked 
| 152|0x000000070a400000, 0x000000070a400000, 0x000000070a500000|  0%| F|  |TAMS 0x000000070a400000, 0x000000070a400000| Untracked 
| 153|0x000000070a500000, 0x000000070a500000, 0x000000070a600000|  0%| F|  |TAMS 0x000000070a500000, 0x000000070a500000| Untracked 
| 154|0x000000070a600000, 0x000000070a600000, 0x000000070a700000|  0%| F|  |TAMS 0x000000070a600000, 0x000000070a600000| Untracked 
| 155|0x000000070a700000, 0x000000070a700000, 0x000000070a800000|  0%| F|  |TAMS 0x000000070a700000, 0x000000070a700000| Untracked 
| 156|0x000000070a800000, 0x000000070a800000, 0x000000070a900000|  0%| F|  |TAMS 0x000000070a800000, 0x000000070a800000| Untracked 
| 157|0x000000070a900000, 0x000000070a900000, 0x000000070aa00000|  0%| F|  |TAMS 0x000000070a900000, 0x000000070a900000| Untracked 
| 158|0x000000070aa00000, 0x000000070aa00000, 0x000000070ab00000|  0%| F|  |TAMS 0x000000070aa00000, 0x000000070aa00000| Untracked 
| 159|0x000000070ab00000, 0x000000070ab00000, 0x000000070ac00000|  0%| F|  |TAMS 0x000000070ab00000, 0x000000070ab00000| Untracked 
| 160|0x000000070ac00000, 0x000000070ac00000, 0x000000070ad00000|  0%| F|  |TAMS 0x000000070ac00000, 0x000000070ac00000| Untracked 
| 161|0x000000070ad00000, 0x000000070ad00000, 0x000000070ae00000|  0%| F|  |TAMS 0x000000070ad00000, 0x000000070ad00000| Untracked 
| 162|0x000000070ae00000, 0x000000070ae00000, 0x000000070af00000|  0%| F|  |TAMS 0x000000070ae00000, 0x000000070ae00000| Untracked 
| 163|0x000000070af00000, 0x000000070af00000, 0x000000070b000000|  0%| F|  |TAMS 0x000000070af00000, 0x000000070af00000| Untracked 
| 164|0x000000070b000000, 0x000000070b000000, 0x000000070b100000|  0%| F|  |TAMS 0x000000070b000000, 0x000000070b000000| Untracked 
| 165|0x000000070b100000, 0x000000070b100000, 0x000000070b200000|  0%| F|  |TAMS 0x000000070b100000, 0x000000070b100000| Untracked 
| 166|0x000000070b200000, 0x000000070b200000, 0x000000070b300000|  0%| F|  |TAMS 0x000000070b200000, 0x000000070b200000| Untracked 
| 167|0x000000070b300000, 0x000000070b300000, 0x000000070b400000|  0%| F|  |TAMS 0x000000070b300000, 0x000000070b300000| Untracked 
| 168|0x000000070b400000, 0x000000070b400000, 0x000000070b500000|  0%| F|  |TAMS 0x000000070b400000, 0x000000070b400000| Untracked 
| 169|0x000000070b500000, 0x000000070b500000, 0x000000070b600000|  0%| F|  |TAMS 0x000000070b500000, 0x000000070b500000| Untracked 
| 170|0x000000070b600000, 0x000000070b600000, 0x000000070b700000|  0%| F|  |TAMS 0x000000070b600000, 0x000000070b600000| Untracked 
| 171|0x000000070b700000, 0x000000070b700000, 0x000000070b800000|  0%| F|  |TAMS 0x000000070b700000, 0x000000070b700000| Untracked 
| 172|0x000000070b800000, 0x000000070b800000, 0x000000070b900000|  0%| F|  |TAMS 0x000000070b800000, 0x000000070b800000| Untracked 
| 173|0x000000070b900000, 0x000000070b900000, 0x000000070ba00000|  0%| F|  |TAMS 0x000000070b900000, 0x000000070b900000| Untracked 
| 174|0x000000070ba00000, 0x000000070ba00000, 0x000000070bb00000|  0%| F|  |TAMS 0x000000070ba00000, 0x000000070ba00000| Untracked 
| 175|0x000000070bb00000, 0x000000070bb00000, 0x000000070bc00000|  0%| F|  |TAMS 0x000000070bb00000, 0x000000070bb00000| Untracked 
| 176|0x000000070bc00000, 0x000000070bc00000, 0x000000070bd00000|  0%| F|  |TAMS 0x000000070bc00000, 0x000000070bc00000| Untracked 
| 177|0x000000070bd00000, 0x000000070bd00000, 0x000000070be00000|  0%| F|  |TAMS 0x000000070bd00000, 0x000000070bd00000| Untracked 
| 178|0x000000070be00000, 0x000000070be00000, 0x000000070bf00000|  0%| F|  |TAMS 0x000000070be00000, 0x000000070be00000| Untracked 
| 179|0x000000070bf00000, 0x000000070bf00000, 0x000000070c000000|  0%| F|  |TAMS 0x000000070bf00000, 0x000000070bf00000| Untracked 
| 180|0x000000070c000000, 0x000000070c000000, 0x000000070c100000|  0%| F|  |TAMS 0x000000070c000000, 0x000000070c000000| Untracked 
| 181|0x000000070c100000, 0x000000070c100000, 0x000000070c200000|  0%| F|  |TAMS 0x000000070c100000, 0x000000070c100000| Untracked 
| 182|0x000000070c200000, 0x000000070c200000, 0x000000070c300000|  0%| F|  |TAMS 0x000000070c200000, 0x000000070c200000| Untracked 
| 183|0x000000070c300000, 0x000000070c300000, 0x000000070c400000|  0%| F|  |TAMS 0x000000070c300000, 0x000000070c300000| Untracked 
| 184|0x000000070c400000, 0x000000070c400000, 0x000000070c500000|  0%| F|  |TAMS 0x000000070c400000, 0x000000070c400000| Untracked 
| 185|0x000000070c500000, 0x000000070c500000, 0x000000070c600000|  0%| F|  |TAMS 0x000000070c500000, 0x000000070c500000| Untracked 
| 186|0x000000070c600000, 0x000000070c600000, 0x000000070c700000|  0%| F|  |TAMS 0x000000070c600000, 0x000000070c600000| Untracked 
| 187|0x000000070c700000, 0x000000070c700000, 0x000000070c800000|  0%| F|  |TAMS 0x000000070c700000, 0x000000070c700000| Untracked 
| 188|0x000000070c800000, 0x000000070c800000, 0x000000070c900000|  0%| F|  |TAMS 0x000000070c800000, 0x000000070c800000| Untracked 
| 189|0x000000070c900000, 0x000000070c900000, 0x000000070ca00000|  0%| F|  |TAMS 0x000000070c900000, 0x000000070c900000| Untracked 
| 190|0x000000070ca00000, 0x000000070ca00000, 0x000000070cb00000|  0%| F|  |TAMS 0x000000070ca00000, 0x000000070ca00000| Untracked 
| 191|0x000000070cb00000, 0x000000070cb00000, 0x000000070cc00000|  0%| F|  |TAMS 0x000000070cb00000, 0x000000070cb00000| Untracked 
| 192|0x000000070cc00000, 0x000000070cc00000, 0x000000070cd00000|  0%| F|  |TAMS 0x000000070cc00000, 0x000000070cc00000| Untracked 
| 193|0x000000070cd00000, 0x000000070cd00000, 0x000000070ce00000|  0%| F|  |TAMS 0x000000070cd00000, 0x000000070cd00000| Untracked 
| 194|0x000000070ce00000, 0x000000070ce00000, 0x000000070cf00000|  0%| F|  |TAMS 0x000000070ce00000, 0x000000070ce00000| Untracked 
| 195|0x000000070cf00000, 0x000000070cf00000, 0x000000070d000000|  0%| F|  |TAMS 0x000000070cf00000, 0x000000070cf00000| Untracked 
| 196|0x000000070d000000, 0x000000070d000000, 0x000000070d100000|  0%| F|  |TAMS 0x000000070d000000, 0x000000070d000000| Untracked 
| 197|0x000000070d100000, 0x000000070d100000, 0x000000070d200000|  0%| F|  |TAMS 0x000000070d100000, 0x000000070d100000| Untracked 
| 198|0x000000070d200000, 0x000000070d200000, 0x000000070d300000|  0%| F|  |TAMS 0x000000070d200000, 0x000000070d200000| Untracked 
| 199|0x000000070d300000, 0x000000070d300000, 0x000000070d400000|  0%| F|  |TAMS 0x000000070d300000, 0x000000070d300000| Untracked 
| 200|0x000000070d400000, 0x000000070d400000, 0x000000070d500000|  0%| F|  |TAMS 0x000000070d400000, 0x000000070d400000| Untracked 
| 201|0x000000070d500000, 0x000000070d500000, 0x000000070d600000|  0%| F|  |TAMS 0x000000070d500000, 0x000000070d500000| Untracked 
| 202|0x000000070d600000, 0x000000070d600000, 0x000000070d700000|  0%| F|  |TAMS 0x000000070d600000, 0x000000070d600000| Untracked 
| 203|0x000000070d700000, 0x000000070d700000, 0x000000070d800000|  0%| F|  |TAMS 0x000000070d700000, 0x000000070d700000| Untracked 
| 204|0x000000070d800000, 0x000000070d800000, 0x000000070d900000|  0%| F|  |TAMS 0x000000070d800000, 0x000000070d800000| Untracked 
| 205|0x000000070d900000, 0x000000070d900000, 0x000000070da00000|  0%| F|  |TAMS 0x000000070d900000, 0x000000070d900000| Untracked 
| 206|0x000000070da00000, 0x000000070da00000, 0x000000070db00000|  0%| F|  |TAMS 0x000000070da00000, 0x000000070da00000| Untracked 
| 207|0x000000070db00000, 0x000000070db00000, 0x000000070dc00000|  0%| F|  |TAMS 0x000000070db00000, 0x000000070db00000| Untracked 
| 208|0x000000070dc00000, 0x000000070dc00000, 0x000000070dd00000|  0%| F|  |TAMS 0x000000070dc00000, 0x000000070dc00000| Untracked 
| 209|0x000000070dd00000, 0x000000070dd00000, 0x000000070de00000|  0%| F|  |TAMS 0x000000070dd00000, 0x000000070dd00000| Untracked 
| 210|0x000000070de00000, 0x000000070de00000, 0x000000070df00000|  0%| F|  |TAMS 0x000000070de00000, 0x000000070de00000| Untracked 
| 211|0x000000070df00000, 0x000000070df00000, 0x000000070e000000|  0%| F|  |TAMS 0x000000070df00000, 0x000000070df00000| Untracked 
| 212|0x000000070e000000, 0x000000070e000000, 0x000000070e100000|  0%| F|  |TAMS 0x000000070e000000, 0x000000070e000000| Untracked 
| 213|0x000000070e100000, 0x000000070e100000, 0x000000070e200000|  0%| F|  |TAMS 0x000000070e100000, 0x000000070e100000| Untracked 
| 214|0x000000070e200000, 0x000000070e200000, 0x000000070e300000|  0%| F|  |TAMS 0x000000070e200000, 0x000000070e200000| Untracked 
| 215|0x000000070e300000, 0x000000070e300000, 0x000000070e400000|  0%| F|  |TAMS 0x000000070e300000, 0x000000070e300000| Untracked 
| 216|0x000000070e400000, 0x000000070e400000, 0x000000070e500000|  0%| F|  |TAMS 0x000000070e400000, 0x000000070e400000| Untracked 
| 217|0x000000070e500000, 0x000000070e500000, 0x000000070e600000|  0%| F|  |TAMS 0x000000070e500000, 0x000000070e500000| Untracked 
| 218|0x000000070e600000, 0x000000070e600000, 0x000000070e700000|  0%| F|  |TAMS 0x000000070e600000, 0x000000070e600000| Untracked 
| 219|0x000000070e700000, 0x000000070e700000, 0x000000070e800000|  0%| F|  |TAMS 0x000000070e700000, 0x000000070e700000| Untracked 
| 220|0x000000070e800000, 0x000000070e800000, 0x000000070e900000|  0%| F|  |TAMS 0x000000070e800000, 0x000000070e800000| Untracked 
| 221|0x000000070e900000, 0x000000070e900000, 0x000000070ea00000|  0%| F|  |TAMS 0x000000070e900000, 0x000000070e900000| Untracked 
| 222|0x000000070ea00000, 0x000000070ea00000, 0x000000070eb00000|  0%| F|  |TAMS 0x000000070ea00000, 0x000000070ea00000| Untracked 
| 223|0x000000070eb00000, 0x000000070eb00000, 0x000000070ec00000|  0%| F|  |TAMS 0x000000070eb00000, 0x000000070eb00000| Untracked 
| 224|0x000000070ec00000, 0x000000070ec00000, 0x000000070ed00000|  0%| F|  |TAMS 0x000000070ec00000, 0x000000070ec00000| Untracked 
| 225|0x000000070ed00000, 0x000000070ed00000, 0x000000070ee00000|  0%| F|  |TAMS 0x000000070ed00000, 0x000000070ed00000| Untracked 
| 226|0x000000070ee00000, 0x000000070ee00000, 0x000000070ef00000|  0%| F|  |TAMS 0x000000070ee00000, 0x000000070ee00000| Untracked 
| 227|0x000000070ef00000, 0x000000070ef00000, 0x000000070f000000|  0%| F|  |TAMS 0x000000070ef00000, 0x000000070ef00000| Untracked 
| 228|0x000000070f000000, 0x000000070f000000, 0x000000070f100000|  0%| F|  |TAMS 0x000000070f000000, 0x000000070f000000| Untracked 
| 229|0x000000070f100000, 0x000000070f100000, 0x000000070f200000|  0%| F|  |TAMS 0x000000070f100000, 0x000000070f100000| Untracked 
| 230|0x000000070f200000, 0x000000070f200000, 0x000000070f300000|  0%| F|  |TAMS 0x000000070f200000, 0x000000070f200000| Untracked 
| 231|0x000000070f300000, 0x000000070f300000, 0x000000070f400000|  0%| F|  |TAMS 0x000000070f300000, 0x000000070f300000| Untracked 
| 232|0x000000070f400000, 0x000000070f400000, 0x000000070f500000|  0%| F|  |TAMS 0x000000070f400000, 0x000000070f400000| Untracked 
| 233|0x000000070f500000, 0x000000070f500000, 0x000000070f600000|  0%| F|  |TAMS 0x000000070f500000, 0x000000070f500000| Untracked 
| 234|0x000000070f600000, 0x000000070f600000, 0x000000070f700000|  0%| F|  |TAMS 0x000000070f600000, 0x000000070f600000| Untracked 
| 235|0x000000070f700000, 0x000000070f700000, 0x000000070f800000|  0%| F|  |TAMS 0x000000070f700000, 0x000000070f700000| Untracked 
| 236|0x000000070f800000, 0x000000070f800000, 0x000000070f900000|  0%| F|  |TAMS 0x000000070f800000, 0x000000070f800000| Untracked 
| 237|0x000000070f900000, 0x000000070f900000, 0x000000070fa00000|  0%| F|  |TAMS 0x000000070f900000, 0x000000070f900000| Untracked 
| 238|0x000000070fa00000, 0x000000070fa00000, 0x000000070fb00000|  0%| F|  |TAMS 0x000000070fa00000, 0x000000070fa00000| Untracked 
| 239|0x000000070fb00000, 0x000000070fb00000, 0x000000070fc00000|  0%| F|  |TAMS 0x000000070fb00000, 0x000000070fb00000| Untracked 
| 240|0x000000070fc00000, 0x000000070fc00000, 0x000000070fd00000|  0%| F|  |TAMS 0x000000070fc00000, 0x000000070fc00000| Untracked 
| 241|0x000000070fd00000, 0x000000070fd00000, 0x000000070fe00000|  0%| F|  |TAMS 0x000000070fd00000, 0x000000070fd00000| Untracked 
| 242|0x000000070fe00000, 0x000000070fe00000, 0x000000070ff00000|  0%| F|  |TAMS 0x000000070fe00000, 0x000000070fe00000| Untracked 
| 243|0x000000070ff00000, 0x000000070ff00000, 0x0000000710000000|  0%| F|  |TAMS 0x000000070ff00000, 0x000000070ff00000| Untracked 
| 244|0x0000000710000000, 0x0000000710000000, 0x0000000710100000|  0%| F|  |TAMS 0x0000000710000000, 0x0000000710000000| Untracked 
| 245|0x0000000710100000, 0x00000007101f6d40, 0x0000000710200000| 96%| E|  |TAMS 0x0000000710100000, 0x0000000710100000| Complete 
| 246|0x0000000710200000, 0x0000000710300000, 0x0000000710300000|100%| E|CS|TAMS 0x0000000710200000, 0x0000000710200000| Complete 
| 247|0x0000000710300000, 0x0000000710400000, 0x0000000710400000|100%| E|CS|TAMS 0x0000000710300000, 0x0000000710300000| Complete 
| 248|0x0000000710400000, 0x0000000710500000, 0x0000000710500000|100%| E|CS|TAMS 0x0000000710400000, 0x0000000710400000| Complete 
| 249|0x0000000710500000, 0x0000000710600000, 0x0000000710600000|100%| E|CS|TAMS 0x0000000710500000, 0x0000000710500000| Complete 
| 250|0x0000000710600000, 0x0000000710700000, 0x0000000710700000|100%| E|CS|TAMS 0x0000000710600000, 0x0000000710600000| Complete 
| 251|0x0000000710700000, 0x0000000710800000, 0x0000000710800000|100%| E|CS|TAMS 0x0000000710700000, 0x0000000710700000| Complete 
| 252|0x0000000710800000, 0x0000000710900000, 0x0000000710900000|100%| E|CS|TAMS 0x0000000710800000, 0x0000000710800000| Complete 
| 253|0x0000000710900000, 0x0000000710a00000, 0x0000000710a00000|100%| E|CS|TAMS 0x0000000710900000, 0x0000000710900000| Complete 
| 254|0x0000000710a00000, 0x0000000710b00000, 0x0000000710b00000|100%| E|CS|TAMS 0x0000000710a00000, 0x0000000710a00000| Complete 
| 255|0x0000000710b00000, 0x0000000710c00000, 0x0000000710c00000|100%| E|CS|TAMS 0x0000000710b00000, 0x0000000710b00000| Complete 

Card table byte_map: [0x000002e7fb760000,0x000002e7fbf60000] _byte_map_base: 0x000002e7f7f5a000

Marking Bits (Prev, Next): (CMBitMap*) 0x000002e7e313ed48, (CMBitMap*) 0x000002e7e313ed88
 Prev Bits: [0x000002e780000000, 0x000002e783fd0000)
 Next Bits: [0x000002e783fd0000, 0x000002e787fa0000)

Polling page: 0x000002e7e1080000

Metaspace:

Usage:
  Non-class:      5.94 MB capacity,     3.24 MB ( 55%) used,     2.69 MB ( 45%) free+waste,     5.38 KB ( <1%) overhead. 
      Class:    648.00 KB capacity,   337.92 KB ( 52%) used,   307.39 KB ( 47%) free+waste,     2.69 KB ( <1%) overhead. 
       Both:      6.57 MB capacity,     3.57 MB ( 54%) used,     2.99 MB ( 46%) free+waste,     8.06 KB ( <1%) overhead. 

Virtual space:
  Non-class space:        8.00 MB reserved,       6.00 MB ( 75%) committed 
      Class space:        1.00 GB reserved,     768.00 KB ( <1%) committed 
             Both:        1.01 GB reserved,       6.75 MB ( <1%) committed 

Chunk freelists:
   Non-Class:  0 bytes
       Class:  24.00 KB
        Both:  24.00 KB

MaxMetaspaceSize: 17179869184.00 GB
CompressedClassSpaceSize: 1.00 GB

CodeHeap 'non-profiled nmethods': size=119168Kb used=219Kb max_used=219Kb free=118948Kb
 bounds [0x000002e7f3170000, 0x000002e7f33e0000, 0x000002e7fa5d0000]
CodeHeap 'profiled nmethods': size=119168Kb used=1762Kb max_used=1762Kb free=117405Kb
 bounds [0x000002e7ebd10000, 0x000002e7ebf80000, 0x000002e7f3170000]
CodeHeap 'non-nmethods': size=7424Kb used=2903Kb max_used=2916Kb free=4520Kb
 bounds [0x000002e7eb5d0000, 0x000002e7eb8b0000, 0x000002e7ebd10000]
 total_blobs=1740 nmethods=831 adapters=385
 compilation: enabled
              stopped_count=0, restarted_count=0
 full_count=0

Compilation events (20 events):
Event: 0.727 Thread 0x000002e7ffa95800  823       3       java.lang.ClassLoader::getNamedPackage (73 bytes)
Event: 0.727 Thread 0x000002e7ff96d800 nmethod 822 0x000002e7ebebdf90 code [0x000002e7ebebe180, 0x000002e7ebebe520]
Event: 0.727 Thread 0x000002e7ffa95800 nmethod 823 0x000002e7ebebe710 code [0x000002e7ebebe900, 0x000002e7ebebef10]
Event: 0.727 Thread 0x000002e7ff96d800  824       3       java.net.URI::quote (196 bytes)
Event: 0.727 Thread 0x000002e7ffa95800  825       3       java.net.URI$Parser::scan (41 bytes)
Event: 0.727 Thread 0x000002e7ffc9a800 nmethod 819 0x000002e7ebebf110 code [0x000002e7ebebf4e0, 0x000002e7ebec0c20]
Event: 0.727 Thread 0x000002e7ffa98800 nmethod 820 0x000002e7ebec1410 code [0x000002e7ebec1780, 0x000002e7ebec2f10]
Event: 0.728 Thread 0x000002e7ffa95800 nmethod 825 0x000002e7ebec3690 code [0x000002e7ebec38e0, 0x000002e7ebec42a0]
Event: 0.728 Thread 0x000002e7ff96d800 nmethod 824 0x000002e7ebec4690 code [0x000002e7ebec4a40, 0x000002e7ebec6370]
Event: 0.729 Thread 0x000002e7ffa98800  826       3       jdk.internal.math.FDBigInteger::mult (64 bytes)
Event: 0.729 Thread 0x000002e7ffc9a800  827       3       jdk.internal.math.FDBigInteger::<init> (30 bytes)
Event: 0.729 Thread 0x000002e7ffa95800  828       3       jdk.internal.math.FDBigInteger::trimLeadingZeros (57 bytes)
Event: 0.729 Thread 0x000002e7ff96d800  829       3       jdk.internal.math.FDBigInteger::makeImmutable (6 bytes)
Event: 0.729 Thread 0x000002e7ff96d800 nmethod 829 0x000002e7ebec6c90 code [0x000002e7ebec6e20, 0x000002e7ebec6f98]
Event: 0.729 Thread 0x000002e7ff96d800  830       3       jdk.internal.math.FDBigInteger::mult (44 bytes)
Event: 0.729 Thread 0x000002e7ffa98800 nmethod 826 0x000002e7ebec7010 code [0x000002e7ebec71c0, 0x000002e7ebec7498]
Event: 0.729 Thread 0x000002e7ffc9a800 nmethod 827 0x000002e7ebec7690 code [0x000002e7ebec7840, 0x000002e7ebec7ad0]
Event: 0.729 Thread 0x000002e7ffa95800 nmethod 828 0x000002e7ebec7c10 code [0x000002e7ebec7dc0, 0x000002e7ebec8138]
Event: 0.729 Thread 0x000002e7ff96d800 nmethod 830 0x000002e7ebec8290 code [0x000002e7ebec8460, 0x000002e7ebec8800]
Event: 0.731 Thread 0x000002e7ff967800  831       4       java.lang.StringBuilder::append (8 bytes)

GC Heap History (0 events):
No events

Deoptimization events (12 events):
Event: 0.077 Thread 0x000002e7e30d1800 Uncommon trap: trap_request=0xffffff45 fr.pc=0x000002e7f3175434 relative=0x0000000000000214
Event: 0.077 Thread 0x000002e7e30d1800 Uncommon trap: reason=unstable_if action=reinterpret pc=0x000002e7f3175434 method=java.lang.String.hashCode()I @ 13 c2
Event: 0.077 Thread 0x000002e7e30d1800 DEOPT PACKING pc=0x000002e7f3175434 sp=0x000000f34aefdb40
Event: 0.077 Thread 0x000002e7e30d1800 DEOPT UNPACKING pc=0x000002e7eb61912f sp=0x000000f34aefdad8 mode 2
Event: 0.106 Thread 0x000002e7e30d1800 Uncommon trap: trap_request=0xffffff45 fr.pc=0x000002e7f3179890 relative=0x0000000000000070
Event: 0.106 Thread 0x000002e7e30d1800 Uncommon trap: reason=unstable_if action=reinterpret pc=0x000002e7f3179890 method=java.io.WinNTFileSystem.isSlash(C)Z @ 9 c2
Event: 0.106 Thread 0x000002e7e30d1800 DEOPT PACKING pc=0x000002e7f3179890 sp=0x000000f34aefeef0
Event: 0.106 Thread 0x000002e7e30d1800 DEOPT UNPACKING pc=0x000002e7eb61912f sp=0x000000f34aefee78 mode 2
Event: 0.223 Thread 0x000002e7e30d1800 DEOPT PACKING pc=0x000002e7ebd3a0df sp=0x000000f34aefce50
Event: 0.223 Thread 0x000002e7e30d1800 DEOPT UNPACKING pc=0x000002e7eb61964e sp=0x000000f34aefc2a0 mode 0
Event: 0.460 Thread 0x000002e7e30d1800 DEOPT PACKING pc=0x000002e7ebe2c4f4 sp=0x000000f34aef2810
Event: 0.460 Thread 0x000002e7e30d1800 DEOPT UNPACKING pc=0x000002e7eb61964e sp=0x000000f34aef1c68 mode 0

Classes unloaded (0 events):
No events

Classes redefined (0 events):
No events

Internal exceptions (4 events):
Event: 0.112 Thread 0x000002e7e30d1800 Exception <a 'java/lang/NoSuchMethodError'{0x000000071075bed0}: 'int java.lang.invoke.DirectMethodHandle$Holder.invokeStaticInit(java.lang.Object, java.lang.Object, java.lang.Object, java.lang.Object)'> (0x000000071075bed0) 
thrown [t:/workspace/open/src/hotspot/share/interpreter/linkResolver.cpp, line 767]
Event: 0.113 Thread 0x000002e7e30d1800 Exception <a 'java/lang/IncompatibleClassChangeError'{0x00000007107656c8}: Found class java.lang.Object, but interface was expected> (0x00000007107656c8) 
thrown [t:/workspace/open/src/hotspot/share/interpreter/linkResolver.cpp, line 833]
Event: 0.113 Thread 0x000002e7e30d1800 Exception <a 'java/lang/NoSuchMethodError'{0x0000000710768660}: 'void java.lang.invoke.DirectMethodHandle$Holder.invokeStaticInit(java.lang.Object, java.lang.Object)'> (0x0000000710768660) 
thrown [t:/workspace/open/src/hotspot/share/interpreter/linkResolver.cpp, line 767]
Event: 0.114 Thread 0x000002e7e30d1800 Exception <a 'java/lang/NoSuchMethodError'{0x000000071076dcf8}: 'int java.lang.invoke.DirectMethodHandle$Holder.invokeStaticInit(java.lang.Object, java.lang.Object)'> (0x000000071076dcf8) 
thrown [t:/workspace/open/src/hotspot/share/interpreter/linkResolver.cpp, line 767]

Events (20 events):
Event: 0.726 loading class org/bytedeco/javacpp/helper/opencv_core$AbstractCvMat$2
Event: 0.726 loading class org/bytedeco/javacpp/helper/opencv_core$AbstractCvMat$2 done
Event: 0.726 loading class org/bytedeco/javacpp/helper/opencv_core$AbstractCvMat$1
Event: 0.726 loading class org/bytedeco/javacpp/helper/opencv_core$AbstractCvMat$1 done
Event: 0.728 loading class jdk/internal/math/FloatingDecimal
Event: 0.728 loading class jdk/internal/math/FloatingDecimal done
Event: 0.728 loading class jdk/internal/math/FloatingDecimal$ExceptionalBinaryToASCIIBuffer
Event: 0.728 loading class jdk/internal/math/FloatingDecimal$BinaryToASCIIConverter
Event: 0.728 loading class jdk/internal/math/FloatingDecimal$BinaryToASCIIConverter done
Event: 0.728 loading class jdk/internal/math/FloatingDecimal$ExceptionalBinaryToASCIIBuffer done
Event: 0.728 loading class jdk/internal/math/FloatingDecimal$BinaryToASCIIBuffer
Event: 0.728 loading class jdk/internal/math/FloatingDecimal$BinaryToASCIIBuffer done
Event: 0.728 loading class jdk/internal/math/FloatingDecimal$1
Event: 0.728 loading class jdk/internal/math/FloatingDecimal$1 done
Event: 0.728 loading class jdk/internal/math/FloatingDecimal$PreparedASCIIToBinaryBuffer
Event: 0.728 loading class jdk/internal/math/FloatingDecimal$ASCIIToBinaryConverter
Event: 0.728 loading class jdk/internal/math/FloatingDecimal$ASCIIToBinaryConverter done
Event: 0.728 loading class jdk/internal/math/FloatingDecimal$PreparedASCIIToBinaryBuffer done
Event: 0.728 loading class jdk/internal/math/FDBigInteger
Event: 0.728 loading class jdk/internal/math/FDBigInteger done


Dynamic libraries:
0x00007ff679180000 - 0x00007ff67918f000 	C:\Program Files\Java\jdk-13\bin\java.exe
0x00007ffe30c80000 - 0x00007ffe30e70000 	C:\WINDOWS\SYSTEM32\ntdll.dll
0x00007ffe2f350000 - 0x00007ffe2f402000 	C:\WINDOWS\System32\KERNEL32.DLL
0x00007ffe2dc30000 - 0x00007ffe2ded3000 	C:\WINDOWS\System32\KERNELBASE.dll
0x00007ffe2ec30000 - 0x00007ffe2ed2a000 	C:\WINDOWS\System32\ucrtbase.dll
0x00007ffe25fa0000 - 0x00007ffe25fb5000 	C:\Program Files\Java\jdk-13\bin\VCRUNTIME140.dll
0x00007ffe1b020000 - 0x00007ffe1b038000 	C:\Program Files\Java\jdk-13\bin\jli.dll
0x00007ffe2f800000 - 0x00007ffe2f8a3000 	C:\WINDOWS\System32\ADVAPI32.dll
0x00007ffe300f0000 - 0x00007ffe3018e000 	C:\WINDOWS\System32\msvcrt.dll
0x00007ffe30200000 - 0x00007ffe30297000 	C:\WINDOWS\System32\sechost.dll
0x00007ffe2fb60000 - 0x00007ffe2fc80000 	C:\WINDOWS\System32\RPCRT4.dll
0x00007ffe2f660000 - 0x00007ffe2f7f4000 	C:\WINDOWS\System32\USER32.dll
0x00007ffe26540000 - 0x00007ffe267c5000 	C:\WINDOWS\WinSxS\amd64_microsoft.windows.common-controls_6595b64144ccf1df_6.0.18362.418_none_e6c6b287130d565d\COMCTL32.dll
0x00007ffe2ec00000 - 0x00007ffe2ec21000 	C:\WINDOWS\System32\win32u.dll
0x00007ffe2fb30000 - 0x00007ffe2fb56000 	C:\WINDOWS\System32\GDI32.dll
0x00007ffe2ee00000 - 0x00007ffe2f136000 	C:\WINDOWS\System32\combase.dll
0x00007ffe2ea60000 - 0x00007ffe2ebf4000 	C:\WINDOWS\System32\gdi32full.dll
0x00007ffe2e1c0000 - 0x00007ffe2e240000 	C:\WINDOWS\System32\bcryptPrimitives.dll
0x00007ffe2e240000 - 0x00007ffe2e2de000 	C:\WINDOWS\System32\msvcp_win.dll
0x00007ffe288e0000 - 0x00007ffe288ea000 	C:\WINDOWS\SYSTEM32\VERSION.dll
0x00007ffe304b0000 - 0x00007ffe304de000 	C:\WINDOWS\System32\IMM32.DLL
0x00007ffe0fe70000 - 0x00007ffe0ff0b000 	C:\Program Files\Java\jdk-13\bin\msvcp140.dll
0x00007ffdda740000 - 0x00007ffddb2a6000 	C:\Program Files\Java\jdk-13\bin\server\jvm.dll
0x00007ffe304e0000 - 0x00007ffe304e8000 	C:\WINDOWS\System32\PSAPI.DLL
0x00007ffe2b670000 - 0x00007ffe2b694000 	C:\WINDOWS\SYSTEM32\WINMM.dll
0x00007ffe1f0e0000 - 0x00007ffe1f0e9000 	C:\WINDOWS\SYSTEM32\WSOCK32.dll
0x00007ffe30190000 - 0x00007ffe301ff000 	C:\WINDOWS\System32\WS2_32.dll
0x00007ffe2b640000 - 0x00007ffe2b66d000 	C:\WINDOWS\SYSTEM32\winmmbase.dll
0x00007ffe2e0e0000 - 0x00007ffe2e12a000 	C:\WINDOWS\System32\cfgmgr32.dll
0x00007ffe2dbd0000 - 0x00007ffe2dbe1000 	C:\WINDOWS\System32\kernel.appcore.dll
0x00007ffe2a6a0000 - 0x00007ffe2a6b0000 	C:\Program Files\Java\jdk-13\bin\verify.dll
0x00007ffe1c160000 - 0x00007ffe1c354000 	C:\WINDOWS\SYSTEM32\DBGHELP.DLL
0x00007ffe1c030000 - 0x00007ffe1c05a000 	C:\WINDOWS\SYSTEM32\dbgcore.DLL
0x00007ffe12760000 - 0x00007ffe12786000 	C:\Program Files\Java\jdk-13\bin\java.dll
0x00007ffe25f70000 - 0x00007ffe25f87000 	C:\Program Files\Java\jdk-13\bin\zip.dll
0x00007ffe29d20000 - 0x00007ffe29d2a000 	C:\Program Files\Java\jdk-13\bin\jimage.dll
0x00007ffe30550000 - 0x00007ffe30c35000 	C:\WINDOWS\System32\SHELL32.dll
0x00007ffe2f920000 - 0x00007ffe2f9c9000 	C:\WINDOWS\System32\shcore.dll
0x00007ffe2e2e0000 - 0x00007ffe2ea5f000 	C:\WINDOWS\System32\windows.storage.dll
0x00007ffe2dbf0000 - 0x00007ffe2dc0f000 	C:\WINDOWS\System32\profapi.dll
0x00007ffe2db80000 - 0x00007ffe2dbca000 	C:\WINDOWS\System32\powrprof.dll
0x00007ffe2db50000 - 0x00007ffe2db60000 	C:\WINDOWS\System32\UMPDC.dll
0x00007ffe302a0000 - 0x00007ffe302f2000 	C:\WINDOWS\System32\shlwapi.dll
0x00007ffe2dc10000 - 0x00007ffe2dc27000 	C:\WINDOWS\System32\cryptsp.dll
0x00007ffe1b1f0000 - 0x00007ffe1b209000 	C:\Program Files\Java\jdk-13\bin\net.dll
0x00007ffe26000000 - 0x00007ffe260f0000 	C:\WINDOWS\SYSTEM32\WINHTTP.dll
0x00007ffe21380000 - 0x00007ffe21556000 	C:\WINDOWS\SYSTEM32\urlmon.dll
0x00007ffe22280000 - 0x00007ffe22526000 	C:\WINDOWS\SYSTEM32\iertutil.dll
0x00007ffe2d590000 - 0x00007ffe2d59c000 	C:\WINDOWS\SYSTEM32\CRYPTBASE.DLL
0x00007ffe2d3c0000 - 0x00007ffe2d427000 	C:\WINDOWS\system32\mswsock.dll
0x00007ffe1b1b0000 - 0x00007ffe1b1c3000 	C:\Program Files\Java\jdk-13\bin\nio.dll
0x00007ffdf1660000 - 0x00007ffdf174f000 	C:\Users\Salim\AppData\Local\Temp\javacpp16517712593000\msvcr120.dll
0x00007ffdfe7b0000 - 0x00007ffdfe856000 	C:\Users\Salim\AppData\Local\Temp\javacpp16517712593000\msvcp120.dll
0x00007ffdf0450000 - 0x00007ffdf06c9000 	C:\Users\Salim\AppData\Local\Temp\javacpp16517712593000\opencv_core310.dll
0x00007ffdf0100000 - 0x00007ffdf0441000 	C:\Users\Salim\AppData\Local\Temp\javacpp16517712593000\opencv_imgproc310.dll
0x00007ffdeff00000 - 0x00007ffdf00f8000 	C:\Users\Salim\AppData\Local\Temp\javacpp16517712593000\jniopencv_core.dll
0x00007ffdfbe40000 - 0x00007ffdfbee6000 	C:\Users\Salim\AppData\Local\Temp\javacpp16517712593000\jniopencv_imgproc.dll
0x00007ffdefc30000 - 0x00007ffdefef8000 	C:\Users\Salim\AppData\Local\Temp\javacpp16517712593000\opencv_imgcodecs310.dll
0x00007ffe135b0000 - 0x00007ffe135cc000 	C:\Users\Salim\AppData\Local\Temp\javacpp16517712593000\jniopencv_imgcodecs.dll

dbghelp: loaded successfully - version: 4.0.5 - missing functions: none
symbol engine: initialized successfully - sym options: 0x614 - pdb path: .;C:\Program Files\Java\jdk-13\bin;C:\WINDOWS\SYSTEM32;C:\WINDOWS\WinSxS\amd64_microsoft.windows.common-controls_6595b64144ccf1df_6.0.18362.418_none_e6c6b287130d565d;C:\Program Files\Java\jdk-13\bin\server;C:\Users\Salim\AppData\Local\Temp\javacpp16517712593000

VM Arguments:
java_command: com.mycompany.readreceipt.Main
java_class_path (initial): C:\Users\Salim\Documents\NetBeansProjects\ReadReceipt\target\classes;C:\Users\Salim\.m2\repository\org\bytedeco\javacv\1.2\javacv-1.2.jar;C:\Users\Salim\.m2\repository\org\bytedeco\javacpp\1.2\javacpp-1.2.jar;C:\Users\Salim\.m2\repository\org\bytedeco\javacpp-presets\opencv\3.1.0-1.2\opencv-3.1.0-1.2.jar;C:\Users\Salim\.m2\repository\org\bytedeco\javacpp-presets\opencv\3.1.0-1.2\opencv-3.1.0-1.2-windows-x86_64.jar;C:\Users\Salim\.m2\repository\org\bytedeco\javacpp-presets\ffmpeg\3.0.2-1.2\ffmpeg-3.0.2-1.2.jar;C:\Users\Salim\.m2\repository\org\bytedeco\javacpp-presets\ffmpeg\3.0.2-1.2\ffmpeg-3.0.2-1.2-windows-x86_64.jar;C:\Users\Salim\.m2\repository\org\bytedeco\javacpp-presets\flycapture\2.9.3.43-1.2\flycapture-2.9.3.43-1.2.jar;C:\Users\Salim\.m2\repository\org\bytedeco\javacpp-presets\flycapture\2.9.3.43-1.2\flycapture-2.9.3.43-1.2-windows-x86_64.jar;C:\Users\Salim\.m2\repository\org\bytedeco\javacpp-presets\libdc1394\2.2.4-1.2\libdc1394-2.2.4-1.2.jar;C:\Users\Salim\.m2\repository\org\bytedeco\javacpp-presets\libdc1394\2.2.4-1.2\libdc1394-2.2.4-1.2-windows-x86_64.jar;C:\Users\Salim\.m2\repository\org\bytedeco\javacpp-presets\libfreenect\0.5.3-1.2\libfreenect-0.5.3-1.2.jar;C:\Users\Salim\.m2\repository\org\bytedeco\javacpp-presets\libfreenect\0.5.3-1.2\libfreenect-0.5.3-1.2-windows-x86_64.jar;C:\Users\Salim\.m2\repository\org\bytedeco\javacpp-presets\videoinput\0.200-1.2\videoinput-0.200-1.2.jar;C:\Users\Salim\.m2\repository\org\bytedeco\javacpp-presets\videoinput\0.200-1.2\videoinput-0.200-1.2-windows-x86_64.jar;C:\Users\Salim\.m2\repository\org\bytedeco\javacpp-presets\artoolkitplus\2.3.1-1.2\artoolkitplus-2.3.1-1.2.jar;C:\Users\Salim\.m2\repository\org\bytedeco\javacpp-presets\artoolkitplus\2.3.1-1.2\artoolkitplus-2.3.1-1.2-windows-x86_64.jar;C:\Users\Salim\.m2\repository\org\bytedeco\javacpp-presets\flandmark\1.07-1.2\flandmark-1.07-1.2.jar;C:\Users\Salim\.m2\repository\org\bytedeco\javacpp-presets\flandmark\1.07-1.2\flandmark-1.07-1
Launcher Type: SUN_STANDARD

[Global flags]
     intx CICompilerCount                          = 12                                        {product} {ergonomic}
     uint ConcGCThreads                            = 3                                         {product} {ergonomic}
     uint G1ConcRefinementThreads                  = 13                                        {product} {ergonomic}
   size_t G1HeapRegionSize                         = 1048576                                   {product} {ergonomic}
    uintx GCDrainStackTargetSize                   = 64                                        {product} {ergonomic}
   size_t InitialHeapSize                          = 268435456                                 {product} {ergonomic}
   size_t MarkStackSize                            = 4194304                                   {product} {ergonomic}
   size_t MaxHeapSize                              = 4282384384                                {product} {ergonomic}
   size_t MaxNewSize                               = 2569011200                                {product} {ergonomic}
   size_t MinHeapDeltaBytes                        = 1048576                                   {product} {ergonomic}
   size_t MinHeapSize                              = 8388608                                   {product} {ergonomic}
    uintx NonNMethodCodeHeapSize                   = 7594288                                {pd product} {ergonomic}
    uintx NonProfiledCodeHeapSize                  = 122031976                              {pd product} {ergonomic}
    uintx ProfiledCodeHeapSize                     = 122031976                              {pd product} {ergonomic}
    uintx ReservedCodeCacheSize                    = 251658240                              {pd product} {ergonomic}
     bool SegmentedCodeCache                       = true                                      {product} {ergonomic}
   size_t SoftMaxHeapSize                          = 4282384384                             {manageable} {ergonomic}
     bool UseCompressedClassPointers               = true                                 {lp64_product} {ergonomic}
     bool UseCompressedOops                        = true                                 {lp64_product} {ergonomic}
     bool UseG1GC                                  = true                                      {product} {ergonomic}
     bool UseLargePagesIndividualAllocation        = false                                  {pd product} {ergonomic}

Logging:
Log output configuration:
 #0: stdout all=warning uptime,level,tags
 #1: stderr all=off uptime,level,tags

Environment Variables:
JAVA_HOME=C:\Program Files\Java\jdk-13
PATH=;C:\Program Files (x86)\Common Files\Oracle\Java\javapath;C:\WINDOWS\system32;C:\WINDOWS;C:\WINDOWS\System32\Wbem;C:\WINDOWS\System32\WindowsPowerShell\v1.0\;C:\WINDOWS\System32\OpenSSH\;C:\Program Files (x86)\NVIDIA Corporation\PhysX\Common;C:\Program Files\Git\cmd;"C:\Program Files\Java\jdk1.8.0_60\bin;";C:\Users\Salim\AppData\Local\Microsoft\WindowsApps;
USERNAME=Salim
OS=Windows_NT
PROCESSOR_IDENTIFIER=AMD64 Family 23 Model 8 Stepping 2, AuthenticAMD



---------------  S Y S T E M  ---------------

OS: Windows 10 , 64 bit Build 18362 (10.0.18362.329)

CPU:total 16 (initial active 16) (16 cores per cpu, 2 threads per core) family 23 model 8 stepping 2, cmov, cx8, fxsr, mmx, sse, sse2, sse3, ssse3, sse4.1, sse4.2, popcnt, avx, avx2, aes, clmul, mmxext, 3dnowpref, lzcnt, sse4a, ht, tsc, tscinvbit, tscinv, bmi1, bmi2, adx, sha, fma

Memory: 4k page, system-wide physical 16335M (8908M free)
TotalPageFile size 18767M (AvailPageFile size 7318M)
current process WorkingSet (physical memory assigned to process): 59M, peak: 59M
current process commit charge ("private bytes"): 371M, peak: 371M

vm_info: Java HotSpot(TM) 64-Bit Server VM (13+33) for windows-amd64 JRE (13+33), built on Sep 18 2019 21:38:00 by "mach5one" with unknown MS VC++:1916

END.
