#
# A fatal error has been detected by the Java Runtime Environment:
#
#  EXCEPTION_ACCESS_VIOLATION (0xc0000005) at pc=0x00007ffd276a0853, pid=2644, tid=10100
#
# JRE version: Java(TM) SE Runtime Environment (13.0+33) (build 13+33)
# Java VM: Java HotSpot(TM) 64-Bit Server VM (13+33, mixed mode, sharing, tiered, compressed oops, g1 gc, windows-amd64)
# Problematic frame:
# C  [ntdll.dll+0x40853]
#
# No core dump will be written. Minidumps are not enabled by default on client versions of Windows
#
# If you would like to submit a bug report, please visit:
#   http://bugreport.java.com/bugreport/crash.jsp
# The crash happened outside the Java Virtual Machine in native code.
# See problematic frame for where to report the bug.
#

---------------  S U M M A R Y ------------

Command Line: com.mycompany.readreceipt.Main

Host: AMD Ryzen 7 2700X Eight-Core Processor         , 16 cores, 15G,  Windows 10 , 64 bit Build 18362 (10.0.18362.329)
Time: Wed Oct 23 03:25:22 2019 Türkiye Standart Saati elapsed time: 1 seconds (0d 0h 0m 1s)

---------------  T H R E A D  ---------------

Current thread (0x0000021a9d921800):  JavaThread "main" [_thread_in_native, id=10100, stack(0x000000353a200000,0x000000353a300000)]

Stack: [0x000000353a200000,0x000000353a300000],  sp=0x000000353a2fec60,  free space=1019k
Native frames: (J=compiled Java code, j=interpreted, Vv=VM code, C=native code)
C  [ntdll.dll+0x40853]
C  [ntdll.dll+0x3fc11]
C  [msvcr120.dll+0x669d8]

Java frames: (J=compiled Java code, j=interpreted, Vv=VM code)
j  org.bytedeco.javacpp.opencv_core.cvReleaseImage(Lorg/bytedeco/javacpp/opencv_core$IplImage;)V+0
j  com.mycompany.readreceipt.ReceiptScannerImpl.preprocessaImagem(Ljava/lang/String;)Ljava/lang/String;+137
j  com.mycompany.readreceipt.ReceiptScannerImpl.getTextFromReceiptImage(Ljava/lang/String;)Ljava/lang/String;+2
j  com.mycompany.readreceipt.Main.main([Ljava/lang/String;)V+16
v  ~StubRoutines::call_stub

siginfo: EXCEPTION_ACCESS_VIOLATION (0xc0000005), reading address 0xffffffffffffffff


Register to memory mapping:

RIP=0x00007ffd276a0853 ntdll.dll
RAX=0x0 is NULL
RBX=0x0000021a9b850000 points into unknown readable memory: 00 00 00 00 00 00 00 00
RCX=0x0000021a9b850000 points into unknown readable memory: 00 00 00 00 00 00 00 00
RDX=0x90000100de651d10 is an unknown value
RSP=0x000000353a2fec60 is pointing into the stack for thread: 0x0000021a9d921800
RBP=0x0000021a9b850000 points into unknown readable memory: 00 00 00 00 00 00 00 00
RSI=0x90000100de651d10 is an unknown value
RDI=0x0 is NULL
R8 =0x0 is NULL
R9 =0x0 is NULL
R10=0x0000021a9b850000 points into unknown readable memory: 00 00 00 00 00 00 00 00
R11=0x000000353a2fece0 is pointing into the stack for thread: 0x0000021a9d921800
R12=0x0 is NULL
R13=0x90000100de651d00 is an unknown value
R14=0x000000353a2fef00 is pointing into the stack for thread: 0x0000021a9d921800
R15=0x0 is NULL


Registers:
RAX=0x0000000000000000, RBX=0x0000021a9b850000, RCX=0x0000021a9b850000, RDX=0x90000100de651d10
RSP=0x000000353a2fec60, RBP=0x0000021a9b850000, RSI=0x90000100de651d10, RDI=0x0000000000000000
R8 =0x0000000000000000, R9 =0x0000000000000000, R10=0x0000021a9b850000, R11=0x000000353a2fece0
R12=0x0000000000000000, R13=0x90000100de651d00, R14=0x000000353a2fef00, R15=0x0000000000000000
RIP=0x00007ffd276a0853, EFLAGS=0x0000000000010246

Top of Stack: (sp=0x000000353a2fec60)
0x000000353a2fec60:   0000021a9b850000 0000021a9b850000
0x000000353a2fec70:   0000000000000000 0000021ac33a5400
0x000000353a2fec80:   0000021a9d9222d8 000000353a2fee40
0x000000353a2fec90:   0000021ac2efb520 0000002c00000001
0x000000353a2feca0:   0000021aa5e28a01 0000021ac319efc0
0x000000353a2fecb0:   0000021a9d921800 000000353a2fef00
0x000000353a2fecc0:   00007ffcf69078b8 0000005000000000
0x000000353a2fecd0:   0000000000000035 0000000000000000
0x000000353a2fece0:   0000021a9d921800 000000353a2fef00
0x000000353a2fecf0:   0000021ac252b218 0000000000000000
0x000000353a2fed00:   90000100de651d10 00007ffd2769fc11
0x000000353a2fed10:   0000021a9d921800 0000021a9b850000
0x000000353a2fed20:   0000000000000000 0000000000000000
0x000000353a2fed30:   0000000000000000 00007ffcf66cfa56
0x000000353a2fed40:   000000353a2fee40 00007ffcf50969d8
0x000000353a2fed50:   0000021ac33e86a0 0000000000000000 

Instructions: (pc=0x00007ffd276a0853)
0x00007ffd276a0753:   d3 e2 48 2b d0 44 89 5c 24 38 e9 2a fe ff ff 45
0x00007ffd276a0763:   33 c0 48 8b d3 49 8b ce e8 60 64 ff ff c7 84 24
0x00007ffd276a0773:   b0 00 00 00 01 00 00 00 e8 30 f5 ff ff 85 c0 0f
0x00007ffd276a0783:   85 49 55 06 00 b9 80 03 fe 7f 40 38 39 0f 84 0e
0x00007ffd276a0793:   fd ff ff e9 52 55 06 00 41 b8 02 00 00 00 e9 35
0x00007ffd276a07a3:   f9 ff ff f7 41 74 00 00 00 01 75 4d f6 41 78 01
0x00007ffd276a07b3:   0f 85 b1 55 06 00 40 f6 c6 0f 0f 84 87 00 00 00
0x00007ffd276a07c3:   45 33 c9 48 89 7c 24 28 4c 8b c6 48 89 7c 24 20
0x00007ffd276a07d3:   48 8b d5 41 8d 49 09 e8 c5 a0 0c 00 4d 85 ed 0f
0x00007ffd276a07e3:   84 8f 55 06 00 80 7e ff 05 0f 84 b6 55 06 00 41
0x00007ffd276a07f3:   38 7d 0f 0f 8c 1a 57 06 00 41 8b d7 4c 8b ce 83
0x00007ffd276a0803:   ca 02 4d 8b c5 48 8b cd e8 50 11 00 00 44 0f b6
0x00007ffd276a0813:   e8 84 c0 0f 84 b5 fc ff ff 48 8b 84 24 d0 00 00
0x00007ffd276a0823:   00 48 85 c0 74 03 66 89 38 4d 85 e4 74 04 49 89
0x00007ffd276a0833:   3c 24 48 8b cd e8 43 f4 ff ff 85 c0 0f 84 8c fc
0x00007ffd276a0843:   ff ff e9 2e 5c 06 00 4c 8d 6a f0 41 0f 0d 4d 00
0x00007ffd276a0853:   41 80 7d 0f 05 75 0c 41 0f b6 45 0e 48 c1 e0 04
0x00007ffd276a0863:   4c 2b e8 41 f6 45 0f 3f 0f 85 6e ff ff ff 45 33
0x00007ffd276a0873:   c9 48 89 7c 24 28 4d 8b c5 48 89 7c 24 20 48 8b
0x00007ffd276a0883:   d5 41 8d 49 08 e8 17 a0 0c 00 4c 8b ef e9 4a ff
0x00007ffd276a0893:   ff ff 4c 8d 4c 24 38 45 8b c7 48 8b d6 48 8b cd
0x00007ffd276a08a3:   e8 98 2e 04 00 48 8b d0 41 bd 01 00 00 00 e9 66
0x00007ffd276a08b3:   fa ff ff 4d 85 e4 0f 85 5e 52 06 00 45 8b eb e9
0x00007ffd276a08c3:   95 fa ff ff 49 8b d6 e9 45 fa ff ff cc cc cc cc
0x00007ffd276a08d3:   cc cc cc cc cc cc cc cc cc cc cc cc cc 40 55 53
0x00007ffd276a08e3:   56 57 41 56 41 57 48 8b ec 48 83 ec 78 48 8d 82
0x00007ffd276a08f3:   ff 0f 00 00 4c 8b f2 25 00 f0 ff ff 48 8d 55 48
0x00007ffd276a0903:   48 89 45 48 48 8b d9 45 33 ff e8 6e 09 00 00 48
0x00007ffd276a0913:   8b f0 48 85 c0 0f 84 ef 04 00 00 48 c1 6d 48 04
0x00007ffd276a0923:   48 8b fe 0f b7 48 0c 0f b7 83 8c 00 00 00 48 33
0x00007ffd276a0933:   c8 48 c1 e1 04 48 2b f9 48 3b fe 0f 84 0f 01 00
0x00007ffd276a0943:   00 8b 4b 7c 8b c1 c1 e8 14 22 83 8a 00 00 00 32 


Stack slot to memory mapping:
stack at sp + 0 slots: 0x0000021a9b850000 points into unknown readable memory: 00 00 00 00 00 00 00 00
stack at sp + 1 slots: 0x0000021a9b850000 points into unknown readable memory: 00 00 00 00 00 00 00 00
stack at sp + 2 slots: 0x0 is NULL
stack at sp + 3 slots: 0x0000021ac33a5400 points into unknown readable memory: c0 8d 3e c3 1a 02 00 00
stack at sp + 4 slots: 0x0000021a9d9222d8 points into unknown readable memory: 88 cd 19 10 07 00 00 00
stack at sp + 5 slots: 0x000000353a2fee40 is pointing into the stack for thread: 0x0000021a9d921800
stack at sp + 6 slots: 0x0000021ac2efb520 points into unknown readable memory: 80 46 74 9b 1a 02 00 00
stack at sp + 7 slots: 0x0000002c00000001 is an unknown value


---------------  P R O C E S S  ---------------

Threads class SMR info:
_java_thread_list=0x0000021ac3070930, length=11, elements={
0x0000021a9d921800, 0x0000021ac2935000, 0x0000021ac2936000, 0x0000021ac2951800,
0x0000021ac2954800, 0x0000021ac2955800, 0x0000021ac2964000, 0x0000021ac2977800,
0x0000021ac2aa4000, 0x0000021ac2ad4800, 0x0000021ac31bf000
}

Java Threads: ( => current thread )
=>0x0000021a9d921800 JavaThread "main" [_thread_in_native, id=10100, stack(0x000000353a200000,0x000000353a300000)]
  0x0000021ac2935000 JavaThread "Reference Handler" daemon [_thread_blocked, id=5124, stack(0x000000353a900000,0x000000353aa00000)]
  0x0000021ac2936000 JavaThread "Finalizer" daemon [_thread_blocked, id=2476, stack(0x000000353aa00000,0x000000353ab00000)]
  0x0000021ac2951800 JavaThread "Signal Dispatcher" daemon [_thread_blocked, id=6360, stack(0x000000353ab00000,0x000000353ac00000)]
  0x0000021ac2954800 JavaThread "Attach Listener" daemon [_thread_blocked, id=12844, stack(0x000000353ac00000,0x000000353ad00000)]
  0x0000021ac2955800 JavaThread "C2 CompilerThread0" daemon [_thread_blocked, id=6032, stack(0x000000353ad00000,0x000000353ae00000)]
  0x0000021ac2964000 JavaThread "C1 CompilerThread0" daemon [_thread_blocked, id=9964, stack(0x000000353ae00000,0x000000353af00000)]
  0x0000021ac2977800 JavaThread "Sweeper thread" daemon [_thread_blocked, id=8724, stack(0x000000353af00000,0x000000353b000000)]
  0x0000021ac2aa4000 JavaThread "Service Thread" daemon [_thread_blocked, id=192, stack(0x000000353b100000,0x000000353b200000)]
  0x0000021ac2ad4800 JavaThread "Common-Cleaner" daemon [_thread_blocked, id=11100, stack(0x000000353b300000,0x000000353b400000)]
  0x0000021ac31bf000 JavaThread "C1 CompilerThread1" daemon [_thread_blocked, id=9748, stack(0x000000353b400000,0x000000353b500000)]

Other Threads:
  0x0000021ac2932000 VMThread "VM Thread" [stack: 0x000000353a800000,0x000000353a900000] [id=6080]
  0x0000021ac2acf000 WatcherThread [stack: 0x000000353b200000,0x000000353b300000] [id=2944]
  0x0000021a9d98e000 GCTaskThread "GC Thread#0" [stack: 0x000000353a300000,0x000000353a400000] [id=2144]
  0x0000021a9d9b0800 ConcurrentGCThread "G1 Main Marker" [stack: 0x000000353a400000,0x000000353a500000] [id=13000]
  0x0000021a9d9b3000 ConcurrentGCThread "G1 Conc#0" [stack: 0x000000353a500000,0x000000353a600000] [id=3136]
  0x0000021ac1faa000 ConcurrentGCThread "G1 Refine#0" [stack: 0x000000353a600000,0x000000353a700000] [id=12112]
  0x0000021ac1faa800 ConcurrentGCThread "G1 Young RemSet Sampling" [stack: 0x000000353a700000,0x000000353a800000] [id=7284]

Threads with active compile tasks:

VM state:not at safepoint (normal execution)

VM Mutex/Monitor currently owned by a thread: None

Heap address: 0x0000000700c00000, size: 4084 MB, Compressed Oops mode: Zero based, Oop shift amount: 3
Narrow klass base: 0x0000000800000000, Narrow klass shift: 3
Compressed class space size: 1073741824 Address: 0x0000000800b40000

Heap:
 garbage-first heap   total 262144K, used 9216K [0x0000000700c00000, 0x0000000800000000)
  region size 1024K, 11 young (11264K), 0 survivors (0K)
 Metaspace       used 3653K, capacity 6728K, committed 6912K, reserved 1056768K
  class space    used 338K, capacity 648K, committed 768K, reserved 1048576K
Heap Regions: E=young(eden), S=young(survivor), O=old, HS=humongous(starts), HC=humongous(continues), CS=collection set, F=free, A=archive, TAMS=top-at-mark-start (previous, next)
|   0|0x0000000700c00000, 0x0000000700c00000, 0x0000000700d00000|  0%| F|  |TAMS 0x0000000700c00000, 0x0000000700c00000| Untracked 
|   1|0x0000000700d00000, 0x0000000700d00000, 0x0000000700e00000|  0%| F|  |TAMS 0x0000000700d00000, 0x0000000700d00000| Untracked 
|   2|0x0000000700e00000, 0x0000000700e00000, 0x0000000700f00000|  0%| F|  |TAMS 0x0000000700e00000, 0x0000000700e00000| Untracked 
|   3|0x0000000700f00000, 0x0000000700f00000, 0x0000000701000000|  0%| F|  |TAMS 0x0000000700f00000, 0x0000000700f00000| Untracked 
|   4|0x0000000701000000, 0x0000000701000000, 0x0000000701100000|  0%| F|  |TAMS 0x0000000701000000, 0x0000000701000000| Untracked 
|   5|0x0000000701100000, 0x0000000701100000, 0x0000000701200000|  0%| F|  |TAMS 0x0000000701100000, 0x0000000701100000| Untracked 
|   6|0x0000000701200000, 0x0000000701200000, 0x0000000701300000|  0%| F|  |TAMS 0x0000000701200000, 0x0000000701200000| Untracked 
|   7|0x0000000701300000, 0x0000000701300000, 0x0000000701400000|  0%| F|  |TAMS 0x0000000701300000, 0x0000000701300000| Untracked 
|   8|0x0000000701400000, 0x0000000701400000, 0x0000000701500000|  0%| F|  |TAMS 0x0000000701400000, 0x0000000701400000| Untracked 
|   9|0x0000000701500000, 0x0000000701500000, 0x0000000701600000|  0%| F|  |TAMS 0x0000000701500000, 0x0000000701500000| Untracked 
|  10|0x0000000701600000, 0x0000000701600000, 0x0000000701700000|  0%| F|  |TAMS 0x0000000701600000, 0x0000000701600000| Untracked 
|  11|0x0000000701700000, 0x0000000701700000, 0x0000000701800000|  0%| F|  |TAMS 0x0000000701700000, 0x0000000701700000| Untracked 
|  12|0x0000000701800000, 0x0000000701800000, 0x0000000701900000|  0%| F|  |TAMS 0x0000000701800000, 0x0000000701800000| Untracked 
|  13|0x0000000701900000, 0x0000000701900000, 0x0000000701a00000|  0%| F|  |TAMS 0x0000000701900000, 0x0000000701900000| Untracked 
|  14|0x0000000701a00000, 0x0000000701a00000, 0x0000000701b00000|  0%| F|  |TAMS 0x0000000701a00000, 0x0000000701a00000| Untracked 
|  15|0x0000000701b00000, 0x0000000701b00000, 0x0000000701c00000|  0%| F|  |TAMS 0x0000000701b00000, 0x0000000701b00000| Untracked 
|  16|0x0000000701c00000, 0x0000000701c00000, 0x0000000701d00000|  0%| F|  |TAMS 0x0000000701c00000, 0x0000000701c00000| Untracked 
|  17|0x0000000701d00000, 0x0000000701d00000, 0x0000000701e00000|  0%| F|  |TAMS 0x0000000701d00000, 0x0000000701d00000| Untracked 
|  18|0x0000000701e00000, 0x0000000701e00000, 0x0000000701f00000|  0%| F|  |TAMS 0x0000000701e00000, 0x0000000701e00000| Untracked 
|  19|0x0000000701f00000, 0x0000000701f00000, 0x0000000702000000|  0%| F|  |TAMS 0x0000000701f00000, 0x0000000701f00000| Untracked 
|  20|0x0000000702000000, 0x0000000702000000, 0x0000000702100000|  0%| F|  |TAMS 0x0000000702000000, 0x0000000702000000| Untracked 
|  21|0x0000000702100000, 0x0000000702100000, 0x0000000702200000|  0%| F|  |TAMS 0x0000000702100000, 0x0000000702100000| Untracked 
|  22|0x0000000702200000, 0x0000000702200000, 0x0000000702300000|  0%| F|  |TAMS 0x0000000702200000, 0x0000000702200000| Untracked 
|  23|0x0000000702300000, 0x0000000702300000, 0x0000000702400000|  0%| F|  |TAMS 0x0000000702300000, 0x0000000702300000| Untracked 
|  24|0x0000000702400000, 0x0000000702400000, 0x0000000702500000|  0%| F|  |TAMS 0x0000000702400000, 0x0000000702400000| Untracked 
|  25|0x0000000702500000, 0x0000000702500000, 0x0000000702600000|  0%| F|  |TAMS 0x0000000702500000, 0x0000000702500000| Untracked 
|  26|0x0000000702600000, 0x0000000702600000, 0x0000000702700000|  0%| F|  |TAMS 0x0000000702600000, 0x0000000702600000| Untracked 
|  27|0x0000000702700000, 0x0000000702700000, 0x0000000702800000|  0%| F|  |TAMS 0x0000000702700000, 0x0000000702700000| Untracked 
|  28|0x0000000702800000, 0x0000000702800000, 0x0000000702900000|  0%| F|  |TAMS 0x0000000702800000, 0x0000000702800000| Untracked 
|  29|0x0000000702900000, 0x0000000702900000, 0x0000000702a00000|  0%| F|  |TAMS 0x0000000702900000, 0x0000000702900000| Untracked 
|  30|0x0000000702a00000, 0x0000000702a00000, 0x0000000702b00000|  0%| F|  |TAMS 0x0000000702a00000, 0x0000000702a00000| Untracked 
|  31|0x0000000702b00000, 0x0000000702b00000, 0x0000000702c00000|  0%| F|  |TAMS 0x0000000702b00000, 0x0000000702b00000| Untracked 
|  32|0x0000000702c00000, 0x0000000702c00000, 0x0000000702d00000|  0%| F|  |TAMS 0x0000000702c00000, 0x0000000702c00000| Untracked 
|  33|0x0000000702d00000, 0x0000000702d00000, 0x0000000702e00000|  0%| F|  |TAMS 0x0000000702d00000, 0x0000000702d00000| Untracked 
|  34|0x0000000702e00000, 0x0000000702e00000, 0x0000000702f00000|  0%| F|  |TAMS 0x0000000702e00000, 0x0000000702e00000| Untracked 
|  35|0x0000000702f00000, 0x0000000702f00000, 0x0000000703000000|  0%| F|  |TAMS 0x0000000702f00000, 0x0000000702f00000| Untracked 
|  36|0x0000000703000000, 0x0000000703000000, 0x0000000703100000|  0%| F|  |TAMS 0x0000000703000000, 0x0000000703000000| Untracked 
|  37|0x0000000703100000, 0x0000000703100000, 0x0000000703200000|  0%| F|  |TAMS 0x0000000703100000, 0x0000000703100000| Untracked 
|  38|0x0000000703200000, 0x0000000703200000, 0x0000000703300000|  0%| F|  |TAMS 0x0000000703200000, 0x0000000703200000| Untracked 
|  39|0x0000000703300000, 0x0000000703300000, 0x0000000703400000|  0%| F|  |TAMS 0x0000000703300000, 0x0000000703300000| Untracked 
|  40|0x0000000703400000, 0x0000000703400000, 0x0000000703500000|  0%| F|  |TAMS 0x0000000703400000, 0x0000000703400000| Untracked 
|  41|0x0000000703500000, 0x0000000703500000, 0x0000000703600000|  0%| F|  |TAMS 0x0000000703500000, 0x0000000703500000| Untracked 
|  42|0x0000000703600000, 0x0000000703600000, 0x0000000703700000|  0%| F|  |TAMS 0x0000000703600000, 0x0000000703600000| Untracked 
|  43|0x0000000703700000, 0x0000000703700000, 0x0000000703800000|  0%| F|  |TAMS 0x0000000703700000, 0x0000000703700000| Untracked 
|  44|0x0000000703800000, 0x0000000703800000, 0x0000000703900000|  0%| F|  |TAMS 0x0000000703800000, 0x0000000703800000| Untracked 
|  45|0x0000000703900000, 0x0000000703900000, 0x0000000703a00000|  0%| F|  |TAMS 0x0000000703900000, 0x0000000703900000| Untracked 
|  46|0x0000000703a00000, 0x0000000703a00000, 0x0000000703b00000|  0%| F|  |TAMS 0x0000000703a00000, 0x0000000703a00000| Untracked 
|  47|0x0000000703b00000, 0x0000000703b00000, 0x0000000703c00000|  0%| F|  |TAMS 0x0000000703b00000, 0x0000000703b00000| Untracked 
|  48|0x0000000703c00000, 0x0000000703c00000, 0x0000000703d00000|  0%| F|  |TAMS 0x0000000703c00000, 0x0000000703c00000| Untracked 
|  49|0x0000000703d00000, 0x0000000703d00000, 0x0000000703e00000|  0%| F|  |TAMS 0x0000000703d00000, 0x0000000703d00000| Untracked 
|  50|0x0000000703e00000, 0x0000000703e00000, 0x0000000703f00000|  0%| F|  |TAMS 0x0000000703e00000, 0x0000000703e00000| Untracked 
|  51|0x0000000703f00000, 0x0000000703f00000, 0x0000000704000000|  0%| F|  |TAMS 0x0000000703f00000, 0x0000000703f00000| Untracked 
|  52|0x0000000704000000, 0x0000000704000000, 0x0000000704100000|  0%| F|  |TAMS 0x0000000704000000, 0x0000000704000000| Untracked 
|  53|0x0000000704100000, 0x0000000704100000, 0x0000000704200000|  0%| F|  |TAMS 0x0000000704100000, 0x0000000704100000| Untracked 
|  54|0x0000000704200000, 0x0000000704200000, 0x0000000704300000|  0%| F|  |TAMS 0x0000000704200000, 0x0000000704200000| Untracked 
|  55|0x0000000704300000, 0x0000000704300000, 0x0000000704400000|  0%| F|  |TAMS 0x0000000704300000, 0x0000000704300000| Untracked 
|  56|0x0000000704400000, 0x0000000704400000, 0x0000000704500000|  0%| F|  |TAMS 0x0000000704400000, 0x0000000704400000| Untracked 
|  57|0x0000000704500000, 0x0000000704500000, 0x0000000704600000|  0%| F|  |TAMS 0x0000000704500000, 0x0000000704500000| Untracked 
|  58|0x0000000704600000, 0x0000000704600000, 0x0000000704700000|  0%| F|  |TAMS 0x0000000704600000, 0x0000000704600000| Untracked 
|  59|0x0000000704700000, 0x0000000704700000, 0x0000000704800000|  0%| F|  |TAMS 0x0000000704700000, 0x0000000704700000| Untracked 
|  60|0x0000000704800000, 0x0000000704800000, 0x0000000704900000|  0%| F|  |TAMS 0x0000000704800000, 0x0000000704800000| Untracked 
|  61|0x0000000704900000, 0x0000000704900000, 0x0000000704a00000|  0%| F|  |TAMS 0x0000000704900000, 0x0000000704900000| Untracked 
|  62|0x0000000704a00000, 0x0000000704a00000, 0x0000000704b00000|  0%| F|  |TAMS 0x0000000704a00000, 0x0000000704a00000| Untracked 
|  63|0x0000000704b00000, 0x0000000704b00000, 0x0000000704c00000|  0%| F|  |TAMS 0x0000000704b00000, 0x0000000704b00000| Untracked 
|  64|0x0000000704c00000, 0x0000000704c00000, 0x0000000704d00000|  0%| F|  |TAMS 0x0000000704c00000, 0x0000000704c00000| Untracked 
|  65|0x0000000704d00000, 0x0000000704d00000, 0x0000000704e00000|  0%| F|  |TAMS 0x0000000704d00000, 0x0000000704d00000| Untracked 
|  66|0x0000000704e00000, 0x0000000704e00000, 0x0000000704f00000|  0%| F|  |TAMS 0x0000000704e00000, 0x0000000704e00000| Untracked 
|  67|0x0000000704f00000, 0x0000000704f00000, 0x0000000705000000|  0%| F|  |TAMS 0x0000000704f00000, 0x0000000704f00000| Untracked 
|  68|0x0000000705000000, 0x0000000705000000, 0x0000000705100000|  0%| F|  |TAMS 0x0000000705000000, 0x0000000705000000| Untracked 
|  69|0x0000000705100000, 0x0000000705100000, 0x0000000705200000|  0%| F|  |TAMS 0x0000000705100000, 0x0000000705100000| Untracked 
|  70|0x0000000705200000, 0x0000000705200000, 0x0000000705300000|  0%| F|  |TAMS 0x0000000705200000, 0x0000000705200000| Untracked 
|  71|0x0000000705300000, 0x0000000705300000, 0x0000000705400000|  0%| F|  |TAMS 0x0000000705300000, 0x0000000705300000| Untracked 
|  72|0x0000000705400000, 0x0000000705400000, 0x0000000705500000|  0%| F|  |TAMS 0x0000000705400000, 0x0000000705400000| Untracked 
|  73|0x0000000705500000, 0x0000000705500000, 0x0000000705600000|  0%| F|  |TAMS 0x0000000705500000, 0x0000000705500000| Untracked 
|  74|0x0000000705600000, 0x0000000705600000, 0x0000000705700000|  0%| F|  |TAMS 0x0000000705600000, 0x0000000705600000| Untracked 
|  75|0x0000000705700000, 0x0000000705700000, 0x0000000705800000|  0%| F|  |TAMS 0x0000000705700000, 0x0000000705700000| Untracked 
|  76|0x0000000705800000, 0x0000000705800000, 0x0000000705900000|  0%| F|  |TAMS 0x0000000705800000, 0x0000000705800000| Untracked 
|  77|0x0000000705900000, 0x0000000705900000, 0x0000000705a00000|  0%| F|  |TAMS 0x0000000705900000, 0x0000000705900000| Untracked 
|  78|0x0000000705a00000, 0x0000000705a00000, 0x0000000705b00000|  0%| F|  |TAMS 0x0000000705a00000, 0x0000000705a00000| Untracked 
|  79|0x0000000705b00000, 0x0000000705b00000, 0x0000000705c00000|  0%| F|  |TAMS 0x0000000705b00000, 0x0000000705b00000| Untracked 
|  80|0x0000000705c00000, 0x0000000705c00000, 0x0000000705d00000|  0%| F|  |TAMS 0x0000000705c00000, 0x0000000705c00000| Untracked 
|  81|0x0000000705d00000, 0x0000000705d00000, 0x0000000705e00000|  0%| F|  |TAMS 0x0000000705d00000, 0x0000000705d00000| Untracked 
|  82|0x0000000705e00000, 0x0000000705e00000, 0x0000000705f00000|  0%| F|  |TAMS 0x0000000705e00000, 0x0000000705e00000| Untracked 
|  83|0x0000000705f00000, 0x0000000705f00000, 0x0000000706000000|  0%| F|  |TAMS 0x0000000705f00000, 0x0000000705f00000| Untracked 
|  84|0x0000000706000000, 0x0000000706000000, 0x0000000706100000|  0%| F|  |TAMS 0x0000000706000000, 0x0000000706000000| Untracked 
|  85|0x0000000706100000, 0x0000000706100000, 0x0000000706200000|  0%| F|  |TAMS 0x0000000706100000, 0x0000000706100000| Untracked 
|  86|0x0000000706200000, 0x0000000706200000, 0x0000000706300000|  0%| F|  |TAMS 0x0000000706200000, 0x0000000706200000| Untracked 
|  87|0x0000000706300000, 0x0000000706300000, 0x0000000706400000|  0%| F|  |TAMS 0x0000000706300000, 0x0000000706300000| Untracked 
|  88|0x0000000706400000, 0x0000000706400000, 0x0000000706500000|  0%| F|  |TAMS 0x0000000706400000, 0x0000000706400000| Untracked 
|  89|0x0000000706500000, 0x0000000706500000, 0x0000000706600000|  0%| F|  |TAMS 0x0000000706500000, 0x0000000706500000| Untracked 
|  90|0x0000000706600000, 0x0000000706600000, 0x0000000706700000|  0%| F|  |TAMS 0x0000000706600000, 0x0000000706600000| Untracked 
|  91|0x0000000706700000, 0x0000000706700000, 0x0000000706800000|  0%| F|  |TAMS 0x0000000706700000, 0x0000000706700000| Untracked 
|  92|0x0000000706800000, 0x0000000706800000, 0x0000000706900000|  0%| F|  |TAMS 0x0000000706800000, 0x0000000706800000| Untracked 
|  93|0x0000000706900000, 0x0000000706900000, 0x0000000706a00000|  0%| F|  |TAMS 0x0000000706900000, 0x0000000706900000| Untracked 
|  94|0x0000000706a00000, 0x0000000706a00000, 0x0000000706b00000|  0%| F|  |TAMS 0x0000000706a00000, 0x0000000706a00000| Untracked 
|  95|0x0000000706b00000, 0x0000000706b00000, 0x0000000706c00000|  0%| F|  |TAMS 0x0000000706b00000, 0x0000000706b00000| Untracked 
|  96|0x0000000706c00000, 0x0000000706c00000, 0x0000000706d00000|  0%| F|  |TAMS 0x0000000706c00000, 0x0000000706c00000| Untracked 
|  97|0x0000000706d00000, 0x0000000706d00000, 0x0000000706e00000|  0%| F|  |TAMS 0x0000000706d00000, 0x0000000706d00000| Untracked 
|  98|0x0000000706e00000, 0x0000000706e00000, 0x0000000706f00000|  0%| F|  |TAMS 0x0000000706e00000, 0x0000000706e00000| Untracked 
|  99|0x0000000706f00000, 0x0000000706f00000, 0x0000000707000000|  0%| F|  |TAMS 0x0000000706f00000, 0x0000000706f00000| Untracked 
| 100|0x0000000707000000, 0x0000000707000000, 0x0000000707100000|  0%| F|  |TAMS 0x0000000707000000, 0x0000000707000000| Untracked 
| 101|0x0000000707100000, 0x0000000707100000, 0x0000000707200000|  0%| F|  |TAMS 0x0000000707100000, 0x0000000707100000| Untracked 
| 102|0x0000000707200000, 0x0000000707200000, 0x0000000707300000|  0%| F|  |TAMS 0x0000000707200000, 0x0000000707200000| Untracked 
| 103|0x0000000707300000, 0x0000000707300000, 0x0000000707400000|  0%| F|  |TAMS 0x0000000707300000, 0x0000000707300000| Untracked 
| 104|0x0000000707400000, 0x0000000707400000, 0x0000000707500000|  0%| F|  |TAMS 0x0000000707400000, 0x0000000707400000| Untracked 
| 105|0x0000000707500000, 0x0000000707500000, 0x0000000707600000|  0%| F|  |TAMS 0x0000000707500000, 0x0000000707500000| Untracked 
| 106|0x0000000707600000, 0x0000000707600000, 0x0000000707700000|  0%| F|  |TAMS 0x0000000707600000, 0x0000000707600000| Untracked 
| 107|0x0000000707700000, 0x0000000707700000, 0x0000000707800000|  0%| F|  |TAMS 0x0000000707700000, 0x0000000707700000| Untracked 
| 108|0x0000000707800000, 0x0000000707800000, 0x0000000707900000|  0%| F|  |TAMS 0x0000000707800000, 0x0000000707800000| Untracked 
| 109|0x0000000707900000, 0x0000000707900000, 0x0000000707a00000|  0%| F|  |TAMS 0x0000000707900000, 0x0000000707900000| Untracked 
| 110|0x0000000707a00000, 0x0000000707a00000, 0x0000000707b00000|  0%| F|  |TAMS 0x0000000707a00000, 0x0000000707a00000| Untracked 
| 111|0x0000000707b00000, 0x0000000707b00000, 0x0000000707c00000|  0%| F|  |TAMS 0x0000000707b00000, 0x0000000707b00000| Untracked 
| 112|0x0000000707c00000, 0x0000000707c00000, 0x0000000707d00000|  0%| F|  |TAMS 0x0000000707c00000, 0x0000000707c00000| Untracked 
| 113|0x0000000707d00000, 0x0000000707d00000, 0x0000000707e00000|  0%| F|  |TAMS 0x0000000707d00000, 0x0000000707d00000| Untracked 
| 114|0x0000000707e00000, 0x0000000707e00000, 0x0000000707f00000|  0%| F|  |TAMS 0x0000000707e00000, 0x0000000707e00000| Untracked 
| 115|0x0000000707f00000, 0x0000000707f00000, 0x0000000708000000|  0%| F|  |TAMS 0x0000000707f00000, 0x0000000707f00000| Untracked 
| 116|0x0000000708000000, 0x0000000708000000, 0x0000000708100000|  0%| F|  |TAMS 0x0000000708000000, 0x0000000708000000| Untracked 
| 117|0x0000000708100000, 0x0000000708100000, 0x0000000708200000|  0%| F|  |TAMS 0x0000000708100000, 0x0000000708100000| Untracked 
| 118|0x0000000708200000, 0x0000000708200000, 0x0000000708300000|  0%| F|  |TAMS 0x0000000708200000, 0x0000000708200000| Untracked 
| 119|0x0000000708300000, 0x0000000708300000, 0x0000000708400000|  0%| F|  |TAMS 0x0000000708300000, 0x0000000708300000| Untracked 
| 120|0x0000000708400000, 0x0000000708400000, 0x0000000708500000|  0%| F|  |TAMS 0x0000000708400000, 0x0000000708400000| Untracked 
| 121|0x0000000708500000, 0x0000000708500000, 0x0000000708600000|  0%| F|  |TAMS 0x0000000708500000, 0x0000000708500000| Untracked 
| 122|0x0000000708600000, 0x0000000708600000, 0x0000000708700000|  0%| F|  |TAMS 0x0000000708600000, 0x0000000708600000| Untracked 
| 123|0x0000000708700000, 0x0000000708700000, 0x0000000708800000|  0%| F|  |TAMS 0x0000000708700000, 0x0000000708700000| Untracked 
| 124|0x0000000708800000, 0x0000000708800000, 0x0000000708900000|  0%| F|  |TAMS 0x0000000708800000, 0x0000000708800000| Untracked 
| 125|0x0000000708900000, 0x0000000708900000, 0x0000000708a00000|  0%| F|  |TAMS 0x0000000708900000, 0x0000000708900000| Untracked 
| 126|0x0000000708a00000, 0x0000000708a00000, 0x0000000708b00000|  0%| F|  |TAMS 0x0000000708a00000, 0x0000000708a00000| Untracked 
| 127|0x0000000708b00000, 0x0000000708b00000, 0x0000000708c00000|  0%| F|  |TAMS 0x0000000708b00000, 0x0000000708b00000| Untracked 
| 128|0x0000000708c00000, 0x0000000708c00000, 0x0000000708d00000|  0%| F|  |TAMS 0x0000000708c00000, 0x0000000708c00000| Untracked 
| 129|0x0000000708d00000, 0x0000000708d00000, 0x0000000708e00000|  0%| F|  |TAMS 0x0000000708d00000, 0x0000000708d00000| Untracked 
| 130|0x0000000708e00000, 0x0000000708e00000, 0x0000000708f00000|  0%| F|  |TAMS 0x0000000708e00000, 0x0000000708e00000| Untracked 
| 131|0x0000000708f00000, 0x0000000708f00000, 0x0000000709000000|  0%| F|  |TAMS 0x0000000708f00000, 0x0000000708f00000| Untracked 
| 132|0x0000000709000000, 0x0000000709000000, 0x0000000709100000|  0%| F|  |TAMS 0x0000000709000000, 0x0000000709000000| Untracked 
| 133|0x0000000709100000, 0x0000000709100000, 0x0000000709200000|  0%| F|  |TAMS 0x0000000709100000, 0x0000000709100000| Untracked 
| 134|0x0000000709200000, 0x0000000709200000, 0x0000000709300000|  0%| F|  |TAMS 0x0000000709200000, 0x0000000709200000| Untracked 
| 135|0x0000000709300000, 0x0000000709300000, 0x0000000709400000|  0%| F|  |TAMS 0x0000000709300000, 0x0000000709300000| Untracked 
| 136|0x0000000709400000, 0x0000000709400000, 0x0000000709500000|  0%| F|  |TAMS 0x0000000709400000, 0x0000000709400000| Untracked 
| 137|0x0000000709500000, 0x0000000709500000, 0x0000000709600000|  0%| F|  |TAMS 0x0000000709500000, 0x0000000709500000| Untracked 
| 138|0x0000000709600000, 0x0000000709600000, 0x0000000709700000|  0%| F|  |TAMS 0x0000000709600000, 0x0000000709600000| Untracked 
| 139|0x0000000709700000, 0x0000000709700000, 0x0000000709800000|  0%| F|  |TAMS 0x0000000709700000, 0x0000000709700000| Untracked 
| 140|0x0000000709800000, 0x0000000709800000, 0x0000000709900000|  0%| F|  |TAMS 0x0000000709800000, 0x0000000709800000| Untracked 
| 141|0x0000000709900000, 0x0000000709900000, 0x0000000709a00000|  0%| F|  |TAMS 0x0000000709900000, 0x0000000709900000| Untracked 
| 142|0x0000000709a00000, 0x0000000709a00000, 0x0000000709b00000|  0%| F|  |TAMS 0x0000000709a00000, 0x0000000709a00000| Untracked 
| 143|0x0000000709b00000, 0x0000000709b00000, 0x0000000709c00000|  0%| F|  |TAMS 0x0000000709b00000, 0x0000000709b00000| Untracked 
| 144|0x0000000709c00000, 0x0000000709c00000, 0x0000000709d00000|  0%| F|  |TAMS 0x0000000709c00000, 0x0000000709c00000| Untracked 
| 145|0x0000000709d00000, 0x0000000709d00000, 0x0000000709e00000|  0%| F|  |TAMS 0x0000000709d00000, 0x0000000709d00000| Untracked 
| 146|0x0000000709e00000, 0x0000000709e00000, 0x0000000709f00000|  0%| F|  |TAMS 0x0000000709e00000, 0x0000000709e00000| Untracked 
| 147|0x0000000709f00000, 0x0000000709f00000, 0x000000070a000000|  0%| F|  |TAMS 0x0000000709f00000, 0x0000000709f00000| Untracked 
| 148|0x000000070a000000, 0x000000070a000000, 0x000000070a100000|  0%| F|  |TAMS 0x000000070a000000, 0x000000070a000000| Untracked 
| 149|0x000000070a100000, 0x000000070a100000, 0x000000070a200000|  0%| F|  |TAMS 0x000000070a100000, 0x000000070a100000| Untracked 
| 150|0x000000070a200000, 0x000000070a200000, 0x000000070a300000|  0%| F|  |TAMS 0x000000070a200000, 0x000000070a200000| Untracked 
| 151|0x000000070a300000, 0x000000070a300000, 0x000000070a400000|  0%| F|  |TAMS 0x000000070a300000, 0x000000070a300000| Untracked 
| 152|0x000000070a400000, 0x000000070a400000, 0x000000070a500000|  0%| F|  |TAMS 0x000000070a400000, 0x000000070a400000| Untracked 
| 153|0x000000070a500000, 0x000000070a500000, 0x000000070a600000|  0%| F|  |TAMS 0x000000070a500000, 0x000000070a500000| Untracked 
| 154|0x000000070a600000, 0x000000070a600000, 0x000000070a700000|  0%| F|  |TAMS 0x000000070a600000, 0x000000070a600000| Untracked 
| 155|0x000000070a700000, 0x000000070a700000, 0x000000070a800000|  0%| F|  |TAMS 0x000000070a700000, 0x000000070a700000| Untracked 
| 156|0x000000070a800000, 0x000000070a800000, 0x000000070a900000|  0%| F|  |TAMS 0x000000070a800000, 0x000000070a800000| Untracked 
| 157|0x000000070a900000, 0x000000070a900000, 0x000000070aa00000|  0%| F|  |TAMS 0x000000070a900000, 0x000000070a900000| Untracked 
| 158|0x000000070aa00000, 0x000000070aa00000, 0x000000070ab00000|  0%| F|  |TAMS 0x000000070aa00000, 0x000000070aa00000| Untracked 
| 159|0x000000070ab00000, 0x000000070ab00000, 0x000000070ac00000|  0%| F|  |TAMS 0x000000070ab00000, 0x000000070ab00000| Untracked 
| 160|0x000000070ac00000, 0x000000070ac00000, 0x000000070ad00000|  0%| F|  |TAMS 0x000000070ac00000, 0x000000070ac00000| Untracked 
| 161|0x000000070ad00000, 0x000000070ad00000, 0x000000070ae00000|  0%| F|  |TAMS 0x000000070ad00000, 0x000000070ad00000| Untracked 
| 162|0x000000070ae00000, 0x000000070ae00000, 0x000000070af00000|  0%| F|  |TAMS 0x000000070ae00000, 0x000000070ae00000| Untracked 
| 163|0x000000070af00000, 0x000000070af00000, 0x000000070b000000|  0%| F|  |TAMS 0x000000070af00000, 0x000000070af00000| Untracked 
| 164|0x000000070b000000, 0x000000070b000000, 0x000000070b100000|  0%| F|  |TAMS 0x000000070b000000, 0x000000070b000000| Untracked 
| 165|0x000000070b100000, 0x000000070b100000, 0x000000070b200000|  0%| F|  |TAMS 0x000000070b100000, 0x000000070b100000| Untracked 
| 166|0x000000070b200000, 0x000000070b200000, 0x000000070b300000|  0%| F|  |TAMS 0x000000070b200000, 0x000000070b200000| Untracked 
| 167|0x000000070b300000, 0x000000070b300000, 0x000000070b400000|  0%| F|  |TAMS 0x000000070b300000, 0x000000070b300000| Untracked 
| 168|0x000000070b400000, 0x000000070b400000, 0x000000070b500000|  0%| F|  |TAMS 0x000000070b400000, 0x000000070b400000| Untracked 
| 169|0x000000070b500000, 0x000000070b500000, 0x000000070b600000|  0%| F|  |TAMS 0x000000070b500000, 0x000000070b500000| Untracked 
| 170|0x000000070b600000, 0x000000070b600000, 0x000000070b700000|  0%| F|  |TAMS 0x000000070b600000, 0x000000070b600000| Untracked 
| 171|0x000000070b700000, 0x000000070b700000, 0x000000070b800000|  0%| F|  |TAMS 0x000000070b700000, 0x000000070b700000| Untracked 
| 172|0x000000070b800000, 0x000000070b800000, 0x000000070b900000|  0%| F|  |TAMS 0x000000070b800000, 0x000000070b800000| Untracked 
| 173|0x000000070b900000, 0x000000070b900000, 0x000000070ba00000|  0%| F|  |TAMS 0x000000070b900000, 0x000000070b900000| Untracked 
| 174|0x000000070ba00000, 0x000000070ba00000, 0x000000070bb00000|  0%| F|  |TAMS 0x000000070ba00000, 0x000000070ba00000| Untracked 
| 175|0x000000070bb00000, 0x000000070bb00000, 0x000000070bc00000|  0%| F|  |TAMS 0x000000070bb00000, 0x000000070bb00000| Untracked 
| 176|0x000000070bc00000, 0x000000070bc00000, 0x000000070bd00000|  0%| F|  |TAMS 0x000000070bc00000, 0x000000070bc00000| Untracked 
| 177|0x000000070bd00000, 0x000000070bd00000, 0x000000070be00000|  0%| F|  |TAMS 0x000000070bd00000, 0x000000070bd00000| Untracked 
| 178|0x000000070be00000, 0x000000070be00000, 0x000000070bf00000|  0%| F|  |TAMS 0x000000070be00000, 0x000000070be00000| Untracked 
| 179|0x000000070bf00000, 0x000000070bf00000, 0x000000070c000000|  0%| F|  |TAMS 0x000000070bf00000, 0x000000070bf00000| Untracked 
| 180|0x000000070c000000, 0x000000070c000000, 0x000000070c100000|  0%| F|  |TAMS 0x000000070c000000, 0x000000070c000000| Untracked 
| 181|0x000000070c100000, 0x000000070c100000, 0x000000070c200000|  0%| F|  |TAMS 0x000000070c100000, 0x000000070c100000| Untracked 
| 182|0x000000070c200000, 0x000000070c200000, 0x000000070c300000|  0%| F|  |TAMS 0x000000070c200000, 0x000000070c200000| Untracked 
| 183|0x000000070c300000, 0x000000070c300000, 0x000000070c400000|  0%| F|  |TAMS 0x000000070c300000, 0x000000070c300000| Untracked 
| 184|0x000000070c400000, 0x000000070c400000, 0x000000070c500000|  0%| F|  |TAMS 0x000000070c400000, 0x000000070c400000| Untracked 
| 185|0x000000070c500000, 0x000000070c500000, 0x000000070c600000|  0%| F|  |TAMS 0x000000070c500000, 0x000000070c500000| Untracked 
| 186|0x000000070c600000, 0x000000070c600000, 0x000000070c700000|  0%| F|  |TAMS 0x000000070c600000, 0x000000070c600000| Untracked 
| 187|0x000000070c700000, 0x000000070c700000, 0x000000070c800000|  0%| F|  |TAMS 0x000000070c700000, 0x000000070c700000| Untracked 
| 188|0x000000070c800000, 0x000000070c800000, 0x000000070c900000|  0%| F|  |TAMS 0x000000070c800000, 0x000000070c800000| Untracked 
| 189|0x000000070c900000, 0x000000070c900000, 0x000000070ca00000|  0%| F|  |TAMS 0x000000070c900000, 0x000000070c900000| Untracked 
| 190|0x000000070ca00000, 0x000000070ca00000, 0x000000070cb00000|  0%| F|  |TAMS 0x000000070ca00000, 0x000000070ca00000| Untracked 
| 191|0x000000070cb00000, 0x000000070cb00000, 0x000000070cc00000|  0%| F|  |TAMS 0x000000070cb00000, 0x000000070cb00000| Untracked 
| 192|0x000000070cc00000, 0x000000070cc00000, 0x000000070cd00000|  0%| F|  |TAMS 0x000000070cc00000, 0x000000070cc00000| Untracked 
| 193|0x000000070cd00000, 0x000000070cd00000, 0x000000070ce00000|  0%| F|  |TAMS 0x000000070cd00000, 0x000000070cd00000| Untracked 
| 194|0x000000070ce00000, 0x000000070ce00000, 0x000000070cf00000|  0%| F|  |TAMS 0x000000070ce00000, 0x000000070ce00000| Untracked 
| 195|0x000000070cf00000, 0x000000070cf00000, 0x000000070d000000|  0%| F|  |TAMS 0x000000070cf00000, 0x000000070cf00000| Untracked 
| 196|0x000000070d000000, 0x000000070d000000, 0x000000070d100000|  0%| F|  |TAMS 0x000000070d000000, 0x000000070d000000| Untracked 
| 197|0x000000070d100000, 0x000000070d100000, 0x000000070d200000|  0%| F|  |TAMS 0x000000070d100000, 0x000000070d100000| Untracked 
| 198|0x000000070d200000, 0x000000070d200000, 0x000000070d300000|  0%| F|  |TAMS 0x000000070d200000, 0x000000070d200000| Untracked 
| 199|0x000000070d300000, 0x000000070d300000, 0x000000070d400000|  0%| F|  |TAMS 0x000000070d300000, 0x000000070d300000| Untracked 
| 200|0x000000070d400000, 0x000000070d400000, 0x000000070d500000|  0%| F|  |TAMS 0x000000070d400000, 0x000000070d400000| Untracked 
| 201|0x000000070d500000, 0x000000070d500000, 0x000000070d600000|  0%| F|  |TAMS 0x000000070d500000, 0x000000070d500000| Untracked 
| 202|0x000000070d600000, 0x000000070d600000, 0x000000070d700000|  0%| F|  |TAMS 0x000000070d600000, 0x000000070d600000| Untracked 
| 203|0x000000070d700000, 0x000000070d700000, 0x000000070d800000|  0%| F|  |TAMS 0x000000070d700000, 0x000000070d700000| Untracked 
| 204|0x000000070d800000, 0x000000070d800000, 0x000000070d900000|  0%| F|  |TAMS 0x000000070d800000, 0x000000070d800000| Untracked 
| 205|0x000000070d900000, 0x000000070d900000, 0x000000070da00000|  0%| F|  |TAMS 0x000000070d900000, 0x000000070d900000| Untracked 
| 206|0x000000070da00000, 0x000000070da00000, 0x000000070db00000|  0%| F|  |TAMS 0x000000070da00000, 0x000000070da00000| Untracked 
| 207|0x000000070db00000, 0x000000070db00000, 0x000000070dc00000|  0%| F|  |TAMS 0x000000070db00000, 0x000000070db00000| Untracked 
| 208|0x000000070dc00000, 0x000000070dc00000, 0x000000070dd00000|  0%| F|  |TAMS 0x000000070dc00000, 0x000000070dc00000| Untracked 
| 209|0x000000070dd00000, 0x000000070dd00000, 0x000000070de00000|  0%| F|  |TAMS 0x000000070dd00000, 0x000000070dd00000| Untracked 
| 210|0x000000070de00000, 0x000000070de00000, 0x000000070df00000|  0%| F|  |TAMS 0x000000070de00000, 0x000000070de00000| Untracked 
| 211|0x000000070df00000, 0x000000070df00000, 0x000000070e000000|  0%| F|  |TAMS 0x000000070df00000, 0x000000070df00000| Untracked 
| 212|0x000000070e000000, 0x000000070e000000, 0x000000070e100000|  0%| F|  |TAMS 0x000000070e000000, 0x000000070e000000| Untracked 
| 213|0x000000070e100000, 0x000000070e100000, 0x000000070e200000|  0%| F|  |TAMS 0x000000070e100000, 0x000000070e100000| Untracked 
| 214|0x000000070e200000, 0x000000070e200000, 0x000000070e300000|  0%| F|  |TAMS 0x000000070e200000, 0x000000070e200000| Untracked 
| 215|0x000000070e300000, 0x000000070e300000, 0x000000070e400000|  0%| F|  |TAMS 0x000000070e300000, 0x000000070e300000| Untracked 
| 216|0x000000070e400000, 0x000000070e400000, 0x000000070e500000|  0%| F|  |TAMS 0x000000070e400000, 0x000000070e400000| Untracked 
| 217|0x000000070e500000, 0x000000070e500000, 0x000000070e600000|  0%| F|  |TAMS 0x000000070e500000, 0x000000070e500000| Untracked 
| 218|0x000000070e600000, 0x000000070e600000, 0x000000070e700000|  0%| F|  |TAMS 0x000000070e600000, 0x000000070e600000| Untracked 
| 219|0x000000070e700000, 0x000000070e700000, 0x000000070e800000|  0%| F|  |TAMS 0x000000070e700000, 0x000000070e700000| Untracked 
| 220|0x000000070e800000, 0x000000070e800000, 0x000000070e900000|  0%| F|  |TAMS 0x000000070e800000, 0x000000070e800000| Untracked 
| 221|0x000000070e900000, 0x000000070e900000, 0x000000070ea00000|  0%| F|  |TAMS 0x000000070e900000, 0x000000070e900000| Untracked 
| 222|0x000000070ea00000, 0x000000070ea00000, 0x000000070eb00000|  0%| F|  |TAMS 0x000000070ea00000, 0x000000070ea00000| Untracked 
| 223|0x000000070eb00000, 0x000000070eb00000, 0x000000070ec00000|  0%| F|  |TAMS 0x000000070eb00000, 0x000000070eb00000| Untracked 
| 224|0x000000070ec00000, 0x000000070ec00000, 0x000000070ed00000|  0%| F|  |TAMS 0x000000070ec00000, 0x000000070ec00000| Untracked 
| 225|0x000000070ed00000, 0x000000070ed00000, 0x000000070ee00000|  0%| F|  |TAMS 0x000000070ed00000, 0x000000070ed00000| Untracked 
| 226|0x000000070ee00000, 0x000000070ee00000, 0x000000070ef00000|  0%| F|  |TAMS 0x000000070ee00000, 0x000000070ee00000| Untracked 
| 227|0x000000070ef00000, 0x000000070ef00000, 0x000000070f000000|  0%| F|  |TAMS 0x000000070ef00000, 0x000000070ef00000| Untracked 
| 228|0x000000070f000000, 0x000000070f000000, 0x000000070f100000|  0%| F|  |TAMS 0x000000070f000000, 0x000000070f000000| Untracked 
| 229|0x000000070f100000, 0x000000070f100000, 0x000000070f200000|  0%| F|  |TAMS 0x000000070f100000, 0x000000070f100000| Untracked 
| 230|0x000000070f200000, 0x000000070f200000, 0x000000070f300000|  0%| F|  |TAMS 0x000000070f200000, 0x000000070f200000| Untracked 
| 231|0x000000070f300000, 0x000000070f300000, 0x000000070f400000|  0%| F|  |TAMS 0x000000070f300000, 0x000000070f300000| Untracked 
| 232|0x000000070f400000, 0x000000070f400000, 0x000000070f500000|  0%| F|  |TAMS 0x000000070f400000, 0x000000070f400000| Untracked 
| 233|0x000000070f500000, 0x000000070f500000, 0x000000070f600000|  0%| F|  |TAMS 0x000000070f500000, 0x000000070f500000| Untracked 
| 234|0x000000070f600000, 0x000000070f600000, 0x000000070f700000|  0%| F|  |TAMS 0x000000070f600000, 0x000000070f600000| Untracked 
| 235|0x000000070f700000, 0x000000070f700000, 0x000000070f800000|  0%| F|  |TAMS 0x000000070f700000, 0x000000070f700000| Untracked 
| 236|0x000000070f800000, 0x000000070f800000, 0x000000070f900000|  0%| F|  |TAMS 0x000000070f800000, 0x000000070f800000| Untracked 
| 237|0x000000070f900000, 0x000000070f900000, 0x000000070fa00000|  0%| F|  |TAMS 0x000000070f900000, 0x000000070f900000| Untracked 
| 238|0x000000070fa00000, 0x000000070fa00000, 0x000000070fb00000|  0%| F|  |TAMS 0x000000070fa00000, 0x000000070fa00000| Untracked 
| 239|0x000000070fb00000, 0x000000070fb00000, 0x000000070fc00000|  0%| F|  |TAMS 0x000000070fb00000, 0x000000070fb00000| Untracked 
| 240|0x000000070fc00000, 0x000000070fc00000, 0x000000070fd00000|  0%| F|  |TAMS 0x000000070fc00000, 0x000000070fc00000| Untracked 
| 241|0x000000070fd00000, 0x000000070fd00000, 0x000000070fe00000|  0%| F|  |TAMS 0x000000070fd00000, 0x000000070fd00000| Untracked 
| 242|0x000000070fe00000, 0x000000070fe00000, 0x000000070ff00000|  0%| F|  |TAMS 0x000000070fe00000, 0x000000070fe00000| Untracked 
| 243|0x000000070ff00000, 0x000000070ff00000, 0x0000000710000000|  0%| F|  |TAMS 0x000000070ff00000, 0x000000070ff00000| Untracked 
| 244|0x0000000710000000, 0x0000000710000000, 0x0000000710100000|  0%| F|  |TAMS 0x0000000710000000, 0x0000000710000000| Untracked 
| 245|0x0000000710100000, 0x0000000710200000, 0x0000000710200000|100%| E|  |TAMS 0x0000000710100000, 0x0000000710100000| Complete 
| 246|0x0000000710200000, 0x0000000710300000, 0x0000000710300000|100%| E|CS|TAMS 0x0000000710200000, 0x0000000710200000| Complete 
| 247|0x0000000710300000, 0x0000000710400000, 0x0000000710400000|100%| E|CS|TAMS 0x0000000710300000, 0x0000000710300000| Complete 
| 248|0x0000000710400000, 0x0000000710500000, 0x0000000710500000|100%| E|CS|TAMS 0x0000000710400000, 0x0000000710400000| Complete 
| 249|0x0000000710500000, 0x0000000710600000, 0x0000000710600000|100%| E|CS|TAMS 0x0000000710500000, 0x0000000710500000| Complete 
| 250|0x0000000710600000, 0x0000000710700000, 0x0000000710700000|100%| E|CS|TAMS 0x0000000710600000, 0x0000000710600000| Complete 
| 251|0x0000000710700000, 0x0000000710800000, 0x0000000710800000|100%| E|  |TAMS 0x0000000710700000, 0x0000000710700000| Complete 
| 252|0x0000000710800000, 0x0000000710900000, 0x0000000710900000|100%| E|CS|TAMS 0x0000000710800000, 0x0000000710800000| Complete 
| 253|0x0000000710900000, 0x0000000710a00000, 0x0000000710a00000|100%| E|CS|TAMS 0x0000000710900000, 0x0000000710900000| Complete 
| 254|0x0000000710a00000, 0x0000000710b00000, 0x0000000710b00000|100%| E|CS|TAMS 0x0000000710a00000, 0x0000000710a00000| Complete 
| 255|0x0000000710b00000, 0x0000000710c00000, 0x0000000710c00000|100%| E|CS|TAMS 0x0000000710b00000, 0x0000000710b00000| Complete 

Card table byte_map: [0x0000021ab5fb0000,0x0000021ab67b0000] _byte_map_base: 0x0000021ab27aa000

Marking Bits (Prev, Next): (CMBitMap*) 0x0000021a9d98ea58, (CMBitMap*) 0x0000021a9d98ea98
 Prev Bits: [0x0000021ab6fb0000, 0x0000021abaf80000)
 Next Bits: [0x0000021abaf80000, 0x0000021abef50000)

Polling page: 0x0000021a9d0f0000

Metaspace:

Usage:
  Non-class:      5.94 MB capacity,     3.24 MB ( 55%) used,     2.69 MB ( 45%) free+waste,     5.38 KB ( <1%) overhead. 
      Class:    648.00 KB capacity,   338.48 KB ( 52%) used,   306.84 KB ( 47%) free+waste,     2.69 KB ( <1%) overhead. 
       Both:      6.57 MB capacity,     3.57 MB ( 54%) used,     2.99 MB ( 46%) free+waste,     8.06 KB ( <1%) overhead. 

Virtual space:
  Non-class space:        8.00 MB reserved,       6.00 MB ( 75%) committed 
      Class space:        1.00 GB reserved,     768.00 KB ( <1%) committed 
             Both:        1.01 GB reserved,       6.75 MB ( <1%) committed 

Chunk freelists:
   Non-Class:  0 bytes
       Class:  24.00 KB
        Both:  24.00 KB

MaxMetaspaceSize: 17179869184.00 GB
CompressedClassSpaceSize: 1.00 GB

CodeHeap 'non-profiled nmethods': size=119168Kb used=223Kb max_used=223Kb free=118944Kb
 bounds [0x0000021aad9c0000, 0x0000021aadc30000, 0x0000021ab4e20000]
CodeHeap 'profiled nmethods': size=119168Kb used=1765Kb max_used=1765Kb free=117402Kb
 bounds [0x0000021aa6560000, 0x0000021aa67d0000, 0x0000021aad9c0000]
CodeHeap 'non-nmethods': size=7424Kb used=1775Kb max_used=2859Kb free=5648Kb
 bounds [0x0000021aa5e20000, 0x0000021aa60f0000, 0x0000021aa6560000]
 total_blobs=1740 nmethods=822 adapters=385
 compilation: enabled
              stopped_count=0, restarted_count=0
 full_count=0

Compilation events (20 events):
Event: 1.740 Thread 0x0000021ac2964000 nmethod 812 0x0000021aa6709f90 code [0x0000021aa670a300, 0x0000021aa670ba90]
Event: 1.740 Thread 0x0000021ac2964000  813       3       java.lang.ClassLoader::defineClassSourceLocation (28 bytes)
Event: 1.740 Thread 0x0000021ac2964000 nmethod 813 0x0000021aa670c210 code [0x0000021aa670c3e0, 0x0000021aa670c7f0]
Event: 1.741 Thread 0x0000021ac31bf000 nmethod 814 0x0000021aa670c990 code [0x0000021aa670cd40, 0x0000021aa670e670]
Event: 1.741 Thread 0x0000021ac31bf000  815       3       jdk.internal.math.FDBigInteger::mult (64 bytes)
Event: 1.741 Thread 0x0000021ac2964000  816       3       jdk.internal.math.FDBigInteger::<init> (30 bytes)
Event: 1.741 Thread 0x0000021ac31bf000 nmethod 815 0x0000021aa670ef90 code [0x0000021aa670f140, 0x0000021aa670f418]
Event: 1.741 Thread 0x0000021ac2964000 nmethod 816 0x0000021aa670f610 code [0x0000021aa670f7c0, 0x0000021aa670fa50]
Event: 1.741 Thread 0x0000021ac31bf000  817       3       jdk.internal.math.FDBigInteger::trimLeadingZeros (57 bytes)
Event: 1.741 Thread 0x0000021ac2964000  818       3       jdk.internal.math.FDBigInteger::makeImmutable (6 bytes)
Event: 1.741 Thread 0x0000021ac2964000 nmethod 818 0x0000021aa670fb90 code [0x0000021aa670fd20, 0x0000021aa670fe98]
Event: 1.741 Thread 0x0000021ac2964000  819       3       jdk.internal.math.FDBigInteger::mult (44 bytes)
Event: 1.741 Thread 0x0000021ac31bf000 nmethod 817 0x0000021aa670ff10 code [0x0000021aa67100c0, 0x0000021aa6710438]
Event: 1.741 Thread 0x0000021ac2955800  820       4       java.lang.Math::min (11 bytes)
Event: 1.742 Thread 0x0000021ac2964000 nmethod 819 0x0000021aa6710590 code [0x0000021aa6710760, 0x0000021aa6710c00]
Event: 1.742 Thread 0x0000021ac2955800 nmethod 820 0x0000021aad9f6f90 code [0x0000021aad9f7100, 0x0000021aad9f7158]
Event: 1.754 Thread 0x0000021ac2955800  821       4       java.lang.StringBuilder::append (8 bytes)
Event: 1.754 Thread 0x0000021ac2964000  822   !   3       java.io.WinNTFileSystem::resolve (362 bytes)
Event: 1.758 Thread 0x0000021ac2964000 nmethod 822 0x0000021aa6710d90 code [0x0000021aa6711840, 0x0000021aa6717640]
Event: 1.759 Thread 0x0000021ac2955800 nmethod 821 0x0000021aad9f7290 code [0x0000021aad9f7440, 0x0000021aad9f7a88]

GC Heap History (0 events):
No events

Deoptimization events (12 events):
Event: 0.076 Thread 0x0000021a9d921800 Uncommon trap: trap_request=0xffffff45 fr.pc=0x0000021aad9c5434 relative=0x0000000000000214
Event: 0.076 Thread 0x0000021a9d921800 Uncommon trap: reason=unstable_if action=reinterpret pc=0x0000021aad9c5434 method=java.lang.String.hashCode()I @ 13 c2
Event: 0.076 Thread 0x0000021a9d921800 DEOPT PACKING pc=0x0000021aad9c5434 sp=0x000000353a2fd900
Event: 0.076 Thread 0x0000021a9d921800 DEOPT UNPACKING pc=0x0000021aa5e6912f sp=0x000000353a2fd898 mode 2
Event: 0.104 Thread 0x0000021a9d921800 Uncommon trap: trap_request=0xffffff45 fr.pc=0x0000021aad9c9e90 relative=0x0000000000000070
Event: 0.104 Thread 0x0000021a9d921800 Uncommon trap: reason=unstable_if action=reinterpret pc=0x0000021aad9c9e90 method=java.io.WinNTFileSystem.isSlash(C)Z @ 9 c2
Event: 0.104 Thread 0x0000021a9d921800 DEOPT PACKING pc=0x0000021aad9c9e90 sp=0x000000353a2fecb0
Event: 0.104 Thread 0x0000021a9d921800 DEOPT UNPACKING pc=0x0000021aa5e6912f sp=0x000000353a2fec38 mode 2
Event: 0.222 Thread 0x0000021a9d921800 DEOPT PACKING pc=0x0000021aa658c15f sp=0x000000353a2fcc10
Event: 0.222 Thread 0x0000021a9d921800 DEOPT UNPACKING pc=0x0000021aa5e6964e sp=0x000000353a2fc060 mode 0
Event: 1.436 Thread 0x0000021a9d921800 DEOPT PACKING pc=0x0000021aa667d2f4 sp=0x000000353a2f25d0
Event: 1.436 Thread 0x0000021a9d921800 DEOPT UNPACKING pc=0x0000021aa5e6964e sp=0x000000353a2f1a28 mode 0

Classes unloaded (0 events):
No events

Classes redefined (0 events):
No events

Internal exceptions (4 events):
Event: 0.110 Thread 0x0000021a9d921800 Exception <a 'java/lang/NoSuchMethodError'{0x0000000710865cb8}: 'int java.lang.invoke.DirectMethodHandle$Holder.invokeStaticInit(java.lang.Object, java.lang.Object, java.lang.Object, java.lang.Object)'> (0x0000000710865cb8) 
thrown [t:/workspace/open/src/hotspot/share/interpreter/linkResolver.cpp, line 767]
Event: 0.111 Thread 0x0000021a9d921800 Exception <a 'java/lang/IncompatibleClassChangeError'{0x000000071086f4b0}: Found class java.lang.Object, but interface was expected> (0x000000071086f4b0) 
thrown [t:/workspace/open/src/hotspot/share/interpreter/linkResolver.cpp, line 833]
Event: 0.111 Thread 0x0000021a9d921800 Exception <a 'java/lang/NoSuchMethodError'{0x0000000710872448}: 'void java.lang.invoke.DirectMethodHandle$Holder.invokeStaticInit(java.lang.Object, java.lang.Object)'> (0x0000000710872448) 
thrown [t:/workspace/open/src/hotspot/share/interpreter/linkResolver.cpp, line 767]
Event: 0.112 Thread 0x0000021a9d921800 Exception <a 'java/lang/NoSuchMethodError'{0x0000000710877ae0}: 'int java.lang.invoke.DirectMethodHandle$Holder.invokeStaticInit(java.lang.Object, java.lang.Object)'> (0x0000000710877ae0) 
thrown [t:/workspace/open/src/hotspot/share/interpreter/linkResolver.cpp, line 767]

Events (20 events):
Event: 1.739 loading class org/bytedeco/javacpp/helper/opencv_core$AbstractCvMat$1
Event: 1.739 loading class org/bytedeco/javacpp/helper/opencv_core$AbstractCvMat$1 done
Event: 1.740 loading class jdk/internal/math/FloatingDecimal
Event: 1.740 loading class jdk/internal/math/FloatingDecimal done
Event: 1.740 loading class jdk/internal/math/FloatingDecimal$ExceptionalBinaryToASCIIBuffer
Event: 1.740 loading class jdk/internal/math/FloatingDecimal$BinaryToASCIIConverter
Event: 1.740 loading class jdk/internal/math/FloatingDecimal$BinaryToASCIIConverter done
Event: 1.740 loading class jdk/internal/math/FloatingDecimal$ExceptionalBinaryToASCIIBuffer done
Event: 1.740 loading class jdk/internal/math/FloatingDecimal$BinaryToASCIIBuffer
Event: 1.740 loading class jdk/internal/math/FloatingDecimal$BinaryToASCIIBuffer done
Event: 1.741 loading class jdk/internal/math/FloatingDecimal$1
Event: 1.741 loading class jdk/internal/math/FloatingDecimal$1 done
Event: 1.741 loading class jdk/internal/math/FloatingDecimal$PreparedASCIIToBinaryBuffer
Event: 1.741 loading class jdk/internal/math/FloatingDecimal$ASCIIToBinaryConverter
Event: 1.741 loading class jdk/internal/math/FloatingDecimal$ASCIIToBinaryConverter done
Event: 1.741 loading class jdk/internal/math/FloatingDecimal$PreparedASCIIToBinaryBuffer done
Event: 1.741 loading class jdk/internal/math/FDBigInteger
Event: 1.741 loading class jdk/internal/math/FDBigInteger done
Event: 1.762 loading class org/bytedeco/javacpp/Pointer$1
Event: 1.762 loading class org/bytedeco/javacpp/Pointer$1 done


Dynamic libraries:
0x00007ff6eb460000 - 0x00007ff6eb46f000 	C:\Program Files\Java\jdk-13\bin\java.exe
0x00007ffd27660000 - 0x00007ffd27850000 	C:\WINDOWS\SYSTEM32\ntdll.dll
0x00007ffd27560000 - 0x00007ffd27612000 	C:\WINDOWS\System32\KERNEL32.DLL
0x00007ffd24e90000 - 0x00007ffd25133000 	C:\WINDOWS\System32\KERNELBASE.dll
0x00007ffd25220000 - 0x00007ffd2531a000 	C:\WINDOWS\System32\ucrtbase.dll
0x00007ffd1f800000 - 0x00007ffd1f818000 	C:\Program Files\Java\jdk-13\bin\jli.dll
0x00007ffd1f7e0000 - 0x00007ffd1f7f5000 	C:\Program Files\Java\jdk-13\bin\VCRUNTIME140.dll
0x00007ffd26ec0000 - 0x00007ffd26f63000 	C:\WINDOWS\System32\ADVAPI32.dll
0x00007ffd25710000 - 0x00007ffd257ae000 	C:\WINDOWS\System32\msvcrt.dll
0x00007ffd270e0000 - 0x00007ffd27177000 	C:\WINDOWS\System32\sechost.dll
0x00007ffd25970000 - 0x00007ffd25a90000 	C:\WINDOWS\System32\RPCRT4.dll
0x00007ffd27210000 - 0x00007ffd273a4000 	C:\WINDOWS\System32\USER32.dll
0x00007ffd1cf40000 - 0x00007ffd1d1c5000 	C:\WINDOWS\WinSxS\amd64_microsoft.windows.common-controls_6595b64144ccf1df_6.0.18362.418_none_e6c6b287130d565d\COMCTL32.dll
0x00007ffd25170000 - 0x00007ffd25191000 	C:\WINDOWS\System32\win32u.dll
0x00007ffd271e0000 - 0x00007ffd27206000 	C:\WINDOWS\System32\GDI32.dll
0x00007ffd26650000 - 0x00007ffd26986000 	C:\WINDOWS\System32\combase.dll
0x00007ffd25320000 - 0x00007ffd254b4000 	C:\WINDOWS\System32\gdi32full.dll
0x00007ffd251a0000 - 0x00007ffd25220000 	C:\WINDOWS\System32\bcryptPrimitives.dll
0x00007ffd24df0000 - 0x00007ffd24e8e000 	C:\WINDOWS\System32\msvcp_win.dll
0x00007ffd1fc40000 - 0x00007ffd1fc4a000 	C:\WINDOWS\SYSTEM32\VERSION.dll
0x00007ffd26f70000 - 0x00007ffd26f9e000 	C:\WINDOWS\System32\IMM32.DLL
0x00007ffcf4d60000 - 0x00007ffcf4dfb000 	C:\Program Files\Java\jdk-13\bin\msvcp140.dll
0x00007ffcf60d0000 - 0x00007ffcf6c36000 	C:\Program Files\Java\jdk-13\bin\server\jvm.dll
0x00007ffd26990000 - 0x00007ffd26998000 	C:\WINDOWS\System32\PSAPI.DLL
0x00007ffd15230000 - 0x00007ffd15239000 	C:\WINDOWS\SYSTEM32\WSOCK32.dll
0x00007ffd22050000 - 0x00007ffd22074000 	C:\WINDOWS\SYSTEM32\WINMM.dll
0x00007ffd26fa0000 - 0x00007ffd2700f000 	C:\WINDOWS\System32\WS2_32.dll
0x00007ffd22020000 - 0x00007ffd2204d000 	C:\WINDOWS\SYSTEM32\WINMMBASE.dll
0x00007ffd254c0000 - 0x00007ffd2550a000 	C:\WINDOWS\System32\cfgmgr32.dll
0x00007ffd245d0000 - 0x00007ffd245e1000 	C:\WINDOWS\System32\kernel.appcore.dll
0x00007ffd216d0000 - 0x00007ffd216e0000 	C:\Program Files\Java\jdk-13\bin\verify.dll
0x00007ffd12750000 - 0x00007ffd12944000 	C:\WINDOWS\SYSTEM32\DBGHELP.DLL
0x00007ffd12720000 - 0x00007ffd1274a000 	C:\WINDOWS\SYSTEM32\dbgcore.DLL
0x00007ffd1f7b0000 - 0x00007ffd1f7d6000 	C:\Program Files\Java\jdk-13\bin\java.dll
0x00007ffd1d6a0000 - 0x00007ffd1d6b7000 	C:\Program Files\Java\jdk-13\bin\zip.dll
0x00007ffd216b0000 - 0x00007ffd216ba000 	C:\Program Files\Java\jdk-13\bin\jimage.dll
0x00007ffd25db0000 - 0x00007ffd26495000 	C:\WINDOWS\System32\SHELL32.dll
0x00007ffd26540000 - 0x00007ffd265e9000 	C:\WINDOWS\System32\shcore.dll
0x00007ffd245f0000 - 0x00007ffd24d6f000 	C:\WINDOWS\System32\windows.storage.dll
0x00007ffd24540000 - 0x00007ffd2455f000 	C:\WINDOWS\System32\profapi.dll
0x00007ffd24560000 - 0x00007ffd245aa000 	C:\WINDOWS\System32\powrprof.dll
0x00007ffd24530000 - 0x00007ffd24540000 	C:\WINDOWS\System32\UMPDC.dll
0x00007ffd27180000 - 0x00007ffd271d2000 	C:\WINDOWS\System32\shlwapi.dll
0x00007ffd24dd0000 - 0x00007ffd24de7000 	C:\WINDOWS\System32\cryptsp.dll
0x00007ffd14830000 - 0x00007ffd14849000 	C:\Program Files\Java\jdk-13\bin\net.dll
0x00007ffd1d3a0000 - 0x00007ffd1d490000 	C:\WINDOWS\SYSTEM32\WINHTTP.dll
0x00007ffd17ca0000 - 0x00007ffd17e76000 	C:\WINDOWS\SYSTEM32\urlmon.dll
0x00007ffd18a20000 - 0x00007ffd18cc6000 	C:\WINDOWS\SYSTEM32\iertutil.dll
0x00007ffd23f70000 - 0x00007ffd23f7c000 	C:\WINDOWS\SYSTEM32\CRYPTBASE.DLL
0x00007ffd23da0000 - 0x00007ffd23e07000 	C:\WINDOWS\system32\mswsock.dll
0x00007ffd147d0000 - 0x00007ffd147e3000 	C:\Program Files\Java\jdk-13\bin\nio.dll
0x00007ffcf5030000 - 0x00007ffcf511f000 	C:\Users\Salim\AppData\Local\Temp\javacpp18976695234900\msvcr120.dll
0x00007ffcf10b0000 - 0x00007ffcf1156000 	C:\Users\Salim\AppData\Local\Temp\javacpp18976695234900\msvcp120.dll
0x00007ffcde210000 - 0x00007ffcde489000 	C:\Users\Salim\AppData\Local\Temp\javacpp18976695234900\opencv_core310.dll
0x00007ffcc7680000 - 0x00007ffcc79c1000 	C:\Users\Salim\AppData\Local\Temp\javacpp18976695234900\opencv_imgproc310.dll
0x00007ffcddfc0000 - 0x00007ffcde1b8000 	C:\Users\Salim\AppData\Local\Temp\javacpp18976695234900\jniopencv_core.dll
0x00007ffcddf10000 - 0x00007ffcddfb6000 	C:\Users\Salim\AppData\Local\Temp\javacpp18976695234900\jniopencv_imgproc.dll
0x00007ffcc73b0000 - 0x00007ffcc7678000 	C:\Users\Salim\AppData\Local\Temp\javacpp18976695234900\opencv_imgcodecs310.dll
0x00007ffd147b0000 - 0x00007ffd147cc000 	C:\Users\Salim\AppData\Local\Temp\javacpp18976695234900\jniopencv_imgcodecs.dll

dbghelp: loaded successfully - version: 4.0.5 - missing functions: none
symbol engine: initialized successfully - sym options: 0x614 - pdb path: .;C:\Program Files\Java\jdk-13\bin;C:\WINDOWS\SYSTEM32;C:\WINDOWS\WinSxS\amd64_microsoft.windows.common-controls_6595b64144ccf1df_6.0.18362.418_none_e6c6b287130d565d;C:\Program Files\Java\jdk-13\bin\server;C:\Users\Salim\AppData\Local\Temp\javacpp18976695234900

VM Arguments:
java_command: com.mycompany.readreceipt.Main
java_class_path (initial): C:\Users\Salim\Documents\NetBeansProjects\ReadReceipt\target\classes;C:\Users\Salim\.m2\repository\org\bytedeco\javacv\1.2\javacv-1.2.jar;C:\Users\Salim\.m2\repository\org\bytedeco\javacpp\1.2\javacpp-1.2.jar;C:\Users\Salim\.m2\repository\org\bytedeco\javacpp-presets\opencv\3.1.0-1.2\opencv-3.1.0-1.2.jar;C:\Users\Salim\.m2\repository\org\bytedeco\javacpp-presets\opencv\3.1.0-1.2\opencv-3.1.0-1.2-windows-x86_64.jar;C:\Users\Salim\.m2\repository\org\bytedeco\javacpp-presets\ffmpeg\3.0.2-1.2\ffmpeg-3.0.2-1.2.jar;C:\Users\Salim\.m2\repository\org\bytedeco\javacpp-presets\ffmpeg\3.0.2-1.2\ffmpeg-3.0.2-1.2-windows-x86_64.jar;C:\Users\Salim\.m2\repository\org\bytedeco\javacpp-presets\flycapture\2.9.3.43-1.2\flycapture-2.9.3.43-1.2.jar;C:\Users\Salim\.m2\repository\org\bytedeco\javacpp-presets\flycapture\2.9.3.43-1.2\flycapture-2.9.3.43-1.2-windows-x86_64.jar;C:\Users\Salim\.m2\repository\org\bytedeco\javacpp-presets\libdc1394\2.2.4-1.2\libdc1394-2.2.4-1.2.jar;C:\Users\Salim\.m2\repository\org\bytedeco\javacpp-presets\libdc1394\2.2.4-1.2\libdc1394-2.2.4-1.2-windows-x86_64.jar;C:\Users\Salim\.m2\repository\org\bytedeco\javacpp-presets\libfreenect\0.5.3-1.2\libfreenect-0.5.3-1.2.jar;C:\Users\Salim\.m2\repository\org\bytedeco\javacpp-presets\libfreenect\0.5.3-1.2\libfreenect-0.5.3-1.2-windows-x86_64.jar;C:\Users\Salim\.m2\repository\org\bytedeco\javacpp-presets\videoinput\0.200-1.2\videoinput-0.200-1.2.jar;C:\Users\Salim\.m2\repository\org\bytedeco\javacpp-presets\videoinput\0.200-1.2\videoinput-0.200-1.2-windows-x86_64.jar;C:\Users\Salim\.m2\repository\org\bytedeco\javacpp-presets\artoolkitplus\2.3.1-1.2\artoolkitplus-2.3.1-1.2.jar;C:\Users\Salim\.m2\repository\org\bytedeco\javacpp-presets\artoolkitplus\2.3.1-1.2\artoolkitplus-2.3.1-1.2-windows-x86_64.jar;C:\Users\Salim\.m2\repository\org\bytedeco\javacpp-presets\flandmark\1.07-1.2\flandmark-1.07-1.2.jar;C:\Users\Salim\.m2\repository\org\bytedeco\javacpp-presets\flandmark\1.07-1.2\flandmark-1.07-1
Launcher Type: SUN_STANDARD

[Global flags]
     intx CICompilerCount                          = 12                                        {product} {ergonomic}
     uint ConcGCThreads                            = 3                                         {product} {ergonomic}
     uint G1ConcRefinementThreads                  = 13                                        {product} {ergonomic}
   size_t G1HeapRegionSize                         = 1048576                                   {product} {ergonomic}
    uintx GCDrainStackTargetSize                   = 64                                        {product} {ergonomic}
   size_t InitialHeapSize                          = 268435456                                 {product} {ergonomic}
   size_t MarkStackSize                            = 4194304                                   {product} {ergonomic}
   size_t MaxHeapSize                              = 4282384384                                {product} {ergonomic}
   size_t MaxNewSize                               = 2569011200                                {product} {ergonomic}
   size_t MinHeapDeltaBytes                        = 1048576                                   {product} {ergonomic}
   size_t MinHeapSize                              = 8388608                                   {product} {ergonomic}
    uintx NonNMethodCodeHeapSize                   = 7594288                                {pd product} {ergonomic}
    uintx NonProfiledCodeHeapSize                  = 122031976                              {pd product} {ergonomic}
    uintx ProfiledCodeHeapSize                     = 122031976                              {pd product} {ergonomic}
    uintx ReservedCodeCacheSize                    = 251658240                              {pd product} {ergonomic}
     bool SegmentedCodeCache                       = true                                      {product} {ergonomic}
   size_t SoftMaxHeapSize                          = 4282384384                             {manageable} {ergonomic}
     bool UseCompressedClassPointers               = true                                 {lp64_product} {ergonomic}
     bool UseCompressedOops                        = true                                 {lp64_product} {ergonomic}
     bool UseG1GC                                  = true                                      {product} {ergonomic}
     bool UseLargePagesIndividualAllocation        = false                                  {pd product} {ergonomic}

Logging:
Log output configuration:
 #0: stdout all=warning uptime,level,tags
 #1: stderr all=off uptime,level,tags

Environment Variables:
JAVA_HOME=C:\Program Files\Java\jdk-13
PATH=;C:\Program Files (x86)\Common Files\Oracle\Java\javapath;C:\WINDOWS\system32;C:\WINDOWS;C:\WINDOWS\System32\Wbem;C:\WINDOWS\System32\WindowsPowerShell\v1.0\;C:\WINDOWS\System32\OpenSSH\;C:\Program Files (x86)\NVIDIA Corporation\PhysX\Common;C:\Program Files\Git\cmd;"C:\Program Files\Java\jdk1.8.0_60\bin;";C:\Users\Salim\AppData\Local\Microsoft\WindowsApps;
USERNAME=Salim
OS=Windows_NT
PROCESSOR_IDENTIFIER=AMD64 Family 23 Model 8 Stepping 2, AuthenticAMD



---------------  S Y S T E M  ---------------

OS: Windows 10 , 64 bit Build 18362 (10.0.18362.329)

CPU:total 16 (initial active 16) (16 cores per cpu, 2 threads per core) family 23 model 8 stepping 2, cmov, cx8, fxsr, mmx, sse, sse2, sse3, ssse3, sse4.1, sse4.2, popcnt, avx, avx2, aes, clmul, mmxext, 3dnowpref, lzcnt, sse4a, ht, tsc, tscinvbit, tscinv, bmi1, bmi2, adx, sha, fma

Memory: 4k page, system-wide physical 16335M (9916M free)
TotalPageFile size 18767M (AvailPageFile size 9029M)
current process WorkingSet (physical memory assigned to process): 74M, peak: 74M
current process commit charge ("private bytes"): 385M, peak: 385M

vm_info: Java HotSpot(TM) 64-Bit Server VM (13+33) for windows-amd64 JRE (13+33), built on Sep 18 2019 21:38:00 by "mach5one" with unknown MS VC++:1916

END.
