#
# A fatal error has been detected by the Java Runtime Environment:
#
#  EXCEPTION_UNCAUGHT_CXX_EXCEPTION (0xe06d7363) at pc=0x00007ffae54fa839, pid=4844, tid=8684
#
# JRE version: Java(TM) SE Runtime Environment (13.0+33) (build 13+33)
# Java VM: Java HotSpot(TM) 64-Bit Server VM (13+33, mixed mode, sharing, tiered, compressed oops, g1 gc, windows-amd64)
# Problematic frame:
# C  [KERNELBASE.dll+0x3a839]
#
# No core dump will be written. Minidumps are not enabled by default on client versions of Windows
#
# If you would like to submit a bug report, please visit:
#   http://bugreport.java.com/bugreport/crash.jsp
# The crash happened outside the Java Virtual Machine in native code.
# See problematic frame for where to report the bug.
#

---------------  S U M M A R Y ------------

Command Line: com.mycompany.readreceipt.Main

Host: AMD Ryzen 7 2700X Eight-Core Processor         , 16 cores, 15G,  Windows 10 , 64 bit Build 18362 (10.0.18362.329)
Time: Tue Oct 22 02:19:36 2019 Türkiye Standart Saati elapsed time: 13 seconds (0d 0h 0m 13s)

---------------  T H R E A D  ---------------

Current thread (0x0000016d77953000):  JavaThread "main" [_thread_in_native, id=8684, stack(0x0000000a8d100000,0x0000000a8d200000)]

Stack: [0x0000000a8d100000,0x0000000a8d200000],  sp=0x0000000a8d1fe8c0,  free space=1018k
Native frames: (J=compiled Java code, j=interpreted, Vv=VM code, C=native code)
C  [KERNELBASE.dll+0x3a839]
C  [VCRUNTIME140.dll+0x486d]
C  [opencv_core410.dll+0x1d4a21]

Java frames: (J=compiled Java code, j=interpreted, Vv=VM code)
j  org.bytedeco.opencv.global.opencv_core.cvSetImageROI(Lorg/bytedeco/opencv/opencv_core/IplImage;Lorg/bytedeco/opencv/opencv_core/CvRect;)V+0
j  com.mycompany.readreceipt.ReceiptScannerImpl.cropImage(Lorg/bytedeco/opencv/opencv_core/IplImage;IIII)Lorg/bytedeco/opencv/opencv_core/IplImage;+10
j  com.mycompany.readreceipt.ReceiptScannerImpl.applyPerspectiveTransformThresholdOnOriginalImage(Lorg/bytedeco/opencv/opencv_core/IplImage;Lorg/bytedeco/opencv/opencv_core/CvSeq;I)Lorg/bytedeco/opencv/opencv_core/IplImage;+389
j  com.mycompany.readreceipt.ReceiptScannerImpl.getTextFromReceiptImage(Ljava/lang/String;)Ljava/lang/String;+54
j  com.mycompany.readreceipt.Main.main([Ljava/lang/String;)V+13
v  ~StubRoutines::call_stub

siginfo: EXCEPTION_UNCAUGHT_CXX_EXCEPTION (0xe06d7363), ExceptionInformation=0x0000000019930520 0x0000000a8d1fea50 0x00007ffaaa4c1170 0x00007ffaaa140000 


Register to memory mapping:

RIP=0x00007ffae54fa839 KERNELBASE.dll
RAX=0x0 is NULL
RBX=0x00007ffaaa4c1170 opencv_core410.dll
RCX=0x0 is NULL
RDX=0x00007ffae78fc4bf ntdll.dll
RSP=0x0000000a8d1fe8c0 is pointing into the stack for thread: 0x0000016d77953000
RBP=0x0000000a8d1fea00 is pointing into the stack for thread: 0x0000016d77953000
RSI=0x0000000a8d1feca0 is pointing into the stack for thread: 0x0000016d77953000
RDI=0x0000000a8d1fea50 is pointing into the stack for thread: 0x0000016d77953000
R8 =0x0 is NULL
R9 =0x0 is NULL
R10=0x0000016d75631ec0 points into unknown readable memory: c0 0c 63 75 6d 01 00 00
R11=0x0 is NULL
R12=0x0 is NULL
R13=0x0000016d1c8c2190 is pointing into metadata
R14=0x0 is NULL
R15=0x0000016d77953000 is a thread


Registers:
RAX=0x0000000000000000, RBX=0x00007ffaaa4c1170, RCX=0x0000000000000000, RDX=0x00007ffae78fc4bf
RSP=0x0000000a8d1fe8c0, RBP=0x0000000a8d1fea00, RSI=0x0000000a8d1feca0, RDI=0x0000000a8d1fea50
R8 =0x0000000000000000, R9 =0x0000000000000000, R10=0x0000016d75631ec0, R11=0x0000000000000000
R12=0x0000000000000000, R13=0x0000016d1c8c2190, R14=0x0000000000000000, R15=0x0000016d77953000
RIP=0x00007ffae54fa839, EFLAGS=0x0000000000000202

Top of Stack: (sp=0x0000000a8d1fe8c0)
0x0000000a8d1fe8c0:   0000000000000002 00007ffaaa4c1170
0x0000000a8d1fe8d0:   0000000a8d1feca0 000000000000006f
0x0000000a8d1fe8e0:   00000001e06d7363 0000000000000000
0x0000000a8d1fe8f0:   00007ffae54fa839 00007ffa00000004
0x0000000a8d1fe900:   0000000019930520 0000000a8d1fea50
0x0000000a8d1fe910:   00007ffaaa4c1170 00007ffaaa140000
0x0000000a8d1fe920:   0000016d1c8c2190 0000000000000000
0x0000000a8d1fe930:   0000000a8d1feca0 0000000a8d1fea00
0x0000000a8d1fe940:   0000000a8d1fea10 00007ffae78df49f
0x0000000a8d1fe950:   0000000a8d1fea50 00007ffa00000000
0x0000000a8d1fe960:   0000000800000bd3 0000016dffffff29
0x0000000a8d1fe970:   00007ffaaa4f2000 00007ffaaa140000
0x0000000a8d1fe980:   0000f9d9267ccd03 0000016d1e541040
0x0000000a8d1fe990:   00007ffaaa4c1170 00007ffadd0a486d
0x0000000a8d1fe9a0:   0000000a8d1fead0 0000000000000062
0x0000000a8d1fe9b0:   0000000000000000 0000000a8d1fead0 

Instructions: (pc=0x00007ffae54fa839)
0x00007ffae54fa739:   fe ff ff 4c 8d 05 9d 46 20 00 33 d2 8d 4a 02 e8
0x00007ffae54fa749:   83 17 02 00 48 8b f8 48 89 44 24 58 e9 ef fd ff
0x00007ffae54fa759:   ff 45 33 c0 49 8b d7 48 83 c9 ff e8 07 f0 02 00
0x00007ffae54fa769:   e9 09 ff ff ff 48 8b 0d c3 0f 23 00 e8 06 f2 ff
0x00007ffae54fa779:   ff 48 8b cf e8 4e a2 fe ff e9 f9 fe ff ff 49 8b
0x00007ffae54fa789:   ce e8 41 a2 fe ff e9 f5 fe ff ff 48 8b ce e8 34
0x00007ffae54fa799:   a2 fe ff e9 f1 fe ff ff cc cc cc cc cc cc cc cc
0x00007ffae54fa7a9:   cc cc cc cc cc cc cc 65 48 8b 04 25 30 00 00 00
0x00007ffae54fa7b9:   8b 40 68 c3 cc cc cc cc cc cc cc cc cc cc cc cc
0x00007ffae54fa7c9:   cc cc cc cc cc cc cc 48 81 ec d8 00 00 00 48 8b
0x00007ffae54fa7d9:   05 52 e6 22 00 48 33 c4 48 89 84 24 c0 00 00 00
0x00007ffae54fa7e9:   48 83 64 24 28 00 48 8d 05 da ff ff ff 83 e2 01
0x00007ffae54fa7f9:   89 4c 24 20 89 54 24 24 48 89 44 24 30 4d 85 c9
0x00007ffae54fa809:   74 4b b8 0f 00 00 00 48 8d 4c 24 40 44 3b c0 49
0x00007ffae54fa819:   8b d1 44 0f 47 c0 44 89 44 24 38 49 c1 e0 03 e8
0x00007ffae54fa829:   7a 4c 05 00 48 8d 4c 24 20 48 ff 15 8f bf 16 00
0x00007ffae54fa839:   0f 1f 44 00 00 48 8b 8c 24 c0 00 00 00 48 33 cc
0x00007ffae54fa849:   e8 92 ee 04 00 48 81 c4 d8 00 00 00 c3 83 64 24
0x00007ffae54fa859:   38 00 eb d0 cc cc cc cc cc cc cc 48 89 5c 24 08
0x00007ffae54fa869:   48 89 74 24 10 57 48 83 ec 20 8b da 48 8b f9 e8
0x00007ffae54fa879:   f3 d6 ff ff 33 f6 85 c0 0f 84 b1 86 06 00 85 db
0x00007ffae54fa889:   0f 84 a9 86 06 00 44 8d 4e 02 ba 09 10 00 20 4c
0x00007ffae54fa899:   8d 44 24 40 48 8b cf e8 7b b5 ff ff 85 c0 0f 84
0x00007ffae54fa8a9:   8b 86 06 00 39 5c 24 40 0f 85 81 86 06 00 0f b7
0x00007ffae54fa8b9:   c3 48 8b 5c 24 30 48 8b 74 24 38 48 83 c4 20 5f
0x00007ffae54fa8c9:   c3 cc cc cc cc cc cc 48 89 5c 24 08 48 89 74 24
0x00007ffae54fa8d9:   10 57 48 83 ec 40 48 8b c2 48 8b f1 48 8b c8 33
0x00007ffae54fa8e9:   d2 49 8b d9 41 8b f8 e8 5b 6c ff ff 48 8b d0 48
0x00007ffae54fa8f9:   85 db 0f 85 6b 86 06 00 48 8b 44 24 78 44 8b c7
0x00007ffae54fa909:   44 8b 4c 24 70 48 8b ce 48 89 44 24 38 8d 43 01
0x00007ffae54fa919:   89 44 24 30 89 44 24 28 89 44 24 20 e8 16 00 00
0x00007ffae54fa929:   00 48 8b 5c 24 50 48 8b 74 24 58 48 83 c4 40 5f 


Stack slot to memory mapping:
stack at sp + 0 slots: 0x0000000000000002 is an unknown value
stack at sp + 1 slots: 0x00007ffaaa4c1170 opencv_core410.dll
stack at sp + 2 slots: 0x0000000a8d1feca0 is pointing into the stack for thread: 0x0000016d77953000
stack at sp + 3 slots: 0x000000000000006f is an unknown value
stack at sp + 4 slots: 0x00000001e06d7363 is an unknown value
stack at sp + 5 slots: 0x0 is NULL
stack at sp + 6 slots: 0x00007ffae54fa839 KERNELBASE.dll
stack at sp + 7 slots: 0x00007ffa00000004 is an unknown value


---------------  P R O C E S S  ---------------

Threads class SMR info:
_java_thread_list=0x0000016d1de82fb0, length=11, elements={
0x0000016d77953000, 0x0000016d1b7d0800, 0x0000016d1b7d3800, 0x0000016d1ca74800,
0x0000016d1b7e6000, 0x0000016d1b7e9000, 0x0000016d1ca7a000, 0x0000016d1ca7c800,
0x0000016d1cd1b000, 0x0000016d1ccea800, 0x0000016d1cef1000
}

Java Threads: ( => current thread )
=>0x0000016d77953000 JavaThread "main" [_thread_in_native, id=8684, stack(0x0000000a8d100000,0x0000000a8d200000)]
  0x0000016d1b7d0800 JavaThread "Reference Handler" daemon [_thread_blocked, id=4876, stack(0x0000000a8d800000,0x0000000a8d900000)]
  0x0000016d1b7d3800 JavaThread "Finalizer" daemon [_thread_blocked, id=11700, stack(0x0000000a8d900000,0x0000000a8da00000)]
  0x0000016d1ca74800 JavaThread "Signal Dispatcher" daemon [_thread_blocked, id=9720, stack(0x0000000a8da00000,0x0000000a8db00000)]
  0x0000016d1b7e6000 JavaThread "Attach Listener" daemon [_thread_blocked, id=9208, stack(0x0000000a8db00000,0x0000000a8dc00000)]
  0x0000016d1b7e9000 JavaThread "C2 CompilerThread0" daemon [_thread_blocked, id=11728, stack(0x0000000a8dc00000,0x0000000a8dd00000)]
  0x0000016d1ca7a000 JavaThread "C1 CompilerThread0" daemon [_thread_blocked, id=5880, stack(0x0000000a8dd00000,0x0000000a8de00000)]
  0x0000016d1ca7c800 JavaThread "Sweeper thread" daemon [_thread_blocked, id=8256, stack(0x0000000a8de00000,0x0000000a8df00000)]
  0x0000016d1cd1b000 JavaThread "Service Thread" daemon [_thread_blocked, id=12304, stack(0x0000000a8e000000,0x0000000a8e100000)]
  0x0000016d1ccea800 JavaThread "Common-Cleaner" daemon [_thread_blocked, id=15560, stack(0x0000000a8e200000,0x0000000a8e300000)]
  0x0000016d1cef1000 JavaThread "JavaCPP Deallocator" daemon [_thread_blocked, id=588, stack(0x0000000a8e400000,0x0000000a8e500000)]

Other Threads:
  0x0000016d1b7cd800 VMThread "VM Thread" [stack: 0x0000000a8d700000,0x0000000a8d800000] [id=6324]
  0x0000016d1cd1c000 WatcherThread [stack: 0x0000000a8e100000,0x0000000a8e200000] [id=2560]
  0x0000016d779be000 GCTaskThread "GC Thread#0" [stack: 0x0000000a8d200000,0x0000000a8d300000] [id=6276]
  0x0000016d1df5d800 GCTaskThread "GC Thread#1" [stack: 0x0000000a8f400000,0x0000000a8f500000] [id=2600]
  0x0000016d1d7e9800 GCTaskThread "GC Thread#2" [stack: 0x0000000a8f500000,0x0000000a8f600000] [id=10292]
  0x0000016d1d2b3000 GCTaskThread "GC Thread#3" [stack: 0x0000000a8f600000,0x0000000a8f700000] [id=10084]
  0x0000016d1d2b3800 GCTaskThread "GC Thread#4" [stack: 0x0000000a8f700000,0x0000000a8f800000] [id=10324]
  0x0000016d1dc36800 GCTaskThread "GC Thread#5" [stack: 0x0000000a8f800000,0x0000000a8f900000] [id=14740]
  0x0000016d779e1000 ConcurrentGCThread "G1 Main Marker" [stack: 0x0000000a8d300000,0x0000000a8d400000] [id=13328]
  0x0000016d779e2800 ConcurrentGCThread "G1 Conc#0" [stack: 0x0000000a8d400000,0x0000000a8d500000] [id=16348]
  0x0000016d1b71f800 ConcurrentGCThread "G1 Refine#0" [stack: 0x0000000a8d500000,0x0000000a8d600000] [id=8084]
  0x0000016d1b721800 ConcurrentGCThread "G1 Young RemSet Sampling" [stack: 0x0000000a8d600000,0x0000000a8d700000] [id=9372]

Threads with active compile tasks:

VM state:not at safepoint (normal execution)

VM Mutex/Monitor currently owned by a thread: None

Heap address: 0x0000000700c00000, size: 4084 MB, Compressed Oops mode: Zero based, Oop shift amount: 3
Narrow klass base: 0x0000000800000000, Narrow klass shift: 3
Compressed class space size: 1073741824 Address: 0x0000000800b40000

Heap:
 garbage-first heap   total 262144K, used 141019K [0x0000000700c00000, 0x0000000800000000)
  region size 1024K, 135 young (138240K), 1 survivors (1024K)
 Metaspace       used 7318K, capacity 10079K, committed 10240K, reserved 1058816K
  class space    used 392K, capacity 705K, committed 768K, reserved 1048576K
Heap Regions: E=young(eden), S=young(survivor), O=old, HS=humongous(starts), HC=humongous(continues), CS=collection set, F=free, A=archive, TAMS=top-at-mark-start (previous, next)
|   0|0x0000000700c00000, 0x0000000700d00000, 0x0000000700d00000|100%| O|  |TAMS 0x0000000700c00000, 0x0000000700c00000| Untracked 
|   1|0x0000000700d00000, 0x0000000700e00000, 0x0000000700e00000|100%| O|  |TAMS 0x0000000700d00000, 0x0000000700d00000| Untracked 
|   2|0x0000000700e00000, 0x0000000700f00000, 0x0000000700f00000|100%| O|  |TAMS 0x0000000700e00000, 0x0000000700e00000| Untracked 
|   3|0x0000000700f00000, 0x0000000701000000, 0x0000000701000000|100%| O|  |TAMS 0x0000000700f00000, 0x0000000700f00000| Untracked 
|   4|0x0000000701000000, 0x00000007010b2000, 0x0000000701100000| 69%| O|  |TAMS 0x0000000701000000, 0x0000000701000000| Untracked 
|   5|0x0000000701100000, 0x0000000701100000, 0x0000000701200000|  0%| F|  |TAMS 0x0000000701100000, 0x0000000701100000| Untracked 
|   6|0x0000000701200000, 0x0000000701200000, 0x0000000701300000|  0%| F|  |TAMS 0x0000000701200000, 0x0000000701200000| Untracked 
|   7|0x0000000701300000, 0x0000000701300000, 0x0000000701400000|  0%| F|  |TAMS 0x0000000701300000, 0x0000000701300000| Untracked 
|   8|0x0000000701400000, 0x0000000701400000, 0x0000000701500000|  0%| F|  |TAMS 0x0000000701400000, 0x0000000701400000| Untracked 
|   9|0x0000000701500000, 0x0000000701500000, 0x0000000701600000|  0%| F|  |TAMS 0x0000000701500000, 0x0000000701500000| Untracked 
|  10|0x0000000701600000, 0x0000000701600000, 0x0000000701700000|  0%| F|  |TAMS 0x0000000701600000, 0x0000000701600000| Untracked 
|  11|0x0000000701700000, 0x0000000701700000, 0x0000000701800000|  0%| F|  |TAMS 0x0000000701700000, 0x0000000701700000| Untracked 
|  12|0x0000000701800000, 0x0000000701800000, 0x0000000701900000|  0%| F|  |TAMS 0x0000000701800000, 0x0000000701800000| Untracked 
|  13|0x0000000701900000, 0x0000000701900000, 0x0000000701a00000|  0%| F|  |TAMS 0x0000000701900000, 0x0000000701900000| Untracked 
|  14|0x0000000701a00000, 0x0000000701a00000, 0x0000000701b00000|  0%| F|  |TAMS 0x0000000701a00000, 0x0000000701a00000| Untracked 
|  15|0x0000000701b00000, 0x0000000701b00000, 0x0000000701c00000|  0%| F|  |TAMS 0x0000000701b00000, 0x0000000701b00000| Untracked 
|  16|0x0000000701c00000, 0x0000000701c00000, 0x0000000701d00000|  0%| F|  |TAMS 0x0000000701c00000, 0x0000000701c00000| Untracked 
|  17|0x0000000701d00000, 0x0000000701d00000, 0x0000000701e00000|  0%| F|  |TAMS 0x0000000701d00000, 0x0000000701d00000| Untracked 
|  18|0x0000000701e00000, 0x0000000701e00000, 0x0000000701f00000|  0%| F|  |TAMS 0x0000000701e00000, 0x0000000701e00000| Untracked 
|  19|0x0000000701f00000, 0x0000000701f00000, 0x0000000702000000|  0%| F|  |TAMS 0x0000000701f00000, 0x0000000701f00000| Untracked 
|  20|0x0000000702000000, 0x0000000702000000, 0x0000000702100000|  0%| F|  |TAMS 0x0000000702000000, 0x0000000702000000| Untracked 
|  21|0x0000000702100000, 0x0000000702100000, 0x0000000702200000|  0%| F|  |TAMS 0x0000000702100000, 0x0000000702100000| Untracked 
|  22|0x0000000702200000, 0x0000000702200000, 0x0000000702300000|  0%| F|  |TAMS 0x0000000702200000, 0x0000000702200000| Untracked 
|  23|0x0000000702300000, 0x0000000702300000, 0x0000000702400000|  0%| F|  |TAMS 0x0000000702300000, 0x0000000702300000| Untracked 
|  24|0x0000000702400000, 0x0000000702400000, 0x0000000702500000|  0%| F|  |TAMS 0x0000000702400000, 0x0000000702400000| Untracked 
|  25|0x0000000702500000, 0x0000000702500000, 0x0000000702600000|  0%| F|  |TAMS 0x0000000702500000, 0x0000000702500000| Untracked 
|  26|0x0000000702600000, 0x0000000702600000, 0x0000000702700000|  0%| F|  |TAMS 0x0000000702600000, 0x0000000702600000| Untracked 
|  27|0x0000000702700000, 0x0000000702700000, 0x0000000702800000|  0%| F|  |TAMS 0x0000000702700000, 0x0000000702700000| Untracked 
|  28|0x0000000702800000, 0x0000000702800000, 0x0000000702900000|  0%| F|  |TAMS 0x0000000702800000, 0x0000000702800000| Untracked 
|  29|0x0000000702900000, 0x0000000702900000, 0x0000000702a00000|  0%| F|  |TAMS 0x0000000702900000, 0x0000000702900000| Untracked 
|  30|0x0000000702a00000, 0x0000000702a00000, 0x0000000702b00000|  0%| F|  |TAMS 0x0000000702a00000, 0x0000000702a00000| Untracked 
|  31|0x0000000702b00000, 0x0000000702b00000, 0x0000000702c00000|  0%| F|  |TAMS 0x0000000702b00000, 0x0000000702b00000| Untracked 
|  32|0x0000000702c00000, 0x0000000702c00000, 0x0000000702d00000|  0%| F|  |TAMS 0x0000000702c00000, 0x0000000702c00000| Untracked 
|  33|0x0000000702d00000, 0x0000000702d00000, 0x0000000702e00000|  0%| F|  |TAMS 0x0000000702d00000, 0x0000000702d00000| Untracked 
|  34|0x0000000702e00000, 0x0000000702e00000, 0x0000000702f00000|  0%| F|  |TAMS 0x0000000702e00000, 0x0000000702e00000| Untracked 
|  35|0x0000000702f00000, 0x0000000702f00000, 0x0000000703000000|  0%| F|  |TAMS 0x0000000702f00000, 0x0000000702f00000| Untracked 
|  36|0x0000000703000000, 0x0000000703000000, 0x0000000703100000|  0%| F|  |TAMS 0x0000000703000000, 0x0000000703000000| Untracked 
|  37|0x0000000703100000, 0x0000000703100000, 0x0000000703200000|  0%| F|  |TAMS 0x0000000703100000, 0x0000000703100000| Untracked 
|  38|0x0000000703200000, 0x0000000703200000, 0x0000000703300000|  0%| F|  |TAMS 0x0000000703200000, 0x0000000703200000| Untracked 
|  39|0x0000000703300000, 0x0000000703300000, 0x0000000703400000|  0%| F|  |TAMS 0x0000000703300000, 0x0000000703300000| Untracked 
|  40|0x0000000703400000, 0x0000000703400000, 0x0000000703500000|  0%| F|  |TAMS 0x0000000703400000, 0x0000000703400000| Untracked 
|  41|0x0000000703500000, 0x0000000703500000, 0x0000000703600000|  0%| F|  |TAMS 0x0000000703500000, 0x0000000703500000| Untracked 
|  42|0x0000000703600000, 0x0000000703600000, 0x0000000703700000|  0%| F|  |TAMS 0x0000000703600000, 0x0000000703600000| Untracked 
|  43|0x0000000703700000, 0x0000000703700000, 0x0000000703800000|  0%| F|  |TAMS 0x0000000703700000, 0x0000000703700000| Untracked 
|  44|0x0000000703800000, 0x0000000703800000, 0x0000000703900000|  0%| F|  |TAMS 0x0000000703800000, 0x0000000703800000| Untracked 
|  45|0x0000000703900000, 0x0000000703900000, 0x0000000703a00000|  0%| F|  |TAMS 0x0000000703900000, 0x0000000703900000| Untracked 
|  46|0x0000000703a00000, 0x0000000703a00000, 0x0000000703b00000|  0%| F|  |TAMS 0x0000000703a00000, 0x0000000703a00000| Untracked 
|  47|0x0000000703b00000, 0x0000000703b00000, 0x0000000703c00000|  0%| F|  |TAMS 0x0000000703b00000, 0x0000000703b00000| Untracked 
|  48|0x0000000703c00000, 0x0000000703c00000, 0x0000000703d00000|  0%| F|  |TAMS 0x0000000703c00000, 0x0000000703c00000| Untracked 
|  49|0x0000000703d00000, 0x0000000703d00000, 0x0000000703e00000|  0%| F|  |TAMS 0x0000000703d00000, 0x0000000703d00000| Untracked 
|  50|0x0000000703e00000, 0x0000000703e00000, 0x0000000703f00000|  0%| F|  |TAMS 0x0000000703e00000, 0x0000000703e00000| Untracked 
|  51|0x0000000703f00000, 0x0000000703f00000, 0x0000000704000000|  0%| F|  |TAMS 0x0000000703f00000, 0x0000000703f00000| Untracked 
|  52|0x0000000704000000, 0x0000000704000000, 0x0000000704100000|  0%| F|  |TAMS 0x0000000704000000, 0x0000000704000000| Untracked 
|  53|0x0000000704100000, 0x0000000704100000, 0x0000000704200000|  0%| F|  |TAMS 0x0000000704100000, 0x0000000704100000| Untracked 
|  54|0x0000000704200000, 0x0000000704200000, 0x0000000704300000|  0%| F|  |TAMS 0x0000000704200000, 0x0000000704200000| Untracked 
|  55|0x0000000704300000, 0x0000000704300000, 0x0000000704400000|  0%| F|  |TAMS 0x0000000704300000, 0x0000000704300000| Untracked 
|  56|0x0000000704400000, 0x0000000704400000, 0x0000000704500000|  0%| F|  |TAMS 0x0000000704400000, 0x0000000704400000| Untracked 
|  57|0x0000000704500000, 0x0000000704500000, 0x0000000704600000|  0%| F|  |TAMS 0x0000000704500000, 0x0000000704500000| Untracked 
|  58|0x0000000704600000, 0x0000000704600000, 0x0000000704700000|  0%| F|  |TAMS 0x0000000704600000, 0x0000000704600000| Untracked 
|  59|0x0000000704700000, 0x0000000704700000, 0x0000000704800000|  0%| F|  |TAMS 0x0000000704700000, 0x0000000704700000| Untracked 
|  60|0x0000000704800000, 0x0000000704800000, 0x0000000704900000|  0%| F|  |TAMS 0x0000000704800000, 0x0000000704800000| Untracked 
|  61|0x0000000704900000, 0x0000000704900000, 0x0000000704a00000|  0%| F|  |TAMS 0x0000000704900000, 0x0000000704900000| Untracked 
|  62|0x0000000704a00000, 0x0000000704a00000, 0x0000000704b00000|  0%| F|  |TAMS 0x0000000704a00000, 0x0000000704a00000| Untracked 
|  63|0x0000000704b00000, 0x0000000704b00000, 0x0000000704c00000|  0%| F|  |TAMS 0x0000000704b00000, 0x0000000704b00000| Untracked 
|  64|0x0000000704c00000, 0x0000000704c00000, 0x0000000704d00000|  0%| F|  |TAMS 0x0000000704c00000, 0x0000000704c00000| Untracked 
|  65|0x0000000704d00000, 0x0000000704d00000, 0x0000000704e00000|  0%| F|  |TAMS 0x0000000704d00000, 0x0000000704d00000| Untracked 
|  66|0x0000000704e00000, 0x0000000704e00000, 0x0000000704f00000|  0%| F|  |TAMS 0x0000000704e00000, 0x0000000704e00000| Untracked 
|  67|0x0000000704f00000, 0x0000000704f00000, 0x0000000705000000|  0%| F|  |TAMS 0x0000000704f00000, 0x0000000704f00000| Untracked 
|  68|0x0000000705000000, 0x0000000705000000, 0x0000000705100000|  0%| F|  |TAMS 0x0000000705000000, 0x0000000705000000| Untracked 
|  69|0x0000000705100000, 0x0000000705100000, 0x0000000705200000|  0%| F|  |TAMS 0x0000000705100000, 0x0000000705100000| Untracked 
|  70|0x0000000705200000, 0x0000000705200000, 0x0000000705300000|  0%| F|  |TAMS 0x0000000705200000, 0x0000000705200000| Untracked 
|  71|0x0000000705300000, 0x0000000705300000, 0x0000000705400000|  0%| F|  |TAMS 0x0000000705300000, 0x0000000705300000| Untracked 
|  72|0x0000000705400000, 0x0000000705400000, 0x0000000705500000|  0%| F|  |TAMS 0x0000000705400000, 0x0000000705400000| Untracked 
|  73|0x0000000705500000, 0x0000000705500000, 0x0000000705600000|  0%| F|  |TAMS 0x0000000705500000, 0x0000000705500000| Untracked 
|  74|0x0000000705600000, 0x0000000705600000, 0x0000000705700000|  0%| F|  |TAMS 0x0000000705600000, 0x0000000705600000| Untracked 
|  75|0x0000000705700000, 0x0000000705700000, 0x0000000705800000|  0%| F|  |TAMS 0x0000000705700000, 0x0000000705700000| Untracked 
|  76|0x0000000705800000, 0x0000000705800000, 0x0000000705900000|  0%| F|  |TAMS 0x0000000705800000, 0x0000000705800000| Untracked 
|  77|0x0000000705900000, 0x0000000705900000, 0x0000000705a00000|  0%| F|  |TAMS 0x0000000705900000, 0x0000000705900000| Untracked 
|  78|0x0000000705a00000, 0x0000000705a00000, 0x0000000705b00000|  0%| F|  |TAMS 0x0000000705a00000, 0x0000000705a00000| Untracked 
|  79|0x0000000705b00000, 0x0000000705b00000, 0x0000000705c00000|  0%| F|  |TAMS 0x0000000705b00000, 0x0000000705b00000| Untracked 
|  80|0x0000000705c00000, 0x0000000705c00000, 0x0000000705d00000|  0%| F|  |TAMS 0x0000000705c00000, 0x0000000705c00000| Untracked 
|  81|0x0000000705d00000, 0x0000000705d00000, 0x0000000705e00000|  0%| F|  |TAMS 0x0000000705d00000, 0x0000000705d00000| Untracked 
|  82|0x0000000705e00000, 0x0000000705e00000, 0x0000000705f00000|  0%| F|  |TAMS 0x0000000705e00000, 0x0000000705e00000| Untracked 
|  83|0x0000000705f00000, 0x0000000705f00000, 0x0000000706000000|  0%| F|  |TAMS 0x0000000705f00000, 0x0000000705f00000| Untracked 
|  84|0x0000000706000000, 0x0000000706000000, 0x0000000706100000|  0%| F|  |TAMS 0x0000000706000000, 0x0000000706000000| Untracked 
|  85|0x0000000706100000, 0x0000000706100000, 0x0000000706200000|  0%| F|  |TAMS 0x0000000706100000, 0x0000000706100000| Untracked 
|  86|0x0000000706200000, 0x0000000706200000, 0x0000000706300000|  0%| F|  |TAMS 0x0000000706200000, 0x0000000706200000| Untracked 
|  87|0x0000000706300000, 0x0000000706300000, 0x0000000706400000|  0%| F|  |TAMS 0x0000000706300000, 0x0000000706300000| Untracked 
|  88|0x0000000706400000, 0x0000000706400000, 0x0000000706500000|  0%| F|  |TAMS 0x0000000706400000, 0x0000000706400000| Untracked 
|  89|0x0000000706500000, 0x0000000706500000, 0x0000000706600000|  0%| F|  |TAMS 0x0000000706500000, 0x0000000706500000| Untracked 
|  90|0x0000000706600000, 0x0000000706600000, 0x0000000706700000|  0%| F|  |TAMS 0x0000000706600000, 0x0000000706600000| Untracked 
|  91|0x0000000706700000, 0x0000000706700000, 0x0000000706800000|  0%| F|  |TAMS 0x0000000706700000, 0x0000000706700000| Untracked 
|  92|0x0000000706800000, 0x0000000706800000, 0x0000000706900000|  0%| F|  |TAMS 0x0000000706800000, 0x0000000706800000| Untracked 
|  93|0x0000000706900000, 0x0000000706900000, 0x0000000706a00000|  0%| F|  |TAMS 0x0000000706900000, 0x0000000706900000| Untracked 
|  94|0x0000000706a00000, 0x0000000706a00000, 0x0000000706b00000|  0%| F|  |TAMS 0x0000000706a00000, 0x0000000706a00000| Untracked 
|  95|0x0000000706b00000, 0x0000000706b00000, 0x0000000706c00000|  0%| F|  |TAMS 0x0000000706b00000, 0x0000000706b00000| Untracked 
|  96|0x0000000706c00000, 0x0000000706c00000, 0x0000000706d00000|  0%| F|  |TAMS 0x0000000706c00000, 0x0000000706c00000| Untracked 
|  97|0x0000000706d00000, 0x0000000706d00000, 0x0000000706e00000|  0%| F|  |TAMS 0x0000000706d00000, 0x0000000706d00000| Untracked 
|  98|0x0000000706e00000, 0x0000000706e00000, 0x0000000706f00000|  0%| F|  |TAMS 0x0000000706e00000, 0x0000000706e00000| Untracked 
|  99|0x0000000706f00000, 0x0000000706f00000, 0x0000000707000000|  0%| F|  |TAMS 0x0000000706f00000, 0x0000000706f00000| Untracked 
| 100|0x0000000707000000, 0x0000000707000000, 0x0000000707100000|  0%| F|  |TAMS 0x0000000707000000, 0x0000000707000000| Untracked 
| 101|0x0000000707100000, 0x0000000707100000, 0x0000000707200000|  0%| F|  |TAMS 0x0000000707100000, 0x0000000707100000| Untracked 
| 102|0x0000000707200000, 0x0000000707200000, 0x0000000707300000|  0%| F|  |TAMS 0x0000000707200000, 0x0000000707200000| Untracked 
| 103|0x0000000707300000, 0x0000000707304d48, 0x0000000707400000|  1%| S|CS|TAMS 0x0000000707300000, 0x0000000707300000| Complete 
| 104|0x0000000707400000, 0x0000000707400000, 0x0000000707500000|  0%| F|  |TAMS 0x0000000707400000, 0x0000000707400000| Untracked 
| 105|0x0000000707500000, 0x0000000707500000, 0x0000000707600000|  0%| F|  |TAMS 0x0000000707500000, 0x0000000707500000| Untracked 
| 106|0x0000000707600000, 0x0000000707600000, 0x0000000707700000|  0%| F|  |TAMS 0x0000000707600000, 0x0000000707600000| Untracked 
| 107|0x0000000707700000, 0x0000000707700000, 0x0000000707800000|  0%| F|  |TAMS 0x0000000707700000, 0x0000000707700000| Untracked 
| 108|0x0000000707800000, 0x0000000707800000, 0x0000000707900000|  0%| F|  |TAMS 0x0000000707800000, 0x0000000707800000| Untracked 
| 109|0x0000000707900000, 0x0000000707900000, 0x0000000707a00000|  0%| F|  |TAMS 0x0000000707900000, 0x0000000707900000| Untracked 
| 110|0x0000000707a00000, 0x0000000707a00000, 0x0000000707b00000|  0%| F|  |TAMS 0x0000000707a00000, 0x0000000707a00000| Untracked 
| 111|0x0000000707b00000, 0x0000000707b00000, 0x0000000707c00000|  0%| F|  |TAMS 0x0000000707b00000, 0x0000000707b00000| Untracked 
| 112|0x0000000707c00000, 0x0000000707c00000, 0x0000000707d00000|  0%| F|  |TAMS 0x0000000707c00000, 0x0000000707c00000| Untracked 
| 113|0x0000000707d00000, 0x0000000707d00000, 0x0000000707e00000|  0%| F|  |TAMS 0x0000000707d00000, 0x0000000707d00000| Untracked 
| 114|0x0000000707e00000, 0x0000000707e00000, 0x0000000707f00000|  0%| F|  |TAMS 0x0000000707e00000, 0x0000000707e00000| Untracked 
| 115|0x0000000707f00000, 0x0000000707f00000, 0x0000000708000000|  0%| F|  |TAMS 0x0000000707f00000, 0x0000000707f00000| Untracked 
| 116|0x0000000708000000, 0x0000000708000000, 0x0000000708100000|  0%| F|  |TAMS 0x0000000708000000, 0x0000000708000000| Untracked 
| 117|0x0000000708100000, 0x0000000708100000, 0x0000000708200000|  0%| F|  |TAMS 0x0000000708100000, 0x0000000708100000| Untracked 
| 118|0x0000000708200000, 0x0000000708200000, 0x0000000708300000|  0%| F|  |TAMS 0x0000000708200000, 0x0000000708200000| Untracked 
| 119|0x0000000708300000, 0x0000000708300000, 0x0000000708400000|  0%| F|  |TAMS 0x0000000708300000, 0x0000000708300000| Untracked 
| 120|0x0000000708400000, 0x0000000708400000, 0x0000000708500000|  0%| F|  |TAMS 0x0000000708400000, 0x0000000708400000| Untracked 
| 121|0x0000000708500000, 0x0000000708500000, 0x0000000708600000|  0%| F|  |TAMS 0x0000000708500000, 0x0000000708500000| Untracked 
| 122|0x0000000708600000, 0x0000000708680800, 0x0000000708700000| 50%| E|  |TAMS 0x0000000708600000, 0x0000000708600000| Complete 
| 123|0x0000000708700000, 0x0000000708800000, 0x0000000708800000|100%| E|CS|TAMS 0x0000000708700000, 0x0000000708700000| Complete 
| 124|0x0000000708800000, 0x0000000708900000, 0x0000000708900000|100%| E|CS|TAMS 0x0000000708800000, 0x0000000708800000| Complete 
| 125|0x0000000708900000, 0x0000000708a00000, 0x0000000708a00000|100%| E|CS|TAMS 0x0000000708900000, 0x0000000708900000| Complete 
| 126|0x0000000708a00000, 0x0000000708b00000, 0x0000000708b00000|100%| E|CS|TAMS 0x0000000708a00000, 0x0000000708a00000| Complete 
| 127|0x0000000708b00000, 0x0000000708c00000, 0x0000000708c00000|100%| E|CS|TAMS 0x0000000708b00000, 0x0000000708b00000| Complete 
| 128|0x0000000708c00000, 0x0000000708d00000, 0x0000000708d00000|100%| E|CS|TAMS 0x0000000708c00000, 0x0000000708c00000| Complete 
| 129|0x0000000708d00000, 0x0000000708e00000, 0x0000000708e00000|100%| E|CS|TAMS 0x0000000708d00000, 0x0000000708d00000| Complete 
| 130|0x0000000708e00000, 0x0000000708f00000, 0x0000000708f00000|100%| E|CS|TAMS 0x0000000708e00000, 0x0000000708e00000| Complete 
| 131|0x0000000708f00000, 0x0000000709000000, 0x0000000709000000|100%| E|CS|TAMS 0x0000000708f00000, 0x0000000708f00000| Complete 
| 132|0x0000000709000000, 0x0000000709100000, 0x0000000709100000|100%| E|CS|TAMS 0x0000000709000000, 0x0000000709000000| Complete 
| 133|0x0000000709100000, 0x0000000709200000, 0x0000000709200000|100%| E|CS|TAMS 0x0000000709100000, 0x0000000709100000| Complete 
| 134|0x0000000709200000, 0x0000000709300000, 0x0000000709300000|100%| E|CS|TAMS 0x0000000709200000, 0x0000000709200000| Complete 
| 135|0x0000000709300000, 0x0000000709400000, 0x0000000709400000|100%| E|CS|TAMS 0x0000000709300000, 0x0000000709300000| Complete 
| 136|0x0000000709400000, 0x0000000709500000, 0x0000000709500000|100%| E|CS|TAMS 0x0000000709400000, 0x0000000709400000| Complete 
| 137|0x0000000709500000, 0x0000000709600000, 0x0000000709600000|100%| E|CS|TAMS 0x0000000709500000, 0x0000000709500000| Complete 
| 138|0x0000000709600000, 0x0000000709700000, 0x0000000709700000|100%| E|CS|TAMS 0x0000000709600000, 0x0000000709600000| Complete 
| 139|0x0000000709700000, 0x0000000709800000, 0x0000000709800000|100%| E|CS|TAMS 0x0000000709700000, 0x0000000709700000| Complete 
| 140|0x0000000709800000, 0x0000000709900000, 0x0000000709900000|100%| E|CS|TAMS 0x0000000709800000, 0x0000000709800000| Complete 
| 141|0x0000000709900000, 0x0000000709a00000, 0x0000000709a00000|100%| E|CS|TAMS 0x0000000709900000, 0x0000000709900000| Complete 
| 142|0x0000000709a00000, 0x0000000709b00000, 0x0000000709b00000|100%| E|CS|TAMS 0x0000000709a00000, 0x0000000709a00000| Complete 
| 143|0x0000000709b00000, 0x0000000709c00000, 0x0000000709c00000|100%| E|CS|TAMS 0x0000000709b00000, 0x0000000709b00000| Complete 
| 144|0x0000000709c00000, 0x0000000709d00000, 0x0000000709d00000|100%| E|CS|TAMS 0x0000000709c00000, 0x0000000709c00000| Complete 
| 145|0x0000000709d00000, 0x0000000709e00000, 0x0000000709e00000|100%| E|CS|TAMS 0x0000000709d00000, 0x0000000709d00000| Complete 
| 146|0x0000000709e00000, 0x0000000709f00000, 0x0000000709f00000|100%| E|CS|TAMS 0x0000000709e00000, 0x0000000709e00000| Complete 
| 147|0x0000000709f00000, 0x000000070a000000, 0x000000070a000000|100%| E|CS|TAMS 0x0000000709f00000, 0x0000000709f00000| Complete 
| 148|0x000000070a000000, 0x000000070a100000, 0x000000070a100000|100%| E|CS|TAMS 0x000000070a000000, 0x000000070a000000| Complete 
| 149|0x000000070a100000, 0x000000070a200000, 0x000000070a200000|100%| E|CS|TAMS 0x000000070a100000, 0x000000070a100000| Complete 
| 150|0x000000070a200000, 0x000000070a300000, 0x000000070a300000|100%| E|CS|TAMS 0x000000070a200000, 0x000000070a200000| Complete 
| 151|0x000000070a300000, 0x000000070a400000, 0x000000070a400000|100%| E|CS|TAMS 0x000000070a300000, 0x000000070a300000| Complete 
| 152|0x000000070a400000, 0x000000070a500000, 0x000000070a500000|100%| E|CS|TAMS 0x000000070a400000, 0x000000070a400000| Complete 
| 153|0x000000070a500000, 0x000000070a600000, 0x000000070a600000|100%| E|CS|TAMS 0x000000070a500000, 0x000000070a500000| Complete 
| 154|0x000000070a600000, 0x000000070a700000, 0x000000070a700000|100%| E|CS|TAMS 0x000000070a600000, 0x000000070a600000| Complete 
| 155|0x000000070a700000, 0x000000070a800000, 0x000000070a800000|100%| E|CS|TAMS 0x000000070a700000, 0x000000070a700000| Complete 
| 156|0x000000070a800000, 0x000000070a900000, 0x000000070a900000|100%| E|CS|TAMS 0x000000070a800000, 0x000000070a800000| Complete 
| 157|0x000000070a900000, 0x000000070aa00000, 0x000000070aa00000|100%| E|CS|TAMS 0x000000070a900000, 0x000000070a900000| Complete 
| 158|0x000000070aa00000, 0x000000070ab00000, 0x000000070ab00000|100%| E|CS|TAMS 0x000000070aa00000, 0x000000070aa00000| Complete 
| 159|0x000000070ab00000, 0x000000070ac00000, 0x000000070ac00000|100%| E|CS|TAMS 0x000000070ab00000, 0x000000070ab00000| Complete 
| 160|0x000000070ac00000, 0x000000070ad00000, 0x000000070ad00000|100%| E|CS|TAMS 0x000000070ac00000, 0x000000070ac00000| Complete 
| 161|0x000000070ad00000, 0x000000070ae00000, 0x000000070ae00000|100%| E|CS|TAMS 0x000000070ad00000, 0x000000070ad00000| Complete 
| 162|0x000000070ae00000, 0x000000070af00000, 0x000000070af00000|100%| E|CS|TAMS 0x000000070ae00000, 0x000000070ae00000| Complete 
| 163|0x000000070af00000, 0x000000070b000000, 0x000000070b000000|100%| E|CS|TAMS 0x000000070af00000, 0x000000070af00000| Complete 
| 164|0x000000070b000000, 0x000000070b100000, 0x000000070b100000|100%| E|CS|TAMS 0x000000070b000000, 0x000000070b000000| Complete 
| 165|0x000000070b100000, 0x000000070b200000, 0x000000070b200000|100%| E|CS|TAMS 0x000000070b100000, 0x000000070b100000| Complete 
| 166|0x000000070b200000, 0x000000070b300000, 0x000000070b300000|100%| E|CS|TAMS 0x000000070b200000, 0x000000070b200000| Complete 
| 167|0x000000070b300000, 0x000000070b400000, 0x000000070b400000|100%| E|CS|TAMS 0x000000070b300000, 0x000000070b300000| Complete 
| 168|0x000000070b400000, 0x000000070b500000, 0x000000070b500000|100%| E|CS|TAMS 0x000000070b400000, 0x000000070b400000| Complete 
| 169|0x000000070b500000, 0x000000070b600000, 0x000000070b600000|100%| E|CS|TAMS 0x000000070b500000, 0x000000070b500000| Complete 
| 170|0x000000070b600000, 0x000000070b700000, 0x000000070b700000|100%| E|CS|TAMS 0x000000070b600000, 0x000000070b600000| Complete 
| 171|0x000000070b700000, 0x000000070b800000, 0x000000070b800000|100%| E|CS|TAMS 0x000000070b700000, 0x000000070b700000| Complete 
| 172|0x000000070b800000, 0x000000070b900000, 0x000000070b900000|100%| E|CS|TAMS 0x000000070b800000, 0x000000070b800000| Complete 
| 173|0x000000070b900000, 0x000000070ba00000, 0x000000070ba00000|100%| E|CS|TAMS 0x000000070b900000, 0x000000070b900000| Complete 
| 174|0x000000070ba00000, 0x000000070bb00000, 0x000000070bb00000|100%| E|CS|TAMS 0x000000070ba00000, 0x000000070ba00000| Complete 
| 175|0x000000070bb00000, 0x000000070bc00000, 0x000000070bc00000|100%| E|CS|TAMS 0x000000070bb00000, 0x000000070bb00000| Complete 
| 176|0x000000070bc00000, 0x000000070bd00000, 0x000000070bd00000|100%| E|CS|TAMS 0x000000070bc00000, 0x000000070bc00000| Complete 
| 177|0x000000070bd00000, 0x000000070be00000, 0x000000070be00000|100%| E|CS|TAMS 0x000000070bd00000, 0x000000070bd00000| Complete 
| 178|0x000000070be00000, 0x000000070bf00000, 0x000000070bf00000|100%| E|CS|TAMS 0x000000070be00000, 0x000000070be00000| Complete 
| 179|0x000000070bf00000, 0x000000070c000000, 0x000000070c000000|100%| E|CS|TAMS 0x000000070bf00000, 0x000000070bf00000| Complete 
| 180|0x000000070c000000, 0x000000070c100000, 0x000000070c100000|100%| E|CS|TAMS 0x000000070c000000, 0x000000070c000000| Complete 
| 181|0x000000070c100000, 0x000000070c200000, 0x000000070c200000|100%| E|CS|TAMS 0x000000070c100000, 0x000000070c100000| Complete 
| 182|0x000000070c200000, 0x000000070c300000, 0x000000070c300000|100%| E|CS|TAMS 0x000000070c200000, 0x000000070c200000| Complete 
| 183|0x000000070c300000, 0x000000070c400000, 0x000000070c400000|100%| E|CS|TAMS 0x000000070c300000, 0x000000070c300000| Complete 
| 184|0x000000070c400000, 0x000000070c500000, 0x000000070c500000|100%| E|CS|TAMS 0x000000070c400000, 0x000000070c400000| Complete 
| 185|0x000000070c500000, 0x000000070c600000, 0x000000070c600000|100%| E|CS|TAMS 0x000000070c500000, 0x000000070c500000| Complete 
| 186|0x000000070c600000, 0x000000070c700000, 0x000000070c700000|100%| E|CS|TAMS 0x000000070c600000, 0x000000070c600000| Complete 
| 187|0x000000070c700000, 0x000000070c800000, 0x000000070c800000|100%| E|CS|TAMS 0x000000070c700000, 0x000000070c700000| Complete 
| 188|0x000000070c800000, 0x000000070c900000, 0x000000070c900000|100%| E|CS|TAMS 0x000000070c800000, 0x000000070c800000| Complete 
| 189|0x000000070c900000, 0x000000070ca00000, 0x000000070ca00000|100%| E|CS|TAMS 0x000000070c900000, 0x000000070c900000| Complete 
| 190|0x000000070ca00000, 0x000000070cb00000, 0x000000070cb00000|100%| E|CS|TAMS 0x000000070ca00000, 0x000000070ca00000| Complete 
| 191|0x000000070cb00000, 0x000000070cc00000, 0x000000070cc00000|100%| E|CS|TAMS 0x000000070cb00000, 0x000000070cb00000| Complete 
| 192|0x000000070cc00000, 0x000000070cd00000, 0x000000070cd00000|100%| E|CS|TAMS 0x000000070cc00000, 0x000000070cc00000| Complete 
| 193|0x000000070cd00000, 0x000000070ce00000, 0x000000070ce00000|100%| E|CS|TAMS 0x000000070cd00000, 0x000000070cd00000| Complete 
| 194|0x000000070ce00000, 0x000000070cf00000, 0x000000070cf00000|100%| E|CS|TAMS 0x000000070ce00000, 0x000000070ce00000| Complete 
| 195|0x000000070cf00000, 0x000000070d000000, 0x000000070d000000|100%| E|CS|TAMS 0x000000070cf00000, 0x000000070cf00000| Complete 
| 196|0x000000070d000000, 0x000000070d100000, 0x000000070d100000|100%| E|CS|TAMS 0x000000070d000000, 0x000000070d000000| Complete 
| 197|0x000000070d100000, 0x000000070d200000, 0x000000070d200000|100%| E|CS|TAMS 0x000000070d100000, 0x000000070d100000| Complete 
| 198|0x000000070d200000, 0x000000070d300000, 0x000000070d300000|100%| E|CS|TAMS 0x000000070d200000, 0x000000070d200000| Complete 
| 199|0x000000070d300000, 0x000000070d400000, 0x000000070d400000|100%| E|CS|TAMS 0x000000070d300000, 0x000000070d300000| Complete 
| 200|0x000000070d400000, 0x000000070d500000, 0x000000070d500000|100%| E|CS|TAMS 0x000000070d400000, 0x000000070d400000| Complete 
| 201|0x000000070d500000, 0x000000070d600000, 0x000000070d600000|100%| E|CS|TAMS 0x000000070d500000, 0x000000070d500000| Complete 
| 202|0x000000070d600000, 0x000000070d700000, 0x000000070d700000|100%| E|CS|TAMS 0x000000070d600000, 0x000000070d600000| Complete 
| 203|0x000000070d700000, 0x000000070d800000, 0x000000070d800000|100%| E|CS|TAMS 0x000000070d700000, 0x000000070d700000| Complete 
| 204|0x000000070d800000, 0x000000070d900000, 0x000000070d900000|100%| E|CS|TAMS 0x000000070d800000, 0x000000070d800000| Complete 
| 205|0x000000070d900000, 0x000000070da00000, 0x000000070da00000|100%| E|CS|TAMS 0x000000070d900000, 0x000000070d900000| Complete 
| 206|0x000000070da00000, 0x000000070db00000, 0x000000070db00000|100%| E|CS|TAMS 0x000000070da00000, 0x000000070da00000| Complete 
| 207|0x000000070db00000, 0x000000070dc00000, 0x000000070dc00000|100%| E|CS|TAMS 0x000000070db00000, 0x000000070db00000| Complete 
| 208|0x000000070dc00000, 0x000000070dd00000, 0x000000070dd00000|100%| E|CS|TAMS 0x000000070dc00000, 0x000000070dc00000| Complete 
| 209|0x000000070dd00000, 0x000000070de00000, 0x000000070de00000|100%| E|CS|TAMS 0x000000070dd00000, 0x000000070dd00000| Complete 
| 210|0x000000070de00000, 0x000000070df00000, 0x000000070df00000|100%| E|CS|TAMS 0x000000070de00000, 0x000000070de00000| Complete 
| 211|0x000000070df00000, 0x000000070e000000, 0x000000070e000000|100%| E|CS|TAMS 0x000000070df00000, 0x000000070df00000| Complete 
| 212|0x000000070e000000, 0x000000070e100000, 0x000000070e100000|100%| E|CS|TAMS 0x000000070e000000, 0x000000070e000000| Complete 
| 213|0x000000070e100000, 0x000000070e200000, 0x000000070e200000|100%| E|CS|TAMS 0x000000070e100000, 0x000000070e100000| Complete 
| 214|0x000000070e200000, 0x000000070e300000, 0x000000070e300000|100%| E|CS|TAMS 0x000000070e200000, 0x000000070e200000| Complete 
| 215|0x000000070e300000, 0x000000070e400000, 0x000000070e400000|100%| E|CS|TAMS 0x000000070e300000, 0x000000070e300000| Complete 
| 216|0x000000070e400000, 0x000000070e500000, 0x000000070e500000|100%| E|CS|TAMS 0x000000070e400000, 0x000000070e400000| Complete 
| 217|0x000000070e500000, 0x000000070e600000, 0x000000070e600000|100%| E|CS|TAMS 0x000000070e500000, 0x000000070e500000| Complete 
| 218|0x000000070e600000, 0x000000070e700000, 0x000000070e700000|100%| E|CS|TAMS 0x000000070e600000, 0x000000070e600000| Complete 
| 219|0x000000070e700000, 0x000000070e800000, 0x000000070e800000|100%| E|CS|TAMS 0x000000070e700000, 0x000000070e700000| Complete 
| 220|0x000000070e800000, 0x000000070e900000, 0x000000070e900000|100%| E|CS|TAMS 0x000000070e800000, 0x000000070e800000| Complete 
| 221|0x000000070e900000, 0x000000070ea00000, 0x000000070ea00000|100%| E|CS|TAMS 0x000000070e900000, 0x000000070e900000| Complete 
| 222|0x000000070ea00000, 0x000000070eb00000, 0x000000070eb00000|100%| E|CS|TAMS 0x000000070ea00000, 0x000000070ea00000| Complete 
| 223|0x000000070eb00000, 0x000000070ec00000, 0x000000070ec00000|100%| E|CS|TAMS 0x000000070eb00000, 0x000000070eb00000| Complete 
| 224|0x000000070ec00000, 0x000000070ed00000, 0x000000070ed00000|100%| E|CS|TAMS 0x000000070ec00000, 0x000000070ec00000| Complete 
| 225|0x000000070ed00000, 0x000000070ee00000, 0x000000070ee00000|100%| E|CS|TAMS 0x000000070ed00000, 0x000000070ed00000| Complete 
| 226|0x000000070ee00000, 0x000000070ef00000, 0x000000070ef00000|100%| E|CS|TAMS 0x000000070ee00000, 0x000000070ee00000| Complete 
| 227|0x000000070ef00000, 0x000000070f000000, 0x000000070f000000|100%| E|CS|TAMS 0x000000070ef00000, 0x000000070ef00000| Complete 
| 228|0x000000070f000000, 0x000000070f100000, 0x000000070f100000|100%| E|CS|TAMS 0x000000070f000000, 0x000000070f000000| Complete 
| 229|0x000000070f100000, 0x000000070f200000, 0x000000070f200000|100%| E|CS|TAMS 0x000000070f100000, 0x000000070f100000| Complete 
| 230|0x000000070f200000, 0x000000070f300000, 0x000000070f300000|100%| E|CS|TAMS 0x000000070f200000, 0x000000070f200000| Complete 
| 231|0x000000070f300000, 0x000000070f400000, 0x000000070f400000|100%| E|CS|TAMS 0x000000070f300000, 0x000000070f300000| Complete 
| 232|0x000000070f400000, 0x000000070f500000, 0x000000070f500000|100%| E|CS|TAMS 0x000000070f400000, 0x000000070f400000| Complete 
| 233|0x000000070f500000, 0x000000070f600000, 0x000000070f600000|100%| E|CS|TAMS 0x000000070f500000, 0x000000070f500000| Complete 
| 234|0x000000070f600000, 0x000000070f700000, 0x000000070f700000|100%| E|CS|TAMS 0x000000070f600000, 0x000000070f600000| Complete 
| 235|0x000000070f700000, 0x000000070f800000, 0x000000070f800000|100%| E|CS|TAMS 0x000000070f700000, 0x000000070f700000| Complete 
| 236|0x000000070f800000, 0x000000070f900000, 0x000000070f900000|100%| E|CS|TAMS 0x000000070f800000, 0x000000070f800000| Complete 
| 237|0x000000070f900000, 0x000000070fa00000, 0x000000070fa00000|100%| E|CS|TAMS 0x000000070f900000, 0x000000070f900000| Complete 
| 238|0x000000070fa00000, 0x000000070fb00000, 0x000000070fb00000|100%| E|CS|TAMS 0x000000070fa00000, 0x000000070fa00000| Complete 
| 239|0x000000070fb00000, 0x000000070fc00000, 0x000000070fc00000|100%| E|CS|TAMS 0x000000070fb00000, 0x000000070fb00000| Complete 
| 240|0x000000070fc00000, 0x000000070fd00000, 0x000000070fd00000|100%| E|CS|TAMS 0x000000070fc00000, 0x000000070fc00000| Complete 
| 241|0x000000070fd00000, 0x000000070fe00000, 0x000000070fe00000|100%| E|CS|TAMS 0x000000070fd00000, 0x000000070fd00000| Complete 
| 242|0x000000070fe00000, 0x000000070ff00000, 0x000000070ff00000|100%| E|CS|TAMS 0x000000070fe00000, 0x000000070fe00000| Complete 
| 243|0x000000070ff00000, 0x0000000710000000, 0x0000000710000000|100%| E|CS|TAMS 0x000000070ff00000, 0x000000070ff00000| Complete 
| 244|0x0000000710000000, 0x0000000710100000, 0x0000000710100000|100%| E|CS|TAMS 0x0000000710000000, 0x0000000710000000| Complete 
| 245|0x0000000710100000, 0x0000000710200000, 0x0000000710200000|100%| E|CS|TAMS 0x0000000710100000, 0x0000000710100000| Complete 
| 246|0x0000000710200000, 0x0000000710300000, 0x0000000710300000|100%| E|CS|TAMS 0x0000000710200000, 0x0000000710200000| Complete 
| 247|0x0000000710300000, 0x0000000710400000, 0x0000000710400000|100%| E|CS|TAMS 0x0000000710300000, 0x0000000710300000| Complete 
| 248|0x0000000710400000, 0x0000000710500000, 0x0000000710500000|100%| E|CS|TAMS 0x0000000710400000, 0x0000000710400000| Complete 
| 249|0x0000000710500000, 0x0000000710600000, 0x0000000710600000|100%| E|CS|TAMS 0x0000000710500000, 0x0000000710500000| Complete 
| 250|0x0000000710600000, 0x0000000710700000, 0x0000000710700000|100%| E|CS|TAMS 0x0000000710600000, 0x0000000710600000| Complete 
| 251|0x0000000710700000, 0x0000000710800000, 0x0000000710800000|100%| E|CS|TAMS 0x0000000710700000, 0x0000000710700000| Complete 
| 252|0x0000000710800000, 0x0000000710900000, 0x0000000710900000|100%| E|CS|TAMS 0x0000000710800000, 0x0000000710800000| Complete 
| 253|0x0000000710900000, 0x0000000710a00000, 0x0000000710a00000|100%| E|CS|TAMS 0x0000000710900000, 0x0000000710900000| Complete 
| 254|0x0000000710a00000, 0x0000000710b00000, 0x0000000710b00000|100%| E|CS|TAMS 0x0000000710a00000, 0x0000000710a00000| Complete 
| 255|0x0000000710b00000, 0x0000000710c00000, 0x0000000710c00000|100%| E|CS|TAMS 0x0000000710b00000, 0x0000000710b00000| Complete 

Card table byte_map: [0x0000016d10080000,0x0000016d10880000] _byte_map_base: 0x0000016d0c87a000

Marking Bits (Prev, Next): (CMBitMap*) 0x0000016d779befe8, (CMBitMap*) 0x0000016d779bf028
 Prev Bits: [0x0000016d11080000, 0x0000016d15050000)
 Next Bits: [0x0000016d15050000, 0x0000016d19020000)

Polling page: 0x0000016d75900000

Metaspace:

Usage:
  Non-class:      9.15 MB capacity,     6.76 MB ( 74%) used,     2.38 MB ( 26%) free+waste,     8.31 KB ( <1%) overhead. 
      Class:    705.00 KB capacity,   392.97 KB ( 56%) used,   309.59 KB ( 44%) free+waste,     2.44 KB ( <1%) overhead. 
       Both:      9.84 MB capacity,     7.15 MB ( 73%) used,     2.69 MB ( 27%) free+waste,    10.75 KB ( <1%) overhead. 

Virtual space:
  Non-class space:       10.00 MB reserved,       9.25 MB ( 93%) committed 
      Class space:        1.00 GB reserved,     768.00 KB ( <1%) committed 
             Both:        1.01 GB reserved,      10.00 MB ( <1%) committed 

Chunk freelists:
   Non-Class:  34.00 KB
       Class:  0 bytes
        Both:  34.00 KB

MaxMetaspaceSize: 17179869184.00 GB
CompressedClassSpaceSize: 1.00 GB

CodeHeap 'non-profiled nmethods': size=119168Kb used=1322Kb max_used=1322Kb free=117846Kb
 bounds [0x0000016d07ba0000, 0x0000016d07e10000, 0x0000016d0f000000]
CodeHeap 'profiled nmethods': size=119168Kb used=3403Kb max_used=3403Kb free=115764Kb
 bounds [0x0000016d00740000, 0x0000016d00aa0000, 0x0000016d07ba0000]
CodeHeap 'non-nmethods': size=7424Kb used=1598Kb max_used=2182Kb free=5826Kb
 bounds [0x0000016d00000000, 0x0000016d00270000, 0x0000016d00740000]
 total_blobs=3102 nmethods=1371 adapters=833
 compilation: enabled
              stopped_count=0, restarted_count=0
 full_count=0

Compilation events (20 events):
Event: 13.488 Thread 0x0000016d1b7e9000 1362       4       java.net.URI$Parser::checkChars (44 bytes)
Event: 13.490 Thread 0x0000016d1b7e9000 nmethod 1362 0x0000016d07ce8790 code [0x0000016d07ce8920, 0x0000016d07ce8b68]
Event: 13.517 Thread 0x0000016d1b7e9000 1363  s    4       java.util.Hashtable::get (69 bytes)
Event: 13.524 Thread 0x0000016d1b7e9000 nmethod 1363 0x0000016d07ce8e90 code [0x0000016d07ce9040, 0x0000016d07ce99d8]
Event: 13.706 Thread 0x0000016d1b7e9000 1364       4       java.net.URL::toLowerCase (39 bytes)
Event: 13.707 Thread 0x0000016d1b7e9000 nmethod 1364 0x0000016d07ce9d90 code [0x0000016d07ce9f20, 0x0000016d07cea2f8]
Event: 13.735 Thread 0x0000016d1b7e9000 1365   !   4       java.net.URL::getURLStreamHandler (192 bytes)
Event: 13.736 Thread 0x0000016d1b7e9000 nmethod 1365 0x0000016d07cea410 code [0x0000016d07cea5a0, 0x0000016d07cea688]
Event: 13.756 Thread 0x0000016d1ca7a000 1366       3       java.lang.ClassLoader::findNative (81 bytes)
Event: 13.756 Thread 0x0000016d1ca7a000 nmethod 1366 0x0000016d00a90190 code [0x0000016d00a903e0, 0x0000016d00a90ca0]
Event: 13.757 Thread 0x0000016d1ca7a000 1367       3       jdk.internal.math.FDBigInteger::mult (64 bytes)
Event: 13.757 Thread 0x0000016d1ca7a000 nmethod 1367 0x0000016d00a90f10 code [0x0000016d00a910c0, 0x0000016d00a91398]
Event: 13.757 Thread 0x0000016d1ca7a000 1368       3       jdk.internal.math.FDBigInteger::<init> (30 bytes)
Event: 13.758 Thread 0x0000016d1ca7a000 nmethod 1368 0x0000016d00a91590 code [0x0000016d00a91740, 0x0000016d00a919d0]
Event: 13.758 Thread 0x0000016d1ca7a000 1369       3       jdk.internal.math.FDBigInteger::trimLeadingZeros (57 bytes)
Event: 13.758 Thread 0x0000016d1ca7a000 nmethod 1369 0x0000016d00a91b10 code [0x0000016d00a91cc0, 0x0000016d00a92038]
Event: 13.758 Thread 0x0000016d1ca7a000 1370       3       jdk.internal.math.FDBigInteger::makeImmutable (6 bytes)
Event: 13.758 Thread 0x0000016d1ca7a000 nmethod 1370 0x0000016d00a92190 code [0x0000016d00a92320, 0x0000016d00a92498]
Event: 13.758 Thread 0x0000016d1ca7a000 1371       3       jdk.internal.math.FDBigInteger::mult (44 bytes)
Event: 13.758 Thread 0x0000016d1ca7a000 nmethod 1371 0x0000016d00a92510 code [0x0000016d00a926e0, 0x0000016d00a92b80]

GC Heap History (20 events):
Event: 12.552 GC heap before
{Heap before GC invocations=97 (full 0):
 garbage-first heap   total 262144K, used 160457K [0x0000000700c00000, 0x0000000800000000)
  region size 1024K, 153 young (156672K), 1 survivors (1024K)
 Metaspace       used 7244K, capacity 10079K, committed 10240K, reserved 1058816K
  class space    used 387K, capacity 705K, committed 768K, reserved 1048576K
}
Event: 12.553 GC heap after
{Heap after GC invocations=98 (full 0):
 garbage-first heap   total 262144K, used 4896K [0x0000000700c00000, 0x0000000800000000)
  region size 1024K, 1 young (1024K), 1 survivors (1024K)
 Metaspace       used 7244K, capacity 10079K, committed 10240K, reserved 1058816K
  class space    used 387K, capacity 705K, committed 768K, reserved 1048576K
}
Event: 12.675 GC heap before
{Heap before GC invocations=98 (full 0):
 garbage-first heap   total 262144K, used 160544K [0x0000000700c00000, 0x0000000800000000)
  region size 1024K, 153 young (156672K), 1 survivors (1024K)
 Metaspace       used 7249K, capacity 10079K, committed 10240K, reserved 1058816K
  class space    used 387K, capacity 705K, committed 768K, reserved 1048576K
}
Event: 12.675 GC heap after
{Heap after GC invocations=99 (full 0):
 garbage-first heap   total 262144K, used 4815K [0x0000000700c00000, 0x0000000800000000)
  region size 1024K, 1 young (1024K), 1 survivors (1024K)
 Metaspace       used 7249K, capacity 10079K, committed 10240K, reserved 1058816K
  class space    used 387K, capacity 705K, committed 768K, reserved 1048576K
}
Event: 12.797 GC heap before
{Heap before GC invocations=99 (full 0):
 garbage-first heap   total 262144K, used 160463K [0x0000000700c00000, 0x0000000800000000)
  region size 1024K, 153 young (156672K), 1 survivors (1024K)
 Metaspace       used 7249K, capacity 10079K, committed 10240K, reserved 1058816K
  class space    used 387K, capacity 705K, committed 768K, reserved 1048576K
}
Event: 12.798 GC heap after
{Heap after GC invocations=100 (full 0):
 garbage-first heap   total 262144K, used 4813K [0x0000000700c00000, 0x0000000800000000)
  region size 1024K, 1 young (1024K), 1 survivors (1024K)
 Metaspace       used 7249K, capacity 10079K, committed 10240K, reserved 1058816K
  class space    used 387K, capacity 705K, committed 768K, reserved 1048576K
}
Event: 12.916 GC heap before
{Heap before GC invocations=100 (full 0):
 garbage-first heap   total 262144K, used 160461K [0x0000000700c00000, 0x0000000800000000)
  region size 1024K, 153 young (156672K), 1 survivors (1024K)
 Metaspace       used 7249K, capacity 10079K, committed 10240K, reserved 1058816K
  class space    used 387K, capacity 705K, committed 768K, reserved 1048576K
}
Event: 12.917 GC heap after
{Heap after GC invocations=101 (full 0):
 garbage-first heap   total 262144K, used 4820K [0x0000000700c00000, 0x0000000800000000)
  region size 1024K, 1 young (1024K), 1 survivors (1024K)
 Metaspace       used 7249K, capacity 10079K, committed 10240K, reserved 1058816K
  class space    used 387K, capacity 705K, committed 768K, reserved 1048576K
}
Event: 13.035 GC heap before
{Heap before GC invocations=101 (full 0):
 garbage-first heap   total 262144K, used 160468K [0x0000000700c00000, 0x0000000800000000)
  region size 1024K, 153 young (156672K), 1 survivors (1024K)
 Metaspace       used 7249K, capacity 10079K, committed 10240K, reserved 1058816K
  class space    used 387K, capacity 705K, committed 768K, reserved 1048576K
}
Event: 13.035 GC heap after
{Heap after GC invocations=102 (full 0):
 garbage-first heap   total 262144K, used 4820K [0x0000000700c00000, 0x0000000800000000)
  region size 1024K, 1 young (1024K), 1 survivors (1024K)
 Metaspace       used 7249K, capacity 10079K, committed 10240K, reserved 1058816K
  class space    used 387K, capacity 705K, committed 768K, reserved 1048576K
}
Event: 13.163 GC heap before
{Heap before GC invocations=102 (full 0):
 garbage-first heap   total 262144K, used 160468K [0x0000000700c00000, 0x0000000800000000)
  region size 1024K, 153 young (156672K), 1 survivors (1024K)
 Metaspace       used 7249K, capacity 10079K, committed 10240K, reserved 1058816K
  class space    used 387K, capacity 705K, committed 768K, reserved 1048576K
}
Event: 13.163 GC heap after
{Heap after GC invocations=103 (full 0):
 garbage-first heap   total 262144K, used 4830K [0x0000000700c00000, 0x0000000800000000)
  region size 1024K, 1 young (1024K), 1 survivors (1024K)
 Metaspace       used 7249K, capacity 10079K, committed 10240K, reserved 1058816K
  class space    used 387K, capacity 705K, committed 768K, reserved 1048576K
}
Event: 13.285 GC heap before
{Heap before GC invocations=103 (full 0):
 garbage-first heap   total 262144K, used 160478K [0x0000000700c00000, 0x0000000800000000)
  region size 1024K, 153 young (156672K), 1 survivors (1024K)
 Metaspace       used 7249K, capacity 10079K, committed 10240K, reserved 1058816K
  class space    used 387K, capacity 705K, committed 768K, reserved 1048576K
}
Event: 13.285 GC heap after
{Heap after GC invocations=104 (full 0):
 garbage-first heap   total 262144K, used 4826K [0x0000000700c00000, 0x0000000800000000)
  region size 1024K, 1 young (1024K), 1 survivors (1024K)
 Metaspace       used 7249K, capacity 10079K, committed 10240K, reserved 1058816K
  class space    used 387K, capacity 705K, committed 768K, reserved 1048576K
}
Event: 13.405 GC heap before
{Heap before GC invocations=104 (full 0):
 garbage-first heap   total 262144K, used 160474K [0x0000000700c00000, 0x0000000800000000)
  region size 1024K, 153 young (156672K), 1 survivors (1024K)
 Metaspace       used 7249K, capacity 10079K, committed 10240K, reserved 1058816K
  class space    used 387K, capacity 705K, committed 768K, reserved 1048576K
}
Event: 13.405 GC heap after
{Heap after GC invocations=105 (full 0):
 garbage-first heap   total 262144K, used 4829K [0x0000000700c00000, 0x0000000800000000)
  region size 1024K, 1 young (1024K), 1 survivors (1024K)
 Metaspace       used 7249K, capacity 10079K, committed 10240K, reserved 1058816K
  class space    used 387K, capacity 705K, committed 768K, reserved 1048576K
}
Event: 13.525 GC heap before
{Heap before GC invocations=105 (full 0):
 garbage-first heap   total 262144K, used 160477K [0x0000000700c00000, 0x0000000800000000)
  region size 1024K, 153 young (156672K), 1 survivors (1024K)
 Metaspace       used 7249K, capacity 10079K, committed 10240K, reserved 1058816K
  class space    used 387K, capacity 705K, committed 768K, reserved 1048576K
}
Event: 13.525 GC heap after
{Heap after GC invocations=106 (full 0):
 garbage-first heap   total 262144K, used 4830K [0x0000000700c00000, 0x0000000800000000)
  region size 1024K, 1 young (1024K), 1 survivors (1024K)
 Metaspace       used 7249K, capacity 10079K, committed 10240K, reserved 1058816K
  class space    used 387K, capacity 705K, committed 768K, reserved 1048576K
}
Event: 13.642 GC heap before
{Heap before GC invocations=106 (full 0):
 garbage-first heap   total 262144K, used 160478K [0x0000000700c00000, 0x0000000800000000)
  region size 1024K, 153 young (156672K), 1 survivors (1024K)
 Metaspace       used 7249K, capacity 10079K, committed 10240K, reserved 1058816K
  class space    used 387K, capacity 705K, committed 768K, reserved 1048576K
}
Event: 13.643 GC heap after
{Heap after GC invocations=107 (full 0):
 garbage-first heap   total 262144K, used 4827K [0x0000000700c00000, 0x0000000800000000)
  region size 1024K, 1 young (1024K), 1 survivors (1024K)
 Metaspace       used 7249K, capacity 10079K, committed 10240K, reserved 1058816K
  class space    used 387K, capacity 705K, committed 768K, reserved 1048576K
}

Deoptimization events (20 events):
Event: 8.479 Thread 0x0000016d77953000 Uncommon trap: trap_request=0xffffffbe fr.pc=0x0000016d07c8d190 relative=0x0000000000004db0
Event: 8.479 Thread 0x0000016d77953000 Uncommon trap: reason=profile_predicate action=maybe_recompile pc=0x0000016d07c8d190 method=org.bytedeco.javacpp.Loader.findLibrary(Ljava/lang/Class;Lorg/bytedeco/javacpp/ClassProperties;Ljava/lang/String;Z)[Ljava/net/URL; @ 965 c2
Event: 8.479 Thread 0x0000016d77953000 DEOPT PACKING pc=0x0000016d07c8d190 sp=0x0000000a8d1fdf90
Event: 8.479 Thread 0x0000016d77953000 DEOPT UNPACKING pc=0x0000016d0004912f sp=0x0000000a8d1fdf30 mode 2
Event: 8.488 Thread 0x0000016d77953000 Uncommon trap: trap_request=0xffffffbe fr.pc=0x0000016d07c8d190 relative=0x0000000000004db0
Event: 8.488 Thread 0x0000016d77953000 Uncommon trap: reason=profile_predicate action=maybe_recompile pc=0x0000016d07c8d190 method=org.bytedeco.javacpp.Loader.findLibrary(Ljava/lang/Class;Lorg/bytedeco/javacpp/ClassProperties;Ljava/lang/String;Z)[Ljava/net/URL; @ 965 c2
Event: 8.488 Thread 0x0000016d77953000 DEOPT PACKING pc=0x0000016d07c8d190 sp=0x0000000a8d1fdf90
Event: 8.488 Thread 0x0000016d77953000 DEOPT UNPACKING pc=0x0000016d0004912f sp=0x0000000a8d1fdf30 mode 2
Event: 8.498 Thread 0x0000016d77953000 Uncommon trap: trap_request=0xffffffbe fr.pc=0x0000016d07c8d190 relative=0x0000000000004db0
Event: 8.498 Thread 0x0000016d77953000 Uncommon trap: reason=profile_predicate action=maybe_recompile pc=0x0000016d07c8d190 method=org.bytedeco.javacpp.Loader.findLibrary(Ljava/lang/Class;Lorg/bytedeco/javacpp/ClassProperties;Ljava/lang/String;Z)[Ljava/net/URL; @ 965 c2
Event: 8.498 Thread 0x0000016d77953000 DEOPT PACKING pc=0x0000016d07c8d190 sp=0x0000000a8d1fdf90
Event: 8.498 Thread 0x0000016d77953000 DEOPT UNPACKING pc=0x0000016d0004912f sp=0x0000000a8d1fdf30 mode 2
Event: 8.508 Thread 0x0000016d77953000 Uncommon trap: trap_request=0xffffffbe fr.pc=0x0000016d07c8d190 relative=0x0000000000004db0
Event: 8.508 Thread 0x0000016d77953000 Uncommon trap: reason=profile_predicate action=maybe_recompile pc=0x0000016d07c8d190 method=org.bytedeco.javacpp.Loader.findLibrary(Ljava/lang/Class;Lorg/bytedeco/javacpp/ClassProperties;Ljava/lang/String;Z)[Ljava/net/URL; @ 965 c2
Event: 8.508 Thread 0x0000016d77953000 DEOPT PACKING pc=0x0000016d07c8d190 sp=0x0000000a8d1fdf90
Event: 8.508 Thread 0x0000016d77953000 DEOPT UNPACKING pc=0x0000016d0004912f sp=0x0000000a8d1fdf30 mode 2
Event: 12.069 Thread 0x0000016d77953000 Uncommon trap: trap_request=0xffffffe4 fr.pc=0x0000016d07cc2a40 relative=0x0000000000005e80
Event: 12.069 Thread 0x0000016d77953000 Uncommon trap: reason=range_check action=make_not_entrant pc=0x0000016d07cc2a40 method=org.bytedeco.javacpp.Loader.loadLibrary([Ljava/net/URL;Ljava/lang/String;[Ljava/lang/String;)Ljava/lang/String; @ 84 c2
Event: 12.069 Thread 0x0000016d77953000 DEOPT PACKING pc=0x0000016d07cc2a40 sp=0x0000000a8d1fe3c0
Event: 12.069 Thread 0x0000016d77953000 DEOPT UNPACKING pc=0x0000016d0004912f sp=0x0000000a8d1fe390 mode 2

Classes unloaded (0 events):
No events

Classes redefined (0 events):
No events

Internal exceptions (20 events):
Event: 13.653 Thread 0x0000016d77953000 Exception <a 'sun/nio/fs/WindowsException'{0x000000070ff81138}> (0x000000070ff81138) 
thrown [t:/workspace/open/src/hotspot/share/prims/jni.cpp, line 598]
Event: 13.653 Thread 0x0000016d77953000 Exception <a 'sun/nio/fs/WindowsException'{0x000000070ff81168}> (0x000000070ff81168) 
thrown [t:/workspace/open/src/hotspot/share/prims/jni.cpp, line 598]
Event: 13.663 Thread 0x0000016d77953000 Exception <a 'sun/nio/fs/WindowsException'{0x000000070f2278e0}> (0x000000070f2278e0) 
thrown [t:/workspace/open/src/hotspot/share/prims/jni.cpp, line 598]
Event: 13.663 Thread 0x0000016d77953000 Exception <a 'sun/nio/fs/WindowsException'{0x000000070f227910}> (0x000000070f227910) 
thrown [t:/workspace/open/src/hotspot/share/prims/jni.cpp, line 598]
Event: 13.672 Thread 0x0000016d77953000 Exception <a 'sun/nio/fs/WindowsException'{0x000000070e830610}> (0x000000070e830610) 
thrown [t:/workspace/open/src/hotspot/share/prims/jni.cpp, line 598]
Event: 13.672 Thread 0x0000016d77953000 Exception <a 'sun/nio/fs/WindowsException'{0x000000070e830640}> (0x000000070e830640) 
thrown [t:/workspace/open/src/hotspot/share/prims/jni.cpp, line 598]
Event: 13.680 Thread 0x0000016d77953000 Exception <a 'sun/nio/fs/WindowsException'{0x000000070de9a5b8}> (0x000000070de9a5b8) 
thrown [t:/workspace/open/src/hotspot/share/prims/jni.cpp, line 598]
Event: 13.681 Thread 0x0000016d77953000 Exception <a 'sun/nio/fs/WindowsException'{0x000000070de9a5e8}> (0x000000070de9a5e8) 
thrown [t:/workspace/open/src/hotspot/share/prims/jni.cpp, line 598]
Event: 13.689 Thread 0x0000016d77953000 Exception <a 'sun/nio/fs/WindowsException'{0x000000070d4a3278}> (0x000000070d4a3278) 
thrown [t:/workspace/open/src/hotspot/share/prims/jni.cpp, line 598]
Event: 13.689 Thread 0x0000016d77953000 Exception <a 'sun/nio/fs/WindowsException'{0x000000070d4a32a8}> (0x000000070d4a32a8) 
thrown [t:/workspace/open/src/hotspot/share/prims/jni.cpp, line 598]
Event: 13.698 Thread 0x0000016d77953000 Exception <a 'sun/nio/fs/WindowsException'{0x000000070cad2658}> (0x000000070cad2658) 
thrown [t:/workspace/open/src/hotspot/share/prims/jni.cpp, line 598]
Event: 13.698 Thread 0x0000016d77953000 Exception <a 'sun/nio/fs/WindowsException'{0x000000070cad2688}> (0x000000070cad2688) 
thrown [t:/workspace/open/src/hotspot/share/prims/jni.cpp, line 598]
Event: 13.707 Thread 0x0000016d77953000 Exception <a 'sun/nio/fs/WindowsException'{0x000000070c0db470}> (0x000000070c0db470) 
thrown [t:/workspace/open/src/hotspot/share/prims/jni.cpp, line 598]
Event: 13.707 Thread 0x0000016d77953000 Exception <a 'sun/nio/fs/WindowsException'{0x000000070c0db4a0}> (0x000000070c0db4a0) 
thrown [t:/workspace/open/src/hotspot/share/prims/jni.cpp, line 598]
Event: 13.736 Thread 0x0000016d77953000 Exception <a 'sun/nio/fs/WindowsException'{0x0000000709c60bd0}> (0x0000000709c60bd0) 
thrown [t:/workspace/open/src/hotspot/share/prims/jni.cpp, line 598]
Event: 13.736 Thread 0x0000016d77953000 Exception <a 'sun/nio/fs/WindowsException'{0x0000000709c60c00}> (0x0000000709c60c00) 
thrown [t:/workspace/open/src/hotspot/share/prims/jni.cpp, line 598]
Event: 13.745 Thread 0x0000016d77953000 Exception <a 'sun/nio/fs/WindowsException'{0x000000070915c378}> (0x000000070915c378) 
thrown [t:/workspace/open/src/hotspot/share/prims/jni.cpp, line 598]
Event: 13.745 Thread 0x0000016d77953000 Exception <a 'sun/nio/fs/WindowsException'{0x000000070915c3a8}> (0x000000070915c3a8) 
thrown [t:/workspace/open/src/hotspot/share/prims/jni.cpp, line 598]
Event: 13.754 Thread 0x0000016d77953000 Exception <a 'sun/nio/fs/WindowsException'{0x00000007087ff5a0}> (0x00000007087ff5a0) 
thrown [t:/workspace/open/src/hotspot/share/prims/jni.cpp, line 598]
Event: 13.754 Thread 0x0000016d77953000 Exception <a 'sun/nio/fs/WindowsException'{0x00000007087ff5d0}> (0x00000007087ff5d0) 
thrown [t:/workspace/open/src/hotspot/share/prims/jni.cpp, line 598]

Events (20 events):
Event: 13.525 Executing VM operation: G1CollectForAllocation
Event: 13.525 Executing VM operation: G1CollectForAllocation done
Event: 13.642 Executing VM operation: G1CollectForAllocation
Event: 13.643 Executing VM operation: G1CollectForAllocation done
Event: 13.756 loading class jdk/internal/math/FloatingDecimal
Event: 13.756 loading class jdk/internal/math/FloatingDecimal done
Event: 13.756 loading class jdk/internal/math/FloatingDecimal$ExceptionalBinaryToASCIIBuffer
Event: 13.756 loading class jdk/internal/math/FloatingDecimal$BinaryToASCIIConverter
Event: 13.757 loading class jdk/internal/math/FloatingDecimal$BinaryToASCIIConverter done
Event: 13.757 loading class jdk/internal/math/FloatingDecimal$ExceptionalBinaryToASCIIBuffer done
Event: 13.757 loading class jdk/internal/math/FloatingDecimal$BinaryToASCIIBuffer
Event: 13.757 loading class jdk/internal/math/FloatingDecimal$BinaryToASCIIBuffer done
Event: 13.757 loading class jdk/internal/math/FloatingDecimal$1
Event: 13.757 loading class jdk/internal/math/FloatingDecimal$1 done
Event: 13.757 loading class jdk/internal/math/FloatingDecimal$PreparedASCIIToBinaryBuffer
Event: 13.757 loading class jdk/internal/math/FloatingDecimal$ASCIIToBinaryConverter
Event: 13.757 loading class jdk/internal/math/FloatingDecimal$ASCIIToBinaryConverter done
Event: 13.757 loading class jdk/internal/math/FloatingDecimal$PreparedASCIIToBinaryBuffer done
Event: 13.757 loading class jdk/internal/math/FDBigInteger
Event: 13.757 loading class jdk/internal/math/FDBigInteger done


Dynamic libraries:
0x00007ff7bc250000 - 0x00007ff7bc25f000 	C:\Program Files\Java\jdk-13\bin\java.exe
0x00007ffae78c0000 - 0x00007ffae7ab0000 	C:\WINDOWS\SYSTEM32\ntdll.dll
0x00007ffae5ff0000 - 0x00007ffae60a2000 	C:\WINDOWS\System32\KERNEL32.DLL
0x00007ffae54c0000 - 0x00007ffae5763000 	C:\WINDOWS\System32\KERNELBASE.dll
0x00007ffae4850000 - 0x00007ffae494a000 	C:\WINDOWS\System32\ucrtbase.dll
0x00007ffadf110000 - 0x00007ffadf128000 	C:\Program Files\Java\jdk-13\bin\jli.dll
0x00007ffae5b70000 - 0x00007ffae5c13000 	C:\WINDOWS\System32\ADVAPI32.dll
0x00007ffadd0a0000 - 0x00007ffadd0b5000 	C:\Program Files\Java\jdk-13\bin\VCRUNTIME140.dll
0x00007ffae7110000 - 0x00007ffae71ae000 	C:\WINDOWS\System32\msvcrt.dll
0x00007ffae74e0000 - 0x00007ffae7577000 	C:\WINDOWS\System32\sechost.dll
0x00007ffae72d0000 - 0x00007ffae73f0000 	C:\WINDOWS\System32\RPCRT4.dll
0x00007ffae6f60000 - 0x00007ffae70f4000 	C:\WINDOWS\System32\USER32.dll
0x00007ffad1370000 - 0x00007ffad15f5000 	C:\WINDOWS\WinSxS\amd64_microsoft.windows.common-controls_6595b64144ccf1df_6.0.18362.418_none_e6c6b287130d565d\COMCTL32.dll
0x00007ffae4950000 - 0x00007ffae4971000 	C:\WINDOWS\System32\win32u.dll
0x00007ffae5c20000 - 0x00007ffae5f56000 	C:\WINDOWS\System32\combase.dll
0x00007ffae6270000 - 0x00007ffae6296000 	C:\WINDOWS\System32\GDI32.dll
0x00007ffae5210000 - 0x00007ffae53a4000 	C:\WINDOWS\System32\gdi32full.dll
0x00007ffae57a0000 - 0x00007ffae5820000 	C:\WINDOWS\System32\bcryptPrimitives.dll
0x00007ffae49d0000 - 0x00007ffae4a6e000 	C:\WINDOWS\System32\msvcp_win.dll
0x00007ffae0a90000 - 0x00007ffae0a9a000 	C:\WINDOWS\SYSTEM32\VERSION.dll
0x00007ffae7850000 - 0x00007ffae787e000 	C:\WINDOWS\System32\IMM32.DLL
0x00007ffad47b0000 - 0x00007ffad484b000 	C:\Program Files\Java\jdk-13\bin\msvcp140.dll
0x00007ffaa5df0000 - 0x00007ffaa6956000 	C:\Program Files\Java\jdk-13\bin\server\jvm.dll
0x00007ffae60b0000 - 0x00007ffae60b8000 	C:\WINDOWS\System32\PSAPI.DLL
0x00007ffad07a0000 - 0x00007ffad07a9000 	C:\WINDOWS\SYSTEM32\WSOCK32.dll
0x00007ffadd400000 - 0x00007ffadd424000 	C:\WINDOWS\SYSTEM32\WINMM.dll
0x00007ffae73f0000 - 0x00007ffae745f000 	C:\WINDOWS\System32\WS2_32.dll
0x00007ffadd3d0000 - 0x00007ffadd3fd000 	C:\WINDOWS\SYSTEM32\winmmbase.dll
0x00007ffae4980000 - 0x00007ffae49ca000 	C:\WINDOWS\System32\cfgmgr32.dll
0x00007ffae47f0000 - 0x00007ffae4801000 	C:\WINDOWS\System32\kernel.appcore.dll
0x00007ffadef60000 - 0x00007ffadef70000 	C:\Program Files\Java\jdk-13\bin\verify.dll
0x00007ffadfb80000 - 0x00007ffadfd74000 	C:\WINDOWS\SYSTEM32\DBGHELP.DLL
0x00007ffadf640000 - 0x00007ffadf66a000 	C:\WINDOWS\SYSTEM32\dbgcore.DLL
0x00007ffadce20000 - 0x00007ffadce46000 	C:\Program Files\Java\jdk-13\bin\java.dll
0x00007ffadb980000 - 0x00007ffadb997000 	C:\Program Files\Java\jdk-13\bin\zip.dll
0x00007ffadef30000 - 0x00007ffadef3a000 	C:\Program Files\Java\jdk-13\bin\jimage.dll
0x00007ffae62a0000 - 0x00007ffae6985000 	C:\WINDOWS\System32\SHELL32.dll
0x00007ffae7220000 - 0x00007ffae72c9000 	C:\WINDOWS\System32\shcore.dll
0x00007ffae4a90000 - 0x00007ffae520f000 	C:\WINDOWS\System32\windows.storage.dll
0x00007ffae4810000 - 0x00007ffae482f000 	C:\WINDOWS\System32\profapi.dll
0x00007ffae47a0000 - 0x00007ffae47ea000 	C:\WINDOWS\System32\powrprof.dll
0x00007ffae4790000 - 0x00007ffae47a0000 	C:\WINDOWS\System32\UMPDC.dll
0x00007ffae7740000 - 0x00007ffae7792000 	C:\WINDOWS\System32\shlwapi.dll
0x00007ffae4a70000 - 0x00007ffae4a87000 	C:\WINDOWS\System32\cryptsp.dll
0x00007ffadad20000 - 0x00007ffadad39000 	C:\Program Files\Java\jdk-13\bin\net.dll
0x00007ffadd150000 - 0x00007ffadd326000 	C:\WINDOWS\SYSTEM32\urlmon.dll
0x00007ffadf4d0000 - 0x00007ffadf5c0000 	C:\WINDOWS\SYSTEM32\WINHTTP.dll
0x00007ffad9fe0000 - 0x00007ffada286000 	C:\WINDOWS\SYSTEM32\iertutil.dll
0x00007ffae41d0000 - 0x00007ffae41dc000 	C:\WINDOWS\SYSTEM32\CRYPTBASE.DLL
0x00007ffae4000000 - 0x00007ffae4067000 	C:\WINDOWS\system32\mswsock.dll
0x00007ffad7cf0000 - 0x00007ffad7d03000 	C:\Program Files\Java\jdk-13\bin\nio.dll
0x000000006d7c0000 - 0x000000006f38f000 	C:\Users\Salim\.javacpp\cache\openblas-0.3.6-1.5.1-windows-x86_64.jar\org\bytedeco\openblas\windows-x86_64\libopenblas_nolapack.dll
0x0000000071000000 - 0x0000000071061000 	C:\Users\Salim\.javacpp\cache\openblas-0.3.6-1.5.1-windows-x86_64.jar\org\bytedeco\openblas\windows-x86_64\jniopenblas_nolapack.dll
0x00000000005c0000 - 0x000000000218f000 	C:\Users\Salim\.javacpp\cache\openblas-0.3.6-1.5.1-windows-x86_64.jar\org\bytedeco\openblas\windows-x86_64\libopenblas.dll
0x0000000067800000 - 0x0000000068716000 	C:\Users\Salim\.javacpp\cache\openblas-0.3.6-1.5.1-windows-x86_64.jar\org\bytedeco\openblas\windows-x86_64\jniopenblas.dll
0x0000016d5b720000 - 0x0000016d5b723000 	C:\Users\Salim\.javacpp\cache\opencv-4.1.0-1.5.1-windows-x86_64.jar\org\bytedeco\opencv\windows-x86_64\api-ms-win-crt-locale-l1-1-0.dll
0x0000016d5b730000 - 0x0000016d5b734000 	C:\Users\Salim\.javacpp\cache\opencv-4.1.0-1.5.1-windows-x86_64.jar\org\bytedeco\opencv\windows-x86_64\api-ms-win-crt-string-l1-1-0.dll
0x0000016d5b740000 - 0x0000016d5b744000 	C:\Users\Salim\.javacpp\cache\opencv-4.1.0-1.5.1-windows-x86_64.jar\org\bytedeco\opencv\windows-x86_64\api-ms-win-crt-stdio-l1-1-0.dll
0x0000016d5b750000 - 0x0000016d5b755000 	C:\Users\Salim\.javacpp\cache\opencv-4.1.0-1.5.1-windows-x86_64.jar\org\bytedeco\opencv\windows-x86_64\api-ms-win-crt-math-l1-1-0.dll
0x0000016d5b760000 - 0x0000016d5b763000 	C:\Users\Salim\.javacpp\cache\opencv-4.1.0-1.5.1-windows-x86_64.jar\org\bytedeco\opencv\windows-x86_64\api-ms-win-crt-heap-l1-1-0.dll
0x0000016d5b770000 - 0x0000016d5b774000 	C:\Users\Salim\.javacpp\cache\opencv-4.1.0-1.5.1-windows-x86_64.jar\org\bytedeco\opencv\windows-x86_64\api-ms-win-crt-runtime-l1-1-0.dll
0x0000016d5b780000 - 0x0000016d5b784000 	C:\Users\Salim\.javacpp\cache\opencv-4.1.0-1.5.1-windows-x86_64.jar\org\bytedeco\opencv\windows-x86_64\api-ms-win-crt-convert-l1-1-0.dll
0x0000016d5b790000 - 0x0000016d5b793000 	C:\Users\Salim\.javacpp\cache\opencv-4.1.0-1.5.1-windows-x86_64.jar\org\bytedeco\opencv\windows-x86_64\api-ms-win-crt-environment-l1-1-0.dll
0x0000016d5b7a0000 - 0x0000016d5b7a3000 	C:\Users\Salim\.javacpp\cache\opencv-4.1.0-1.5.1-windows-x86_64.jar\org\bytedeco\opencv\windows-x86_64\api-ms-win-crt-time-l1-1-0.dll
0x0000016d5b7b0000 - 0x0000016d5b7b3000 	C:\Users\Salim\.javacpp\cache\opencv-4.1.0-1.5.1-windows-x86_64.jar\org\bytedeco\opencv\windows-x86_64\api-ms-win-crt-filesystem-l1-1-0.dll
0x0000016d5b7c0000 - 0x0000016d5b7c3000 	C:\Users\Salim\.javacpp\cache\opencv-4.1.0-1.5.1-windows-x86_64.jar\org\bytedeco\opencv\windows-x86_64\api-ms-win-crt-utility-l1-1-0.dll
0x0000016d5b7d0000 - 0x0000016d5b7d5000 	C:\Users\Salim\.javacpp\cache\opencv-4.1.0-1.5.1-windows-x86_64.jar\org\bytedeco\opencv\windows-x86_64\api-ms-win-crt-multibyte-l1-1-0.dll
0x0000016d5b7e0000 - 0x0000016d5b7e3000 	C:\Users\Salim\.javacpp\cache\opencv-4.1.0-1.5.1-windows-x86_64.jar\org\bytedeco\opencv\windows-x86_64\api-ms-win-core-string-l1-1-0.dll
0x0000016d5b7f0000 - 0x0000016d5b7f3000 	C:\Users\Salim\.javacpp\cache\opencv-4.1.0-1.5.1-windows-x86_64.jar\org\bytedeco\opencv\windows-x86_64\api-ms-win-core-errorhandling-l1-1-0.dll
0x0000016d5b800000 - 0x0000016d5b803000 	C:\Users\Salim\.javacpp\cache\opencv-4.1.0-1.5.1-windows-x86_64.jar\org\bytedeco\opencv\windows-x86_64\api-ms-win-core-timezone-l1-1-0.dll
0x0000016d5b810000 - 0x0000016d5b814000 	C:\Users\Salim\.javacpp\cache\opencv-4.1.0-1.5.1-windows-x86_64.jar\org\bytedeco\opencv\windows-x86_64\api-ms-win-core-file-l1-1-0.dll
0x0000016d5b820000 - 0x0000016d5b823000 	C:\Users\Salim\.javacpp\cache\opencv-4.1.0-1.5.1-windows-x86_64.jar\org\bytedeco\opencv\windows-x86_64\api-ms-win-core-namedpipe-l1-1-0.dll
0x0000016d5b830000 - 0x0000016d5b833000 	C:\Users\Salim\.javacpp\cache\opencv-4.1.0-1.5.1-windows-x86_64.jar\org\bytedeco\opencv\windows-x86_64\api-ms-win-core-handle-l1-1-0.dll
0x0000016d5b840000 - 0x0000016d5b843000 	C:\Users\Salim\.javacpp\cache\opencv-4.1.0-1.5.1-windows-x86_64.jar\org\bytedeco\opencv\windows-x86_64\api-ms-win-core-file-l2-1-0.dll
0x0000016d5b850000 - 0x0000016d5b853000 	C:\Users\Salim\.javacpp\cache\opencv-4.1.0-1.5.1-windows-x86_64.jar\org\bytedeco\opencv\windows-x86_64\api-ms-win-core-heap-l1-1-0.dll
0x0000016d5b860000 - 0x0000016d5b863000 	C:\Users\Salim\.javacpp\cache\opencv-4.1.0-1.5.1-windows-x86_64.jar\org\bytedeco\opencv\windows-x86_64\api-ms-win-core-libraryloader-l1-1-0.dll
0x0000016d5b870000 - 0x0000016d5b873000 	C:\Users\Salim\.javacpp\cache\opencv-4.1.0-1.5.1-windows-x86_64.jar\org\bytedeco\opencv\windows-x86_64\api-ms-win-core-synch-l1-1-0.dll
0x0000016d5b880000 - 0x0000016d5b883000 	C:\Users\Salim\.javacpp\cache\opencv-4.1.0-1.5.1-windows-x86_64.jar\org\bytedeco\opencv\windows-x86_64\api-ms-win-core-processthreads-l1-1-0.dll
0x0000016d5b890000 - 0x0000016d5b893000 	C:\Users\Salim\.javacpp\cache\opencv-4.1.0-1.5.1-windows-x86_64.jar\org\bytedeco\opencv\windows-x86_64\api-ms-win-core-processenvironment-l1-1-0.dll
0x0000016d5b8a0000 - 0x0000016d5b8a3000 	C:\Users\Salim\.javacpp\cache\opencv-4.1.0-1.5.1-windows-x86_64.jar\org\bytedeco\opencv\windows-x86_64\api-ms-win-core-datetime-l1-1-0.dll
0x0000016d5b8b0000 - 0x0000016d5b8b3000 	C:\Users\Salim\.javacpp\cache\opencv-4.1.0-1.5.1-windows-x86_64.jar\org\bytedeco\opencv\windows-x86_64\api-ms-win-core-localization-l1-2-0.dll
0x0000016d5b8c0000 - 0x0000016d5b8c3000 	C:\Users\Salim\.javacpp\cache\opencv-4.1.0-1.5.1-windows-x86_64.jar\org\bytedeco\opencv\windows-x86_64\api-ms-win-core-sysinfo-l1-1-0.dll
0x0000016d5b8d0000 - 0x0000016d5b8d3000 	C:\Users\Salim\.javacpp\cache\opencv-4.1.0-1.5.1-windows-x86_64.jar\org\bytedeco\opencv\windows-x86_64\api-ms-win-core-synch-l1-2-0.dll
0x0000016d5b8e0000 - 0x0000016d5b8e3000 	C:\Users\Salim\.javacpp\cache\opencv-4.1.0-1.5.1-windows-x86_64.jar\org\bytedeco\opencv\windows-x86_64\api-ms-win-core-console-l1-1-0.dll
0x0000016d5b8f0000 - 0x0000016d5b8f3000 	C:\Users\Salim\.javacpp\cache\opencv-4.1.0-1.5.1-windows-x86_64.jar\org\bytedeco\opencv\windows-x86_64\api-ms-win-core-debug-l1-1-0.dll
0x0000016d5b900000 - 0x0000016d5b903000 	C:\Users\Salim\.javacpp\cache\opencv-4.1.0-1.5.1-windows-x86_64.jar\org\bytedeco\opencv\windows-x86_64\api-ms-win-core-rtlsupport-l1-1-0.dll
0x0000016d5b910000 - 0x0000016d5b913000 	C:\Users\Salim\.javacpp\cache\opencv-4.1.0-1.5.1-windows-x86_64.jar\org\bytedeco\opencv\windows-x86_64\api-ms-win-core-processthreads-l1-1-1.dll
0x0000016d5b920000 - 0x0000016d5b923000 	C:\Users\Salim\.javacpp\cache\opencv-4.1.0-1.5.1-windows-x86_64.jar\org\bytedeco\opencv\windows-x86_64\api-ms-win-core-file-l1-2-0.dll
0x0000016d5b930000 - 0x0000016d5b933000 	C:\Users\Salim\.javacpp\cache\opencv-4.1.0-1.5.1-windows-x86_64.jar\org\bytedeco\opencv\windows-x86_64\api-ms-win-core-profile-l1-1-0.dll
0x0000016d5b940000 - 0x0000016d5b943000 	C:\Users\Salim\.javacpp\cache\opencv-4.1.0-1.5.1-windows-x86_64.jar\org\bytedeco\opencv\windows-x86_64\api-ms-win-core-memory-l1-1-0.dll
0x0000016d5b950000 - 0x0000016d5b953000 	C:\Users\Salim\.javacpp\cache\opencv-4.1.0-1.5.1-windows-x86_64.jar\org\bytedeco\opencv\windows-x86_64\api-ms-win-core-util-l1-1-0.dll
0x0000016d5b960000 - 0x0000016d5b963000 	C:\Users\Salim\.javacpp\cache\opencv-4.1.0-1.5.1-windows-x86_64.jar\org\bytedeco\opencv\windows-x86_64\api-ms-win-core-interlocked-l1-1-0.dll
0x00007ffabadf0000 - 0x00007ffabaee5000 	C:\Users\Salim\.javacpp\cache\opencv-4.1.0-1.5.1-windows-x86_64.jar\org\bytedeco\opencv\windows-x86_64\ucrtbase.dll
0x00007ffadee50000 - 0x00007ffadee67000 	C:\Users\Salim\.javacpp\cache\opencv-4.1.0-1.5.1-windows-x86_64.jar\org\bytedeco\opencv\windows-x86_64\vcruntime140.dll
0x00007ffad3e70000 - 0x00007ffad3f0d000 	C:\Users\Salim\.javacpp\cache\opencv-4.1.0-1.5.1-windows-x86_64.jar\org\bytedeco\opencv\windows-x86_64\msvcp140.dll
0x00007ffac1ab0000 - 0x00007ffac1b01000 	C:\Users\Salim\.javacpp\cache\opencv-4.1.0-1.5.1-windows-x86_64.jar\org\bytedeco\opencv\windows-x86_64\concrt140.dll
0x00007ffadb100000 - 0x00007ffadb12e000 	C:\Users\Salim\.javacpp\cache\opencv-4.1.0-1.5.1-windows-x86_64.jar\org\bytedeco\opencv\windows-x86_64\vcomp140.dll
0x00007ffaaa140000 - 0x00007ffaaa520000 	C:\Users\Salim\.javacpp\cache\opencv-4.1.0-1.5.1-windows-x86_64.jar\org\bytedeco\opencv\windows-x86_64\opencv_core410.dll
0x00007ffaa7ef0000 - 0x00007ffaa8535000 	C:\Users\Salim\.javacpp\cache\opencv-4.1.0-1.5.1-windows-x86_64.jar\org\bytedeco\opencv\windows-x86_64\opencv_imgproc410.dll
0x00007ffaa9e00000 - 0x00007ffaaa131000 	C:\Users\Salim\.javacpp\cache\opencv-4.1.0-1.5.1-windows-x86_64.jar\org\bytedeco\opencv\windows-x86_64\jniopencv_core.dll
0x00007ffab7470000 - 0x00007ffab75c4000 	C:\Users\Salim\.javacpp\cache\opencv-4.1.0-1.5.1-windows-x86_64.jar\org\bytedeco\opencv\windows-x86_64\jniopencv_imgproc.dll
0x00007ffaa9080000 - 0x00007ffaa9383000 	C:\Users\Salim\.javacpp\cache\opencv-4.1.0-1.5.1-windows-x86_64.jar\org\bytedeco\opencv\windows-x86_64\opencv_imgcodecs410.dll
0x00007ffadadf0000 - 0x00007ffadae20000 	C:\Users\Salim\.javacpp\cache\opencv-4.1.0-1.5.1-windows-x86_64.jar\org\bytedeco\opencv\windows-x86_64\jniopencv_imgcodecs.dll

dbghelp: loaded successfully - version: 4.0.5 - missing functions: none
symbol engine: initialized successfully - sym options: 0x614 - pdb path: .;C:\Program Files\Java\jdk-13\bin;C:\WINDOWS\SYSTEM32;C:\WINDOWS\WinSxS\amd64_microsoft.windows.common-controls_6595b64144ccf1df_6.0.18362.418_none_e6c6b287130d565d;C:\Program Files\Java\jdk-13\bin\server;C:\Users\Salim\.javacpp\cache\openblas-0.3.6-1.5.1-windows-x86_64.jar\org\bytedeco\openblas\windows-x86_64;C:\Users\Salim\.javacpp\cache\opencv-4.1.0-1.5.1-windows-x86_64.jar\org\bytedeco\opencv\windows-x86_64

VM Arguments:
java_command: com.mycompany.readreceipt.Main
java_class_path (initial): C:\Users\Salim\Documents\NetBeansProjects\ReadReceipt\target\classes;C:\Users\Salim\.m2\repository\org\bytedeco\javacv-platform\1.5.1\javacv-platform-1.5.1.jar;C:\Users\Salim\.m2\repository\org\bytedeco\javacv\1.5.1\javacv-1.5.1.jar;C:\Users\Salim\.m2\repository\org\bytedeco\openblas\0.3.6-1.5.1\openblas-0.3.6-1.5.1.jar;C:\Users\Salim\.m2\repository\org\bytedeco\opencv\4.1.0-1.5.1\opencv-4.1.0-1.5.1.jar;C:\Users\Salim\.m2\repository\org\bytedeco\ffmpeg\4.1.3-1.5.1\ffmpeg-4.1.3-1.5.1.jar;C:\Users\Salim\.m2\repository\org\bytedeco\flycapture\2.13.3.31-1.5.1\flycapture-2.13.3.31-1.5.1.jar;C:\Users\Salim\.m2\repository\org\bytedeco\libdc1394\2.2.6-1.5.1\libdc1394-2.2.6-1.5.1.jar;C:\Users\Salim\.m2\repository\org\bytedeco\libfreenect\0.5.7-1.5.1\libfreenect-0.5.7-1.5.1.jar;C:\Users\Salim\.m2\repository\org\bytedeco\libfreenect2\0.2.0-1.5.1\libfreenect2-0.2.0-1.5.1.jar;C:\Users\Salim\.m2\repository\org\bytedeco\librealsense\1.12.1-1.5.1\librealsense-1.12.1-1.5.1.jar;C:\Users\Salim\.m2\repository\org\bytedeco\videoinput\0.200-1.5.1\videoinput-0.200-1.5.1.jar;C:\Users\Salim\.m2\repository\org\bytedeco\artoolkitplus\2.3.1-1.5.1\artoolkitplus-2.3.1-1.5.1.jar;C:\Users\Salim\.m2\repository\org\bytedeco\flandmark\1.07-1.5.1\flandmark-1.07-1.5.1.jar;C:\Users\Salim\.m2\repository\org\bytedeco\leptonica\1.78.0-1.5.1\leptonica-1.78.0-1.5.1.jar;C:\Users\Salim\.m2\repository\org\bytedeco\tesseract\4.1.0-1.5.1\tesseract-4.1.0-1.5.1.jar;C:\Users\Salim\.m2\repository\org\bytedeco\openblas-platform\0.3.6-1.5.1\openblas-platform-0.3.6-1.5.1.jar;C:\Users\Salim\.m2\repository\org\bytedeco\openblas\0.3.6-1.5.1\openblas-0.3.6-1.5.1-android-arm.jar;C:\Users\Salim\.m2\repository\org\bytedeco\openblas\0.3.6-1.5.1\openblas-0.3.6-1.5.1-android-arm64.jar;C:\Users\Salim\.m2\repository\org\bytedeco\openblas\0.3.6-1.5.1\openblas-0.3.6-1.5.1-android-x86.jar;C:\Users\Salim\.m2\repository\org\bytedeco\openblas\0.3.6-1.5.1\openblas-0.3.6-1.5.1-android-x86_64.jar;C:\Users\Salim\
Launcher Type: SUN_STANDARD

[Global flags]
     intx CICompilerCount                          = 12                                        {product} {ergonomic}
     uint ConcGCThreads                            = 3                                         {product} {ergonomic}
     uint G1ConcRefinementThreads                  = 13                                        {product} {ergonomic}
   size_t G1HeapRegionSize                         = 1048576                                   {product} {ergonomic}
    uintx GCDrainStackTargetSize                   = 64                                        {product} {ergonomic}
   size_t InitialHeapSize                          = 268435456                                 {product} {ergonomic}
   size_t MarkStackSize                            = 4194304                                   {product} {ergonomic}
   size_t MaxHeapSize                              = 4282384384                                {product} {ergonomic}
   size_t MaxNewSize                               = 2569011200                                {product} {ergonomic}
   size_t MinHeapDeltaBytes                        = 1048576                                   {product} {ergonomic}
   size_t MinHeapSize                              = 8388608                                   {product} {ergonomic}
    uintx NonNMethodCodeHeapSize                   = 7594288                                {pd product} {ergonomic}
    uintx NonProfiledCodeHeapSize                  = 122031976                              {pd product} {ergonomic}
    uintx ProfiledCodeHeapSize                     = 122031976                              {pd product} {ergonomic}
    uintx ReservedCodeCacheSize                    = 251658240                              {pd product} {ergonomic}
     bool SegmentedCodeCache                       = true                                      {product} {ergonomic}
   size_t SoftMaxHeapSize                          = 4282384384                             {manageable} {ergonomic}
     bool UseCompressedClassPointers               = true                                 {lp64_product} {ergonomic}
     bool UseCompressedOops                        = true                                 {lp64_product} {ergonomic}
     bool UseG1GC                                  = true                                      {product} {ergonomic}
     bool UseLargePagesIndividualAllocation        = false                                  {pd product} {ergonomic}

Logging:
Log output configuration:
 #0: stdout all=warning uptime,level,tags
 #1: stderr all=off uptime,level,tags

Environment Variables:
JAVA_HOME=C:\Program Files\Java\jdk-13
PATH=;C:\Program Files (x86)\Common Files\Oracle\Java\javapath;C:\WINDOWS\system32;C:\WINDOWS;C:\WINDOWS\System32\Wbem;C:\WINDOWS\System32\WindowsPowerShell\v1.0\;C:\WINDOWS\System32\OpenSSH\;C:\Program Files (x86)\NVIDIA Corporation\PhysX\Common;C:\Program Files\Git\cmd;"C:\Program Files\Java\jdk1.8.0_60\bin;";C:\Users\Salim\AppData\Local\Microsoft\WindowsApps;
USERNAME=Salim
OS=Windows_NT
PROCESSOR_IDENTIFIER=AMD64 Family 23 Model 8 Stepping 2, AuthenticAMD



---------------  S Y S T E M  ---------------

OS: Windows 10 , 64 bit Build 18362 (10.0.18362.329)

CPU:total 16 (initial active 16) (16 cores per cpu, 2 threads per core) family 23 model 8 stepping 2, cmov, cx8, fxsr, mmx, sse, sse2, sse3, ssse3, sse4.1, sse4.2, popcnt, avx, avx2, aes, clmul, mmxext, 3dnowpref, lzcnt, sse4a, ht, tsc, tscinvbit, tscinv, bmi1, bmi2, adx, sha, fma

Memory: 4k page, system-wide physical 16335M (8220M free)
TotalPageFile size 18767M (AvailPageFile size 5089M)
current process WorkingSet (physical memory assigned to process): 264M, peak: 268M
current process commit charge ("private bytes"): 1386M, peak: 1391M

vm_info: Java HotSpot(TM) 64-Bit Server VM (13+33) for windows-amd64 JRE (13+33), built on Sep 18 2019 21:38:00 by "mach5one" with unknown MS VC++:1916

END.
