#
# A fatal error has been detected by the Java Runtime Environment:
#
#  EXCEPTION_UNCAUGHT_CXX_EXCEPTION (0xe06d7363) at pc=0x00007ffae54fa839, pid=10076, tid=0x0000000000002514
#
# JRE version: Java(TM) SE Runtime Environment (8.0_231-b11) (build 1.8.0_231-b11)
# Java VM: Java HotSpot(TM) 64-Bit Server VM (25.231-b11 mixed mode windows-amd64 compressed oops)
# Problematic frame:
# C  [KERNELBASE.dll+0x3a839]
#
# Failed to write core dump. Minidumps are not enabled by default on client versions of Windows
#
# If you would like to submit a bug report, please visit:
#   http://bugreport.java.com/bugreport/crash.jsp
# The crash happened outside the Java Virtual Machine in native code.
# See problematic frame for where to report the bug.
#

---------------  T H R E A D  ---------------

Current thread (0x0000000002a0a800):  JavaThread "main" [_thread_in_native, id=9492, stack(0x0000000002870000,0x0000000002970000)]

siginfo: ExceptionCode=0xe06d7363, ExceptionInformation=0x0000000019930520 0x000000000296eb90 0x00007ffaaafa1170 0x00007ffaaac20000 

Registers:
RAX=0x00007ffae48614cb, RBX=0x0000000000b1ec00, RCX=0x0000000000b0d901, RDX=0x00007ffae78dc398
RSP=0x000000000296e9f0, RBP=0x000000000296eb30, RSI=0x00007ffaaafa1170, RDI=0x000000000296ecc0
R8 =0x000000000010000e, R9 =0x00007ffae79ddd80, R10=0x00000000003b003a, R11=0x0000000000000000
R12=0x0000000000000000, R13=0x000000001c7c3398, R14=0x000000000296eb90, R15=0x0000000002a0a800
RIP=0x00007ffae54fa839, EFLAGS=0x0000000000000202

Top of Stack: (sp=0x000000000296e9f0)
0x000000000296e9f0:   000000000296ed50 0000000000b1ec00
0x000000000296ea00:   00007ffaaafa1170 0000000000000070
0x000000000296ea10:   00000001e06d7363 0000000000000000
0x000000000296ea20:   00007ffae54fa839 00007ffa00000004
0x000000000296ea30:   0000000019930520 000000000296eb90
0x000000000296ea40:   00007ffaaafa1170 00007ffaaac20000
0x000000000296ea50:   000000001c7c3398 0000000000000000
0x000000000296ea60:   00007ffaaafa1170 000000000296eb30
0x000000000296ea70:   000000000296eb50 00007ffae78df49f
0x000000000296ea80:   000000000296ecc0 00007ffa00000000
0x000000000296ea90:   00007ffaaaefb35c 00007ffaaac21bfe
0x000000000296eaa0:   00007ffaaafd2000 00007ffaaac20000
0x000000000296eab0:   00009dfccda9dd20 fffffffffffffffe
0x000000000296eac0:   0000000000b1ec00 00007ffac6934462
0x000000000296ead0:   000000000296ed40 00007ffaaac21e55
0x000000000296eae0:   000000000296ec10 0000000000000062 

Instructions: (pc=0x00007ffae54fa839)
0x00007ffae54fa819:   8b d1 44 0f 47 c0 44 89 44 24 38 49 c1 e0 03 e8
0x00007ffae54fa829:   7a 4c 05 00 48 8d 4c 24 20 48 ff 15 8f bf 16 00
0x00007ffae54fa839:   0f 1f 44 00 00 48 8b 8c 24 c0 00 00 00 48 33 cc
0x00007ffae54fa849:   e8 92 ee 04 00 48 81 c4 d8 00 00 00 c3 83 64 24 


Register to memory mapping:

RAX=0x00007ffae48614cb is an unknown value
RBX=0x0000000000b1ec00 is an unknown value
RCX=0x0000000000b0d901 is an unknown value
RDX=0x00007ffae78dc398 is an unknown value
RSP=0x000000000296e9f0 is pointing into the stack for thread: 0x0000000002a0a800
RBP=0x000000000296eb30 is pointing into the stack for thread: 0x0000000002a0a800
RSI=0x00007ffaaafa1170 is an unknown value
RDI=0x000000000296ecc0 is pointing into the stack for thread: 0x0000000002a0a800
R8 =0x000000000010000e is an unknown value
R9 =0x00007ffae79ddd80 is an unknown value
R10=0x00000000003b003a is an unknown value
R11=0x0000000000000000 is an unknown value
R12=0x0000000000000000 is an unknown value
R13=0x000000001c7c3398 is pointing into metadata
R14=0x000000000296eb90 is pointing into the stack for thread: 0x0000000002a0a800
R15=0x0000000002a0a800 is a thread


Stack: [0x0000000002870000,0x0000000002970000],  sp=0x000000000296e9f0,  free space=1018k
Native frames: (J=compiled Java code, j=interpreted, Vv=VM code, C=native code)
C  [KERNELBASE.dll+0x3a839]
C  [vcruntime140.dll+0x4462]
C  [opencv_core410.dll+0x1d4a21]
C  [opencv_core410.dll+0x1d4bbd]
C  [opencv_core410.dll+0x48f49]
C  [jniopencv_core.dll+0x9c585]
C  0x0000000002b18627

Java frames: (J=compiled Java code, j=interpreted, Vv=VM code)
j  org.bytedeco.opencv.global.opencv_core.cvSetImageROI(Lorg/bytedeco/opencv/opencv_core/IplImage;Lorg/bytedeco/opencv/opencv_core/CvRect;)V+0
j  com.mycompany.readreceipt.ReceiptScannerImpl.cropImage(Lorg/bytedeco/opencv/opencv_core/IplImage;IIII)Lorg/bytedeco/opencv/opencv_core/IplImage;+10
j  com.mycompany.readreceipt.ReceiptScannerImpl.applyPerspectiveTransformThresholdOnOriginalImage(Lorg/bytedeco/opencv/opencv_core/IplImage;Lorg/bytedeco/opencv/opencv_core/CvSeq;I)Lorg/bytedeco/opencv/opencv_core/IplImage;+378
j  com.mycompany.readreceipt.ReceiptScannerImpl.getTextFromReceiptImage(Ljava/lang/String;)Ljava/lang/String;+52
j  com.mycompany.readreceipt.Main.main([Ljava/lang/String;)V+13
v  ~StubRoutines::call_stub

---------------  P R O C E S S  ---------------

Java Threads: ( => current thread )
  0x00000000213e6800 JavaThread "JavaCPP Deallocator" daemon [_thread_blocked, id=10656, stack(0x0000000022850000,0x0000000022950000)]
  0x000000001e61d800 JavaThread "Service Thread" daemon [_thread_blocked, id=11852, stack(0x0000000020e80000,0x0000000020f80000)]
  0x000000001e5f9000 JavaThread "C1 CompilerThread11" daemon [_thread_blocked, id=1016, stack(0x0000000020d80000,0x0000000020e80000)]
  0x000000001e5e0800 JavaThread "C1 CompilerThread10" daemon [_thread_blocked, id=14032, stack(0x0000000020c80000,0x0000000020d80000)]
  0x000000001e5d6800 JavaThread "C1 CompilerThread9" daemon [_thread_blocked, id=11060, stack(0x0000000020a80000,0x0000000020b80000)]
  0x000000001e5cf000 JavaThread "C1 CompilerThread8" daemon [_thread_blocked, id=2424, stack(0x0000000020980000,0x0000000020a80000)]
  0x000000001e5b2800 JavaThread "C2 CompilerThread7" daemon [_thread_blocked, id=12656, stack(0x0000000020880000,0x0000000020980000)]
  0x000000001e58d000 JavaThread "C2 CompilerThread6" daemon [_thread_blocked, id=7712, stack(0x0000000020780000,0x0000000020880000)]
  0x000000001e572800 JavaThread "C2 CompilerThread5" daemon [_thread_blocked, id=12688, stack(0x0000000020680000,0x0000000020780000)]
  0x000000001e555800 JavaThread "C2 CompilerThread4" daemon [_thread_in_native, id=3392, stack(0x0000000020580000,0x0000000020680000)]
  0x000000001e54d000 JavaThread "C2 CompilerThread3" daemon [_thread_blocked, id=9860, stack(0x0000000020480000,0x0000000020580000)]
  0x000000001e54a000 JavaThread "C2 CompilerThread2" daemon [_thread_blocked, id=11172, stack(0x0000000020380000,0x0000000020480000)]
  0x000000001e545000 JavaThread "C2 CompilerThread1" daemon [_thread_blocked, id=12424, stack(0x0000000020280000,0x0000000020380000)]
  0x000000001e543800 JavaThread "C2 CompilerThread0" daemon [_thread_blocked, id=13540, stack(0x0000000020180000,0x0000000020280000)]
  0x000000001e542000 JavaThread "Attach Listener" daemon [_thread_blocked, id=2456, stack(0x0000000020080000,0x0000000020180000)]
  0x000000001e53d000 JavaThread "Signal Dispatcher" daemon [_thread_blocked, id=14232, stack(0x000000001ff80000,0x0000000020080000)]
  0x000000001cabd000 JavaThread "Finalizer" daemon [_thread_blocked, id=13056, stack(0x000000001fd90000,0x000000001fe90000)]
  0x000000001e526000 JavaThread "Reference Handler" daemon [_thread_blocked, id=928, stack(0x000000001fc90000,0x000000001fd90000)]
=>0x0000000002a0a800 JavaThread "main" [_thread_in_native, id=9492, stack(0x0000000002870000,0x0000000002970000)]

Other Threads:
  0x000000001caab000 VMThread [stack: 0x000000001fb90000,0x000000001fc90000] [id=13604]
  0x000000001e658000 WatcherThread [stack: 0x0000000020f80000,0x0000000021080000] [id=2488]

VM state:not at safepoint (normal execution)

VM Mutex/Monitor currently owned by a thread: None

heap address: 0x00000006c0c00000, size: 4084 MB, Compressed Oops mode: Zero based, Oop shift amount: 3
Narrow klass base: 0x0000000000000000, Narrow klass shift: 3
Compressed class space size: 1073741824 Address: 0x00000007c0000000

Heap:
 PSYoungGen      total 31744K, used 2098K [0x000000076af00000, 0x000000076db80000, 0x00000007c0000000)
  eden space 31232K, 6% used [0x000000076af00000,0x000000076b0d4800,0x000000076cd80000)
  from space 512K, 43% used [0x000000076db00000,0x000000076db38000,0x000000076db80000)
  to   space 512K, 0% used [0x000000076da80000,0x000000076da80000,0x000000076db00000)
 ParOldGen       total 175104K, used 4260K [0x00000006c0c00000, 0x00000006cb700000, 0x000000076af00000)
  object space 175104K, 2% used [0x00000006c0c00000,0x00000006c1029258,0x00000006cb700000)
 Metaspace       used 9666K, capacity 9902K, committed 9984K, reserved 1058816K
  class space    used 723K, capacity 757K, committed 768K, reserved 1048576K

Card table byte_map: [0x0000000011ec0000,0x00000000126c0000] byte_map_base: 0x000000000e8ba000

Marking Bits: (ParMarkBitMap*) 0x0000000054cc6d90
 Begin Bits: [0x0000000013920000, 0x00000000178f0000)
 End Bits:   [0x00000000178f0000, 0x000000001b8c0000)

Polling page: 0x00000000005e0000

CodeCache: size=245760Kb used=7546Kb max_used=7600Kb free=238213Kb
 bounds [0x0000000002b00000, 0x0000000003280000, 0x0000000011b00000]
 total_blobs=1937 nmethods=1075 adapters=773
 compilation: enabled

Compilation events (10 events):
Event: 8.009 Thread 0x000000001e543800 nmethod 1115 0x0000000003220810 code [0x0000000003220aa0, 0x0000000003221748]
Event: 8.009 Thread 0x000000001e5b2800 1117       4       sun.nio.fs.WindowsFileSystem::getPath (101 bytes)
Event: 8.010 Thread 0x000000001e5b2800 nmethod 1117 0x0000000002e10650 code [0x0000000002e107a0, 0x0000000002e10908]
Event: 8.048 Thread 0x000000001e572800 1118       4       java.io.File::getParentFile (24 bytes)
Event: 8.053 Thread 0x000000001e572800 nmethod 1118 0x0000000003227150 code [0x00000000032272c0, 0x00000000032278b8]
Event: 8.110 Thread 0x000000001e5f9000 1119  s    3       java.io.ExpiringCache::clear (10 bytes)
Event: 8.110 Thread 0x000000001e5f9000 nmethod 1119 0x0000000003220210 code [0x0000000003220380, 0x0000000003220708]
Event: 8.210 Thread 0x000000001e555800 1120  s!   4       org.bytedeco.javacpp.Loader::loadLibrary (1066 bytes)
Event: 8.243 Thread 0x000000001e54d000 1121       4       java.io.File::equals (30 bytes)
Event: 8.244 Thread 0x000000001e54d000 nmethod 1121 0x0000000002e10290 code [0x0000000002e103e0, 0x0000000002e104c8]

GC Heap History (10 events):
Event: 8.062 GC heap before
{Heap before GC invocations=128 (full 0):
 PSYoungGen      total 31744K, used 31424K [0x000000076af00000, 0x000000076db80000, 0x00000007c0000000)
  eden space 31232K, 100% used [0x000000076af00000,0x000000076cd80000,0x000000076cd80000)
  from space 512K, 37% used [0x000000076da80000,0x000000076dab0000,0x000000076db00000)
  to   space 512K, 0% used [0x000000076db00000,0x000000076db00000,0x000000076db80000)
 ParOldGen       total 175104K, used 4204K [0x00000006c0c00000, 0x00000006cb700000, 0x000000076af00000)
  object space 175104K, 2% used [0x00000006c0c00000,0x00000006c101b258,0x00000006cb700000)
 Metaspace       used 9666K, capacity 9902K, committed 9984K, reserved 1058816K
  class space    used 723K, capacity 757K, committed 768K, reserved 1048576K
Event: 8.062 GC heap after
Heap after GC invocations=128 (full 0):
 PSYoungGen      total 31744K, used 160K [0x000000076af00000, 0x000000076db80000, 0x00000007c0000000)
  eden space 31232K, 0% used [0x000000076af00000,0x000000076af00000,0x000000076cd80000)
  from space 512K, 31% used [0x000000076db00000,0x000000076db28000,0x000000076db80000)
  to   space 512K, 0% used [0x000000076da80000,0x000000076da80000,0x000000076db00000)
 ParOldGen       total 175104K, used 4252K [0x00000006c0c00000, 0x00000006cb700000, 0x000000076af00000)
  object space 175104K, 2% used [0x00000006c0c00000,0x00000006c1027258,0x00000006cb700000)
 Metaspace       used 9666K, capacity 9902K, committed 9984K, reserved 1058816K
  class space    used 723K, capacity 757K, committed 768K, reserved 1048576K
}
Event: 8.107 GC heap before
{Heap before GC invocations=129 (full 0):
 PSYoungGen      total 31744K, used 31392K [0x000000076af00000, 0x000000076db80000, 0x00000007c0000000)
  eden space 31232K, 100% used [0x000000076af00000,0x000000076cd80000,0x000000076cd80000)
  from space 512K, 31% used [0x000000076db00000,0x000000076db28000,0x000000076db80000)
  to   space 512K, 0% used [0x000000076da80000,0x000000076da80000,0x000000076db00000)
 ParOldGen       total 175104K, used 4252K [0x00000006c0c00000, 0x00000006cb700000, 0x000000076af00000)
  object space 175104K, 2% used [0x00000006c0c00000,0x00000006c1027258,0x00000006cb700000)
 Metaspace       used 9666K, capacity 9902K, committed 9984K, reserved 1058816K
  class space    used 723K, capacity 757K, committed 768K, reserved 1048576K
Event: 8.108 GC heap after
Heap after GC invocations=129 (full 0):
 PSYoungGen      total 31744K, used 128K [0x000000076af00000, 0x000000076db80000, 0x00000007c0000000)
  eden space 31232K, 0% used [0x000000076af00000,0x000000076af00000,0x000000076cd80000)
  from space 512K, 25% used [0x000000076da80000,0x000000076daa0000,0x000000076db00000)
  to   space 512K, 0% used [0x000000076db00000,0x000000076db00000,0x000000076db80000)
 ParOldGen       total 175104K, used 4252K [0x00000006c0c00000, 0x00000006cb700000, 0x000000076af00000)
  object space 175104K, 2% used [0x00000006c0c00000,0x00000006c1027258,0x00000006cb700000)
 Metaspace       used 9666K, capacity 9902K, committed 9984K, reserved 1058816K
  class space    used 723K, capacity 757K, committed 768K, reserved 1048576K
}
Event: 8.152 GC heap before
{Heap before GC invocations=130 (full 0):
 PSYoungGen      total 31744K, used 31360K [0x000000076af00000, 0x000000076db80000, 0x00000007c0000000)
  eden space 31232K, 100% used [0x000000076af00000,0x000000076cd80000,0x000000076cd80000)
  from space 512K, 25% used [0x000000076da80000,0x000000076daa0000,0x000000076db00000)
  to   space 512K, 0% used [0x000000076db00000,0x000000076db00000,0x000000076db80000)
 ParOldGen       total 175104K, used 4252K [0x00000006c0c00000, 0x00000006cb700000, 0x000000076af00000)
  object space 175104K, 2% used [0x00000006c0c00000,0x00000006c1027258,0x00000006cb700000)
 Metaspace       used 9666K, capacity 9902K, committed 9984K, reserved 1058816K
  class space    used 723K, capacity 757K, committed 768K, reserved 1048576K
Event: 8.152 GC heap after
Heap after GC invocations=130 (full 0):
 PSYoungGen      total 31744K, used 64K [0x000000076af00000, 0x000000076db80000, 0x00000007c0000000)
  eden space 31232K, 0% used [0x000000076af00000,0x000000076af00000,0x000000076cd80000)
  from space 512K, 12% used [0x000000076db00000,0x000000076db10000,0x000000076db80000)
  to   space 512K, 0% used [0x000000076da80000,0x000000076da80000,0x000000076db00000)
 ParOldGen       total 175104K, used 4252K [0x00000006c0c00000, 0x00000006cb700000, 0x000000076af00000)
  object space 175104K, 2% used [0x00000006c0c00000,0x00000006c1027258,0x00000006cb700000)
 Metaspace       used 9666K, capacity 9902K, committed 9984K, reserved 1058816K
  class space    used 723K, capacity 757K, committed 768K, reserved 1048576K
}
Event: 8.197 GC heap before
{Heap before GC invocations=131 (full 0):
 PSYoungGen      total 31744K, used 31296K [0x000000076af00000, 0x000000076db80000, 0x00000007c0000000)
  eden space 31232K, 100% used [0x000000076af00000,0x000000076cd80000,0x000000076cd80000)
  from space 512K, 12% used [0x000000076db00000,0x000000076db10000,0x000000076db80000)
  to   space 512K, 0% used [0x000000076da80000,0x000000076da80000,0x000000076db00000)
 ParOldGen       total 175104K, used 4252K [0x00000006c0c00000, 0x00000006cb700000, 0x000000076af00000)
  object space 175104K, 2% used [0x00000006c0c00000,0x00000006c1027258,0x00000006cb700000)
 Metaspace       used 9666K, capacity 9902K, committed 9984K, reserved 1058816K
  class space    used 723K, capacity 757K, committed 768K, reserved 1048576K
Event: 8.197 GC heap after
Heap after GC invocations=131 (full 0):
 PSYoungGen      total 31744K, used 160K [0x000000076af00000, 0x000000076db80000, 0x00000007c0000000)
  eden space 31232K, 0% used [0x000000076af00000,0x000000076af00000,0x000000076cd80000)
  from space 512K, 31% used [0x000000076da80000,0x000000076daa8000,0x000000076db00000)
  to   space 512K, 0% used [0x000000076db00000,0x000000076db00000,0x000000076db80000)
 ParOldGen       total 175104K, used 4252K [0x00000006c0c00000, 0x00000006cb700000, 0x000000076af00000)
  object space 175104K, 2% used [0x00000006c0c00000,0x00000006c1027258,0x00000006cb700000)
 Metaspace       used 9666K, capacity 9902K, committed 9984K, reserved 1058816K
  class space    used 723K, capacity 757K, committed 768K, reserved 1048576K
}
Event: 8.251 GC heap before
{Heap before GC invocations=132 (full 0):
 PSYoungGen      total 31744K, used 31392K [0x000000076af00000, 0x000000076db80000, 0x00000007c0000000)
  eden space 31232K, 100% used [0x000000076af00000,0x000000076cd80000,0x000000076cd80000)
  from space 512K, 31% used [0x000000076da80000,0x000000076daa8000,0x000000076db00000)
  to   space 512K, 0% used [0x000000076db00000,0x000000076db00000,0x000000076db80000)
 ParOldGen       total 175104K, used 4252K [0x00000006c0c00000, 0x00000006cb700000, 0x000000076af00000)
  object space 175104K, 2% used [0x00000006c0c00000,0x00000006c1027258,0x00000006cb700000)
 Metaspace       used 9666K, capacity 9902K, committed 9984K, reserved 1058816K
  class space    used 723K, capacity 757K, committed 768K, reserved 1048576K
Event: 8.251 GC heap after
Heap after GC invocations=132 (full 0):
 PSYoungGen      total 31744K, used 224K [0x000000076af00000, 0x000000076db80000, 0x00000007c0000000)
  eden space 31232K, 0% used [0x000000076af00000,0x000000076af00000,0x000000076cd80000)
  from space 512K, 43% used [0x000000076db00000,0x000000076db38000,0x000000076db80000)
  to   space 512K, 0% used [0x000000076da80000,0x000000076da80000,0x000000076db00000)
 ParOldGen       total 175104K, used 4260K [0x00000006c0c00000, 0x00000006cb700000, 0x000000076af00000)
  object space 175104K, 2% used [0x00000006c0c00000,0x00000006c1029258,0x00000006cb700000)
 Metaspace       used 9666K, capacity 9902K, committed 9984K, reserved 1058816K
  class space    used 723K, capacity 757K, committed 768K, reserved 1048576K
}

Deoptimization events (5 events):
Event: 0.117 Thread 0x0000000002a0a800 Uncommon trap: reason=unstable_if action=reinterpret pc=0x0000000002dc7074 method=java.lang.String.hashCode()I @ 14
Event: 0.234 Thread 0x0000000002a0a800 Uncommon trap: reason=unstable_if action=reinterpret pc=0x0000000002e25b78 method=java.lang.String.toLowerCase(Ljava/util/Locale;)Ljava/lang/String; @ 129
Event: 0.267 Thread 0x0000000002a0a800 Uncommon trap: reason=unstable_if action=reinterpret pc=0x0000000002e7f9a8 method=java.io.WinNTFileSystem.normalize(Ljava/lang/String;II)Ljava/lang/String; @ 8
Event: 5.050 Thread 0x0000000002a0a800 Uncommon trap: reason=range_check action=make_not_entrant pc=0x000000000320e4a4 method=org.bytedeco.javacpp.Loader.findLibrary(Ljava/lang/Class;Lorg/bytedeco/javacpp/ClassProperties;Ljava/lang/String;Z)[Ljava/net/URL; @ 136
Event: 7.997 Thread 0x0000000002a0a800 Uncommon trap: reason=range_check action=make_not_entrant pc=0x0000000003263e90 method=org.bytedeco.javacpp.Loader.loadLibrary([Ljava/net/URL;Ljava/lang/String;[Ljava/lang/String;)Ljava/lang/String; @ 84

Classes redefined (0 events):
No events

Internal exceptions (10 events):
Event: 8.193 Thread 0x0000000002a0a800 Exception <a 'sun/nio/fs/WindowsException'> (0x000000076caca4f0) thrown at [C:\re\workspace\8-2-build-windows-amd64-cygwin\jdk8u231\13620\hotspot\src\share\vm\prims\jni.cpp, line 710]
Event: 8.199 Thread 0x0000000002a0a800 Exception <a 'sun/nio/fs/WindowsException'> (0x000000076b041d00) thrown at [C:\re\workspace\8-2-build-windows-amd64-cygwin\jdk8u231\13620\hotspot\src\share\vm\prims\jni.cpp, line 710]
Event: 8.205 Thread 0x0000000002a0a800 Exception <a 'sun/nio/fs/WindowsException'> (0x000000076b31a100) thrown at [C:\re\workspace\8-2-build-windows-amd64-cygwin\jdk8u231\13620\hotspot\src\share\vm\prims\jni.cpp, line 710]
Event: 8.210 Thread 0x0000000002a0a800 Exception <a 'sun/nio/fs/WindowsException'> (0x000000076b61cdf0) thrown at [C:\re\workspace\8-2-build-windows-amd64-cygwin\jdk8u231\13620\hotspot\src\share\vm\prims\jni.cpp, line 710]
Event: 8.215 Thread 0x0000000002a0a800 Exception <a 'sun/nio/fs/WindowsException'> (0x000000076b8f5288) thrown at [C:\re\workspace\8-2-build-windows-amd64-cygwin\jdk8u231\13620\hotspot\src\share\vm\prims\jni.cpp, line 710]
Event: 8.220 Thread 0x0000000002a0a800 Exception <a 'sun/nio/fs/WindowsException'> (0x000000076bbd0ed0) thrown at [C:\re\workspace\8-2-build-windows-amd64-cygwin\jdk8u231\13620\hotspot\src\share\vm\prims\jni.cpp, line 710]
Event: 8.226 Thread 0x0000000002a0a800 Exception <a 'sun/nio/fs/WindowsException'> (0x000000076bea9500) thrown at [C:\re\workspace\8-2-build-windows-amd64-cygwin\jdk8u231\13620\hotspot\src\share\vm\prims\jni.cpp, line 710]
Event: 8.243 Thread 0x0000000002a0a800 Exception <a 'sun/nio/fs/WindowsException'> (0x000000076c8c4ca8) thrown at [C:\re\workspace\8-2-build-windows-amd64-cygwin\jdk8u231\13620\hotspot\src\share\vm\prims\jni.cpp, line 710]
Event: 8.249 Thread 0x0000000002a0a800 Exception <a 'sun/nio/fs/WindowsException'> (0x000000076cbf8570) thrown at [C:\re\workspace\8-2-build-windows-amd64-cygwin\jdk8u231\13620\hotspot\src\share\vm\prims\jni.cpp, line 710]
Event: 8.255 Thread 0x0000000002a0a800 Exception <a 'sun/nio/fs/WindowsException'> (0x000000076b095688) thrown at [C:\re\workspace\8-2-build-windows-amd64-cygwin\jdk8u231\13620\hotspot\src\share\vm\prims\jni.cpp, line 710]

Events (10 events):
Event: 8.244 Thread 0x000000001e54d000 flushing nmethod 0x0000000002db8190
Event: 8.244 Thread 0x000000001e54d000 flushing nmethod 0x0000000002dc0ed0
Event: 8.244 Thread 0x000000001e54d000 flushing nmethod 0x0000000002dc1e50
Event: 8.244 Thread 0x000000001e54d000 flushing nmethod 0x0000000002dc8250
Event: 8.244 Thread 0x000000001e54d000 flushing nmethod 0x0000000002dc8d10
Event: 8.244 Thread 0x000000001e54d000 flushing nmethod 0x0000000002dc91d0
Event: 8.244 Thread 0x000000001e54d000 flushing nmethod 0x0000000002dc9a50
Event: 8.244 Thread 0x000000001e54d000 flushing nmethod 0x0000000002dcb150
Event: 8.251 Executing VM operation: ParallelGCFailedAllocation
Event: 8.251 Executing VM operation: ParallelGCFailedAllocation done


Dynamic libraries:
0x00007ff705140000 - 0x00007ff705177000 	C:\Program Files\Java\jdk1.8.0_231\bin\java.exe
0x00007ffae78c0000 - 0x00007ffae7ab0000 	C:\WINDOWS\SYSTEM32\ntdll.dll
0x00007ffae5ff0000 - 0x00007ffae60a2000 	C:\WINDOWS\System32\KERNEL32.DLL
0x00007ffae54c0000 - 0x00007ffae5763000 	C:\WINDOWS\System32\KERNELBASE.dll
0x00007ffae5b70000 - 0x00007ffae5c13000 	C:\WINDOWS\System32\ADVAPI32.dll
0x00007ffae7110000 - 0x00007ffae71ae000 	C:\WINDOWS\System32\msvcrt.dll
0x00007ffae74e0000 - 0x00007ffae7577000 	C:\WINDOWS\System32\sechost.dll
0x00007ffae72d0000 - 0x00007ffae73f0000 	C:\WINDOWS\System32\RPCRT4.dll
0x00007ffae6f60000 - 0x00007ffae70f4000 	C:\WINDOWS\System32\USER32.dll
0x00007ffae4950000 - 0x00007ffae4971000 	C:\WINDOWS\System32\win32u.dll
0x00007ffae6270000 - 0x00007ffae6296000 	C:\WINDOWS\System32\GDI32.dll
0x00007ffae5210000 - 0x00007ffae53a4000 	C:\WINDOWS\System32\gdi32full.dll
0x00007ffae49d0000 - 0x00007ffae4a6e000 	C:\WINDOWS\System32\msvcp_win.dll
0x00007ffae4850000 - 0x00007ffae494a000 	C:\WINDOWS\System32\ucrtbase.dll
0x00007ffacfb50000 - 0x00007ffacfdd5000 	C:\WINDOWS\WinSxS\amd64_microsoft.windows.common-controls_6595b64144ccf1df_6.0.18362.418_none_e6c6b287130d565d\COMCTL32.dll
0x00007ffae5c20000 - 0x00007ffae5f56000 	C:\WINDOWS\System32\combase.dll
0x00007ffae57a0000 - 0x00007ffae5820000 	C:\WINDOWS\System32\bcryptPrimitives.dll
0x00007ffae7850000 - 0x00007ffae787e000 	C:\WINDOWS\System32\IMM32.DLL
0x0000000054d50000 - 0x0000000054e22000 	C:\Program Files\Java\jdk1.8.0_231\jre\bin\msvcr100.dll
0x00000000544a0000 - 0x0000000054d46000 	C:\Program Files\Java\jdk1.8.0_231\jre\bin\server\jvm.dll
0x00007ffae60b0000 - 0x00007ffae60b8000 	C:\WINDOWS\System32\PSAPI.DLL
0x00007ffacee90000 - 0x00007ffacee99000 	C:\WINDOWS\SYSTEM32\WSOCK32.dll
0x00007ffadd400000 - 0x00007ffadd424000 	C:\WINDOWS\SYSTEM32\WINMM.dll
0x00007ffae0a90000 - 0x00007ffae0a9a000 	C:\WINDOWS\SYSTEM32\VERSION.dll
0x00007ffae73f0000 - 0x00007ffae745f000 	C:\WINDOWS\System32\WS2_32.dll
0x00007ffadd3d0000 - 0x00007ffadd3fd000 	C:\WINDOWS\SYSTEM32\WINMMBASE.dll
0x00007ffae4980000 - 0x00007ffae49ca000 	C:\WINDOWS\System32\cfgmgr32.dll
0x00007ffacf0f0000 - 0x00007ffacf0ff000 	C:\Program Files\Java\jdk1.8.0_231\jre\bin\verify.dll
0x00007ffacb080000 - 0x00007ffacb0a9000 	C:\Program Files\Java\jdk1.8.0_231\jre\bin\java.dll
0x00007ffacf070000 - 0x00007ffacf086000 	C:\Program Files\Java\jdk1.8.0_231\jre\bin\zip.dll
0x00007ffae62a0000 - 0x00007ffae6985000 	C:\WINDOWS\System32\SHELL32.dll
0x00007ffae7220000 - 0x00007ffae72c9000 	C:\WINDOWS\System32\shcore.dll
0x00007ffae4a90000 - 0x00007ffae520f000 	C:\WINDOWS\System32\windows.storage.dll
0x00007ffae4810000 - 0x00007ffae482f000 	C:\WINDOWS\System32\profapi.dll
0x00007ffae47a0000 - 0x00007ffae47ea000 	C:\WINDOWS\System32\powrprof.dll
0x00007ffae4790000 - 0x00007ffae47a0000 	C:\WINDOWS\System32\UMPDC.dll
0x00007ffae7740000 - 0x00007ffae7792000 	C:\WINDOWS\System32\shlwapi.dll
0x00007ffae47f0000 - 0x00007ffae4801000 	C:\WINDOWS\System32\kernel.appcore.dll
0x00007ffae4a70000 - 0x00007ffae4a87000 	C:\WINDOWS\System32\cryptsp.dll
0x000000006d7c0000 - 0x000000006f38f000 	C:\Users\Salim\.javacpp\cache\openblas-0.3.6-1.5.1-windows-x86_64.jar\org\bytedeco\openblas\windows-x86_64\libopenblas_nolapack.dll
0x00007ffacec00000 - 0x00007ffacec1a000 	C:\Program Files\Java\jdk1.8.0_231\jre\bin\net.dll
0x00007ffae4000000 - 0x00007ffae4067000 	C:\WINDOWS\system32\mswsock.dll
0x00007ffac93a0000 - 0x00007ffac93b2000 	C:\Program Files\Java\jdk1.8.0_231\jre\bin\nio.dll
0x0000000071000000 - 0x0000000071061000 	C:\Users\Salim\.javacpp\cache\openblas-0.3.6-1.5.1-windows-x86_64.jar\org\bytedeco\openblas\windows-x86_64\jniopenblas_nolapack.dll
0x0000000042820000 - 0x00000000443ef000 	C:\Users\Salim\.javacpp\cache\openblas-0.3.6-1.5.1-windows-x86_64.jar\org\bytedeco\openblas\windows-x86_64\libopenblas.dll
0x0000000067800000 - 0x0000000068716000 	C:\Users\Salim\.javacpp\cache\openblas-0.3.6-1.5.1-windows-x86_64.jar\org\bytedeco\openblas\windows-x86_64\jniopenblas.dll
0x0000000002970000 - 0x0000000002973000 	C:\Users\Salim\.javacpp\cache\opencv-4.1.0-1.5.1-windows-x86_64.jar\org\bytedeco\opencv\windows-x86_64\api-ms-win-crt-locale-l1-1-0.dll
0x0000000002980000 - 0x0000000002984000 	C:\Users\Salim\.javacpp\cache\opencv-4.1.0-1.5.1-windows-x86_64.jar\org\bytedeco\opencv\windows-x86_64\api-ms-win-crt-string-l1-1-0.dll
0x0000000002990000 - 0x0000000002994000 	C:\Users\Salim\.javacpp\cache\opencv-4.1.0-1.5.1-windows-x86_64.jar\org\bytedeco\opencv\windows-x86_64\api-ms-win-crt-stdio-l1-1-0.dll
0x00000000029a0000 - 0x00000000029a5000 	C:\Users\Salim\.javacpp\cache\opencv-4.1.0-1.5.1-windows-x86_64.jar\org\bytedeco\opencv\windows-x86_64\api-ms-win-crt-math-l1-1-0.dll
0x00000000029b0000 - 0x00000000029b3000 	C:\Users\Salim\.javacpp\cache\opencv-4.1.0-1.5.1-windows-x86_64.jar\org\bytedeco\opencv\windows-x86_64\api-ms-win-crt-heap-l1-1-0.dll
0x00000000029c0000 - 0x00000000029c4000 	C:\Users\Salim\.javacpp\cache\opencv-4.1.0-1.5.1-windows-x86_64.jar\org\bytedeco\opencv\windows-x86_64\api-ms-win-crt-runtime-l1-1-0.dll
0x00000000029d0000 - 0x00000000029d4000 	C:\Users\Salim\.javacpp\cache\opencv-4.1.0-1.5.1-windows-x86_64.jar\org\bytedeco\opencv\windows-x86_64\api-ms-win-crt-convert-l1-1-0.dll
0x00000000029e0000 - 0x00000000029e3000 	C:\Users\Salim\.javacpp\cache\opencv-4.1.0-1.5.1-windows-x86_64.jar\org\bytedeco\opencv\windows-x86_64\api-ms-win-crt-environment-l1-1-0.dll
0x0000000053430000 - 0x0000000053433000 	C:\Users\Salim\.javacpp\cache\opencv-4.1.0-1.5.1-windows-x86_64.jar\org\bytedeco\opencv\windows-x86_64\api-ms-win-crt-time-l1-1-0.dll
0x0000000053440000 - 0x0000000053443000 	C:\Users\Salim\.javacpp\cache\opencv-4.1.0-1.5.1-windows-x86_64.jar\org\bytedeco\opencv\windows-x86_64\api-ms-win-crt-filesystem-l1-1-0.dll
0x0000000053450000 - 0x0000000053453000 	C:\Users\Salim\.javacpp\cache\opencv-4.1.0-1.5.1-windows-x86_64.jar\org\bytedeco\opencv\windows-x86_64\api-ms-win-crt-utility-l1-1-0.dll
0x0000000053460000 - 0x0000000053465000 	C:\Users\Salim\.javacpp\cache\opencv-4.1.0-1.5.1-windows-x86_64.jar\org\bytedeco\opencv\windows-x86_64\api-ms-win-crt-multibyte-l1-1-0.dll
0x0000000053470000 - 0x0000000053473000 	C:\Users\Salim\.javacpp\cache\opencv-4.1.0-1.5.1-windows-x86_64.jar\org\bytedeco\opencv\windows-x86_64\api-ms-win-core-string-l1-1-0.dll
0x0000000053480000 - 0x0000000053483000 	C:\Users\Salim\.javacpp\cache\opencv-4.1.0-1.5.1-windows-x86_64.jar\org\bytedeco\opencv\windows-x86_64\api-ms-win-core-errorhandling-l1-1-0.dll
0x0000000053490000 - 0x0000000053493000 	C:\Users\Salim\.javacpp\cache\opencv-4.1.0-1.5.1-windows-x86_64.jar\org\bytedeco\opencv\windows-x86_64\api-ms-win-core-timezone-l1-1-0.dll
0x00000000534a0000 - 0x00000000534a4000 	C:\Users\Salim\.javacpp\cache\opencv-4.1.0-1.5.1-windows-x86_64.jar\org\bytedeco\opencv\windows-x86_64\api-ms-win-core-file-l1-1-0.dll
0x00000000534b0000 - 0x00000000534b3000 	C:\Users\Salim\.javacpp\cache\opencv-4.1.0-1.5.1-windows-x86_64.jar\org\bytedeco\opencv\windows-x86_64\api-ms-win-core-namedpipe-l1-1-0.dll
0x00000000534c0000 - 0x00000000534c3000 	C:\Users\Salim\.javacpp\cache\opencv-4.1.0-1.5.1-windows-x86_64.jar\org\bytedeco\opencv\windows-x86_64\api-ms-win-core-handle-l1-1-0.dll
0x00000000534d0000 - 0x00000000534d3000 	C:\Users\Salim\.javacpp\cache\opencv-4.1.0-1.5.1-windows-x86_64.jar\org\bytedeco\opencv\windows-x86_64\api-ms-win-core-file-l2-1-0.dll
0x00000000534e0000 - 0x00000000534e3000 	C:\Users\Salim\.javacpp\cache\opencv-4.1.0-1.5.1-windows-x86_64.jar\org\bytedeco\opencv\windows-x86_64\api-ms-win-core-heap-l1-1-0.dll
0x00000000534f0000 - 0x00000000534f3000 	C:\Users\Salim\.javacpp\cache\opencv-4.1.0-1.5.1-windows-x86_64.jar\org\bytedeco\opencv\windows-x86_64\api-ms-win-core-libraryloader-l1-1-0.dll
0x0000000053500000 - 0x0000000053503000 	C:\Users\Salim\.javacpp\cache\opencv-4.1.0-1.5.1-windows-x86_64.jar\org\bytedeco\opencv\windows-x86_64\api-ms-win-core-synch-l1-1-0.dll
0x0000000053510000 - 0x0000000053513000 	C:\Users\Salim\.javacpp\cache\opencv-4.1.0-1.5.1-windows-x86_64.jar\org\bytedeco\opencv\windows-x86_64\api-ms-win-core-processthreads-l1-1-0.dll
0x0000000053520000 - 0x0000000053523000 	C:\Users\Salim\.javacpp\cache\opencv-4.1.0-1.5.1-windows-x86_64.jar\org\bytedeco\opencv\windows-x86_64\api-ms-win-core-processenvironment-l1-1-0.dll
0x0000000053530000 - 0x0000000053533000 	C:\Users\Salim\.javacpp\cache\opencv-4.1.0-1.5.1-windows-x86_64.jar\org\bytedeco\opencv\windows-x86_64\api-ms-win-core-datetime-l1-1-0.dll
0x0000000053540000 - 0x0000000053543000 	C:\Users\Salim\.javacpp\cache\opencv-4.1.0-1.5.1-windows-x86_64.jar\org\bytedeco\opencv\windows-x86_64\api-ms-win-core-localization-l1-2-0.dll
0x0000000053550000 - 0x0000000053553000 	C:\Users\Salim\.javacpp\cache\opencv-4.1.0-1.5.1-windows-x86_64.jar\org\bytedeco\opencv\windows-x86_64\api-ms-win-core-sysinfo-l1-1-0.dll
0x0000000053560000 - 0x0000000053563000 	C:\Users\Salim\.javacpp\cache\opencv-4.1.0-1.5.1-windows-x86_64.jar\org\bytedeco\opencv\windows-x86_64\api-ms-win-core-synch-l1-2-0.dll
0x0000000053570000 - 0x0000000053573000 	C:\Users\Salim\.javacpp\cache\opencv-4.1.0-1.5.1-windows-x86_64.jar\org\bytedeco\opencv\windows-x86_64\api-ms-win-core-console-l1-1-0.dll
0x0000000053580000 - 0x0000000053583000 	C:\Users\Salim\.javacpp\cache\opencv-4.1.0-1.5.1-windows-x86_64.jar\org\bytedeco\opencv\windows-x86_64\api-ms-win-core-debug-l1-1-0.dll
0x0000000053590000 - 0x0000000053593000 	C:\Users\Salim\.javacpp\cache\opencv-4.1.0-1.5.1-windows-x86_64.jar\org\bytedeco\opencv\windows-x86_64\api-ms-win-core-rtlsupport-l1-1-0.dll
0x00000000535a0000 - 0x00000000535a3000 	C:\Users\Salim\.javacpp\cache\opencv-4.1.0-1.5.1-windows-x86_64.jar\org\bytedeco\opencv\windows-x86_64\api-ms-win-core-processthreads-l1-1-1.dll
0x00000000535b0000 - 0x00000000535b3000 	C:\Users\Salim\.javacpp\cache\opencv-4.1.0-1.5.1-windows-x86_64.jar\org\bytedeco\opencv\windows-x86_64\api-ms-win-core-file-l1-2-0.dll
0x00000000535c0000 - 0x00000000535c3000 	C:\Users\Salim\.javacpp\cache\opencv-4.1.0-1.5.1-windows-x86_64.jar\org\bytedeco\opencv\windows-x86_64\api-ms-win-core-profile-l1-1-0.dll
0x00000000535d0000 - 0x00000000535d3000 	C:\Users\Salim\.javacpp\cache\opencv-4.1.0-1.5.1-windows-x86_64.jar\org\bytedeco\opencv\windows-x86_64\api-ms-win-core-memory-l1-1-0.dll
0x00000000535e0000 - 0x00000000535e3000 	C:\Users\Salim\.javacpp\cache\opencv-4.1.0-1.5.1-windows-x86_64.jar\org\bytedeco\opencv\windows-x86_64\api-ms-win-core-util-l1-1-0.dll
0x00000000535f0000 - 0x00000000535f3000 	C:\Users\Salim\.javacpp\cache\opencv-4.1.0-1.5.1-windows-x86_64.jar\org\bytedeco\opencv\windows-x86_64\api-ms-win-core-interlocked-l1-1-0.dll
0x00007ffaae110000 - 0x00007ffaae205000 	C:\Users\Salim\.javacpp\cache\opencv-4.1.0-1.5.1-windows-x86_64.jar\org\bytedeco\opencv\windows-x86_64\ucrtbase.dll
0x00007ffac6930000 - 0x00007ffac6947000 	C:\Users\Salim\.javacpp\cache\opencv-4.1.0-1.5.1-windows-x86_64.jar\org\bytedeco\opencv\windows-x86_64\vcruntime140.dll
0x00007ffaaf1a0000 - 0x00007ffaaf23d000 	C:\Users\Salim\.javacpp\cache\opencv-4.1.0-1.5.1-windows-x86_64.jar\org\bytedeco\opencv\windows-x86_64\msvcp140.dll
0x00007ffac1b40000 - 0x00007ffac1b91000 	C:\Users\Salim\.javacpp\cache\opencv-4.1.0-1.5.1-windows-x86_64.jar\org\bytedeco\opencv\windows-x86_64\concrt140.dll
0x00007ffac63c0000 - 0x00007ffac63ee000 	C:\Users\Salim\.javacpp\cache\opencv-4.1.0-1.5.1-windows-x86_64.jar\org\bytedeco\opencv\windows-x86_64\vcomp140.dll
0x00007ffaaac20000 - 0x00007ffaab000000 	C:\Users\Salim\.javacpp\cache\opencv-4.1.0-1.5.1-windows-x86_64.jar\org\bytedeco\opencv\windows-x86_64\opencv_core410.dll
0x00007ffaaa5d0000 - 0x00007ffaaac15000 	C:\Users\Salim\.javacpp\cache\opencv-4.1.0-1.5.1-windows-x86_64.jar\org\bytedeco\opencv\windows-x86_64\opencv_imgproc410.dll
0x00007ffaaddd0000 - 0x00007ffaae101000 	C:\Users\Salim\.javacpp\cache\opencv-4.1.0-1.5.1-windows-x86_64.jar\org\bytedeco\opencv\windows-x86_64\jniopencv_core.dll
0x00007ffaabd60000 - 0x00007ffaabeb4000 	C:\Users\Salim\.javacpp\cache\opencv-4.1.0-1.5.1-windows-x86_64.jar\org\bytedeco\opencv\windows-x86_64\jniopencv_imgproc.dll
0x00007ffaaa2c0000 - 0x00007ffaaa5c3000 	C:\Users\Salim\.javacpp\cache\opencv-4.1.0-1.5.1-windows-x86_64.jar\org\bytedeco\opencv\windows-x86_64\opencv_imgcodecs410.dll
0x00007ffab80e0000 - 0x00007ffab8110000 	C:\Users\Salim\.javacpp\cache\opencv-4.1.0-1.5.1-windows-x86_64.jar\org\bytedeco\opencv\windows-x86_64\jniopencv_imgcodecs.dll
0x00007ffadfb80000 - 0x00007ffadfd74000 	C:\WINDOWS\SYSTEM32\dbghelp.dll

VM Arguments:
java_command: com.mycompany.readreceipt.Main
java_class_path (initial): C:\Users\Salim\Documents\NetBeansProjects\ReadReceipt\target\classes;C:\Users\Salim\.m2\repository\org\bytedeco\javacv-platform\1.5.1\javacv-platform-1.5.1.jar;C:\Users\Salim\.m2\repository\org\bytedeco\javacv\1.5.1\javacv-1.5.1.jar;C:\Users\Salim\.m2\repository\org\bytedeco\openblas\0.3.6-1.5.1\openblas-0.3.6-1.5.1.jar;C:\Users\Salim\.m2\repository\org\bytedeco\opencv\4.1.0-1.5.1\opencv-4.1.0-1.5.1.jar;C:\Users\Salim\.m2\repository\org\bytedeco\ffmpeg\4.1.3-1.5.1\ffmpeg-4.1.3-1.5.1.jar;C:\Users\Salim\.m2\repository\org\bytedeco\flycapture\2.13.3.31-1.5.1\flycapture-2.13.3.31-1.5.1.jar;C:\Users\Salim\.m2\repository\org\bytedeco\libdc1394\2.2.6-1.5.1\libdc1394-2.2.6-1.5.1.jar;C:\Users\Salim\.m2\repository\org\bytedeco\libfreenect\0.5.7-1.5.1\libfreenect-0.5.7-1.5.1.jar;C:\Users\Salim\.m2\repository\org\bytedeco\libfreenect2\0.2.0-1.5.1\libfreenect2-0.2.0-1.5.1.jar;C:\Users\Salim\.m2\repository\org\bytedeco\librealsense\1.12.1-1.5.1\librealsense-1.12.1-1.5.1.jar;C:\Users\Salim\.m2\repository\org\bytedeco\videoinput\0.200-1.5.1\videoinput-0.200-1.5.1.jar;C:\Users\Salim\.m2\repository\org\bytedeco\artoolkitplus\2.3.1-1.5.1\artoolkitplus-2.3.1-1.5.1.jar;C:\Users\Salim\.m2\repository\org\bytedeco\flandmark\1.07-1.5.1\flandmark-1.07-1.5.1.jar;C:\Users\Salim\.m2\repository\org\bytedeco\leptonica\1.78.0-1.5.1\leptonica-1.78.0-1.5.1.jar;C:\Users\Salim\.m2\repository\org\bytedeco\tesseract\4.1.0-1.5.1\tesseract-4.1.0-1.5.1.jar;C:\Users\Salim\.m2\repository\org\bytedeco\openblas-platform\0.3.6-1.5.1\openblas-platform-0.3.6-1.5.1.jar;C:\Users\Salim\.m2\repository\org\bytedeco\openblas\0.3.6-1.5.1\openblas-0.3.6-1.5.1-android-arm.jar;C:\Users\Salim\.m2\repository\org\bytedeco\openblas\0.3.6-1.5.1\openblas-0.3.6-1.5.1-android-arm64.jar;C:\Users\Salim\.m2\repository\org\bytedeco\openblas\0.3.6-1.5.1\openblas-0.3.6-1.5.1-android-x86.jar;C:\Users\Salim\.m2\repository\org\bytedeco\openblas\0.3.6-1.5.1\openblas-0.3.6-1.5.1-android-x86_64.jar;C:\Users\Salim\
Launcher Type: SUN_STANDARD

Environment Variables:
JAVA_HOME=C:\Program Files\Java\jdk1.8.0_231
PATH=;C:\Program Files (x86)\Common Files\Oracle\Java\javapath;C:\WINDOWS\system32;C:\WINDOWS;C:\WINDOWS\System32\Wbem;C:\WINDOWS\System32\WindowsPowerShell\v1.0\;C:\WINDOWS\System32\OpenSSH\;C:\Program Files (x86)\NVIDIA Corporation\PhysX\Common;C:\Program Files\Git\cmd;"C:\Program Files\Java\jdk1.8.0_60\bin;";C:\Users\Salim\AppData\Local\Microsoft\WindowsApps;
USERNAME=Salim
OS=Windows_NT
PROCESSOR_IDENTIFIER=AMD64 Family 23 Model 8 Stepping 2, AuthenticAMD



---------------  S Y S T E M  ---------------

OS: Windows 10.0 , 64 bit Build 18362 (10.0.18362.329)

CPU:total 16 (initial active 16) (16 cores per cpu, 1 threads per core) family 23 model 8 stepping 2, cmov, cx8, fxsr, mmx, sse, sse2, sse3, ssse3, sse4.1, sse4.2, popcnt, avx, avx2, aes, clmul, mmxext, 3dnowpref, lzcnt, sse4a, tsc, tscinvbit, tscinv, bmi1

Memory: 4k page, physical 16727124k(9858876k free), swap 19217492k(5357444k free)

vm_info: Java HotSpot(TM) 64-Bit Server VM (25.231-b11) for windows-amd64 JRE (1.8.0_231-b11), built on Oct  5 2019 03:11:30 by "java_re" with MS VC++ 10.0 (VS2010)

time: Mon Oct 21 03:37:24 2019
timezone: Türkiye Standart Saati
elapsed time: 8 seconds (0d 0h 0m 8s)

