#
# A fatal error has been detected by the Java Runtime Environment:
#
#  EXCEPTION_UNCAUGHT_CXX_EXCEPTION (0xe06d7363) at pc=0x00007ffd24eca839, pid=2792, tid=4772
#
# JRE version: Java(TM) SE Runtime Environment (13.0+33) (build 13+33)
# Java VM: Java HotSpot(TM) 64-Bit Server VM (13+33, mixed mode, sharing, tiered, compressed oops, g1 gc, windows-amd64)
# Problematic frame:
# C  [KERNELBASE.dll+0x3a839]
#
# No core dump will be written. Minidumps are not enabled by default on client versions of Windows
#
# If you would like to submit a bug report, please visit:
#   http://bugreport.java.com/bugreport/crash.jsp
# The crash happened outside the Java Virtual Machine in native code.
# See problematic frame for where to report the bug.
#

---------------  S U M M A R Y ------------

Command Line: com.mycompany.readreceipt.Main

Host: AMD Ryzen 7 2700X Eight-Core Processor         , 16 cores, 15G,  Windows 10 , 64 bit Build 18362 (10.0.18362.329)
Time: Wed Oct 23 07:56:25 2019 Türkiye Standart Saati elapsed time: 1 seconds (0d 0h 0m 1s)

---------------  T H R E A D  ---------------

Current thread (0x0000027122396000):  JavaThread "main" [_thread_in_native, id=4772, stack(0x0000007c08300000,0x0000007c08400000)]

Stack: [0x0000007c08300000,0x0000007c08400000],  sp=0x0000007c083eea50,  free space=954k
Native frames: (J=compiled Java code, j=interpreted, Vv=VM code, C=native code)
C  [KERNELBASE.dll+0x3a839]
C  [msvcr120.dll+0x5ef63]

Java frames: (J=compiled Java code, j=interpreted, Vv=VM code)
j  org.bytedeco.javacpp.opencv_core.cvSetImageROI(Lorg/bytedeco/javacpp/opencv_core$IplImage;Lorg/bytedeco/javacpp/opencv_core$CvRect;)V+0
j  com.mycompany.readreceipt.ReceiptScannerImpl.cropImage(Lorg/bytedeco/javacpp/opencv_core$IplImage;IIII)Lorg/bytedeco/javacpp/opencv_core$IplImage;+10
j  com.mycompany.readreceipt.ReceiptScannerImpl.applyPerspectiveTransformThresholdOnOriginalImage(Lorg/bytedeco/javacpp/opencv_core$IplImage;Lorg/bytedeco/javacpp/opencv_core$CvSeq;I)Lorg/bytedeco/javacpp/opencv_core$IplImage;+427
j  com.mycompany.readreceipt.ReceiptScannerImpl.preprocessaImagem(Ljava/lang/String;)Ljava/lang/String;+61
j  com.mycompany.readreceipt.ReceiptScannerImpl.getTextFromReceiptImage(Ljava/lang/String;)Ljava/lang/String;+2
j  com.mycompany.readreceipt.Main.main([Ljava/lang/String;)V+16
v  ~StubRoutines::call_stub

siginfo: EXCEPTION_UNCAUGHT_CXX_EXCEPTION (0xe06d7363), ExceptionInformation=0x0000000019930520 0x0000007c083eebe0 0x00007ffcde17f908 0x00007ffcddf40000 


Register to memory mapping:

RIP=0x00007ffd24eca839 KERNELBASE.dll
RAX=0x0000027122396000 is a thread
RBX=0x00007ffcde17f908 opencv_core310.dll
RCX=0x0000027120195cf0 points into unknown readable memory: 02 00 00 00 00 00 00 00
RDX=0x0000027147bdbaea points into unknown readable memory: bd 47 71 02 00 00
RSP=0x0000007c083eea50 is pointing into the stack for thread: 0x0000027122396000
RBP=0x0000007c083eeb90 is pointing into the stack for thread: 0x0000027122396000
RSI=0x00007ffcde10f188 opencv_core310.dll
RDI=0x0000007c083eebe0 is pointing into the stack for thread: 0x0000027122396000
R8 =0x00007ffcf60de675 jvm.dll
R9 =0x0 is NULL
R10={method} {0x0000027146c64cd0} 'forCharSequence' '(Ljava/lang/CharSequence;III)Ljava/lang/NumberFormatException;' in 'java/lang/NumberFormatException'
R11=0x0 is NULL
R12=0x00000000ffffff29 is an unknown value
R13=0x0 is NULL
R14=0x00007ffcde10e1c8 opencv_core310.dll
R15=0x0000007c083fed88 is pointing into the stack for thread: 0x0000027122396000


Registers:
RAX=0x0000027122396000, RBX=0x00007ffcde17f908, RCX=0x0000027120195cf0, RDX=0x0000027147bdbaea
RSP=0x0000007c083eea50, RBP=0x0000007c083eeb90, RSI=0x00007ffcde10f188, RDI=0x0000007c083eebe0
R8 =0x00007ffcf60de675, R9 =0x0000000000000000, R10=0x0000027146c64cc8, R11=0x0000000000000000
R12=0x00000000ffffff29, R13=0x0000000000000000, R14=0x00007ffcde10e1c8, R15=0x0000007c083fed88
RIP=0x00007ffd24eca839, EFLAGS=0x0000000000000202

Top of Stack: (sp=0x0000007c083eea50)
0x0000007c083eea50:   0000000000000000 00007ffcde17f908
0x0000007c083eea60:   00007ffcde10f188 0000000000000000
0x0000007c083eea70:   00000001e06d7363 0000000000000000
0x0000007c083eea80:   00007ffd24eca839 0000027100000004
0x0000007c083eea90:   0000000019930520 0000007c083eebe0
0x0000007c083eeaa0:   00007ffcde17f908 00007ffcddf40000
0x0000007c083eeab0:   0000000000000000 00000000ffffff29
0x0000007c083eeac0:   00007ffcde10f188 0000007c083eeb90
0x0000007c083eead0:   0000007c083eeba0 00007ffd2767f49f
0x0000007c083eeae0:   0000007c083eebe0 00007ffc00000000
0x0000007c083eeaf0:   0000007c083eebe0 00007ffd119dd306
0x0000007c083eeb00:   00007ffcde1a0000 00007ffcddf40000
0x0000007c083eeb10:   0000ac8e99d41655 00007ffd11a5c4d0
0x0000007c083eeb20:   00007ffcde17f908 00007ffd119def63
0x0000007c083eeb30:   0000007c083eebe0 00007ffd119aeb8d
0x0000007c083eeb40:   00007ffd11a5c4d0 00007ffcde10f188 

Instructions: (pc=0x00007ffd24eca839)
0x00007ffd24eca739:   fe ff ff 4c 8d 05 9d 46 20 00 33 d2 8d 4a 02 e8
0x00007ffd24eca749:   83 17 02 00 48 8b f8 48 89 44 24 58 e9 ef fd ff
0x00007ffd24eca759:   ff 45 33 c0 49 8b d7 48 83 c9 ff e8 07 f0 02 00
0x00007ffd24eca769:   e9 09 ff ff ff 48 8b 0d c3 0f 23 00 e8 06 f2 ff
0x00007ffd24eca779:   ff 48 8b cf e8 4e a2 fe ff e9 f9 fe ff ff 49 8b
0x00007ffd24eca789:   ce e8 41 a2 fe ff e9 f5 fe ff ff 48 8b ce e8 34
0x00007ffd24eca799:   a2 fe ff e9 f1 fe ff ff cc cc cc cc cc cc cc cc
0x00007ffd24eca7a9:   cc cc cc cc cc cc cc 65 48 8b 04 25 30 00 00 00
0x00007ffd24eca7b9:   8b 40 68 c3 cc cc cc cc cc cc cc cc cc cc cc cc
0x00007ffd24eca7c9:   cc cc cc cc cc cc cc 48 81 ec d8 00 00 00 48 8b
0x00007ffd24eca7d9:   05 52 e6 22 00 48 33 c4 48 89 84 24 c0 00 00 00
0x00007ffd24eca7e9:   48 83 64 24 28 00 48 8d 05 da ff ff ff 83 e2 01
0x00007ffd24eca7f9:   89 4c 24 20 89 54 24 24 48 89 44 24 30 4d 85 c9
0x00007ffd24eca809:   74 4b b8 0f 00 00 00 48 8d 4c 24 40 44 3b c0 49
0x00007ffd24eca819:   8b d1 44 0f 47 c0 44 89 44 24 38 49 c1 e0 03 e8
0x00007ffd24eca829:   7a 4c 05 00 48 8d 4c 24 20 48 ff 15 8f bf 16 00
0x00007ffd24eca839:   0f 1f 44 00 00 48 8b 8c 24 c0 00 00 00 48 33 cc
0x00007ffd24eca849:   e8 92 ee 04 00 48 81 c4 d8 00 00 00 c3 83 64 24
0x00007ffd24eca859:   38 00 eb d0 cc cc cc cc cc cc cc 48 89 5c 24 08
0x00007ffd24eca869:   48 89 74 24 10 57 48 83 ec 20 8b da 48 8b f9 e8
0x00007ffd24eca879:   f3 d6 ff ff 33 f6 85 c0 0f 84 b1 86 06 00 85 db
0x00007ffd24eca889:   0f 84 a9 86 06 00 44 8d 4e 02 ba 09 10 00 20 4c
0x00007ffd24eca899:   8d 44 24 40 48 8b cf e8 7b b5 ff ff 85 c0 0f 84
0x00007ffd24eca8a9:   8b 86 06 00 39 5c 24 40 0f 85 81 86 06 00 0f b7
0x00007ffd24eca8b9:   c3 48 8b 5c 24 30 48 8b 74 24 38 48 83 c4 20 5f
0x00007ffd24eca8c9:   c3 cc cc cc cc cc cc 48 89 5c 24 08 48 89 74 24
0x00007ffd24eca8d9:   10 57 48 83 ec 40 48 8b c2 48 8b f1 48 8b c8 33
0x00007ffd24eca8e9:   d2 49 8b d9 41 8b f8 e8 5b 6c ff ff 48 8b d0 48
0x00007ffd24eca8f9:   85 db 0f 85 6b 86 06 00 48 8b 44 24 78 44 8b c7
0x00007ffd24eca909:   44 8b 4c 24 70 48 8b ce 48 89 44 24 38 8d 43 01
0x00007ffd24eca919:   89 44 24 30 89 44 24 28 89 44 24 20 e8 16 00 00
0x00007ffd24eca929:   00 48 8b 5c 24 50 48 8b 74 24 58 48 83 c4 40 5f 


Stack slot to memory mapping:
stack at sp + 0 slots: 0x0 is NULL
stack at sp + 1 slots: 0x00007ffcde17f908 opencv_core310.dll
stack at sp + 2 slots: 0x00007ffcde10f188 opencv_core310.dll
stack at sp + 3 slots: 0x0 is NULL
stack at sp + 4 slots: 0x00000001e06d7363 is an unknown value
stack at sp + 5 slots: 0x0 is NULL
stack at sp + 6 slots: 0x00007ffd24eca839 KERNELBASE.dll
stack at sp + 7 slots: 0x0000027100000004 is an unknown value


---------------  P R O C E S S  ---------------

Threads class SMR info:
_java_thread_list=0x0000027147b99a80, length=13, elements={
0x0000027122396000, 0x0000027146b2e800, 0x00000271473b7800, 0x00000271473d2000,
0x00000271473d4800, 0x00000271473dc000, 0x00000271473e1000, 0x00000271473e4000,
0x00000271474fc800, 0x0000027147530000, 0x0000027147537800, 0x00000271476df000,
0x00000271476e4000
}

Java Threads: ( => current thread )
=>0x0000027122396000 JavaThread "main" [_thread_in_native, id=4772, stack(0x0000007c08300000,0x0000007c08400000)]
  0x0000027146b2e800 JavaThread "Reference Handler" daemon [_thread_blocked, id=8452, stack(0x0000007c08a00000,0x0000007c08b00000)]
  0x00000271473b7800 JavaThread "Finalizer" daemon [_thread_blocked, id=12032, stack(0x0000007c08b00000,0x0000007c08c00000)]
  0x00000271473d2000 JavaThread "Signal Dispatcher" daemon [_thread_blocked, id=772, stack(0x0000007c08c00000,0x0000007c08d00000)]
  0x00000271473d4800 JavaThread "Attach Listener" daemon [_thread_blocked, id=7812, stack(0x0000007c08d00000,0x0000007c08e00000)]
  0x00000271473dc000 JavaThread "C2 CompilerThread0" daemon [_thread_blocked, id=1732, stack(0x0000007c08e00000,0x0000007c08f00000)]
  0x00000271473e1000 JavaThread "C1 CompilerThread0" daemon [_thread_blocked, id=11988, stack(0x0000007c08f00000,0x0000007c09000000)]
  0x00000271473e4000 JavaThread "Sweeper thread" daemon [_thread_blocked, id=6876, stack(0x0000007c09000000,0x0000007c09100000)]
  0x00000271474fc800 JavaThread "C1 CompilerThread1" daemon [_thread_blocked, id=10624, stack(0x0000007c09100000,0x0000007c09200000)]
  0x0000027147530000 JavaThread "Service Thread" daemon [_thread_blocked, id=5368, stack(0x0000007c09200000,0x0000007c09300000)]
  0x0000027147537800 JavaThread "Common-Cleaner" daemon [_thread_blocked, id=11584, stack(0x0000007c09400000,0x0000007c09500000)]
  0x00000271476df000 JavaThread "C1 CompilerThread2" daemon [_thread_blocked, id=12932, stack(0x0000007c09600000,0x0000007c09700000)]
  0x00000271476e4000 JavaThread "C1 CompilerThread3" daemon [_thread_blocked, id=13132, stack(0x0000007c09700000,0x0000007c09800000)]

Other Threads:
  0x00000271473b4000 VMThread "VM Thread" [stack: 0x0000007c08900000,0x0000007c08a00000] [id=12892]
  0x0000027147533000 WatcherThread [stack: 0x0000007c09300000,0x0000007c09400000] [id=12900]
  0x0000027122400800 GCTaskThread "GC Thread#0" [stack: 0x0000007c08400000,0x0000007c08500000] [id=7360]
  0x0000027122423000 ConcurrentGCThread "G1 Main Marker" [stack: 0x0000007c08500000,0x0000007c08600000] [id=9692]
  0x0000027122425000 ConcurrentGCThread "G1 Conc#0" [stack: 0x0000007c08600000,0x0000007c08700000] [id=9656]
  0x0000027146a2a800 ConcurrentGCThread "G1 Refine#0" [stack: 0x0000007c08700000,0x0000007c08800000] [id=3616]
  0x0000027146a2c000 ConcurrentGCThread "G1 Young RemSet Sampling" [stack: 0x0000007c08800000,0x0000007c08900000] [id=1256]

Threads with active compile tasks:

VM state:not at safepoint (normal execution)

VM Mutex/Monitor currently owned by a thread: None

Heap address: 0x0000000700c00000, size: 4084 MB, Compressed Oops mode: Zero based, Oop shift amount: 3
Narrow klass base: 0x0000000800000000, Narrow klass shift: 3
Compressed class space size: 1073741824 Address: 0x0000000800b40000

Heap:
 garbage-first heap   total 262144K, used 10240K [0x0000000700c00000, 0x0000000800000000)
  region size 1024K, 11 young (11264K), 0 survivors (0K)
 Metaspace       used 3665K, capacity 6728K, committed 6912K, reserved 1056768K
  class space    used 337K, capacity 648K, committed 768K, reserved 1048576K
Heap Regions: E=young(eden), S=young(survivor), O=old, HS=humongous(starts), HC=humongous(continues), CS=collection set, F=free, A=archive, TAMS=top-at-mark-start (previous, next)
|   0|0x0000000700c00000, 0x0000000700c00000, 0x0000000700d00000|  0%| F|  |TAMS 0x0000000700c00000, 0x0000000700c00000| Untracked 
|   1|0x0000000700d00000, 0x0000000700d00000, 0x0000000700e00000|  0%| F|  |TAMS 0x0000000700d00000, 0x0000000700d00000| Untracked 
|   2|0x0000000700e00000, 0x0000000700e00000, 0x0000000700f00000|  0%| F|  |TAMS 0x0000000700e00000, 0x0000000700e00000| Untracked 
|   3|0x0000000700f00000, 0x0000000700f00000, 0x0000000701000000|  0%| F|  |TAMS 0x0000000700f00000, 0x0000000700f00000| Untracked 
|   4|0x0000000701000000, 0x0000000701000000, 0x0000000701100000|  0%| F|  |TAMS 0x0000000701000000, 0x0000000701000000| Untracked 
|   5|0x0000000701100000, 0x0000000701100000, 0x0000000701200000|  0%| F|  |TAMS 0x0000000701100000, 0x0000000701100000| Untracked 
|   6|0x0000000701200000, 0x0000000701200000, 0x0000000701300000|  0%| F|  |TAMS 0x0000000701200000, 0x0000000701200000| Untracked 
|   7|0x0000000701300000, 0x0000000701300000, 0x0000000701400000|  0%| F|  |TAMS 0x0000000701300000, 0x0000000701300000| Untracked 
|   8|0x0000000701400000, 0x0000000701400000, 0x0000000701500000|  0%| F|  |TAMS 0x0000000701400000, 0x0000000701400000| Untracked 
|   9|0x0000000701500000, 0x0000000701500000, 0x0000000701600000|  0%| F|  |TAMS 0x0000000701500000, 0x0000000701500000| Untracked 
|  10|0x0000000701600000, 0x0000000701600000, 0x0000000701700000|  0%| F|  |TAMS 0x0000000701600000, 0x0000000701600000| Untracked 
|  11|0x0000000701700000, 0x0000000701700000, 0x0000000701800000|  0%| F|  |TAMS 0x0000000701700000, 0x0000000701700000| Untracked 
|  12|0x0000000701800000, 0x0000000701800000, 0x0000000701900000|  0%| F|  |TAMS 0x0000000701800000, 0x0000000701800000| Untracked 
|  13|0x0000000701900000, 0x0000000701900000, 0x0000000701a00000|  0%| F|  |TAMS 0x0000000701900000, 0x0000000701900000| Untracked 
|  14|0x0000000701a00000, 0x0000000701a00000, 0x0000000701b00000|  0%| F|  |TAMS 0x0000000701a00000, 0x0000000701a00000| Untracked 
|  15|0x0000000701b00000, 0x0000000701b00000, 0x0000000701c00000|  0%| F|  |TAMS 0x0000000701b00000, 0x0000000701b00000| Untracked 
|  16|0x0000000701c00000, 0x0000000701c00000, 0x0000000701d00000|  0%| F|  |TAMS 0x0000000701c00000, 0x0000000701c00000| Untracked 
|  17|0x0000000701d00000, 0x0000000701d00000, 0x0000000701e00000|  0%| F|  |TAMS 0x0000000701d00000, 0x0000000701d00000| Untracked 
|  18|0x0000000701e00000, 0x0000000701e00000, 0x0000000701f00000|  0%| F|  |TAMS 0x0000000701e00000, 0x0000000701e00000| Untracked 
|  19|0x0000000701f00000, 0x0000000701f00000, 0x0000000702000000|  0%| F|  |TAMS 0x0000000701f00000, 0x0000000701f00000| Untracked 
|  20|0x0000000702000000, 0x0000000702000000, 0x0000000702100000|  0%| F|  |TAMS 0x0000000702000000, 0x0000000702000000| Untracked 
|  21|0x0000000702100000, 0x0000000702100000, 0x0000000702200000|  0%| F|  |TAMS 0x0000000702100000, 0x0000000702100000| Untracked 
|  22|0x0000000702200000, 0x0000000702200000, 0x0000000702300000|  0%| F|  |TAMS 0x0000000702200000, 0x0000000702200000| Untracked 
|  23|0x0000000702300000, 0x0000000702300000, 0x0000000702400000|  0%| F|  |TAMS 0x0000000702300000, 0x0000000702300000| Untracked 
|  24|0x0000000702400000, 0x0000000702400000, 0x0000000702500000|  0%| F|  |TAMS 0x0000000702400000, 0x0000000702400000| Untracked 
|  25|0x0000000702500000, 0x0000000702500000, 0x0000000702600000|  0%| F|  |TAMS 0x0000000702500000, 0x0000000702500000| Untracked 
|  26|0x0000000702600000, 0x0000000702600000, 0x0000000702700000|  0%| F|  |TAMS 0x0000000702600000, 0x0000000702600000| Untracked 
|  27|0x0000000702700000, 0x0000000702700000, 0x0000000702800000|  0%| F|  |TAMS 0x0000000702700000, 0x0000000702700000| Untracked 
|  28|0x0000000702800000, 0x0000000702800000, 0x0000000702900000|  0%| F|  |TAMS 0x0000000702800000, 0x0000000702800000| Untracked 
|  29|0x0000000702900000, 0x0000000702900000, 0x0000000702a00000|  0%| F|  |TAMS 0x0000000702900000, 0x0000000702900000| Untracked 
|  30|0x0000000702a00000, 0x0000000702a00000, 0x0000000702b00000|  0%| F|  |TAMS 0x0000000702a00000, 0x0000000702a00000| Untracked 
|  31|0x0000000702b00000, 0x0000000702b00000, 0x0000000702c00000|  0%| F|  |TAMS 0x0000000702b00000, 0x0000000702b00000| Untracked 
|  32|0x0000000702c00000, 0x0000000702c00000, 0x0000000702d00000|  0%| F|  |TAMS 0x0000000702c00000, 0x0000000702c00000| Untracked 
|  33|0x0000000702d00000, 0x0000000702d00000, 0x0000000702e00000|  0%| F|  |TAMS 0x0000000702d00000, 0x0000000702d00000| Untracked 
|  34|0x0000000702e00000, 0x0000000702e00000, 0x0000000702f00000|  0%| F|  |TAMS 0x0000000702e00000, 0x0000000702e00000| Untracked 
|  35|0x0000000702f00000, 0x0000000702f00000, 0x0000000703000000|  0%| F|  |TAMS 0x0000000702f00000, 0x0000000702f00000| Untracked 
|  36|0x0000000703000000, 0x0000000703000000, 0x0000000703100000|  0%| F|  |TAMS 0x0000000703000000, 0x0000000703000000| Untracked 
|  37|0x0000000703100000, 0x0000000703100000, 0x0000000703200000|  0%| F|  |TAMS 0x0000000703100000, 0x0000000703100000| Untracked 
|  38|0x0000000703200000, 0x0000000703200000, 0x0000000703300000|  0%| F|  |TAMS 0x0000000703200000, 0x0000000703200000| Untracked 
|  39|0x0000000703300000, 0x0000000703300000, 0x0000000703400000|  0%| F|  |TAMS 0x0000000703300000, 0x0000000703300000| Untracked 
|  40|0x0000000703400000, 0x0000000703400000, 0x0000000703500000|  0%| F|  |TAMS 0x0000000703400000, 0x0000000703400000| Untracked 
|  41|0x0000000703500000, 0x0000000703500000, 0x0000000703600000|  0%| F|  |TAMS 0x0000000703500000, 0x0000000703500000| Untracked 
|  42|0x0000000703600000, 0x0000000703600000, 0x0000000703700000|  0%| F|  |TAMS 0x0000000703600000, 0x0000000703600000| Untracked 
|  43|0x0000000703700000, 0x0000000703700000, 0x0000000703800000|  0%| F|  |TAMS 0x0000000703700000, 0x0000000703700000| Untracked 
|  44|0x0000000703800000, 0x0000000703800000, 0x0000000703900000|  0%| F|  |TAMS 0x0000000703800000, 0x0000000703800000| Untracked 
|  45|0x0000000703900000, 0x0000000703900000, 0x0000000703a00000|  0%| F|  |TAMS 0x0000000703900000, 0x0000000703900000| Untracked 
|  46|0x0000000703a00000, 0x0000000703a00000, 0x0000000703b00000|  0%| F|  |TAMS 0x0000000703a00000, 0x0000000703a00000| Untracked 
|  47|0x0000000703b00000, 0x0000000703b00000, 0x0000000703c00000|  0%| F|  |TAMS 0x0000000703b00000, 0x0000000703b00000| Untracked 
|  48|0x0000000703c00000, 0x0000000703c00000, 0x0000000703d00000|  0%| F|  |TAMS 0x0000000703c00000, 0x0000000703c00000| Untracked 
|  49|0x0000000703d00000, 0x0000000703d00000, 0x0000000703e00000|  0%| F|  |TAMS 0x0000000703d00000, 0x0000000703d00000| Untracked 
|  50|0x0000000703e00000, 0x0000000703e00000, 0x0000000703f00000|  0%| F|  |TAMS 0x0000000703e00000, 0x0000000703e00000| Untracked 
|  51|0x0000000703f00000, 0x0000000703f00000, 0x0000000704000000|  0%| F|  |TAMS 0x0000000703f00000, 0x0000000703f00000| Untracked 
|  52|0x0000000704000000, 0x0000000704000000, 0x0000000704100000|  0%| F|  |TAMS 0x0000000704000000, 0x0000000704000000| Untracked 
|  53|0x0000000704100000, 0x0000000704100000, 0x0000000704200000|  0%| F|  |TAMS 0x0000000704100000, 0x0000000704100000| Untracked 
|  54|0x0000000704200000, 0x0000000704200000, 0x0000000704300000|  0%| F|  |TAMS 0x0000000704200000, 0x0000000704200000| Untracked 
|  55|0x0000000704300000, 0x0000000704300000, 0x0000000704400000|  0%| F|  |TAMS 0x0000000704300000, 0x0000000704300000| Untracked 
|  56|0x0000000704400000, 0x0000000704400000, 0x0000000704500000|  0%| F|  |TAMS 0x0000000704400000, 0x0000000704400000| Untracked 
|  57|0x0000000704500000, 0x0000000704500000, 0x0000000704600000|  0%| F|  |TAMS 0x0000000704500000, 0x0000000704500000| Untracked 
|  58|0x0000000704600000, 0x0000000704600000, 0x0000000704700000|  0%| F|  |TAMS 0x0000000704600000, 0x0000000704600000| Untracked 
|  59|0x0000000704700000, 0x0000000704700000, 0x0000000704800000|  0%| F|  |TAMS 0x0000000704700000, 0x0000000704700000| Untracked 
|  60|0x0000000704800000, 0x0000000704800000, 0x0000000704900000|  0%| F|  |TAMS 0x0000000704800000, 0x0000000704800000| Untracked 
|  61|0x0000000704900000, 0x0000000704900000, 0x0000000704a00000|  0%| F|  |TAMS 0x0000000704900000, 0x0000000704900000| Untracked 
|  62|0x0000000704a00000, 0x0000000704a00000, 0x0000000704b00000|  0%| F|  |TAMS 0x0000000704a00000, 0x0000000704a00000| Untracked 
|  63|0x0000000704b00000, 0x0000000704b00000, 0x0000000704c00000|  0%| F|  |TAMS 0x0000000704b00000, 0x0000000704b00000| Untracked 
|  64|0x0000000704c00000, 0x0000000704c00000, 0x0000000704d00000|  0%| F|  |TAMS 0x0000000704c00000, 0x0000000704c00000| Untracked 
|  65|0x0000000704d00000, 0x0000000704d00000, 0x0000000704e00000|  0%| F|  |TAMS 0x0000000704d00000, 0x0000000704d00000| Untracked 
|  66|0x0000000704e00000, 0x0000000704e00000, 0x0000000704f00000|  0%| F|  |TAMS 0x0000000704e00000, 0x0000000704e00000| Untracked 
|  67|0x0000000704f00000, 0x0000000704f00000, 0x0000000705000000|  0%| F|  |TAMS 0x0000000704f00000, 0x0000000704f00000| Untracked 
|  68|0x0000000705000000, 0x0000000705000000, 0x0000000705100000|  0%| F|  |TAMS 0x0000000705000000, 0x0000000705000000| Untracked 
|  69|0x0000000705100000, 0x0000000705100000, 0x0000000705200000|  0%| F|  |TAMS 0x0000000705100000, 0x0000000705100000| Untracked 
|  70|0x0000000705200000, 0x0000000705200000, 0x0000000705300000|  0%| F|  |TAMS 0x0000000705200000, 0x0000000705200000| Untracked 
|  71|0x0000000705300000, 0x0000000705300000, 0x0000000705400000|  0%| F|  |TAMS 0x0000000705300000, 0x0000000705300000| Untracked 
|  72|0x0000000705400000, 0x0000000705400000, 0x0000000705500000|  0%| F|  |TAMS 0x0000000705400000, 0x0000000705400000| Untracked 
|  73|0x0000000705500000, 0x0000000705500000, 0x0000000705600000|  0%| F|  |TAMS 0x0000000705500000, 0x0000000705500000| Untracked 
|  74|0x0000000705600000, 0x0000000705600000, 0x0000000705700000|  0%| F|  |TAMS 0x0000000705600000, 0x0000000705600000| Untracked 
|  75|0x0000000705700000, 0x0000000705700000, 0x0000000705800000|  0%| F|  |TAMS 0x0000000705700000, 0x0000000705700000| Untracked 
|  76|0x0000000705800000, 0x0000000705800000, 0x0000000705900000|  0%| F|  |TAMS 0x0000000705800000, 0x0000000705800000| Untracked 
|  77|0x0000000705900000, 0x0000000705900000, 0x0000000705a00000|  0%| F|  |TAMS 0x0000000705900000, 0x0000000705900000| Untracked 
|  78|0x0000000705a00000, 0x0000000705a00000, 0x0000000705b00000|  0%| F|  |TAMS 0x0000000705a00000, 0x0000000705a00000| Untracked 
|  79|0x0000000705b00000, 0x0000000705b00000, 0x0000000705c00000|  0%| F|  |TAMS 0x0000000705b00000, 0x0000000705b00000| Untracked 
|  80|0x0000000705c00000, 0x0000000705c00000, 0x0000000705d00000|  0%| F|  |TAMS 0x0000000705c00000, 0x0000000705c00000| Untracked 
|  81|0x0000000705d00000, 0x0000000705d00000, 0x0000000705e00000|  0%| F|  |TAMS 0x0000000705d00000, 0x0000000705d00000| Untracked 
|  82|0x0000000705e00000, 0x0000000705e00000, 0x0000000705f00000|  0%| F|  |TAMS 0x0000000705e00000, 0x0000000705e00000| Untracked 
|  83|0x0000000705f00000, 0x0000000705f00000, 0x0000000706000000|  0%| F|  |TAMS 0x0000000705f00000, 0x0000000705f00000| Untracked 
|  84|0x0000000706000000, 0x0000000706000000, 0x0000000706100000|  0%| F|  |TAMS 0x0000000706000000, 0x0000000706000000| Untracked 
|  85|0x0000000706100000, 0x0000000706100000, 0x0000000706200000|  0%| F|  |TAMS 0x0000000706100000, 0x0000000706100000| Untracked 
|  86|0x0000000706200000, 0x0000000706200000, 0x0000000706300000|  0%| F|  |TAMS 0x0000000706200000, 0x0000000706200000| Untracked 
|  87|0x0000000706300000, 0x0000000706300000, 0x0000000706400000|  0%| F|  |TAMS 0x0000000706300000, 0x0000000706300000| Untracked 
|  88|0x0000000706400000, 0x0000000706400000, 0x0000000706500000|  0%| F|  |TAMS 0x0000000706400000, 0x0000000706400000| Untracked 
|  89|0x0000000706500000, 0x0000000706500000, 0x0000000706600000|  0%| F|  |TAMS 0x0000000706500000, 0x0000000706500000| Untracked 
|  90|0x0000000706600000, 0x0000000706600000, 0x0000000706700000|  0%| F|  |TAMS 0x0000000706600000, 0x0000000706600000| Untracked 
|  91|0x0000000706700000, 0x0000000706700000, 0x0000000706800000|  0%| F|  |TAMS 0x0000000706700000, 0x0000000706700000| Untracked 
|  92|0x0000000706800000, 0x0000000706800000, 0x0000000706900000|  0%| F|  |TAMS 0x0000000706800000, 0x0000000706800000| Untracked 
|  93|0x0000000706900000, 0x0000000706900000, 0x0000000706a00000|  0%| F|  |TAMS 0x0000000706900000, 0x0000000706900000| Untracked 
|  94|0x0000000706a00000, 0x0000000706a00000, 0x0000000706b00000|  0%| F|  |TAMS 0x0000000706a00000, 0x0000000706a00000| Untracked 
|  95|0x0000000706b00000, 0x0000000706b00000, 0x0000000706c00000|  0%| F|  |TAMS 0x0000000706b00000, 0x0000000706b00000| Untracked 
|  96|0x0000000706c00000, 0x0000000706c00000, 0x0000000706d00000|  0%| F|  |TAMS 0x0000000706c00000, 0x0000000706c00000| Untracked 
|  97|0x0000000706d00000, 0x0000000706d00000, 0x0000000706e00000|  0%| F|  |TAMS 0x0000000706d00000, 0x0000000706d00000| Untracked 
|  98|0x0000000706e00000, 0x0000000706e00000, 0x0000000706f00000|  0%| F|  |TAMS 0x0000000706e00000, 0x0000000706e00000| Untracked 
|  99|0x0000000706f00000, 0x0000000706f00000, 0x0000000707000000|  0%| F|  |TAMS 0x0000000706f00000, 0x0000000706f00000| Untracked 
| 100|0x0000000707000000, 0x0000000707000000, 0x0000000707100000|  0%| F|  |TAMS 0x0000000707000000, 0x0000000707000000| Untracked 
| 101|0x0000000707100000, 0x0000000707100000, 0x0000000707200000|  0%| F|  |TAMS 0x0000000707100000, 0x0000000707100000| Untracked 
| 102|0x0000000707200000, 0x0000000707200000, 0x0000000707300000|  0%| F|  |TAMS 0x0000000707200000, 0x0000000707200000| Untracked 
| 103|0x0000000707300000, 0x0000000707300000, 0x0000000707400000|  0%| F|  |TAMS 0x0000000707300000, 0x0000000707300000| Untracked 
| 104|0x0000000707400000, 0x0000000707400000, 0x0000000707500000|  0%| F|  |TAMS 0x0000000707400000, 0x0000000707400000| Untracked 
| 105|0x0000000707500000, 0x0000000707500000, 0x0000000707600000|  0%| F|  |TAMS 0x0000000707500000, 0x0000000707500000| Untracked 
| 106|0x0000000707600000, 0x0000000707600000, 0x0000000707700000|  0%| F|  |TAMS 0x0000000707600000, 0x0000000707600000| Untracked 
| 107|0x0000000707700000, 0x0000000707700000, 0x0000000707800000|  0%| F|  |TAMS 0x0000000707700000, 0x0000000707700000| Untracked 
| 108|0x0000000707800000, 0x0000000707800000, 0x0000000707900000|  0%| F|  |TAMS 0x0000000707800000, 0x0000000707800000| Untracked 
| 109|0x0000000707900000, 0x0000000707900000, 0x0000000707a00000|  0%| F|  |TAMS 0x0000000707900000, 0x0000000707900000| Untracked 
| 110|0x0000000707a00000, 0x0000000707a00000, 0x0000000707b00000|  0%| F|  |TAMS 0x0000000707a00000, 0x0000000707a00000| Untracked 
| 111|0x0000000707b00000, 0x0000000707b00000, 0x0000000707c00000|  0%| F|  |TAMS 0x0000000707b00000, 0x0000000707b00000| Untracked 
| 112|0x0000000707c00000, 0x0000000707c00000, 0x0000000707d00000|  0%| F|  |TAMS 0x0000000707c00000, 0x0000000707c00000| Untracked 
| 113|0x0000000707d00000, 0x0000000707d00000, 0x0000000707e00000|  0%| F|  |TAMS 0x0000000707d00000, 0x0000000707d00000| Untracked 
| 114|0x0000000707e00000, 0x0000000707e00000, 0x0000000707f00000|  0%| F|  |TAMS 0x0000000707e00000, 0x0000000707e00000| Untracked 
| 115|0x0000000707f00000, 0x0000000707f00000, 0x0000000708000000|  0%| F|  |TAMS 0x0000000707f00000, 0x0000000707f00000| Untracked 
| 116|0x0000000708000000, 0x0000000708000000, 0x0000000708100000|  0%| F|  |TAMS 0x0000000708000000, 0x0000000708000000| Untracked 
| 117|0x0000000708100000, 0x0000000708100000, 0x0000000708200000|  0%| F|  |TAMS 0x0000000708100000, 0x0000000708100000| Untracked 
| 118|0x0000000708200000, 0x0000000708200000, 0x0000000708300000|  0%| F|  |TAMS 0x0000000708200000, 0x0000000708200000| Untracked 
| 119|0x0000000708300000, 0x0000000708300000, 0x0000000708400000|  0%| F|  |TAMS 0x0000000708300000, 0x0000000708300000| Untracked 
| 120|0x0000000708400000, 0x0000000708400000, 0x0000000708500000|  0%| F|  |TAMS 0x0000000708400000, 0x0000000708400000| Untracked 
| 121|0x0000000708500000, 0x0000000708500000, 0x0000000708600000|  0%| F|  |TAMS 0x0000000708500000, 0x0000000708500000| Untracked 
| 122|0x0000000708600000, 0x0000000708600000, 0x0000000708700000|  0%| F|  |TAMS 0x0000000708600000, 0x0000000708600000| Untracked 
| 123|0x0000000708700000, 0x0000000708700000, 0x0000000708800000|  0%| F|  |TAMS 0x0000000708700000, 0x0000000708700000| Untracked 
| 124|0x0000000708800000, 0x0000000708800000, 0x0000000708900000|  0%| F|  |TAMS 0x0000000708800000, 0x0000000708800000| Untracked 
| 125|0x0000000708900000, 0x0000000708900000, 0x0000000708a00000|  0%| F|  |TAMS 0x0000000708900000, 0x0000000708900000| Untracked 
| 126|0x0000000708a00000, 0x0000000708a00000, 0x0000000708b00000|  0%| F|  |TAMS 0x0000000708a00000, 0x0000000708a00000| Untracked 
| 127|0x0000000708b00000, 0x0000000708b00000, 0x0000000708c00000|  0%| F|  |TAMS 0x0000000708b00000, 0x0000000708b00000| Untracked 
| 128|0x0000000708c00000, 0x0000000708c00000, 0x0000000708d00000|  0%| F|  |TAMS 0x0000000708c00000, 0x0000000708c00000| Untracked 
| 129|0x0000000708d00000, 0x0000000708d00000, 0x0000000708e00000|  0%| F|  |TAMS 0x0000000708d00000, 0x0000000708d00000| Untracked 
| 130|0x0000000708e00000, 0x0000000708e00000, 0x0000000708f00000|  0%| F|  |TAMS 0x0000000708e00000, 0x0000000708e00000| Untracked 
| 131|0x0000000708f00000, 0x0000000708f00000, 0x0000000709000000|  0%| F|  |TAMS 0x0000000708f00000, 0x0000000708f00000| Untracked 
| 132|0x0000000709000000, 0x0000000709000000, 0x0000000709100000|  0%| F|  |TAMS 0x0000000709000000, 0x0000000709000000| Untracked 
| 133|0x0000000709100000, 0x0000000709100000, 0x0000000709200000|  0%| F|  |TAMS 0x0000000709100000, 0x0000000709100000| Untracked 
| 134|0x0000000709200000, 0x0000000709200000, 0x0000000709300000|  0%| F|  |TAMS 0x0000000709200000, 0x0000000709200000| Untracked 
| 135|0x0000000709300000, 0x0000000709300000, 0x0000000709400000|  0%| F|  |TAMS 0x0000000709300000, 0x0000000709300000| Untracked 
| 136|0x0000000709400000, 0x0000000709400000, 0x0000000709500000|  0%| F|  |TAMS 0x0000000709400000, 0x0000000709400000| Untracked 
| 137|0x0000000709500000, 0x0000000709500000, 0x0000000709600000|  0%| F|  |TAMS 0x0000000709500000, 0x0000000709500000| Untracked 
| 138|0x0000000709600000, 0x0000000709600000, 0x0000000709700000|  0%| F|  |TAMS 0x0000000709600000, 0x0000000709600000| Untracked 
| 139|0x0000000709700000, 0x0000000709700000, 0x0000000709800000|  0%| F|  |TAMS 0x0000000709700000, 0x0000000709700000| Untracked 
| 140|0x0000000709800000, 0x0000000709800000, 0x0000000709900000|  0%| F|  |TAMS 0x0000000709800000, 0x0000000709800000| Untracked 
| 141|0x0000000709900000, 0x0000000709900000, 0x0000000709a00000|  0%| F|  |TAMS 0x0000000709900000, 0x0000000709900000| Untracked 
| 142|0x0000000709a00000, 0x0000000709a00000, 0x0000000709b00000|  0%| F|  |TAMS 0x0000000709a00000, 0x0000000709a00000| Untracked 
| 143|0x0000000709b00000, 0x0000000709b00000, 0x0000000709c00000|  0%| F|  |TAMS 0x0000000709b00000, 0x0000000709b00000| Untracked 
| 144|0x0000000709c00000, 0x0000000709c00000, 0x0000000709d00000|  0%| F|  |TAMS 0x0000000709c00000, 0x0000000709c00000| Untracked 
| 145|0x0000000709d00000, 0x0000000709d00000, 0x0000000709e00000|  0%| F|  |TAMS 0x0000000709d00000, 0x0000000709d00000| Untracked 
| 146|0x0000000709e00000, 0x0000000709e00000, 0x0000000709f00000|  0%| F|  |TAMS 0x0000000709e00000, 0x0000000709e00000| Untracked 
| 147|0x0000000709f00000, 0x0000000709f00000, 0x000000070a000000|  0%| F|  |TAMS 0x0000000709f00000, 0x0000000709f00000| Untracked 
| 148|0x000000070a000000, 0x000000070a000000, 0x000000070a100000|  0%| F|  |TAMS 0x000000070a000000, 0x000000070a000000| Untracked 
| 149|0x000000070a100000, 0x000000070a100000, 0x000000070a200000|  0%| F|  |TAMS 0x000000070a100000, 0x000000070a100000| Untracked 
| 150|0x000000070a200000, 0x000000070a200000, 0x000000070a300000|  0%| F|  |TAMS 0x000000070a200000, 0x000000070a200000| Untracked 
| 151|0x000000070a300000, 0x000000070a300000, 0x000000070a400000|  0%| F|  |TAMS 0x000000070a300000, 0x000000070a300000| Untracked 
| 152|0x000000070a400000, 0x000000070a400000, 0x000000070a500000|  0%| F|  |TAMS 0x000000070a400000, 0x000000070a400000| Untracked 
| 153|0x000000070a500000, 0x000000070a500000, 0x000000070a600000|  0%| F|  |TAMS 0x000000070a500000, 0x000000070a500000| Untracked 
| 154|0x000000070a600000, 0x000000070a600000, 0x000000070a700000|  0%| F|  |TAMS 0x000000070a600000, 0x000000070a600000| Untracked 
| 155|0x000000070a700000, 0x000000070a700000, 0x000000070a800000|  0%| F|  |TAMS 0x000000070a700000, 0x000000070a700000| Untracked 
| 156|0x000000070a800000, 0x000000070a800000, 0x000000070a900000|  0%| F|  |TAMS 0x000000070a800000, 0x000000070a800000| Untracked 
| 157|0x000000070a900000, 0x000000070a900000, 0x000000070aa00000|  0%| F|  |TAMS 0x000000070a900000, 0x000000070a900000| Untracked 
| 158|0x000000070aa00000, 0x000000070aa00000, 0x000000070ab00000|  0%| F|  |TAMS 0x000000070aa00000, 0x000000070aa00000| Untracked 
| 159|0x000000070ab00000, 0x000000070ab00000, 0x000000070ac00000|  0%| F|  |TAMS 0x000000070ab00000, 0x000000070ab00000| Untracked 
| 160|0x000000070ac00000, 0x000000070ac00000, 0x000000070ad00000|  0%| F|  |TAMS 0x000000070ac00000, 0x000000070ac00000| Untracked 
| 161|0x000000070ad00000, 0x000000070ad00000, 0x000000070ae00000|  0%| F|  |TAMS 0x000000070ad00000, 0x000000070ad00000| Untracked 
| 162|0x000000070ae00000, 0x000000070ae00000, 0x000000070af00000|  0%| F|  |TAMS 0x000000070ae00000, 0x000000070ae00000| Untracked 
| 163|0x000000070af00000, 0x000000070af00000, 0x000000070b000000|  0%| F|  |TAMS 0x000000070af00000, 0x000000070af00000| Untracked 
| 164|0x000000070b000000, 0x000000070b000000, 0x000000070b100000|  0%| F|  |TAMS 0x000000070b000000, 0x000000070b000000| Untracked 
| 165|0x000000070b100000, 0x000000070b100000, 0x000000070b200000|  0%| F|  |TAMS 0x000000070b100000, 0x000000070b100000| Untracked 
| 166|0x000000070b200000, 0x000000070b200000, 0x000000070b300000|  0%| F|  |TAMS 0x000000070b200000, 0x000000070b200000| Untracked 
| 167|0x000000070b300000, 0x000000070b300000, 0x000000070b400000|  0%| F|  |TAMS 0x000000070b300000, 0x000000070b300000| Untracked 
| 168|0x000000070b400000, 0x000000070b400000, 0x000000070b500000|  0%| F|  |TAMS 0x000000070b400000, 0x000000070b400000| Untracked 
| 169|0x000000070b500000, 0x000000070b500000, 0x000000070b600000|  0%| F|  |TAMS 0x000000070b500000, 0x000000070b500000| Untracked 
| 170|0x000000070b600000, 0x000000070b600000, 0x000000070b700000|  0%| F|  |TAMS 0x000000070b600000, 0x000000070b600000| Untracked 
| 171|0x000000070b700000, 0x000000070b700000, 0x000000070b800000|  0%| F|  |TAMS 0x000000070b700000, 0x000000070b700000| Untracked 
| 172|0x000000070b800000, 0x000000070b800000, 0x000000070b900000|  0%| F|  |TAMS 0x000000070b800000, 0x000000070b800000| Untracked 
| 173|0x000000070b900000, 0x000000070b900000, 0x000000070ba00000|  0%| F|  |TAMS 0x000000070b900000, 0x000000070b900000| Untracked 
| 174|0x000000070ba00000, 0x000000070ba00000, 0x000000070bb00000|  0%| F|  |TAMS 0x000000070ba00000, 0x000000070ba00000| Untracked 
| 175|0x000000070bb00000, 0x000000070bb00000, 0x000000070bc00000|  0%| F|  |TAMS 0x000000070bb00000, 0x000000070bb00000| Untracked 
| 176|0x000000070bc00000, 0x000000070bc00000, 0x000000070bd00000|  0%| F|  |TAMS 0x000000070bc00000, 0x000000070bc00000| Untracked 
| 177|0x000000070bd00000, 0x000000070bd00000, 0x000000070be00000|  0%| F|  |TAMS 0x000000070bd00000, 0x000000070bd00000| Untracked 
| 178|0x000000070be00000, 0x000000070be00000, 0x000000070bf00000|  0%| F|  |TAMS 0x000000070be00000, 0x000000070be00000| Untracked 
| 179|0x000000070bf00000, 0x000000070bf00000, 0x000000070c000000|  0%| F|  |TAMS 0x000000070bf00000, 0x000000070bf00000| Untracked 
| 180|0x000000070c000000, 0x000000070c000000, 0x000000070c100000|  0%| F|  |TAMS 0x000000070c000000, 0x000000070c000000| Untracked 
| 181|0x000000070c100000, 0x000000070c100000, 0x000000070c200000|  0%| F|  |TAMS 0x000000070c100000, 0x000000070c100000| Untracked 
| 182|0x000000070c200000, 0x000000070c200000, 0x000000070c300000|  0%| F|  |TAMS 0x000000070c200000, 0x000000070c200000| Untracked 
| 183|0x000000070c300000, 0x000000070c300000, 0x000000070c400000|  0%| F|  |TAMS 0x000000070c300000, 0x000000070c300000| Untracked 
| 184|0x000000070c400000, 0x000000070c400000, 0x000000070c500000|  0%| F|  |TAMS 0x000000070c400000, 0x000000070c400000| Untracked 
| 185|0x000000070c500000, 0x000000070c500000, 0x000000070c600000|  0%| F|  |TAMS 0x000000070c500000, 0x000000070c500000| Untracked 
| 186|0x000000070c600000, 0x000000070c600000, 0x000000070c700000|  0%| F|  |TAMS 0x000000070c600000, 0x000000070c600000| Untracked 
| 187|0x000000070c700000, 0x000000070c700000, 0x000000070c800000|  0%| F|  |TAMS 0x000000070c700000, 0x000000070c700000| Untracked 
| 188|0x000000070c800000, 0x000000070c800000, 0x000000070c900000|  0%| F|  |TAMS 0x000000070c800000, 0x000000070c800000| Untracked 
| 189|0x000000070c900000, 0x000000070c900000, 0x000000070ca00000|  0%| F|  |TAMS 0x000000070c900000, 0x000000070c900000| Untracked 
| 190|0x000000070ca00000, 0x000000070ca00000, 0x000000070cb00000|  0%| F|  |TAMS 0x000000070ca00000, 0x000000070ca00000| Untracked 
| 191|0x000000070cb00000, 0x000000070cb00000, 0x000000070cc00000|  0%| F|  |TAMS 0x000000070cb00000, 0x000000070cb00000| Untracked 
| 192|0x000000070cc00000, 0x000000070cc00000, 0x000000070cd00000|  0%| F|  |TAMS 0x000000070cc00000, 0x000000070cc00000| Untracked 
| 193|0x000000070cd00000, 0x000000070cd00000, 0x000000070ce00000|  0%| F|  |TAMS 0x000000070cd00000, 0x000000070cd00000| Untracked 
| 194|0x000000070ce00000, 0x000000070ce00000, 0x000000070cf00000|  0%| F|  |TAMS 0x000000070ce00000, 0x000000070ce00000| Untracked 
| 195|0x000000070cf00000, 0x000000070cf00000, 0x000000070d000000|  0%| F|  |TAMS 0x000000070cf00000, 0x000000070cf00000| Untracked 
| 196|0x000000070d000000, 0x000000070d000000, 0x000000070d100000|  0%| F|  |TAMS 0x000000070d000000, 0x000000070d000000| Untracked 
| 197|0x000000070d100000, 0x000000070d100000, 0x000000070d200000|  0%| F|  |TAMS 0x000000070d100000, 0x000000070d100000| Untracked 
| 198|0x000000070d200000, 0x000000070d200000, 0x000000070d300000|  0%| F|  |TAMS 0x000000070d200000, 0x000000070d200000| Untracked 
| 199|0x000000070d300000, 0x000000070d300000, 0x000000070d400000|  0%| F|  |TAMS 0x000000070d300000, 0x000000070d300000| Untracked 
| 200|0x000000070d400000, 0x000000070d400000, 0x000000070d500000|  0%| F|  |TAMS 0x000000070d400000, 0x000000070d400000| Untracked 
| 201|0x000000070d500000, 0x000000070d500000, 0x000000070d600000|  0%| F|  |TAMS 0x000000070d500000, 0x000000070d500000| Untracked 
| 202|0x000000070d600000, 0x000000070d600000, 0x000000070d700000|  0%| F|  |TAMS 0x000000070d600000, 0x000000070d600000| Untracked 
| 203|0x000000070d700000, 0x000000070d700000, 0x000000070d800000|  0%| F|  |TAMS 0x000000070d700000, 0x000000070d700000| Untracked 
| 204|0x000000070d800000, 0x000000070d800000, 0x000000070d900000|  0%| F|  |TAMS 0x000000070d800000, 0x000000070d800000| Untracked 
| 205|0x000000070d900000, 0x000000070d900000, 0x000000070da00000|  0%| F|  |TAMS 0x000000070d900000, 0x000000070d900000| Untracked 
| 206|0x000000070da00000, 0x000000070da00000, 0x000000070db00000|  0%| F|  |TAMS 0x000000070da00000, 0x000000070da00000| Untracked 
| 207|0x000000070db00000, 0x000000070db00000, 0x000000070dc00000|  0%| F|  |TAMS 0x000000070db00000, 0x000000070db00000| Untracked 
| 208|0x000000070dc00000, 0x000000070dc00000, 0x000000070dd00000|  0%| F|  |TAMS 0x000000070dc00000, 0x000000070dc00000| Untracked 
| 209|0x000000070dd00000, 0x000000070dd00000, 0x000000070de00000|  0%| F|  |TAMS 0x000000070dd00000, 0x000000070dd00000| Untracked 
| 210|0x000000070de00000, 0x000000070de00000, 0x000000070df00000|  0%| F|  |TAMS 0x000000070de00000, 0x000000070de00000| Untracked 
| 211|0x000000070df00000, 0x000000070df00000, 0x000000070e000000|  0%| F|  |TAMS 0x000000070df00000, 0x000000070df00000| Untracked 
| 212|0x000000070e000000, 0x000000070e000000, 0x000000070e100000|  0%| F|  |TAMS 0x000000070e000000, 0x000000070e000000| Untracked 
| 213|0x000000070e100000, 0x000000070e100000, 0x000000070e200000|  0%| F|  |TAMS 0x000000070e100000, 0x000000070e100000| Untracked 
| 214|0x000000070e200000, 0x000000070e200000, 0x000000070e300000|  0%| F|  |TAMS 0x000000070e200000, 0x000000070e200000| Untracked 
| 215|0x000000070e300000, 0x000000070e300000, 0x000000070e400000|  0%| F|  |TAMS 0x000000070e300000, 0x000000070e300000| Untracked 
| 216|0x000000070e400000, 0x000000070e400000, 0x000000070e500000|  0%| F|  |TAMS 0x000000070e400000, 0x000000070e400000| Untracked 
| 217|0x000000070e500000, 0x000000070e500000, 0x000000070e600000|  0%| F|  |TAMS 0x000000070e500000, 0x000000070e500000| Untracked 
| 218|0x000000070e600000, 0x000000070e600000, 0x000000070e700000|  0%| F|  |TAMS 0x000000070e600000, 0x000000070e600000| Untracked 
| 219|0x000000070e700000, 0x000000070e700000, 0x000000070e800000|  0%| F|  |TAMS 0x000000070e700000, 0x000000070e700000| Untracked 
| 220|0x000000070e800000, 0x000000070e800000, 0x000000070e900000|  0%| F|  |TAMS 0x000000070e800000, 0x000000070e800000| Untracked 
| 221|0x000000070e900000, 0x000000070e900000, 0x000000070ea00000|  0%| F|  |TAMS 0x000000070e900000, 0x000000070e900000| Untracked 
| 222|0x000000070ea00000, 0x000000070ea00000, 0x000000070eb00000|  0%| F|  |TAMS 0x000000070ea00000, 0x000000070ea00000| Untracked 
| 223|0x000000070eb00000, 0x000000070eb00000, 0x000000070ec00000|  0%| F|  |TAMS 0x000000070eb00000, 0x000000070eb00000| Untracked 
| 224|0x000000070ec00000, 0x000000070ec00000, 0x000000070ed00000|  0%| F|  |TAMS 0x000000070ec00000, 0x000000070ec00000| Untracked 
| 225|0x000000070ed00000, 0x000000070ed00000, 0x000000070ee00000|  0%| F|  |TAMS 0x000000070ed00000, 0x000000070ed00000| Untracked 
| 226|0x000000070ee00000, 0x000000070ee00000, 0x000000070ef00000|  0%| F|  |TAMS 0x000000070ee00000, 0x000000070ee00000| Untracked 
| 227|0x000000070ef00000, 0x000000070ef00000, 0x000000070f000000|  0%| F|  |TAMS 0x000000070ef00000, 0x000000070ef00000| Untracked 
| 228|0x000000070f000000, 0x000000070f000000, 0x000000070f100000|  0%| F|  |TAMS 0x000000070f000000, 0x000000070f000000| Untracked 
| 229|0x000000070f100000, 0x000000070f100000, 0x000000070f200000|  0%| F|  |TAMS 0x000000070f100000, 0x000000070f100000| Untracked 
| 230|0x000000070f200000, 0x000000070f200000, 0x000000070f300000|  0%| F|  |TAMS 0x000000070f200000, 0x000000070f200000| Untracked 
| 231|0x000000070f300000, 0x000000070f300000, 0x000000070f400000|  0%| F|  |TAMS 0x000000070f300000, 0x000000070f300000| Untracked 
| 232|0x000000070f400000, 0x000000070f400000, 0x000000070f500000|  0%| F|  |TAMS 0x000000070f400000, 0x000000070f400000| Untracked 
| 233|0x000000070f500000, 0x000000070f500000, 0x000000070f600000|  0%| F|  |TAMS 0x000000070f500000, 0x000000070f500000| Untracked 
| 234|0x000000070f600000, 0x000000070f600000, 0x000000070f700000|  0%| F|  |TAMS 0x000000070f600000, 0x000000070f600000| Untracked 
| 235|0x000000070f700000, 0x000000070f700000, 0x000000070f800000|  0%| F|  |TAMS 0x000000070f700000, 0x000000070f700000| Untracked 
| 236|0x000000070f800000, 0x000000070f800000, 0x000000070f900000|  0%| F|  |TAMS 0x000000070f800000, 0x000000070f800000| Untracked 
| 237|0x000000070f900000, 0x000000070f900000, 0x000000070fa00000|  0%| F|  |TAMS 0x000000070f900000, 0x000000070f900000| Untracked 
| 238|0x000000070fa00000, 0x000000070fa00000, 0x000000070fb00000|  0%| F|  |TAMS 0x000000070fa00000, 0x000000070fa00000| Untracked 
| 239|0x000000070fb00000, 0x000000070fb00000, 0x000000070fc00000|  0%| F|  |TAMS 0x000000070fb00000, 0x000000070fb00000| Untracked 
| 240|0x000000070fc00000, 0x000000070fc00000, 0x000000070fd00000|  0%| F|  |TAMS 0x000000070fc00000, 0x000000070fc00000| Untracked 
| 241|0x000000070fd00000, 0x000000070fd00000, 0x000000070fe00000|  0%| F|  |TAMS 0x000000070fd00000, 0x000000070fd00000| Untracked 
| 242|0x000000070fe00000, 0x000000070fe00000, 0x000000070ff00000|  0%| F|  |TAMS 0x000000070fe00000, 0x000000070fe00000| Untracked 
| 243|0x000000070ff00000, 0x000000070ff00000, 0x0000000710000000|  0%| F|  |TAMS 0x000000070ff00000, 0x000000070ff00000| Untracked 
| 244|0x0000000710000000, 0x0000000710000000, 0x0000000710100000|  0%| F|  |TAMS 0x0000000710000000, 0x0000000710000000| Untracked 
| 245|0x0000000710100000, 0x0000000710200000, 0x0000000710200000|100%| E|  |TAMS 0x0000000710100000, 0x0000000710100000| Complete 
| 246|0x0000000710200000, 0x0000000710300000, 0x0000000710300000|100%| E|CS|TAMS 0x0000000710200000, 0x0000000710200000| Complete 
| 247|0x0000000710300000, 0x0000000710400000, 0x0000000710400000|100%| E|CS|TAMS 0x0000000710300000, 0x0000000710300000| Complete 
| 248|0x0000000710400000, 0x0000000710500000, 0x0000000710500000|100%| E|CS|TAMS 0x0000000710400000, 0x0000000710400000| Complete 
| 249|0x0000000710500000, 0x0000000710600000, 0x0000000710600000|100%| E|CS|TAMS 0x0000000710500000, 0x0000000710500000| Complete 
| 250|0x0000000710600000, 0x0000000710700000, 0x0000000710700000|100%| E|CS|TAMS 0x0000000710600000, 0x0000000710600000| Complete 
| 251|0x0000000710700000, 0x0000000710800000, 0x0000000710800000|100%| E|CS|TAMS 0x0000000710700000, 0x0000000710700000| Complete 
| 252|0x0000000710800000, 0x0000000710900000, 0x0000000710900000|100%| E|CS|TAMS 0x0000000710800000, 0x0000000710800000| Complete 
| 253|0x0000000710900000, 0x0000000710a00000, 0x0000000710a00000|100%| E|CS|TAMS 0x0000000710900000, 0x0000000710900000| Complete 
| 254|0x0000000710a00000, 0x0000000710b00000, 0x0000000710b00000|100%| E|CS|TAMS 0x0000000710a00000, 0x0000000710a00000| Complete 
| 255|0x0000000710b00000, 0x0000000710c00000, 0x0000000710c00000|100%| E|CS|TAMS 0x0000000710b00000, 0x0000000710b00000| Complete 

Card table byte_map: [0x000002713aa30000,0x000002713b230000] _byte_map_base: 0x000002713722a000

Marking Bits (Prev, Next): (CMBitMap*) 0x00000271224017e8, (CMBitMap*) 0x0000027122401828
 Prev Bits: [0x000002713ba30000, 0x000002713fa00000)
 Next Bits: [0x000002713fa00000, 0x00000271439d0000)

Polling page: 0x0000027121b60000

Metaspace:

Usage:
  Non-class:      5.94 MB capacity,     3.25 MB ( 55%) used,     2.68 MB ( 45%) free+waste,     5.38 KB ( <1%) overhead. 
      Class:    648.00 KB capacity,   337.92 KB ( 52%) used,   307.39 KB ( 47%) free+waste,     2.69 KB ( <1%) overhead. 
       Both:      6.57 MB capacity,     3.58 MB ( 54%) used,     2.98 MB ( 45%) free+waste,     8.06 KB ( <1%) overhead. 

Virtual space:
  Non-class space:        8.00 MB reserved,       6.00 MB ( 75%) committed 
      Class space:        1.00 GB reserved,     768.00 KB ( <1%) committed 
             Both:        1.01 GB reserved,       6.75 MB ( <1%) committed 

Chunk freelists:
   Non-Class:  0 bytes
       Class:  24.00 KB
        Both:  24.00 KB

MaxMetaspaceSize: 17179869184.00 GB
CompressedClassSpaceSize: 1.00 GB

CodeHeap 'non-profiled nmethods': size=119168Kb used=223Kb max_used=223Kb free=118944Kb
 bounds [0x0000027132430000, 0x00000271326a0000, 0x0000027139890000]
CodeHeap 'profiled nmethods': size=119168Kb used=1811Kb max_used=1811Kb free=117357Kb
 bounds [0x000002712afd0000, 0x000002712b240000, 0x0000027132430000]
CodeHeap 'non-nmethods': size=7424Kb used=2902Kb max_used=2909Kb free=4522Kb
 bounds [0x000002712a890000, 0x000002712ab70000, 0x000002712afd0000]
 total_blobs=1765 nmethods=850 adapters=385
 compilation: enabled
              stopped_count=0, restarted_count=0
 full_count=0

Compilation events (20 events):
Event: 1.047 Thread 0x00000271476df000 nmethod 841 0x000002712b189b10 code [0x000002712b189ce0, 0x000002712b18a0f0]
Event: 1.047 Thread 0x00000271476df000  843       3       java.lang.ClassLoader::getNamedPackage (73 bytes)
Event: 1.047 Thread 0x00000271474fc800 nmethod 842 0x000002712b18a290 code [0x000002712b18a480, 0x000002712b18a820]
Event: 1.047 Thread 0x00000271476df000 nmethod 843 0x000002712b18aa10 code [0x000002712b18ac00, 0x000002712b18b210]
Event: 1.047 Thread 0x00000271476df000  844       3       java.net.URI::quote (196 bytes)
Event: 1.047 Thread 0x00000271474fc800  845       3       java.net.URI$Parser::scan (41 bytes)
Event: 1.048 Thread 0x00000271473e1000 nmethod 840 0x000002712b18b410 code [0x000002712b18b780, 0x000002712b18cf10]
Event: 1.048 Thread 0x00000271476e4000 nmethod 839 0x000002712b18d690 code [0x000002712b18da60, 0x000002712b18f1a0]
Event: 1.048 Thread 0x00000271474fc800 nmethod 845 0x000002712b18f990 code [0x000002712b18fbe0, 0x000002712b1905a0]
Event: 1.049 Thread 0x00000271476df000 nmethod 844 0x000002712b190990 code [0x000002712b190d40, 0x000002712b192670]
Event: 1.049 Thread 0x00000271476e4000  846       3       jdk.internal.math.FDBigInteger::mult (64 bytes)
Event: 1.049 Thread 0x00000271473e1000  847       3       jdk.internal.math.FDBigInteger::<init> (30 bytes)
Event: 1.049 Thread 0x00000271474fc800  848       3       jdk.internal.math.FDBigInteger::trimLeadingZeros (57 bytes)
Event: 1.049 Thread 0x00000271476df000  849       3       jdk.internal.math.FDBigInteger::makeImmutable (6 bytes)
Event: 1.049 Thread 0x00000271476df000 nmethod 849 0x000002712b192f90 code [0x000002712b193120, 0x000002712b193298]
Event: 1.049 Thread 0x00000271476e4000 nmethod 846 0x000002712b193310 code [0x000002712b1934c0, 0x000002712b193798]
Event: 1.049 Thread 0x00000271476df000  850       3       jdk.internal.math.FDBigInteger::mult (44 bytes)
Event: 1.049 Thread 0x00000271473e1000 nmethod 847 0x000002712b193990 code [0x000002712b193b40, 0x000002712b193dd0]
Event: 1.049 Thread 0x00000271474fc800 nmethod 848 0x000002712b193f10 code [0x000002712b1940c0, 0x000002712b194438]
Event: 1.049 Thread 0x00000271476df000 nmethod 850 0x000002712b194590 code [0x000002712b194760, 0x000002712b194b00]

GC Heap History (0 events):
No events

Deoptimization events (12 events):
Event: 0.078 Thread 0x0000027122396000 Uncommon trap: trap_request=0xffffff45 fr.pc=0x000002713243542c relative=0x000000000000020c
Event: 0.078 Thread 0x0000027122396000 Uncommon trap: reason=unstable_if action=reinterpret pc=0x000002713243542c method=java.lang.String.hashCode()I @ 13 c2
Event: 0.078 Thread 0x0000027122396000 DEOPT PACKING pc=0x000002713243542c sp=0x0000007c083fda30
Event: 0.078 Thread 0x0000027122396000 DEOPT UNPACKING pc=0x000002712a8d912f sp=0x0000007c083fd9c8 mode 2
Event: 0.107 Thread 0x0000027122396000 Uncommon trap: trap_request=0xffffff45 fr.pc=0x0000027132439510 relative=0x0000000000000070
Event: 0.107 Thread 0x0000027122396000 Uncommon trap: reason=unstable_if action=reinterpret pc=0x0000027132439510 method=java.io.WinNTFileSystem.isSlash(C)Z @ 9 c2
Event: 0.107 Thread 0x0000027122396000 DEOPT PACKING pc=0x0000027132439510 sp=0x0000007c083fede0
Event: 0.107 Thread 0x0000027122396000 DEOPT UNPACKING pc=0x000002712a8d912f sp=0x0000007c083fed68 mode 2
Event: 0.222 Thread 0x0000027122396000 DEOPT PACKING pc=0x000002712affa05f sp=0x0000007c083fcd40
Event: 0.222 Thread 0x0000027122396000 DEOPT UNPACKING pc=0x000002712a8d964e sp=0x0000007c083fc190 mode 0
Event: 0.330 Thread 0x0000027122396000 DEOPT PACKING pc=0x000002712b0eb5f4 sp=0x0000007c083f2700
Event: 0.330 Thread 0x0000027122396000 DEOPT UNPACKING pc=0x000002712a8d964e sp=0x0000007c083f1b58 mode 0

Classes unloaded (0 events):
No events

Classes redefined (0 events):
No events

Internal exceptions (4 events):
Event: 0.113 Thread 0x0000027122396000 Exception <a 'java/lang/NoSuchMethodError'{0x000000071075bf98}: 'int java.lang.invoke.DirectMethodHandle$Holder.invokeStaticInit(java.lang.Object, java.lang.Object, java.lang.Object, java.lang.Object)'> (0x000000071075bf98) 
thrown [t:/workspace/open/src/hotspot/share/interpreter/linkResolver.cpp, line 767]
Event: 0.114 Thread 0x0000027122396000 Exception <a 'java/lang/IncompatibleClassChangeError'{0x0000000710765790}: Found class java.lang.Object, but interface was expected> (0x0000000710765790) 
thrown [t:/workspace/open/src/hotspot/share/interpreter/linkResolver.cpp, line 833]
Event: 0.114 Thread 0x0000027122396000 Exception <a 'java/lang/NoSuchMethodError'{0x0000000710768728}: 'void java.lang.invoke.DirectMethodHandle$Holder.invokeStaticInit(java.lang.Object, java.lang.Object)'> (0x0000000710768728) 
thrown [t:/workspace/open/src/hotspot/share/interpreter/linkResolver.cpp, line 767]
Event: 0.115 Thread 0x0000027122396000 Exception <a 'java/lang/NoSuchMethodError'{0x000000071076de40}: 'int java.lang.invoke.DirectMethodHandle$Holder.invokeStaticInit(java.lang.Object, java.lang.Object)'> (0x000000071076de40) 
thrown [t:/workspace/open/src/hotspot/share/interpreter/linkResolver.cpp, line 767]

Events (20 events):
Event: 1.046 loading class org/bytedeco/javacpp/helper/opencv_core$AbstractCvMat$1
Event: 1.046 loading class org/bytedeco/javacpp/helper/opencv_core$AbstractCvMat$1 done
Event: 1.047 loading class org/bytedeco/javacpp/helper/opencv_core$AbstractCvMat$2
Event: 1.047 loading class org/bytedeco/javacpp/helper/opencv_core$AbstractCvMat$2 done
Event: 1.048 loading class jdk/internal/math/FloatingDecimal
Event: 1.048 loading class jdk/internal/math/FloatingDecimal done
Event: 1.048 loading class jdk/internal/math/FloatingDecimal$ExceptionalBinaryToASCIIBuffer
Event: 1.048 loading class jdk/internal/math/FloatingDecimal$BinaryToASCIIConverter
Event: 1.048 loading class jdk/internal/math/FloatingDecimal$BinaryToASCIIConverter done
Event: 1.048 loading class jdk/internal/math/FloatingDecimal$ExceptionalBinaryToASCIIBuffer done
Event: 1.048 loading class jdk/internal/math/FloatingDecimal$BinaryToASCIIBuffer
Event: 1.048 loading class jdk/internal/math/FloatingDecimal$BinaryToASCIIBuffer done
Event: 1.048 loading class jdk/internal/math/FloatingDecimal$1
Event: 1.048 loading class jdk/internal/math/FloatingDecimal$1 done
Event: 1.048 loading class jdk/internal/math/FloatingDecimal$PreparedASCIIToBinaryBuffer
Event: 1.048 loading class jdk/internal/math/FloatingDecimal$ASCIIToBinaryConverter
Event: 1.048 loading class jdk/internal/math/FloatingDecimal$ASCIIToBinaryConverter done
Event: 1.048 loading class jdk/internal/math/FloatingDecimal$PreparedASCIIToBinaryBuffer done
Event: 1.048 loading class jdk/internal/math/FDBigInteger
Event: 1.048 loading class jdk/internal/math/FDBigInteger done


Dynamic libraries:
0x00007ff6eb460000 - 0x00007ff6eb46f000 	C:\Program Files\Java\jdk-13\bin\java.exe
0x00007ffd27660000 - 0x00007ffd27850000 	C:\WINDOWS\SYSTEM32\ntdll.dll
0x00007ffd27560000 - 0x00007ffd27612000 	C:\WINDOWS\System32\KERNEL32.DLL
0x00007ffd24e90000 - 0x00007ffd25133000 	C:\WINDOWS\System32\KERNELBASE.dll
0x00007ffd25220000 - 0x00007ffd2531a000 	C:\WINDOWS\System32\ucrtbase.dll
0x00007ffd21690000 - 0x00007ffd216a8000 	C:\Program Files\Java\jdk-13\bin\jli.dll
0x00007ffd1f7e0000 - 0x00007ffd1f7f5000 	C:\Program Files\Java\jdk-13\bin\VCRUNTIME140.dll
0x00007ffd26ec0000 - 0x00007ffd26f63000 	C:\WINDOWS\System32\ADVAPI32.dll
0x00007ffd25710000 - 0x00007ffd257ae000 	C:\WINDOWS\System32\msvcrt.dll
0x00007ffd270e0000 - 0x00007ffd27177000 	C:\WINDOWS\System32\sechost.dll
0x00007ffd25970000 - 0x00007ffd25a90000 	C:\WINDOWS\System32\RPCRT4.dll
0x00007ffd27210000 - 0x00007ffd273a4000 	C:\WINDOWS\System32\USER32.dll
0x00007ffd1cf40000 - 0x00007ffd1d1c5000 	C:\WINDOWS\WinSxS\amd64_microsoft.windows.common-controls_6595b64144ccf1df_6.0.18362.418_none_e6c6b287130d565d\COMCTL32.dll
0x00007ffd25170000 - 0x00007ffd25191000 	C:\WINDOWS\System32\win32u.dll
0x00007ffd271e0000 - 0x00007ffd27206000 	C:\WINDOWS\System32\GDI32.dll
0x00007ffd26650000 - 0x00007ffd26986000 	C:\WINDOWS\System32\combase.dll
0x00007ffd25320000 - 0x00007ffd254b4000 	C:\WINDOWS\System32\gdi32full.dll
0x00007ffd251a0000 - 0x00007ffd25220000 	C:\WINDOWS\System32\bcryptPrimitives.dll
0x00007ffd24df0000 - 0x00007ffd24e8e000 	C:\WINDOWS\System32\msvcp_win.dll
0x00007ffd1fc40000 - 0x00007ffd1fc4a000 	C:\WINDOWS\SYSTEM32\VERSION.dll
0x00007ffd26f70000 - 0x00007ffd26f9e000 	C:\WINDOWS\System32\IMM32.DLL
0x00007ffcf4d60000 - 0x00007ffcf4dfb000 	C:\Program Files\Java\jdk-13\bin\msvcp140.dll
0x00007ffcf60d0000 - 0x00007ffcf6c36000 	C:\Program Files\Java\jdk-13\bin\server\jvm.dll
0x00007ffd26990000 - 0x00007ffd26998000 	C:\WINDOWS\System32\PSAPI.DLL
0x00007ffd15230000 - 0x00007ffd15239000 	C:\WINDOWS\SYSTEM32\WSOCK32.dll
0x00007ffd22050000 - 0x00007ffd22074000 	C:\WINDOWS\SYSTEM32\WINMM.dll
0x00007ffd26fa0000 - 0x00007ffd2700f000 	C:\WINDOWS\System32\WS2_32.dll
0x00007ffd22020000 - 0x00007ffd2204d000 	C:\WINDOWS\SYSTEM32\winmmbase.dll
0x00007ffd254c0000 - 0x00007ffd2550a000 	C:\WINDOWS\System32\cfgmgr32.dll
0x00007ffd245d0000 - 0x00007ffd245e1000 	C:\WINDOWS\System32\kernel.appcore.dll
0x00007ffd216d0000 - 0x00007ffd216e0000 	C:\Program Files\Java\jdk-13\bin\verify.dll
0x00007ffd12750000 - 0x00007ffd12944000 	C:\WINDOWS\SYSTEM32\DBGHELP.DLL
0x00007ffd12720000 - 0x00007ffd1274a000 	C:\WINDOWS\SYSTEM32\dbgcore.DLL
0x00007ffd1f7b0000 - 0x00007ffd1f7d6000 	C:\Program Files\Java\jdk-13\bin\java.dll
0x00007ffd1d6a0000 - 0x00007ffd1d6b7000 	C:\Program Files\Java\jdk-13\bin\zip.dll
0x00007ffd216b0000 - 0x00007ffd216ba000 	C:\Program Files\Java\jdk-13\bin\jimage.dll
0x00007ffd25db0000 - 0x00007ffd26495000 	C:\WINDOWS\System32\SHELL32.dll
0x00007ffd26540000 - 0x00007ffd265e9000 	C:\WINDOWS\System32\shcore.dll
0x00007ffd245f0000 - 0x00007ffd24d6f000 	C:\WINDOWS\System32\windows.storage.dll
0x00007ffd24540000 - 0x00007ffd2455f000 	C:\WINDOWS\System32\profapi.dll
0x00007ffd24560000 - 0x00007ffd245aa000 	C:\WINDOWS\System32\powrprof.dll
0x00007ffd24530000 - 0x00007ffd24540000 	C:\WINDOWS\System32\UMPDC.dll
0x00007ffd27180000 - 0x00007ffd271d2000 	C:\WINDOWS\System32\shlwapi.dll
0x00007ffd24dd0000 - 0x00007ffd24de7000 	C:\WINDOWS\System32\cryptsp.dll
0x00007ffd14830000 - 0x00007ffd14849000 	C:\Program Files\Java\jdk-13\bin\net.dll
0x00007ffd17ca0000 - 0x00007ffd17e76000 	C:\WINDOWS\SYSTEM32\urlmon.dll
0x00007ffd1d3a0000 - 0x00007ffd1d490000 	C:\WINDOWS\SYSTEM32\WINHTTP.dll
0x00007ffd18a20000 - 0x00007ffd18cc6000 	C:\WINDOWS\SYSTEM32\iertutil.dll
0x00007ffd23f70000 - 0x00007ffd23f7c000 	C:\WINDOWS\SYSTEM32\CRYPTBASE.DLL
0x00007ffd23da0000 - 0x00007ffd23e07000 	C:\WINDOWS\system32\mswsock.dll
0x00007ffd147d0000 - 0x00007ffd147e3000 	C:\Program Files\Java\jdk-13\bin\nio.dll
0x00007ffd11980000 - 0x00007ffd11a6f000 	C:\Users\Salim\AppData\Local\Temp\javacpp35240823257800\msvcr120.dll
0x00007ffcf5070000 - 0x00007ffcf5116000 	C:\Users\Salim\AppData\Local\Temp\javacpp35240823257800\msvcp120.dll
0x00007ffcddf40000 - 0x00007ffcde1b9000 	C:\Users\Salim\AppData\Local\Temp\javacpp35240823257800\opencv_core310.dll
0x00007ffcd5b40000 - 0x00007ffcd5e81000 	C:\Users\Salim\AppData\Local\Temp\javacpp35240823257800\opencv_imgproc310.dll
0x00007ffcd5340000 - 0x00007ffcd5538000 	C:\Users\Salim\AppData\Local\Temp\javacpp35240823257800\jniopencv_core.dll
0x00007ffcde230000 - 0x00007ffcde2d6000 	C:\Users\Salim\AppData\Local\Temp\javacpp35240823257800\jniopencv_imgproc.dll
0x00007ffcd5070000 - 0x00007ffcd5338000 	C:\Users\Salim\AppData\Local\Temp\javacpp35240823257800\opencv_imgcodecs310.dll
0x00007ffd15d40000 - 0x00007ffd15d5c000 	C:\Users\Salim\AppData\Local\Temp\javacpp35240823257800\jniopencv_imgcodecs.dll

dbghelp: loaded successfully - version: 4.0.5 - missing functions: none
symbol engine: initialized successfully - sym options: 0x614 - pdb path: .;C:\Program Files\Java\jdk-13\bin;C:\WINDOWS\SYSTEM32;C:\WINDOWS\WinSxS\amd64_microsoft.windows.common-controls_6595b64144ccf1df_6.0.18362.418_none_e6c6b287130d565d;C:\Program Files\Java\jdk-13\bin\server;C:\Users\Salim\AppData\Local\Temp\javacpp35240823257800

VM Arguments:
java_command: com.mycompany.readreceipt.Main
java_class_path (initial): C:\Users\Salim\Documents\NetBeansProjects\ReadReceipt\target\classes;C:\Users\Salim\.m2\repository\org\bytedeco\javacv\1.2\javacv-1.2.jar;C:\Users\Salim\.m2\repository\org\bytedeco\javacpp\1.2\javacpp-1.2.jar;C:\Users\Salim\.m2\repository\org\bytedeco\javacpp-presets\opencv\3.1.0-1.2\opencv-3.1.0-1.2.jar;C:\Users\Salim\.m2\repository\org\bytedeco\javacpp-presets\opencv\3.1.0-1.2\opencv-3.1.0-1.2-windows-x86_64.jar;C:\Users\Salim\.m2\repository\org\bytedeco\javacpp-presets\ffmpeg\3.0.2-1.2\ffmpeg-3.0.2-1.2.jar;C:\Users\Salim\.m2\repository\org\bytedeco\javacpp-presets\ffmpeg\3.0.2-1.2\ffmpeg-3.0.2-1.2-windows-x86_64.jar;C:\Users\Salim\.m2\repository\org\bytedeco\javacpp-presets\flycapture\2.9.3.43-1.2\flycapture-2.9.3.43-1.2.jar;C:\Users\Salim\.m2\repository\org\bytedeco\javacpp-presets\flycapture\2.9.3.43-1.2\flycapture-2.9.3.43-1.2-windows-x86_64.jar;C:\Users\Salim\.m2\repository\org\bytedeco\javacpp-presets\libdc1394\2.2.4-1.2\libdc1394-2.2.4-1.2.jar;C:\Users\Salim\.m2\repository\org\bytedeco\javacpp-presets\libdc1394\2.2.4-1.2\libdc1394-2.2.4-1.2-windows-x86_64.jar;C:\Users\Salim\.m2\repository\org\bytedeco\javacpp-presets\libfreenect\0.5.3-1.2\libfreenect-0.5.3-1.2.jar;C:\Users\Salim\.m2\repository\org\bytedeco\javacpp-presets\libfreenect\0.5.3-1.2\libfreenect-0.5.3-1.2-windows-x86_64.jar;C:\Users\Salim\.m2\repository\org\bytedeco\javacpp-presets\videoinput\0.200-1.2\videoinput-0.200-1.2.jar;C:\Users\Salim\.m2\repository\org\bytedeco\javacpp-presets\videoinput\0.200-1.2\videoinput-0.200-1.2-windows-x86_64.jar;C:\Users\Salim\.m2\repository\org\bytedeco\javacpp-presets\artoolkitplus\2.3.1-1.2\artoolkitplus-2.3.1-1.2.jar;C:\Users\Salim\.m2\repository\org\bytedeco\javacpp-presets\artoolkitplus\2.3.1-1.2\artoolkitplus-2.3.1-1.2-windows-x86_64.jar;C:\Users\Salim\.m2\repository\org\bytedeco\javacpp-presets\flandmark\1.07-1.2\flandmark-1.07-1.2.jar;C:\Users\Salim\.m2\repository\org\bytedeco\javacpp-presets\flandmark\1.07-1.2\flandmark-1.07-1
Launcher Type: SUN_STANDARD

[Global flags]
     intx CICompilerCount                          = 12                                        {product} {ergonomic}
     uint ConcGCThreads                            = 3                                         {product} {ergonomic}
     uint G1ConcRefinementThreads                  = 13                                        {product} {ergonomic}
   size_t G1HeapRegionSize                         = 1048576                                   {product} {ergonomic}
    uintx GCDrainStackTargetSize                   = 64                                        {product} {ergonomic}
   size_t InitialHeapSize                          = 268435456                                 {product} {ergonomic}
   size_t MarkStackSize                            = 4194304                                   {product} {ergonomic}
   size_t MaxHeapSize                              = 4282384384                                {product} {ergonomic}
   size_t MaxNewSize                               = 2569011200                                {product} {ergonomic}
   size_t MinHeapDeltaBytes                        = 1048576                                   {product} {ergonomic}
   size_t MinHeapSize                              = 8388608                                   {product} {ergonomic}
    uintx NonNMethodCodeHeapSize                   = 7594288                                {pd product} {ergonomic}
    uintx NonProfiledCodeHeapSize                  = 122031976                              {pd product} {ergonomic}
    uintx ProfiledCodeHeapSize                     = 122031976                              {pd product} {ergonomic}
    uintx ReservedCodeCacheSize                    = 251658240                              {pd product} {ergonomic}
     bool SegmentedCodeCache                       = true                                      {product} {ergonomic}
   size_t SoftMaxHeapSize                          = 4282384384                             {manageable} {ergonomic}
     bool UseCompressedClassPointers               = true                                 {lp64_product} {ergonomic}
     bool UseCompressedOops                        = true                                 {lp64_product} {ergonomic}
     bool UseG1GC                                  = true                                      {product} {ergonomic}
     bool UseLargePagesIndividualAllocation        = false                                  {pd product} {ergonomic}

Logging:
Log output configuration:
 #0: stdout all=warning uptime,level,tags
 #1: stderr all=off uptime,level,tags

Environment Variables:
JAVA_HOME=C:\Program Files\Java\jdk-13
PATH=;C:\Program Files (x86)\Common Files\Oracle\Java\javapath;C:\WINDOWS\system32;C:\WINDOWS;C:\WINDOWS\System32\Wbem;C:\WINDOWS\System32\WindowsPowerShell\v1.0\;C:\WINDOWS\System32\OpenSSH\;C:\Program Files (x86)\NVIDIA Corporation\PhysX\Common;C:\Program Files\Git\cmd;"C:\Program Files\Java\jdk1.8.0_60\bin;";C:\Users\Salim\AppData\Local\Microsoft\WindowsApps;
USERNAME=Salim
OS=Windows_NT
PROCESSOR_IDENTIFIER=AMD64 Family 23 Model 8 Stepping 2, AuthenticAMD



---------------  S Y S T E M  ---------------

OS: Windows 10 , 64 bit Build 18362 (10.0.18362.329)

CPU:total 16 (initial active 16) (16 cores per cpu, 2 threads per core) family 23 model 8 stepping 2, cmov, cx8, fxsr, mmx, sse, sse2, sse3, ssse3, sse4.1, sse4.2, popcnt, avx, avx2, aes, clmul, mmxext, 3dnowpref, lzcnt, sse4a, ht, tsc, tscinvbit, tscinv, bmi1, bmi2, adx, sha, fma

Memory: 4k page, system-wide physical 16335M (8423M free)
TotalPageFile size 18767M (AvailPageFile size 7318M)
current process WorkingSet (physical memory assigned to process): 130M, peak: 130M
current process commit charge ("private bytes"): 442M, peak: 442M

vm_info: Java HotSpot(TM) 64-Bit Server VM (13+33) for windows-amd64 JRE (13+33), built on Sep 18 2019 21:38:00 by "mach5one" with unknown MS VC++:1916

END.
