#
# A fatal error has been detected by the Java Runtime Environment:
#
#  EXCEPTION_ACCESS_VIOLATION (0xc0000005) at pc=0x0000000068a1a557, pid=138516, tid=138452
#
# JRE version: Java(TM) SE Runtime Environment (13.0+33) (build 13+33)
# Java VM: Java HotSpot(TM) 64-Bit Server VM (13+33, mixed mode, sharing, tiered, compressed oops, g1 gc, windows-amd64)
# Problematic frame:
# C  [libtesseract-3.dll+0x1a557]
#
# No core dump will be written. Minidumps are not enabled by default on client versions of Windows
#
# If you would like to submit a bug report, please visit:
#   http://bugreport.java.com/bugreport/crash.jsp
# The crash happened outside the Java Virtual Machine in native code.
# See problematic frame for where to report the bug.
#

---------------  S U M M A R Y ------------

Command Line: -Djava.library.path=C:\opencv\build\java\x64 Main

Host: AMD Ryzen 7 2700X Eight-Core Processor         , 16 cores, 15G,  Windows 10 , 64 bit Build 18362 (10.0.18362.329)
Time: Sun Oct 20 08:04:18 2019 Türkiye Standart Saati elapsed time: 1 seconds (0d 0h 0m 1s)

---------------  T H R E A D  ---------------

Current thread (0x000001eae075a000):  JavaThread "main" [_thread_in_native, id=138452, stack(0x000000b9c5900000,0x000000b9c5a00000)]

Stack: [0x000000b9c5900000,0x000000b9c5a00000],  sp=0x000000b9c59ff330,  free space=1020k
Native frames: (J=compiled Java code, j=interpreted, Vv=VM code, C=native code)
C  [libtesseract-3.dll+0x1a557]

Java frames: (J=compiled Java code, j=interpreted, Vv=VM code)
j  org.bytedeco.javacpp.tesseract$TessBaseAPI.GetUTF8Text()Lorg/bytedeco/javacpp/BytePointer;+0
j  ReceiptScannerImpl.getStringFromImage(Ljava/lang/String;)Ljava/lang/String;+95
j  Main.main([Ljava/lang/String;)V+11
v  ~StubRoutines::call_stub

siginfo: EXCEPTION_ACCESS_VIOLATION (0xc0000005), reading address 0x000000000000000c


Register to memory mapping:

RIP=0x0000000068a1a557 libtesseract-3.dll
RAX=0x0 is NULL
RBX=0x000000b9c59ff3a0 is pointing into the stack for thread: 0x000001eae075a000
RCX=0x0 is NULL
RDX=0x0 is NULL
RSP=0x000000b9c59ff330 is pointing into the stack for thread: 0x000001eae075a000
RBP=0x0 is NULL
RSI=0x000001ea896dda50 points into unknown readable memory: 10 b1 c4 68 00 00 00 00
RDI=0x000001ea89767cb0 points into unknown readable memory: 00 00 00 00 00 00 00 00
R8 =0x0 is NULL
R9 =0x0 is NULL
R10=0xe47260615e737764 is an unknown value
R11=0x8101010101010100 is an unknown value
R12=0x0 is NULL
R13=0x0 is NULL
R14=0x000000b9c59ff6d8 is pointing into the stack for thread: 0x000001eae075a000
R15=0x000001eae075a000 is a thread


Registers:
RAX=0x0000000000000000, RBX=0x000000b9c59ff3a0, RCX=0x0000000000000000, RDX=0x0000000000000000
RSP=0x000000b9c59ff330, RBP=0x0000000000000000, RSI=0x000001ea896dda50, RDI=0x000001ea89767cb0
R8 =0x0000000000000000, R9 =0x0000000000000000, R10=0xe47260615e737764, R11=0x8101010101010100
R12=0x0000000000000000, R13=0x0000000000000000, R14=0x000000b9c59ff6d8, R15=0x000001eae075a000
RIP=0x0000000068a1a557, EFLAGS=0x0000000000010246

Top of Stack: (sp=0x000000b9c59ff330)
0x000000b9c59ff330:   0000000000000000 0000000000000000
0x000000b9c59ff340:   000001ea89bd8d10 000001ea89555ef0
0x000000b9c59ff350:   000001ea89bd8d10 000001ea89bd9d60
0x000000b9c59ff360:   0000000000000000 000000b9c59ff3b0
0x000000b9c59ff370:   000001ea89556520 000001ea89565640
0x000000b9c59ff380:   0000000000000000 0000000068b81ccf
0x000000b9c59ff390:   000001ea89767cb0 0000000000000000
0x000000b9c59ff3a0:   000001ea89767cb0 0000000000000000
0x000000b9c59ff3b0:   0000000000000000 0000000000000000
0x000000b9c59ff3c0:   000001ea89712de0 000001ea89565640
0x000000b9c59ff3d0:   000001ea89bd9d60 000001ea897379c0
0x000000b9c59ff3e0:   000001ea89565400 000001ea89bd9d60
0x000000b9c59ff3f0:   000001ea89767cb8 000001ea89bd9d60
0x000000b9c59ff400:   000001ea89bd9d60 000001ea89bd9d60
0x000000b9c59ff410:   0000000000000000 000001ea89bd9d60
0x000000b9c59ff420:   000000b9c59ff400 000001ea89bd9d88 

Instructions: (pc=0x0000000068a1a557)
0x0000000068a1a457:   d7 01 00 00 31 d2 48 89 d9 e8 3b 67 16 00 4c 8d
0x0000000068a1a467:   64 24 40 4c 8d 7f 40 eb 6b 48 8b 90 e8 00 00 00
0x0000000068a1a477:   80 7a 4c 0a 0f 84 82 00 00 00 48 8b 88 00 01 00
0x0000000068a1a487:   00 48 85 c9 74 41 48 81 c1 a0 00 00 00 e8 07 c1
0x0000000068a1a497:   18 00 85 c0 7e 31 48 8b 84 24 90 00 00 00 4c 89
0x0000000068a1a4a7:   e1 48 8b 90 00 01 00 00 48 81 c2 a0 00 00 00 e8
0x0000000068a1a4b7:   65 be 18 00 4c 89 e2 4c 89 f9 e8 0a 57 1a 00 4c
0x0000000068a1a4c7:   89 e1 e8 92 bf 18 00 45 31 c0 31 d2 48 89 d9 e8
0x0000000068a1a4d7:   35 63 16 00 48 8b 84 24 90 00 00 00 48 85 c0 74
0x0000000068a1a4e7:   48 48 8b 50 08 f6 42 13 02 0f 84 7a ff ff ff 48
0x0000000068a1a4f7:   89 da 48 89 f1 e8 2f bc ff ff eb cb 83 86 14 4c
0x0000000068a1a507:   00 00 01 e9 72 ff ff ff 90 4c 89 f1 88 44 24 3f
0x0000000068a1a517:   e8 e4 8e 1a 00 0f b6 44 24 3f e9 54 fc ff ff 66
0x0000000068a1a527:   2e 0f 1f 84 00 00 00 00 00 4c 89 f1 e8 c8 8e 1a
0x0000000068a1a537:   00 83 bc 24 e8 01 00 00 01 0f 84 2f fc ff ff e9
0x0000000068a1a547:   f1 fa ff ff 0f 1f 44 00 00 48 8b 86 40 0b 00 00
0x0000000068a1a557:   80 78 0c 00 0f 84 c1 fd ff ff 48 89 f1 e8 e7 7a
0x0000000068a1a567:   10 00 e9 b4 fd ff ff 48 89 fa 48 89 f1 e8 a7 72
0x0000000068a1a577:   ff ff e9 4f fb ff ff 48 89 fa 48 89 f1 e8 77 9f
0x0000000068a1a587:   ff ff e9 fc fa ff ff 48 89 fa 48 89 f1 e8 97 95
0x0000000068a1a597:   ff ff e9 df fa ff ff 8b 8e 28 4c 00 00 85 c9 0f
0x0000000068a1a5a7:   8e ca fc ff ff 48 8b 96 30 4c 00 00 48 8b 02 83
0x0000000068a1a5b7:   b8 6c 1e 00 00 01 0f 85 e7 fb ff ff 44 8d 41 ff
0x0000000068a1a5c7:   48 8d 42 08 4e 8d 44 c2 08 eb 14 48 8b 10 48 83
0x0000000068a1a5d7:   c0 08 83 ba 6c 1e 00 00 01 0f 85 c4 fb ff ff 4c
0x0000000068a1a5e7:   39 c0 75 e7 e9 86 fc ff ff 80 be 92 31 00 00 00
0x0000000068a1a5f7:   0f 85 fb fa ff ff 8b 96 44 1e 00 00 48 8d 8e f0
0x0000000068a1a607:   3d 00 00 49 89 f8 e8 6e de 0c 00 31 d2 48 89 d9
0x0000000068a1a617:   e8 84 65 16 00 48 8b 84 24 90 00 00 00 48 85 c0
0x0000000068a1a627:   0f 85 05 fb ff ff e9 43 fb ff ff 4c 89 f1 88 44
0x0000000068a1a637:   24 3f e8 c2 8d 1a 00 0f b6 44 24 3f e9 32 fb ff
0x0000000068a1a647:   ff 48 89 fa 48 89 f1 e8 ed 11 00 00 e9 5d fa ff 


Stack slot to memory mapping:
stack at sp + 0 slots: 0x0 is NULL
stack at sp + 1 slots: 0x0 is NULL
stack at sp + 2 slots: 0x000001ea89bd8d10 points into unknown readable memory: 80 6e 76 89 ea 01 00 00
stack at sp + 3 slots: 0x000001ea89555ef0 points into unknown readable memory: 40 56 56 89 ea 01 00 00
stack at sp + 4 slots: 0x000001ea89bd8d10 points into unknown readable memory: 80 6e 76 89 ea 01 00 00
stack at sp + 5 slots: 0x000001ea89bd9d60 points into unknown readable memory: 60 9d bd 89 ea 01 00 00
stack at sp + 6 slots: 0x0 is NULL
stack at sp + 7 slots: 0x000000b9c59ff3b0 is pointing into the stack for thread: 0x000001eae075a000


---------------  P R O C E S S  ---------------

Threads class SMR info:
_java_thread_list=0x000001ea884c4020, length=11, elements={
0x000001eae075a000, 0x000001ea86915000, 0x000001ea86918000, 0x000001ea86930800,
0x000001ea86933800, 0x000001ea86939000, 0x000001ea86947800, 0x000001ea878a5000,
0x000001ea86942800, 0x000001ea87b3d800, 0x000001ea87b4a800
}

Java Threads: ( => current thread )
=>0x000001eae075a000 JavaThread "main" [_thread_in_native, id=138452, stack(0x000000b9c5900000,0x000000b9c5a00000)]
  0x000001ea86915000 JavaThread "Reference Handler" daemon [_thread_blocked, id=138708, stack(0x000000b9c6000000,0x000000b9c6100000)]
  0x000001ea86918000 JavaThread "Finalizer" daemon [_thread_blocked, id=138704, stack(0x000000b9c6100000,0x000000b9c6200000)]
  0x000001ea86930800 JavaThread "Signal Dispatcher" daemon [_thread_blocked, id=138616, stack(0x000000b9c6200000,0x000000b9c6300000)]
  0x000001ea86933800 JavaThread "Attach Listener" daemon [_thread_blocked, id=138776, stack(0x000000b9c6300000,0x000000b9c6400000)]
  0x000001ea86939000 JavaThread "C2 CompilerThread0" daemon [_thread_blocked, id=138508, stack(0x000000b9c6400000,0x000000b9c6500000)]
  0x000001ea86947800 JavaThread "C1 CompilerThread0" daemon [_thread_blocked, id=138780, stack(0x000000b9c6500000,0x000000b9c6600000)]
  0x000001ea878a5000 JavaThread "Sweeper thread" daemon [_thread_blocked, id=138724, stack(0x000000b9c6600000,0x000000b9c6700000)]
  0x000001ea86942800 JavaThread "C1 CompilerThread1" daemon [_thread_blocked, id=138828, stack(0x000000b9c6700000,0x000000b9c6800000)]
  0x000001ea87b3d800 JavaThread "Service Thread" daemon [_thread_blocked, id=138772, stack(0x000000b9c6800000,0x000000b9c6900000)]
  0x000001ea87b4a800 JavaThread "Common-Cleaner" daemon [_thread_blocked, id=138832, stack(0x000000b9c6a00000,0x000000b9c6b00000)]

Other Threads:
  0x000001ea86911000 VMThread "VM Thread" [stack: 0x000000b9c5f00000,0x000000b9c6000000] [id=138488]
  0x000001ea87b49800 WatcherThread [stack: 0x000000b9c6900000,0x000000b9c6a00000] [id=138744]
  0x000001eae088b000 GCTaskThread "GC Thread#0" [stack: 0x000000b9c5a00000,0x000000b9c5b00000] [id=138468]
  0x000001ea88463800 GCTaskThread "GC Thread#1" [stack: 0x000000b9c6b00000,0x000000b9c6c00000] [id=138428]
  0x000001ea8835c000 GCTaskThread "GC Thread#2" [stack: 0x000000b9c6c00000,0x000000b9c6d00000] [id=134572]
  0x000001ea8835c800 GCTaskThread "GC Thread#3" [stack: 0x000000b9c6d00000,0x000000b9c6e00000] [id=129560]
  0x000001ea8881d000 GCTaskThread "GC Thread#4" [stack: 0x000000b9c6e00000,0x000000b9c6f00000] [id=138424]
  0x000001ea8881d800 GCTaskThread "GC Thread#5" [stack: 0x000000b9c6f00000,0x000000b9c7000000] [id=138432]
  0x000001eae08ac800 ConcurrentGCThread "G1 Main Marker" [stack: 0x000000b9c5b00000,0x000000b9c5c00000] [id=138880]
  0x000001eae08ae000 ConcurrentGCThread "G1 Conc#0" [stack: 0x000000b9c5c00000,0x000000b9c5d00000] [id=138564]
  0x000001ea86864800 ConcurrentGCThread "G1 Refine#0" [stack: 0x000000b9c5d00000,0x000000b9c5e00000] [id=138480]
  0x000001ea86866800 ConcurrentGCThread "G1 Young RemSet Sampling" [stack: 0x000000b9c5e00000,0x000000b9c5f00000] [id=138740]

Threads with active compile tasks:

VM state:not at safepoint (normal execution)

VM Mutex/Monitor currently owned by a thread: None

Heap address: 0x0000000700c00000, size: 4084 MB, Compressed Oops mode: Zero based, Oop shift amount: 3
Narrow klass base: 0x0000000800000000, Narrow klass shift: 3
Compressed class space size: 1073741824 Address: 0x0000000800b40000

Heap:
 garbage-first heap   total 262144K, used 92516K [0x0000000700c00000, 0x0000000800000000)
  region size 1024K, 91 young (93184K), 3 survivors (3072K)
 Metaspace       used 3500K, capacity 6611K, committed 6784K, reserved 1056768K
  class space    used 214K, capacity 540K, committed 640K, reserved 1048576K
Heap Regions: E=young(eden), S=young(survivor), O=old, HS=humongous(starts), HC=humongous(continues), CS=collection set, F=free, A=archive, TAMS=top-at-mark-start (previous, next)
|   0|0x0000000700c00000, 0x0000000700c00000, 0x0000000700d00000|  0%| F|  |TAMS 0x0000000700c00000, 0x0000000700c00000| Untracked 
|   1|0x0000000700d00000, 0x0000000700d59200, 0x0000000700e00000| 34%| O|  |TAMS 0x0000000700d00000, 0x0000000700d00000| Untracked 
|   2|0x0000000700e00000, 0x0000000700e00000, 0x0000000700f00000|  0%| F|  |TAMS 0x0000000700e00000, 0x0000000700e00000| Untracked 
|   3|0x0000000700f00000, 0x0000000700f00000, 0x0000000701000000|  0%| F|  |TAMS 0x0000000700f00000, 0x0000000700f00000| Untracked 
|   4|0x0000000701000000, 0x0000000701000000, 0x0000000701100000|  0%| F|  |TAMS 0x0000000701000000, 0x0000000701000000| Untracked 
|   5|0x0000000701100000, 0x0000000701100000, 0x0000000701200000|  0%| F|  |TAMS 0x0000000701100000, 0x0000000701100000| Untracked 
|   6|0x0000000701200000, 0x0000000701200000, 0x0000000701300000|  0%| F|  |TAMS 0x0000000701200000, 0x0000000701200000| Untracked 
|   7|0x0000000701300000, 0x0000000701300000, 0x0000000701400000|  0%| F|  |TAMS 0x0000000701300000, 0x0000000701300000| Untracked 
|   8|0x0000000701400000, 0x0000000701400000, 0x0000000701500000|  0%| F|  |TAMS 0x0000000701400000, 0x0000000701400000| Untracked 
|   9|0x0000000701500000, 0x0000000701500000, 0x0000000701600000|  0%| F|  |TAMS 0x0000000701500000, 0x0000000701500000| Untracked 
|  10|0x0000000701600000, 0x0000000701600000, 0x0000000701700000|  0%| F|  |TAMS 0x0000000701600000, 0x0000000701600000| Untracked 
|  11|0x0000000701700000, 0x0000000701700000, 0x0000000701800000|  0%| F|  |TAMS 0x0000000701700000, 0x0000000701700000| Untracked 
|  12|0x0000000701800000, 0x0000000701800000, 0x0000000701900000|  0%| F|  |TAMS 0x0000000701800000, 0x0000000701800000| Untracked 
|  13|0x0000000701900000, 0x0000000701900000, 0x0000000701a00000|  0%| F|  |TAMS 0x0000000701900000, 0x0000000701900000| Untracked 
|  14|0x0000000701a00000, 0x0000000701a00000, 0x0000000701b00000|  0%| F|  |TAMS 0x0000000701a00000, 0x0000000701a00000| Untracked 
|  15|0x0000000701b00000, 0x0000000701b00000, 0x0000000701c00000|  0%| F|  |TAMS 0x0000000701b00000, 0x0000000701b00000| Untracked 
|  16|0x0000000701c00000, 0x0000000701c00000, 0x0000000701d00000|  0%| F|  |TAMS 0x0000000701c00000, 0x0000000701c00000| Untracked 
|  17|0x0000000701d00000, 0x0000000701d00000, 0x0000000701e00000|  0%| F|  |TAMS 0x0000000701d00000, 0x0000000701d00000| Untracked 
|  18|0x0000000701e00000, 0x0000000701e00000, 0x0000000701f00000|  0%| F|  |TAMS 0x0000000701e00000, 0x0000000701e00000| Untracked 
|  19|0x0000000701f00000, 0x0000000701f00000, 0x0000000702000000|  0%| F|  |TAMS 0x0000000701f00000, 0x0000000701f00000| Untracked 
|  20|0x0000000702000000, 0x0000000702000000, 0x0000000702100000|  0%| F|  |TAMS 0x0000000702000000, 0x0000000702000000| Untracked 
|  21|0x0000000702100000, 0x0000000702100000, 0x0000000702200000|  0%| F|  |TAMS 0x0000000702100000, 0x0000000702100000| Untracked 
|  22|0x0000000702200000, 0x0000000702200000, 0x0000000702300000|  0%| F|  |TAMS 0x0000000702200000, 0x0000000702200000| Untracked 
|  23|0x0000000702300000, 0x0000000702300000, 0x0000000702400000|  0%| F|  |TAMS 0x0000000702300000, 0x0000000702300000| Untracked 
|  24|0x0000000702400000, 0x0000000702400000, 0x0000000702500000|  0%| F|  |TAMS 0x0000000702400000, 0x0000000702400000| Untracked 
|  25|0x0000000702500000, 0x0000000702500000, 0x0000000702600000|  0%| F|  |TAMS 0x0000000702500000, 0x0000000702500000| Untracked 
|  26|0x0000000702600000, 0x0000000702600000, 0x0000000702700000|  0%| F|  |TAMS 0x0000000702600000, 0x0000000702600000| Untracked 
|  27|0x0000000702700000, 0x0000000702700000, 0x0000000702800000|  0%| F|  |TAMS 0x0000000702700000, 0x0000000702700000| Untracked 
|  28|0x0000000702800000, 0x0000000702800000, 0x0000000702900000|  0%| F|  |TAMS 0x0000000702800000, 0x0000000702800000| Untracked 
|  29|0x0000000702900000, 0x0000000702900000, 0x0000000702a00000|  0%| F|  |TAMS 0x0000000702900000, 0x0000000702900000| Untracked 
|  30|0x0000000702a00000, 0x0000000702a00000, 0x0000000702b00000|  0%| F|  |TAMS 0x0000000702a00000, 0x0000000702a00000| Untracked 
|  31|0x0000000702b00000, 0x0000000702b00000, 0x0000000702c00000|  0%| F|  |TAMS 0x0000000702b00000, 0x0000000702b00000| Untracked 
|  32|0x0000000702c00000, 0x0000000702c00000, 0x0000000702d00000|  0%| F|  |TAMS 0x0000000702c00000, 0x0000000702c00000| Untracked 
|  33|0x0000000702d00000, 0x0000000702d00000, 0x0000000702e00000|  0%| F|  |TAMS 0x0000000702d00000, 0x0000000702d00000| Untracked 
|  34|0x0000000702e00000, 0x0000000702e00000, 0x0000000702f00000|  0%| F|  |TAMS 0x0000000702e00000, 0x0000000702e00000| Untracked 
|  35|0x0000000702f00000, 0x0000000702f00000, 0x0000000703000000|  0%| F|  |TAMS 0x0000000702f00000, 0x0000000702f00000| Untracked 
|  36|0x0000000703000000, 0x0000000703000000, 0x0000000703100000|  0%| F|  |TAMS 0x0000000703000000, 0x0000000703000000| Untracked 
|  37|0x0000000703100000, 0x0000000703100000, 0x0000000703200000|  0%| F|  |TAMS 0x0000000703100000, 0x0000000703100000| Untracked 
|  38|0x0000000703200000, 0x0000000703200000, 0x0000000703300000|  0%| F|  |TAMS 0x0000000703200000, 0x0000000703200000| Untracked 
|  39|0x0000000703300000, 0x0000000703300000, 0x0000000703400000|  0%| F|  |TAMS 0x0000000703300000, 0x0000000703300000| Untracked 
|  40|0x0000000703400000, 0x0000000703400000, 0x0000000703500000|  0%| F|  |TAMS 0x0000000703400000, 0x0000000703400000| Untracked 
|  41|0x0000000703500000, 0x0000000703500000, 0x0000000703600000|  0%| F|  |TAMS 0x0000000703500000, 0x0000000703500000| Untracked 
|  42|0x0000000703600000, 0x0000000703600000, 0x0000000703700000|  0%| F|  |TAMS 0x0000000703600000, 0x0000000703600000| Untracked 
|  43|0x0000000703700000, 0x0000000703700000, 0x0000000703800000|  0%| F|  |TAMS 0x0000000703700000, 0x0000000703700000| Untracked 
|  44|0x0000000703800000, 0x0000000703800000, 0x0000000703900000|  0%| F|  |TAMS 0x0000000703800000, 0x0000000703800000| Untracked 
|  45|0x0000000703900000, 0x0000000703900000, 0x0000000703a00000|  0%| F|  |TAMS 0x0000000703900000, 0x0000000703900000| Untracked 
|  46|0x0000000703a00000, 0x0000000703a00000, 0x0000000703b00000|  0%| F|  |TAMS 0x0000000703a00000, 0x0000000703a00000| Untracked 
|  47|0x0000000703b00000, 0x0000000703b00000, 0x0000000703c00000|  0%| F|  |TAMS 0x0000000703b00000, 0x0000000703b00000| Untracked 
|  48|0x0000000703c00000, 0x0000000703c00000, 0x0000000703d00000|  0%| F|  |TAMS 0x0000000703c00000, 0x0000000703c00000| Untracked 
|  49|0x0000000703d00000, 0x0000000703d00000, 0x0000000703e00000|  0%| F|  |TAMS 0x0000000703d00000, 0x0000000703d00000| Untracked 
|  50|0x0000000703e00000, 0x0000000703e00000, 0x0000000703f00000|  0%| F|  |TAMS 0x0000000703e00000, 0x0000000703e00000| Untracked 
|  51|0x0000000703f00000, 0x0000000703f00000, 0x0000000704000000|  0%| F|  |TAMS 0x0000000703f00000, 0x0000000703f00000| Untracked 
|  52|0x0000000704000000, 0x0000000704000000, 0x0000000704100000|  0%| F|  |TAMS 0x0000000704000000, 0x0000000704000000| Untracked 
|  53|0x0000000704100000, 0x0000000704100000, 0x0000000704200000|  0%| F|  |TAMS 0x0000000704100000, 0x0000000704100000| Untracked 
|  54|0x0000000704200000, 0x0000000704200000, 0x0000000704300000|  0%| F|  |TAMS 0x0000000704200000, 0x0000000704200000| Untracked 
|  55|0x0000000704300000, 0x0000000704300000, 0x0000000704400000|  0%| F|  |TAMS 0x0000000704300000, 0x0000000704300000| Untracked 
|  56|0x0000000704400000, 0x0000000704400000, 0x0000000704500000|  0%| F|  |TAMS 0x0000000704400000, 0x0000000704400000| Untracked 
|  57|0x0000000704500000, 0x0000000704500000, 0x0000000704600000|  0%| F|  |TAMS 0x0000000704500000, 0x0000000704500000| Untracked 
|  58|0x0000000704600000, 0x0000000704600000, 0x0000000704700000|  0%| F|  |TAMS 0x0000000704600000, 0x0000000704600000| Untracked 
|  59|0x0000000704700000, 0x0000000704700000, 0x0000000704800000|  0%| F|  |TAMS 0x0000000704700000, 0x0000000704700000| Untracked 
|  60|0x0000000704800000, 0x0000000704800000, 0x0000000704900000|  0%| F|  |TAMS 0x0000000704800000, 0x0000000704800000| Untracked 
|  61|0x0000000704900000, 0x0000000704900000, 0x0000000704a00000|  0%| F|  |TAMS 0x0000000704900000, 0x0000000704900000| Untracked 
|  62|0x0000000704a00000, 0x0000000704a00000, 0x0000000704b00000|  0%| F|  |TAMS 0x0000000704a00000, 0x0000000704a00000| Untracked 
|  63|0x0000000704b00000, 0x0000000704b00000, 0x0000000704c00000|  0%| F|  |TAMS 0x0000000704b00000, 0x0000000704b00000| Untracked 
|  64|0x0000000704c00000, 0x0000000704c00000, 0x0000000704d00000|  0%| F|  |TAMS 0x0000000704c00000, 0x0000000704c00000| Untracked 
|  65|0x0000000704d00000, 0x0000000704d00000, 0x0000000704e00000|  0%| F|  |TAMS 0x0000000704d00000, 0x0000000704d00000| Untracked 
|  66|0x0000000704e00000, 0x0000000704e00000, 0x0000000704f00000|  0%| F|  |TAMS 0x0000000704e00000, 0x0000000704e00000| Untracked 
|  67|0x0000000704f00000, 0x0000000704f00000, 0x0000000705000000|  0%| F|  |TAMS 0x0000000704f00000, 0x0000000704f00000| Untracked 
|  68|0x0000000705000000, 0x0000000705000000, 0x0000000705100000|  0%| F|  |TAMS 0x0000000705000000, 0x0000000705000000| Untracked 
|  69|0x0000000705100000, 0x0000000705100000, 0x0000000705200000|  0%| F|  |TAMS 0x0000000705100000, 0x0000000705100000| Untracked 
|  70|0x0000000705200000, 0x0000000705200000, 0x0000000705300000|  0%| F|  |TAMS 0x0000000705200000, 0x0000000705200000| Untracked 
|  71|0x0000000705300000, 0x0000000705300000, 0x0000000705400000|  0%| F|  |TAMS 0x0000000705300000, 0x0000000705300000| Untracked 
|  72|0x0000000705400000, 0x0000000705400000, 0x0000000705500000|  0%| F|  |TAMS 0x0000000705400000, 0x0000000705400000| Untracked 
|  73|0x0000000705500000, 0x0000000705500000, 0x0000000705600000|  0%| F|  |TAMS 0x0000000705500000, 0x0000000705500000| Untracked 
|  74|0x0000000705600000, 0x0000000705600000, 0x0000000705700000|  0%| F|  |TAMS 0x0000000705600000, 0x0000000705600000| Untracked 
|  75|0x0000000705700000, 0x0000000705700000, 0x0000000705800000|  0%| F|  |TAMS 0x0000000705700000, 0x0000000705700000| Untracked 
|  76|0x0000000705800000, 0x0000000705800000, 0x0000000705900000|  0%| F|  |TAMS 0x0000000705800000, 0x0000000705800000| Untracked 
|  77|0x0000000705900000, 0x0000000705900000, 0x0000000705a00000|  0%| F|  |TAMS 0x0000000705900000, 0x0000000705900000| Untracked 
|  78|0x0000000705a00000, 0x0000000705a00000, 0x0000000705b00000|  0%| F|  |TAMS 0x0000000705a00000, 0x0000000705a00000| Untracked 
|  79|0x0000000705b00000, 0x0000000705b00000, 0x0000000705c00000|  0%| F|  |TAMS 0x0000000705b00000, 0x0000000705b00000| Untracked 
|  80|0x0000000705c00000, 0x0000000705c00000, 0x0000000705d00000|  0%| F|  |TAMS 0x0000000705c00000, 0x0000000705c00000| Untracked 
|  81|0x0000000705d00000, 0x0000000705d00000, 0x0000000705e00000|  0%| F|  |TAMS 0x0000000705d00000, 0x0000000705d00000| Untracked 
|  82|0x0000000705e00000, 0x0000000705e00000, 0x0000000705f00000|  0%| F|  |TAMS 0x0000000705e00000, 0x0000000705e00000| Untracked 
|  83|0x0000000705f00000, 0x0000000705f00000, 0x0000000706000000|  0%| F|  |TAMS 0x0000000705f00000, 0x0000000705f00000| Untracked 
|  84|0x0000000706000000, 0x0000000706000000, 0x0000000706100000|  0%| F|  |TAMS 0x0000000706000000, 0x0000000706000000| Untracked 
|  85|0x0000000706100000, 0x0000000706100000, 0x0000000706200000|  0%| F|  |TAMS 0x0000000706100000, 0x0000000706100000| Untracked 
|  86|0x0000000706200000, 0x0000000706200000, 0x0000000706300000|  0%| F|  |TAMS 0x0000000706200000, 0x0000000706200000| Untracked 
|  87|0x0000000706300000, 0x0000000706300000, 0x0000000706400000|  0%| F|  |TAMS 0x0000000706300000, 0x0000000706300000| Untracked 
|  88|0x0000000706400000, 0x0000000706400000, 0x0000000706500000|  0%| F|  |TAMS 0x0000000706400000, 0x0000000706400000| Untracked 
|  89|0x0000000706500000, 0x0000000706500000, 0x0000000706600000|  0%| F|  |TAMS 0x0000000706500000, 0x0000000706500000| Untracked 
|  90|0x0000000706600000, 0x0000000706600000, 0x0000000706700000|  0%| F|  |TAMS 0x0000000706600000, 0x0000000706600000| Untracked 
|  91|0x0000000706700000, 0x0000000706700000, 0x0000000706800000|  0%| F|  |TAMS 0x0000000706700000, 0x0000000706700000| Untracked 
|  92|0x0000000706800000, 0x0000000706800000, 0x0000000706900000|  0%| F|  |TAMS 0x0000000706800000, 0x0000000706800000| Untracked 
|  93|0x0000000706900000, 0x0000000706900000, 0x0000000706a00000|  0%| F|  |TAMS 0x0000000706900000, 0x0000000706900000| Untracked 
|  94|0x0000000706a00000, 0x0000000706a00000, 0x0000000706b00000|  0%| F|  |TAMS 0x0000000706a00000, 0x0000000706a00000| Untracked 
|  95|0x0000000706b00000, 0x0000000706b00000, 0x0000000706c00000|  0%| F|  |TAMS 0x0000000706b00000, 0x0000000706b00000| Untracked 
|  96|0x0000000706c00000, 0x0000000706c00000, 0x0000000706d00000|  0%| F|  |TAMS 0x0000000706c00000, 0x0000000706c00000| Untracked 
|  97|0x0000000706d00000, 0x0000000706d00000, 0x0000000706e00000|  0%| F|  |TAMS 0x0000000706d00000, 0x0000000706d00000| Untracked 
|  98|0x0000000706e00000, 0x0000000706e00000, 0x0000000706f00000|  0%| F|  |TAMS 0x0000000706e00000, 0x0000000706e00000| Untracked 
|  99|0x0000000706f00000, 0x0000000706f00000, 0x0000000707000000|  0%| F|  |TAMS 0x0000000706f00000, 0x0000000706f00000| Untracked 
| 100|0x0000000707000000, 0x0000000707000000, 0x0000000707100000|  0%| F|  |TAMS 0x0000000707000000, 0x0000000707000000| Untracked 
| 101|0x0000000707100000, 0x0000000707100000, 0x0000000707200000|  0%| F|  |TAMS 0x0000000707100000, 0x0000000707100000| Untracked 
| 102|0x0000000707200000, 0x0000000707200000, 0x0000000707300000|  0%| F|  |TAMS 0x0000000707200000, 0x0000000707200000| Untracked 
| 103|0x0000000707300000, 0x0000000707300000, 0x0000000707400000|  0%| F|  |TAMS 0x0000000707300000, 0x0000000707300000| Untracked 
| 104|0x0000000707400000, 0x0000000707400000, 0x0000000707500000|  0%| F|  |TAMS 0x0000000707400000, 0x0000000707400000| Untracked 
| 105|0x0000000707500000, 0x0000000707500000, 0x0000000707600000|  0%| F|  |TAMS 0x0000000707500000, 0x0000000707500000| Untracked 
| 106|0x0000000707600000, 0x0000000707600000, 0x0000000707700000|  0%| F|  |TAMS 0x0000000707600000, 0x0000000707600000| Untracked 
| 107|0x0000000707700000, 0x0000000707700000, 0x0000000707800000|  0%| F|  |TAMS 0x0000000707700000, 0x0000000707700000| Untracked 
| 108|0x0000000707800000, 0x0000000707800000, 0x0000000707900000|  0%| F|  |TAMS 0x0000000707800000, 0x0000000707800000| Untracked 
| 109|0x0000000707900000, 0x0000000707900000, 0x0000000707a00000|  0%| F|  |TAMS 0x0000000707900000, 0x0000000707900000| Untracked 
| 110|0x0000000707a00000, 0x0000000707a00000, 0x0000000707b00000|  0%| F|  |TAMS 0x0000000707a00000, 0x0000000707a00000| Untracked 
| 111|0x0000000707b00000, 0x0000000707b00000, 0x0000000707c00000|  0%| F|  |TAMS 0x0000000707b00000, 0x0000000707b00000| Untracked 
| 112|0x0000000707c00000, 0x0000000707c00000, 0x0000000707d00000|  0%| F|  |TAMS 0x0000000707c00000, 0x0000000707c00000| Untracked 
| 113|0x0000000707d00000, 0x0000000707d00000, 0x0000000707e00000|  0%| F|  |TAMS 0x0000000707d00000, 0x0000000707d00000| Untracked 
| 114|0x0000000707e00000, 0x0000000707e00000, 0x0000000707f00000|  0%| F|  |TAMS 0x0000000707e00000, 0x0000000707e00000| Untracked 
| 115|0x0000000707f00000, 0x0000000707f00000, 0x0000000708000000|  0%| F|  |TAMS 0x0000000707f00000, 0x0000000707f00000| Untracked 
| 116|0x0000000708000000, 0x0000000708000000, 0x0000000708100000|  0%| F|  |TAMS 0x0000000708000000, 0x0000000708000000| Untracked 
| 117|0x0000000708100000, 0x0000000708100000, 0x0000000708200000|  0%| F|  |TAMS 0x0000000708100000, 0x0000000708100000| Untracked 
| 118|0x0000000708200000, 0x0000000708200000, 0x0000000708300000|  0%| F|  |TAMS 0x0000000708200000, 0x0000000708200000| Untracked 
| 119|0x0000000708300000, 0x0000000708300000, 0x0000000708400000|  0%| F|  |TAMS 0x0000000708300000, 0x0000000708300000| Untracked 
| 120|0x0000000708400000, 0x0000000708400000, 0x0000000708500000|  0%| F|  |TAMS 0x0000000708400000, 0x0000000708400000| Untracked 
| 121|0x0000000708500000, 0x0000000708500000, 0x0000000708600000|  0%| F|  |TAMS 0x0000000708500000, 0x0000000708500000| Untracked 
| 122|0x0000000708600000, 0x0000000708600000, 0x0000000708700000|  0%| F|  |TAMS 0x0000000708600000, 0x0000000708600000| Untracked 
| 123|0x0000000708700000, 0x0000000708700000, 0x0000000708800000|  0%| F|  |TAMS 0x0000000708700000, 0x0000000708700000| Untracked 
| 124|0x0000000708800000, 0x0000000708800000, 0x0000000708900000|  0%| F|  |TAMS 0x0000000708800000, 0x0000000708800000| Untracked 
| 125|0x0000000708900000, 0x0000000708900000, 0x0000000708a00000|  0%| F|  |TAMS 0x0000000708900000, 0x0000000708900000| Untracked 
| 126|0x0000000708a00000, 0x0000000708a00000, 0x0000000708b00000|  0%| F|  |TAMS 0x0000000708a00000, 0x0000000708a00000| Untracked 
| 127|0x0000000708b00000, 0x0000000708b00000, 0x0000000708c00000|  0%| F|  |TAMS 0x0000000708b00000, 0x0000000708b00000| Untracked 
| 128|0x0000000708c00000, 0x0000000708c00000, 0x0000000708d00000|  0%| F|  |TAMS 0x0000000708c00000, 0x0000000708c00000| Untracked 
| 129|0x0000000708d00000, 0x0000000708d00000, 0x0000000708e00000|  0%| F|  |TAMS 0x0000000708d00000, 0x0000000708d00000| Untracked 
| 130|0x0000000708e00000, 0x0000000708e00000, 0x0000000708f00000|  0%| F|  |TAMS 0x0000000708e00000, 0x0000000708e00000| Untracked 
| 131|0x0000000708f00000, 0x0000000708f00000, 0x0000000709000000|  0%| F|  |TAMS 0x0000000708f00000, 0x0000000708f00000| Untracked 
| 132|0x0000000709000000, 0x0000000709000000, 0x0000000709100000|  0%| F|  |TAMS 0x0000000709000000, 0x0000000709000000| Untracked 
| 133|0x0000000709100000, 0x0000000709100000, 0x0000000709200000|  0%| F|  |TAMS 0x0000000709100000, 0x0000000709100000| Untracked 
| 134|0x0000000709200000, 0x0000000709200000, 0x0000000709300000|  0%| F|  |TAMS 0x0000000709200000, 0x0000000709200000| Untracked 
| 135|0x0000000709300000, 0x0000000709300000, 0x0000000709400000|  0%| F|  |TAMS 0x0000000709300000, 0x0000000709300000| Untracked 
| 136|0x0000000709400000, 0x0000000709400000, 0x0000000709500000|  0%| F|  |TAMS 0x0000000709400000, 0x0000000709400000| Untracked 
| 137|0x0000000709500000, 0x0000000709500000, 0x0000000709600000|  0%| F|  |TAMS 0x0000000709500000, 0x0000000709500000| Untracked 
| 138|0x0000000709600000, 0x0000000709600000, 0x0000000709700000|  0%| F|  |TAMS 0x0000000709600000, 0x0000000709600000| Untracked 
| 139|0x0000000709700000, 0x0000000709700000, 0x0000000709800000|  0%| F|  |TAMS 0x0000000709700000, 0x0000000709700000| Untracked 
| 140|0x0000000709800000, 0x0000000709800000, 0x0000000709900000|  0%| F|  |TAMS 0x0000000709800000, 0x0000000709800000| Untracked 
| 141|0x0000000709900000, 0x0000000709900000, 0x0000000709a00000|  0%| F|  |TAMS 0x0000000709900000, 0x0000000709900000| Untracked 
| 142|0x0000000709a00000, 0x0000000709a00000, 0x0000000709b00000|  0%| F|  |TAMS 0x0000000709a00000, 0x0000000709a00000| Untracked 
| 143|0x0000000709b00000, 0x0000000709b00000, 0x0000000709c00000|  0%| F|  |TAMS 0x0000000709b00000, 0x0000000709b00000| Untracked 
| 144|0x0000000709c00000, 0x0000000709c00000, 0x0000000709d00000|  0%| F|  |TAMS 0x0000000709c00000, 0x0000000709c00000| Untracked 
| 145|0x0000000709d00000, 0x0000000709d00000, 0x0000000709e00000|  0%| F|  |TAMS 0x0000000709d00000, 0x0000000709d00000| Untracked 
| 146|0x0000000709e00000, 0x0000000709e00000, 0x0000000709f00000|  0%| F|  |TAMS 0x0000000709e00000, 0x0000000709e00000| Untracked 
| 147|0x0000000709f00000, 0x0000000709f00000, 0x000000070a000000|  0%| F|  |TAMS 0x0000000709f00000, 0x0000000709f00000| Untracked 
| 148|0x000000070a000000, 0x000000070a000000, 0x000000070a100000|  0%| F|  |TAMS 0x000000070a000000, 0x000000070a000000| Untracked 
| 149|0x000000070a100000, 0x000000070a100000, 0x000000070a200000|  0%| F|  |TAMS 0x000000070a100000, 0x000000070a100000| Untracked 
| 150|0x000000070a200000, 0x000000070a200000, 0x000000070a300000|  0%| F|  |TAMS 0x000000070a200000, 0x000000070a200000| Untracked 
| 151|0x000000070a300000, 0x000000070a300000, 0x000000070a400000|  0%| F|  |TAMS 0x000000070a300000, 0x000000070a300000| Untracked 
| 152|0x000000070a400000, 0x000000070a400000, 0x000000070a500000|  0%| F|  |TAMS 0x000000070a400000, 0x000000070a400000| Untracked 
| 153|0x000000070a500000, 0x000000070a500000, 0x000000070a600000|  0%| F|  |TAMS 0x000000070a500000, 0x000000070a500000| Untracked 
| 154|0x000000070a600000, 0x000000070a600000, 0x000000070a700000|  0%| F|  |TAMS 0x000000070a600000, 0x000000070a600000| Untracked 
| 155|0x000000070a700000, 0x000000070a700000, 0x000000070a800000|  0%| F|  |TAMS 0x000000070a700000, 0x000000070a700000| Untracked 
| 156|0x000000070a800000, 0x000000070a800000, 0x000000070a900000|  0%| F|  |TAMS 0x000000070a800000, 0x000000070a800000| Untracked 
| 157|0x000000070a900000, 0x000000070a900000, 0x000000070aa00000|  0%| F|  |TAMS 0x000000070a900000, 0x000000070a900000| Untracked 
| 158|0x000000070aa00000, 0x000000070aa00000, 0x000000070ab00000|  0%| F|  |TAMS 0x000000070aa00000, 0x000000070aa00000| Untracked 
| 159|0x000000070ab00000, 0x000000070ab00000, 0x000000070ac00000|  0%| F|  |TAMS 0x000000070ab00000, 0x000000070ab00000| Untracked 
| 160|0x000000070ac00000, 0x000000070ac00000, 0x000000070ad00000|  0%| F|  |TAMS 0x000000070ac00000, 0x000000070ac00000| Untracked 
| 161|0x000000070ad00000, 0x000000070ad00000, 0x000000070ae00000|  0%| F|  |TAMS 0x000000070ad00000, 0x000000070ad00000| Untracked 
| 162|0x000000070ae00000, 0x000000070ae00000, 0x000000070af00000|  0%| F|  |TAMS 0x000000070ae00000, 0x000000070ae00000| Untracked 
| 163|0x000000070af00000, 0x000000070af00000, 0x000000070b000000|  0%| F|  |TAMS 0x000000070af00000, 0x000000070af00000| Untracked 
| 164|0x000000070b000000, 0x000000070b000000, 0x000000070b100000|  0%| F|  |TAMS 0x000000070b000000, 0x000000070b000000| Untracked 
| 165|0x000000070b100000, 0x000000070b200000, 0x000000070b200000|100%| E|  |TAMS 0x000000070b100000, 0x000000070b100000| Complete 
| 166|0x000000070b200000, 0x000000070b300000, 0x000000070b300000|100%| E|CS|TAMS 0x000000070b200000, 0x000000070b200000| Complete 
| 167|0x000000070b300000, 0x000000070b400000, 0x000000070b400000|100%| E|CS|TAMS 0x000000070b300000, 0x000000070b300000| Complete 
| 168|0x000000070b400000, 0x000000070b500000, 0x000000070b500000|100%| E|CS|TAMS 0x000000070b400000, 0x000000070b400000| Complete 
| 169|0x000000070b500000, 0x000000070b600000, 0x000000070b600000|100%| E|CS|TAMS 0x000000070b500000, 0x000000070b500000| Complete 
| 170|0x000000070b600000, 0x000000070b700000, 0x000000070b700000|100%| E|CS|TAMS 0x000000070b600000, 0x000000070b600000| Complete 
| 171|0x000000070b700000, 0x000000070b800000, 0x000000070b800000|100%| E|CS|TAMS 0x000000070b700000, 0x000000070b700000| Complete 
| 172|0x000000070b800000, 0x000000070b900000, 0x000000070b900000|100%| E|CS|TAMS 0x000000070b800000, 0x000000070b800000| Complete 
| 173|0x000000070b900000, 0x000000070ba00000, 0x000000070ba00000|100%| E|CS|TAMS 0x000000070b900000, 0x000000070b900000| Complete 
| 174|0x000000070ba00000, 0x000000070bb00000, 0x000000070bb00000|100%| E|CS|TAMS 0x000000070ba00000, 0x000000070ba00000| Complete 
| 175|0x000000070bb00000, 0x000000070bc00000, 0x000000070bc00000|100%| E|CS|TAMS 0x000000070bb00000, 0x000000070bb00000| Complete 
| 176|0x000000070bc00000, 0x000000070bd00000, 0x000000070bd00000|100%| E|CS|TAMS 0x000000070bc00000, 0x000000070bc00000| Complete 
| 177|0x000000070bd00000, 0x000000070be00000, 0x000000070be00000|100%| E|CS|TAMS 0x000000070bd00000, 0x000000070bd00000| Complete 
| 178|0x000000070be00000, 0x000000070bf00000, 0x000000070bf00000|100%| E|CS|TAMS 0x000000070be00000, 0x000000070be00000| Complete 
| 179|0x000000070bf00000, 0x000000070c000000, 0x000000070c000000|100%| E|CS|TAMS 0x000000070bf00000, 0x000000070bf00000| Complete 
| 180|0x000000070c000000, 0x000000070c100000, 0x000000070c100000|100%| E|CS|TAMS 0x000000070c000000, 0x000000070c000000| Complete 
| 181|0x000000070c100000, 0x000000070c200000, 0x000000070c200000|100%| E|CS|TAMS 0x000000070c100000, 0x000000070c100000| Complete 
| 182|0x000000070c200000, 0x000000070c300000, 0x000000070c300000|100%| E|CS|TAMS 0x000000070c200000, 0x000000070c200000| Complete 
| 183|0x000000070c300000, 0x000000070c400000, 0x000000070c400000|100%| E|CS|TAMS 0x000000070c300000, 0x000000070c300000| Complete 
| 184|0x000000070c400000, 0x000000070c500000, 0x000000070c500000|100%| E|CS|TAMS 0x000000070c400000, 0x000000070c400000| Complete 
| 185|0x000000070c500000, 0x000000070c600000, 0x000000070c600000|100%| E|CS|TAMS 0x000000070c500000, 0x000000070c500000| Complete 
| 186|0x000000070c600000, 0x000000070c700000, 0x000000070c700000|100%| E|CS|TAMS 0x000000070c600000, 0x000000070c600000| Complete 
| 187|0x000000070c700000, 0x000000070c800000, 0x000000070c800000|100%| E|CS|TAMS 0x000000070c700000, 0x000000070c700000| Complete 
| 188|0x000000070c800000, 0x000000070c900000, 0x000000070c900000|100%| E|CS|TAMS 0x000000070c800000, 0x000000070c800000| Complete 
| 189|0x000000070c900000, 0x000000070ca00000, 0x000000070ca00000|100%| E|CS|TAMS 0x000000070c900000, 0x000000070c900000| Complete 
| 190|0x000000070ca00000, 0x000000070cb00000, 0x000000070cb00000|100%| E|CS|TAMS 0x000000070ca00000, 0x000000070ca00000| Complete 
| 191|0x000000070cb00000, 0x000000070cc00000, 0x000000070cc00000|100%| E|CS|TAMS 0x000000070cb00000, 0x000000070cb00000| Complete 
| 192|0x000000070cc00000, 0x000000070cd00000, 0x000000070cd00000|100%| E|CS|TAMS 0x000000070cc00000, 0x000000070cc00000| Complete 
| 193|0x000000070cd00000, 0x000000070ce00000, 0x000000070ce00000|100%| E|CS|TAMS 0x000000070cd00000, 0x000000070cd00000| Complete 
| 194|0x000000070ce00000, 0x000000070cf00000, 0x000000070cf00000|100%| E|CS|TAMS 0x000000070ce00000, 0x000000070ce00000| Complete 
| 195|0x000000070cf00000, 0x000000070d000000, 0x000000070d000000|100%| E|CS|TAMS 0x000000070cf00000, 0x000000070cf00000| Complete 
| 196|0x000000070d000000, 0x000000070d100000, 0x000000070d100000|100%| E|CS|TAMS 0x000000070d000000, 0x000000070d000000| Complete 
| 197|0x000000070d100000, 0x000000070d200000, 0x000000070d200000|100%| E|CS|TAMS 0x000000070d100000, 0x000000070d100000| Complete 
| 198|0x000000070d200000, 0x000000070d300000, 0x000000070d300000|100%| E|CS|TAMS 0x000000070d200000, 0x000000070d200000| Complete 
| 199|0x000000070d300000, 0x000000070d400000, 0x000000070d400000|100%| E|CS|TAMS 0x000000070d300000, 0x000000070d300000| Complete 
| 200|0x000000070d400000, 0x000000070d500000, 0x000000070d500000|100%| E|CS|TAMS 0x000000070d400000, 0x000000070d400000| Complete 
| 201|0x000000070d500000, 0x000000070d600000, 0x000000070d600000|100%| E|CS|TAMS 0x000000070d500000, 0x000000070d500000| Complete 
| 202|0x000000070d600000, 0x000000070d700000, 0x000000070d700000|100%| E|CS|TAMS 0x000000070d600000, 0x000000070d600000| Complete 
| 203|0x000000070d700000, 0x000000070d800000, 0x000000070d800000|100%| E|CS|TAMS 0x000000070d700000, 0x000000070d700000| Complete 
| 204|0x000000070d800000, 0x000000070d900000, 0x000000070d900000|100%| E|CS|TAMS 0x000000070d800000, 0x000000070d800000| Complete 
| 205|0x000000070d900000, 0x000000070da00000, 0x000000070da00000|100%| E|CS|TAMS 0x000000070d900000, 0x000000070d900000| Complete 
| 206|0x000000070da00000, 0x000000070db00000, 0x000000070db00000|100%| E|CS|TAMS 0x000000070da00000, 0x000000070da00000| Complete 
| 207|0x000000070db00000, 0x000000070dc00000, 0x000000070dc00000|100%| E|CS|TAMS 0x000000070db00000, 0x000000070db00000| Complete 
| 208|0x000000070dc00000, 0x000000070dd00000, 0x000000070dd00000|100%| E|CS|TAMS 0x000000070dc00000, 0x000000070dc00000| Complete 
| 209|0x000000070dd00000, 0x000000070de00000, 0x000000070de00000|100%| E|CS|TAMS 0x000000070dd00000, 0x000000070dd00000| Complete 
| 210|0x000000070de00000, 0x000000070df00000, 0x000000070df00000|100%| E|CS|TAMS 0x000000070de00000, 0x000000070de00000| Complete 
| 211|0x000000070df00000, 0x000000070e000000, 0x000000070e000000|100%| E|CS|TAMS 0x000000070df00000, 0x000000070df00000| Complete 
| 212|0x000000070e000000, 0x000000070e100000, 0x000000070e100000|100%| E|CS|TAMS 0x000000070e000000, 0x000000070e000000| Complete 
| 213|0x000000070e100000, 0x000000070e200000, 0x000000070e200000|100%| E|CS|TAMS 0x000000070e100000, 0x000000070e100000| Complete 
| 214|0x000000070e200000, 0x000000070e300000, 0x000000070e300000|100%| E|CS|TAMS 0x000000070e200000, 0x000000070e200000| Complete 
| 215|0x000000070e300000, 0x000000070e400000, 0x000000070e400000|100%| E|CS|TAMS 0x000000070e300000, 0x000000070e300000| Complete 
| 216|0x000000070e400000, 0x000000070e500000, 0x000000070e500000|100%| E|CS|TAMS 0x000000070e400000, 0x000000070e400000| Complete 
| 217|0x000000070e500000, 0x000000070e600000, 0x000000070e600000|100%| E|CS|TAMS 0x000000070e500000, 0x000000070e500000| Complete 
| 218|0x000000070e600000, 0x000000070e700000, 0x000000070e700000|100%| E|CS|TAMS 0x000000070e600000, 0x000000070e600000| Complete 
| 219|0x000000070e700000, 0x000000070e800000, 0x000000070e800000|100%| E|CS|TAMS 0x000000070e700000, 0x000000070e700000| Complete 
| 220|0x000000070e800000, 0x000000070e900000, 0x000000070e900000|100%| E|CS|TAMS 0x000000070e800000, 0x000000070e800000| Complete 
| 221|0x000000070e900000, 0x000000070ea00000, 0x000000070ea00000|100%| E|CS|TAMS 0x000000070e900000, 0x000000070e900000| Complete 
| 222|0x000000070ea00000, 0x000000070eb00000, 0x000000070eb00000|100%| E|CS|TAMS 0x000000070ea00000, 0x000000070ea00000| Complete 
| 223|0x000000070eb00000, 0x000000070ec00000, 0x000000070ec00000|100%| E|CS|TAMS 0x000000070eb00000, 0x000000070eb00000| Complete 
| 224|0x000000070ec00000, 0x000000070ed00000, 0x000000070ed00000|100%| E|CS|TAMS 0x000000070ec00000, 0x000000070ec00000| Complete 
| 225|0x000000070ed00000, 0x000000070ee00000, 0x000000070ee00000|100%| E|CS|TAMS 0x000000070ed00000, 0x000000070ed00000| Complete 
| 226|0x000000070ee00000, 0x000000070ef00000, 0x000000070ef00000|100%| E|CS|TAMS 0x000000070ee00000, 0x000000070ee00000| Complete 
| 227|0x000000070ef00000, 0x000000070f000000, 0x000000070f000000|100%| E|CS|TAMS 0x000000070ef00000, 0x000000070ef00000| Complete 
| 228|0x000000070f000000, 0x000000070f100000, 0x000000070f100000|100%| E|CS|TAMS 0x000000070f000000, 0x000000070f000000| Complete 
| 229|0x000000070f100000, 0x000000070f200000, 0x000000070f200000|100%| S|CS|TAMS 0x000000070f100000, 0x000000070f100000| Complete 
| 230|0x000000070f200000, 0x000000070f300000, 0x000000070f300000|100%| S|CS|TAMS 0x000000070f200000, 0x000000070f200000| Complete 
| 231|0x000000070f300000, 0x000000070f400000, 0x000000070f400000|100%| S|CS|TAMS 0x000000070f300000, 0x000000070f300000| Complete 
| 232|0x000000070f400000, 0x000000070f500000, 0x000000070f500000|100%| E|CS|TAMS 0x000000070f400000, 0x000000070f400000| Complete 
| 233|0x000000070f500000, 0x000000070f600000, 0x000000070f600000|100%| E|CS|TAMS 0x000000070f500000, 0x000000070f500000| Complete 
| 234|0x000000070f600000, 0x000000070f700000, 0x000000070f700000|100%| E|CS|TAMS 0x000000070f600000, 0x000000070f600000| Complete 
| 235|0x000000070f700000, 0x000000070f800000, 0x000000070f800000|100%| E|CS|TAMS 0x000000070f700000, 0x000000070f700000| Complete 
| 236|0x000000070f800000, 0x000000070f900000, 0x000000070f900000|100%| E|CS|TAMS 0x000000070f800000, 0x000000070f800000| Complete 
| 237|0x000000070f900000, 0x000000070fa00000, 0x000000070fa00000|100%| E|CS|TAMS 0x000000070f900000, 0x000000070f900000| Complete 
| 238|0x000000070fa00000, 0x000000070fb00000, 0x000000070fb00000|100%| E|CS|TAMS 0x000000070fa00000, 0x000000070fa00000| Complete 
| 239|0x000000070fb00000, 0x000000070fc00000, 0x000000070fc00000|100%| E|CS|TAMS 0x000000070fb00000, 0x000000070fb00000| Complete 
| 240|0x000000070fc00000, 0x000000070fd00000, 0x000000070fd00000|100%| E|CS|TAMS 0x000000070fc00000, 0x000000070fc00000| Complete 
| 241|0x000000070fd00000, 0x000000070fe00000, 0x000000070fe00000|100%| E|CS|TAMS 0x000000070fd00000, 0x000000070fd00000| Complete 
| 242|0x000000070fe00000, 0x000000070ff00000, 0x000000070ff00000|100%| E|CS|TAMS 0x000000070fe00000, 0x000000070fe00000| Complete 
| 243|0x000000070ff00000, 0x0000000710000000, 0x0000000710000000|100%| E|CS|TAMS 0x000000070ff00000, 0x000000070ff00000| Complete 
| 244|0x0000000710000000, 0x0000000710100000, 0x0000000710100000|100%| E|CS|TAMS 0x0000000710000000, 0x0000000710000000| Complete 
| 245|0x0000000710100000, 0x0000000710200000, 0x0000000710200000|100%| E|CS|TAMS 0x0000000710100000, 0x0000000710100000| Complete 
| 246|0x0000000710200000, 0x0000000710300000, 0x0000000710300000|100%| E|CS|TAMS 0x0000000710200000, 0x0000000710200000| Complete 
| 247|0x0000000710300000, 0x0000000710400000, 0x0000000710400000|100%| E|CS|TAMS 0x0000000710300000, 0x0000000710300000| Complete 
| 248|0x0000000710400000, 0x0000000710500000, 0x0000000710500000|100%| E|CS|TAMS 0x0000000710400000, 0x0000000710400000| Complete 
| 249|0x0000000710500000, 0x0000000710600000, 0x0000000710600000|100%| E|CS|TAMS 0x0000000710500000, 0x0000000710500000| Complete 
| 250|0x0000000710600000, 0x0000000710700000, 0x0000000710700000|100%| E|CS|TAMS 0x0000000710600000, 0x0000000710600000| Complete 
| 251|0x0000000710700000, 0x0000000710800000, 0x0000000710800000|100%| E|CS|TAMS 0x0000000710700000, 0x0000000710700000| Complete 
| 252|0x0000000710800000, 0x0000000710900000, 0x0000000710900000|100%| E|CS|TAMS 0x0000000710800000, 0x0000000710800000| Complete 
| 253|0x0000000710900000, 0x0000000710a00000, 0x0000000710a00000|100%| E|CS|TAMS 0x0000000710900000, 0x0000000710900000| Complete 
| 254|0x0000000710a00000, 0x0000000710b00000, 0x0000000710b00000|100%| E|CS|TAMS 0x0000000710a00000, 0x0000000710a00000| Complete 
| 255|0x0000000710b00000, 0x0000000710c00000, 0x0000000710c00000|100%| E|CS|TAMS 0x0000000710b00000, 0x0000000710b00000| Complete 

Card table byte_map: [0x000001eafadf0000,0x000001eafb5f0000] _byte_map_base: 0x000001eaf75ea000

Marking Bits (Prev, Next): (CMBitMap*) 0x000001eae088bba8, (CMBitMap*) 0x000001eae088bbe8
 Prev Bits: [0x000001eafbdf0000, 0x000001eaffdc0000)
 Next Bits: [0x000001ea80000000, 0x000001ea83fd0000)

Polling page: 0x000001eae0650000

Metaspace:

Usage:
  Non-class:      5.93 MB capacity,     3.21 MB ( 54%) used,     2.72 MB ( 46%) free+waste,     4.44 KB ( <1%) overhead. 
      Class:    540.00 KB capacity,   214.92 KB ( 40%) used,   323.27 KB ( 60%) free+waste,     1.81 KB ( <1%) overhead. 
       Both:      6.46 MB capacity,     3.42 MB ( 53%) used,     3.03 MB ( 47%) free+waste,     6.25 KB ( <1%) overhead. 

Virtual space:
  Non-class space:        8.00 MB reserved,       6.00 MB ( 75%) committed 
      Class space:        1.00 GB reserved,     640.00 KB ( <1%) committed 
             Both:        1.01 GB reserved,       6.63 MB ( <1%) committed 

Chunk freelists:
   Non-Class:  9.00 KB
       Class:  4.00 KB
        Both:  13.00 KB

MaxMetaspaceSize: 17179869184.00 GB
CompressedClassSpaceSize: 1.00 GB

CodeHeap 'non-profiled nmethods': size=119168Kb used=367Kb max_used=367Kb free=118801Kb
 bounds [0x000001eaf20a0000, 0x000001eaf2310000, 0x000001eaf9500000]
CodeHeap 'profiled nmethods': size=119168Kb used=1812Kb max_used=1812Kb free=117355Kb
 bounds [0x000001eaeac40000, 0x000001eaeaeb0000, 0x000001eaf20a0000]
CodeHeap 'non-nmethods': size=7424Kb used=1862Kb max_used=1886Kb free=5561Kb
 bounds [0x000001eaea500000, 0x000001eaea770000, 0x000001eaeac40000]
 total_blobs=1973 nmethods=859 adapters=502
 compilation: enabled
              stopped_count=0, restarted_count=0
 full_count=0

Compilation events (20 events):
Event: 1.032 Thread 0x000001ea86947800 nmethod 850 0x000001eaf20f7b90 code [0x000001eaf20f7d20, 0x000001eaf20f7e18]
Event: 1.034 Thread 0x000001ea86947800  851       3       java.io.File::<init> (20 bytes)
Event: 1.034 Thread 0x000001ea86947800 nmethod 851 0x000001eaeadfeb90 code [0x000001eaeadfed40, 0x000001eaeadfefb8]
Event: 1.038 Thread 0x000001ea86947800  852       3       jdk.internal.reflect.ClassFileAssembler::emitByte (11 bytes)
Event: 1.038 Thread 0x000001ea86942800  853       3       jdk.internal.reflect.ByteVectorImpl::add (38 bytes)
Event: 1.038 Thread 0x000001ea86947800 nmethod 852 0x000001eaeadff090 code [0x000001eaeadff240, 0x000001eaeadff450]
Event: 1.038 Thread 0x000001ea86942800 nmethod 853 0x000001eaeadff510 code [0x000001eaeadff6c0, 0x000001eaeadff910]
Event: 1.039 Thread 0x000001ea86942800  854       3       java.util.concurrent.ConcurrentHashMap$Node::<init> (14 bytes)
Event: 1.039 Thread 0x000001ea86942800 nmethod 854 0x000001eaeadffa10 code [0x000001eaeadffbc0, 0x000001eaeadfff38]
Event: 1.042 Thread 0x000001ea86942800  855       3       org.bytedeco.javacpp.ClassProperties::getProperty (30 bytes)
Event: 1.043 Thread 0x000001ea86942800 nmethod 855 0x000001eaeae00010 code [0x000001eaeae00280, 0x000001eaeae00fc0]
Event: 1.048 Thread 0x000001ea86939000 nmethod 840 0x000001eaf20f7e90 code [0x000001eaf20f8160, 0x000001eaf20fa6d8]
Event: 1.048 Thread 0x000001ea86942800  856       3       sun.reflect.generics.parser.SignatureParser::skipIdentifier (67 bytes)
Event: 1.048 Thread 0x000001ea86947800  857   !   3       com.sun.proxy.$Proxy3::link (29 bytes)
Event: 1.048 Thread 0x000001ea86942800 nmethod 856 0x000001eaeae01410 code [0x000001eaeae01620, 0x000001eaeae01c50]
Event: 1.048 Thread 0x000001ea86947800 nmethod 857 0x000001eaeae01e10 code [0x000001eaeae01fe0, 0x000001eaeae02440]
Event: 1.053 Thread 0x000001ea86947800  858       3       java.lang.Class::resolveName (86 bytes)
Event: 1.053 Thread 0x000001ea86942800  859   !   3       java.lang.Class::getResource (92 bytes)
Event: 1.053 Thread 0x000001ea86947800 nmethod 858 0x000001eaeae02610 code [0x000001eaeae02900, 0x000001eaeae036c0]
Event: 1.054 Thread 0x000001ea86942800 nmethod 859 0x000001eaeae03b90 code [0x000001eaeae03e60, 0x000001eaeae04cf0]

GC Heap History (2 events):
Event: 0.724 GC heap before
{Heap before GC invocations=0 (full 0):
 garbage-first heap   total 262144K, used 24576K [0x0000000700c00000, 0x0000000800000000)
  region size 1024K, 24 young (24576K), 0 survivors (0K)
 Metaspace       used 2679K, capacity 6061K, committed 6144K, reserved 1056768K
  class space    used 118K, capacity 443K, committed 512K, reserved 1048576K
}
Event: 0.726 GC heap after
{Heap after GC invocations=1 (full 0):
 garbage-first heap   total 262144K, used 3428K [0x0000000700c00000, 0x0000000800000000)
  region size 1024K, 3 young (3072K), 3 survivors (3072K)
 Metaspace       used 2679K, capacity 6061K, committed 6144K, reserved 1056768K
  class space    used 118K, capacity 443K, committed 512K, reserved 1048576K
}

Deoptimization events (20 events):
Event: 0.180 Thread 0x000001eae075a000 DEOPT PACKING pc=0x000001eaeacb88b2 sp=0x000000b9c59f6ff0
Event: 0.180 Thread 0x000001eae075a000 DEOPT UNPACKING pc=0x000001eaea54964e sp=0x000000b9c59f6458 mode 0
Event: 0.207 Thread 0x000001eae075a000 DEOPT PACKING pc=0x000001eaeac4d624 sp=0x000000b9c59f6cd0
Event: 0.207 Thread 0x000001eae075a000 DEOPT UNPACKING pc=0x000001eaea54964e sp=0x000000b9c59f6168 mode 0
Event: 0.223 Thread 0x000001eae075a000 Uncommon trap: trap_request=0xffffff45 fr.pc=0x000001eaf20baee0 relative=0x0000000000000700
Event: 0.223 Thread 0x000001eae075a000 Uncommon trap: reason=unstable_if action=reinterpret pc=0x000001eaf20baee0 method=java.lang.StringLatin1.toLowerCase(Ljava/lang/String;[BLjava/util/Locale;)Ljava/lang/String; @ 70 c2
Event: 0.223 Thread 0x000001eae075a000 DEOPT PACKING pc=0x000001eaf20baee0 sp=0x000000b9c59fe270
Event: 0.223 Thread 0x000001eae075a000 DEOPT UNPACKING pc=0x000001eaea54912f sp=0x000000b9c59fe210 mode 2
Event: 0.224 Thread 0x000001eae075a000 DEOPT PACKING pc=0x000001eaeac4e3df sp=0x000000b9c59fdec0
Event: 0.224 Thread 0x000001eae075a000 DEOPT UNPACKING pc=0x000001eaea54964e sp=0x000000b9c59fd310 mode 0
Event: 0.306 Thread 0x000001eae075a000 DEOPT PACKING pc=0x000001eaeac87ed2 sp=0x000000b9c59fdad0
Event: 0.306 Thread 0x000001eae075a000 DEOPT UNPACKING pc=0x000001eaea54964e sp=0x000000b9c59fcfa0 mode 0
Event: 0.761 Thread 0x000001eae075a000 DEOPT PACKING pc=0x000001eaeac4dbbb sp=0x000000b9c59fdcc0
Event: 0.761 Thread 0x000001eae075a000 DEOPT UNPACKING pc=0x000001eaea54964e sp=0x000000b9c59fd138 mode 0
Event: 1.015 Thread 0x000001eae075a000 DEOPT PACKING pc=0x000001eaeaca127b sp=0x000000b9c59fcd80
Event: 1.015 Thread 0x000001eae075a000 DEOPT UNPACKING pc=0x000001eaea54964e sp=0x000000b9c59fc2c0 mode 0
Event: 1.015 Thread 0x000001eae075a000 Uncommon trap: trap_request=0xffffff45 fr.pc=0x000001eaf20aa890 relative=0x0000000000000070
Event: 1.015 Thread 0x000001eae075a000 Uncommon trap: reason=unstable_if action=reinterpret pc=0x000001eaf20aa890 method=java.io.WinNTFileSystem.isSlash(C)Z @ 9 c2
Event: 1.015 Thread 0x000001eae075a000 DEOPT PACKING pc=0x000001eaf20aa890 sp=0x000000b9c59fcdc0
Event: 1.015 Thread 0x000001eae075a000 DEOPT UNPACKING pc=0x000001eaea54912f sp=0x000000b9c59fcd48 mode 2

Classes unloaded (0 events):
No events

Classes redefined (0 events):
No events

Internal exceptions (4 events):
Event: 0.236 Thread 0x000001eae075a000 Exception <a 'java/lang/NoSuchMethodError'{0x000000071009cd60}: 'int java.lang.invoke.DirectMethodHandle$Holder.invokeStaticInit(java.lang.Object, java.lang.Object, java.lang.Object, java.lang.Object)'> (0x000000071009cd60) 
thrown [t:/workspace/open/src/hotspot/share/interpreter/linkResolver.cpp, line 767]
Event: 0.238 Thread 0x000001eae075a000 Exception <a 'java/lang/IncompatibleClassChangeError'{0x00000007100a6ae8}: Found class java.lang.Object, but interface was expected> (0x00000007100a6ae8) 
thrown [t:/workspace/open/src/hotspot/share/interpreter/linkResolver.cpp, line 833]
Event: 0.239 Thread 0x000001eae075a000 Exception <a 'java/lang/NoSuchMethodError'{0x00000007100a9ba0}: 'void java.lang.invoke.DirectMethodHandle$Holder.invokeStaticInit(java.lang.Object, java.lang.Object)'> (0x00000007100a9ba0) 
thrown [t:/workspace/open/src/hotspot/share/interpreter/linkResolver.cpp, line 767]
Event: 0.240 Thread 0x000001eae075a000 Exception <a 'java/lang/NoSuchMethodError'{0x00000007100af6a8}: 'int java.lang.invoke.DirectMethodHandle$Holder.invokeStaticInit(java.lang.Object, java.lang.Object)'> (0x00000007100af6a8) 
thrown [t:/workspace/open/src/hotspot/share/interpreter/linkResolver.cpp, line 767]

Events (20 events):
Event: 1.038 loading class jdk/internal/reflect/ByteVectorImpl
Event: 1.038 loading class jdk/internal/reflect/ByteVector
Event: 1.038 loading class jdk/internal/reflect/ByteVector done
Event: 1.038 loading class jdk/internal/reflect/ByteVectorImpl done
Event: 1.038 loading class jdk/internal/reflect/ClassFileAssembler
Event: 1.038 loading class jdk/internal/reflect/ClassFileAssembler done
Event: 1.038 loading class jdk/internal/reflect/UTF8
Event: 1.038 loading class jdk/internal/reflect/UTF8 done
Event: 1.039 loading class jdk/internal/reflect/Label
Event: 1.039 loading class jdk/internal/reflect/Label done
Event: 1.039 loading class jdk/internal/reflect/Label$PatchInfo
Event: 1.039 loading class jdk/internal/reflect/Label$PatchInfo done
Event: 1.039 loading class jdk/internal/reflect/MethodAccessorGenerator$1
Event: 1.039 loading class jdk/internal/reflect/MethodAccessorGenerator$1 done
Event: 1.039 loading class jdk/internal/reflect/ClassDefiner
Event: 1.039 loading class jdk/internal/reflect/ClassDefiner done
Event: 1.039 loading class jdk/internal/reflect/ClassDefiner$1
Event: 1.039 loading class jdk/internal/reflect/ClassDefiner$1 done
Event: 1.039 loading class jdk/internal/reflect/BootstrapConstructorAccessorImpl
Event: 1.039 loading class jdk/internal/reflect/BootstrapConstructorAccessorImpl done


Dynamic libraries:
0x00007ff7d38e0000 - 0x00007ff7d38ef000 	C:\Program Files\Java\jdk-13\bin\java.exe
0x00007ff9a1320000 - 0x00007ff9a1510000 	C:\WINDOWS\SYSTEM32\ntdll.dll
0x00007ff9a0b20000 - 0x00007ff9a0bd2000 	C:\WINDOWS\System32\KERNEL32.DLL
0x00007ff99ebd0000 - 0x00007ff99ee73000 	C:\WINDOWS\System32\KERNELBASE.dll
0x00007ff99f120000 - 0x00007ff99f21a000 	C:\WINDOWS\System32\ucrtbase.dll
0x00007ff997490000 - 0x00007ff9974a5000 	C:\Program Files\Java\jdk-13\bin\VCRUNTIME140.dll
0x00007ff9986f0000 - 0x00007ff998708000 	C:\Program Files\Java\jdk-13\bin\jli.dll
0x00007ff9a1080000 - 0x00007ff9a1123000 	C:\WINDOWS\System32\ADVAPI32.dll
0x00007ff9a0900000 - 0x00007ff9a099e000 	C:\WINDOWS\System32\msvcrt.dll
0x00007ff9a0a80000 - 0x00007ff9a0b17000 	C:\WINDOWS\System32\sechost.dll
0x00007ff99f3d0000 - 0x00007ff99f4f0000 	C:\WINDOWS\System32\RPCRT4.dll
0x00007ff99f5a0000 - 0x00007ff99f733000 	C:\WINDOWS\System32\USER32.dll
0x00007ff992400000 - 0x00007ff992685000 	C:\WINDOWS\WinSxS\amd64_microsoft.windows.common-controls_6595b64144ccf1df_6.0.18362.356_none_e6c4af7d130f27cc\COMCTL32.dll
0x00007ff99f240000 - 0x00007ff99f261000 	C:\WINDOWS\System32\win32u.dll
0x00007ff9a00f0000 - 0x00007ff9a0116000 	C:\WINDOWS\System32\GDI32.dll
0x00007ff9a0be0000 - 0x00007ff9a0f16000 	C:\WINDOWS\System32\combase.dll
0x00007ff99ea30000 - 0x00007ff99ebc4000 	C:\WINDOWS\System32\gdi32full.dll
0x00007ff99ef50000 - 0x00007ff99efd0000 	C:\WINDOWS\System32\bcryptPrimitives.dll
0x00007ff99eeb0000 - 0x00007ff99ef4e000 	C:\WINDOWS\System32\msvcp_win.dll
0x00007ff999920000 - 0x00007ff99992a000 	C:\WINDOWS\SYSTEM32\VERSION.dll
0x00007ff9a02b0000 - 0x00007ff9a02de000 	C:\WINDOWS\System32\IMM32.DLL
0x00007ff98b090000 - 0x00007ff98b12b000 	C:\Program Files\Java\jdk-13\bin\msvcp140.dll
0x00007ff94c070000 - 0x00007ff94cbd6000 	C:\Program Files\Java\jdk-13\bin\server\jvm.dll
0x00007ff9a0120000 - 0x00007ff9a0128000 	C:\WINDOWS\System32\PSAPI.DLL
0x00007ff99c080000 - 0x00007ff99c0a4000 	C:\WINDOWS\SYSTEM32\WINMM.dll
0x00007ff997100000 - 0x00007ff997109000 	C:\WINDOWS\SYSTEM32\WSOCK32.dll
0x00007ff99bce0000 - 0x00007ff99bd0d000 	C:\WINDOWS\SYSTEM32\winmmbase.dll
0x00007ff9a02e0000 - 0x00007ff9a034f000 	C:\WINDOWS\System32\WS2_32.dll
0x00007ff99f380000 - 0x00007ff99f3ca000 	C:\WINDOWS\System32\cfgmgr32.dll
0x00007ff99e250000 - 0x00007ff99e261000 	C:\WINDOWS\System32\kernel.appcore.dll
0x00007ff998750000 - 0x00007ff998760000 	C:\Program Files\Java\jdk-13\bin\verify.dll
0x00007ff98cbf0000 - 0x00007ff98cde4000 	C:\WINDOWS\SYSTEM32\DBGHELP.DLL
0x00007ff98cba0000 - 0x00007ff98cbca000 	C:\WINDOWS\SYSTEM32\dbgcore.DLL
0x00007ff98b130000 - 0x00007ff98b156000 	C:\Program Files\Java\jdk-13\bin\java.dll
0x00007ff996ce0000 - 0x00007ff996cf7000 	C:\Program Files\Java\jdk-13\bin\zip.dll
0x00007ff9984f0000 - 0x00007ff9984fa000 	C:\Program Files\Java\jdk-13\bin\jimage.dll
0x00007ff99f7b0000 - 0x00007ff99fe95000 	C:\WINDOWS\System32\SHELL32.dll
0x00007ff99ff00000 - 0x00007ff99ffa9000 	C:\WINDOWS\System32\shcore.dll
0x00007ff99e2b0000 - 0x00007ff99ea2e000 	C:\WINDOWS\System32\windows.storage.dll
0x00007ff99e290000 - 0x00007ff99e2af000 	C:\WINDOWS\System32\profapi.dll
0x00007ff99e200000 - 0x00007ff99e24a000 	C:\WINDOWS\System32\powrprof.dll
0x00007ff99e1f0000 - 0x00007ff99e200000 	C:\WINDOWS\System32\UMPDC.dll
0x00007ff9a08a0000 - 0x00007ff9a08f2000 	C:\WINDOWS\System32\shlwapi.dll
0x00007ff99f220000 - 0x00007ff99f237000 	C:\WINDOWS\System32\cryptsp.dll
0x00007ff996bd0000 - 0x00007ff996be9000 	C:\Program Files\Java\jdk-13\bin\net.dll
0x00007ff996f70000 - 0x00007ff997060000 	C:\WINDOWS\SYSTEM32\WINHTTP.dll
0x00007ff993b30000 - 0x00007ff993d06000 	C:\WINDOWS\SYSTEM32\urlmon.dll
0x00007ff9935f0000 - 0x00007ff993896000 	C:\WINDOWS\SYSTEM32\iertutil.dll
0x00007ff99dc30000 - 0x00007ff99dc3c000 	C:\WINDOWS\SYSTEM32\CRYPTBASE.DLL
0x00007ff99da60000 - 0x00007ff99dac7000 	C:\WINDOWS\system32\mswsock.dll
0x00007ff98ee70000 - 0x00007ff98ee83000 	C:\Program Files\Java\jdk-13\bin\nio.dll
0x0000000064940000 - 0x000000006495d000 	C:\Users\Salim\AppData\Local\Temp\javacpp233658996060800\libwinpthread-1.dll
0x0000000061440000 - 0x000000006145c000 	C:\Users\Salim\AppData\Local\Temp\javacpp233658996060800\libgcc_s_seh-1.dll
0x000000006fc40000 - 0x000000006fd41000 	C:\Users\Salim\AppData\Local\Temp\javacpp233658996060800\libstdc++-6.dll
0x0000000071140000 - 0x00000000714e8000 	C:\Users\Salim\AppData\Local\Temp\javacpp233658996060800\liblept-4.dll
0x0000000068340000 - 0x000000006862c000 	C:\Users\Salim\AppData\Local\Temp\javacpp233658996060800\jnilept.dll
0x0000000068a00000 - 0x0000000068f66000 	C:\Users\Salim\AppData\Local\Temp\javacpp233658996060800\libtesseract-3.dll
0x000000006a900000 - 0x000000006a988000 	C:\Users\Salim\AppData\Local\Temp\javacpp233658996060800\jnitesseract.dll

dbghelp: loaded successfully - version: 4.0.5 - missing functions: none
symbol engine: initialized successfully - sym options: 0x614 - pdb path: .;C:\Program Files\Java\jdk-13\bin;C:\WINDOWS\SYSTEM32;C:\WINDOWS\WinSxS\amd64_microsoft.windows.common-controls_6595b64144ccf1df_6.0.18362.356_none_e6c4af7d130f27cc;C:\Program Files\Java\jdk-13\bin\server;C:\Users\Salim\AppData\Local\Temp\javacpp233658996060800

VM Arguments:
jvm_args: -Djava.library.path=C:\opencv\build\java\x64 
java_command: Main
java_class_path (initial): C:\Users\Salim\Documents\NetBeansProjects\ReadReceipt\target\classes;C:\Users\Salim\.m2\repository\org\bytedeco\javacv-platform\1.5.1\javacv-platform-1.5.1.jar;C:\Users\Salim\.m2\repository\org\bytedeco\javacv\1.5.1\javacv-1.5.1.jar;C:\Users\Salim\.m2\repository\org\bytedeco\openblas\0.3.6-1.5.1\openblas-0.3.6-1.5.1.jar;C:\Users\Salim\.m2\repository\org\bytedeco\opencv\4.1.0-1.5.1\opencv-4.1.0-1.5.1.jar;C:\Users\Salim\.m2\repository\org\bytedeco\ffmpeg\4.1.3-1.5.1\ffmpeg-4.1.3-1.5.1.jar;C:\Users\Salim\.m2\repository\org\bytedeco\flycapture\2.13.3.31-1.5.1\flycapture-2.13.3.31-1.5.1.jar;C:\Users\Salim\.m2\repository\org\bytedeco\libdc1394\2.2.6-1.5.1\libdc1394-2.2.6-1.5.1.jar;C:\Users\Salim\.m2\repository\org\bytedeco\libfreenect\0.5.7-1.5.1\libfreenect-0.5.7-1.5.1.jar;C:\Users\Salim\.m2\repository\org\bytedeco\libfreenect2\0.2.0-1.5.1\libfreenect2-0.2.0-1.5.1.jar;C:\Users\Salim\.m2\repository\org\bytedeco\librealsense\1.12.1-1.5.1\librealsense-1.12.1-1.5.1.jar;C:\Users\Salim\.m2\repository\org\bytedeco\videoinput\0.200-1.5.1\videoinput-0.200-1.5.1.jar;C:\Users\Salim\.m2\repository\org\bytedeco\artoolkitplus\2.3.1-1.5.1\artoolkitplus-2.3.1-1.5.1.jar;C:\Users\Salim\.m2\repository\org\bytedeco\flandmark\1.07-1.5.1\flandmark-1.07-1.5.1.jar;C:\Users\Salim\.m2\repository\org\bytedeco\leptonica\1.78.0-1.5.1\leptonica-1.78.0-1.5.1.jar;C:\Users\Salim\.m2\repository\org\bytedeco\tesseract\4.1.0-1.5.1\tesseract-4.1.0-1.5.1.jar;C:\Users\Salim\.m2\repository\org\bytedeco\openblas-platform\0.3.6-1.5.1\openblas-platform-0.3.6-1.5.1.jar;C:\Users\Salim\.m2\repository\org\bytedeco\openblas\0.3.6-1.5.1\openblas-0.3.6-1.5.1-android-arm.jar;C:\Users\Salim\.m2\repository\org\bytedeco\openblas\0.3.6-1.5.1\openblas-0.3.6-1.5.1-android-arm64.jar;C:\Users\Salim\.m2\repository\org\bytedeco\openblas\0.3.6-1.5.1\openblas-0.3.6-1.5.1-android-x86.jar;C:\Users\Salim\.m2\repository\org\bytedeco\openblas\0.3.6-1.5.1\openblas-0.3.6-1.5.1-android-x86_64.jar;C:\Users\Salim\
Launcher Type: SUN_STANDARD

[Global flags]
     intx CICompilerCount                          = 12                                        {product} {ergonomic}
     uint ConcGCThreads                            = 3                                         {product} {ergonomic}
     uint G1ConcRefinementThreads                  = 13                                        {product} {ergonomic}
   size_t G1HeapRegionSize                         = 1048576                                   {product} {ergonomic}
    uintx GCDrainStackTargetSize                   = 64                                        {product} {ergonomic}
   size_t InitialHeapSize                          = 268435456                                 {product} {ergonomic}
   size_t MarkStackSize                            = 4194304                                   {product} {ergonomic}
   size_t MaxHeapSize                              = 4282384384                                {product} {ergonomic}
   size_t MaxNewSize                               = 2569011200                                {product} {ergonomic}
   size_t MinHeapDeltaBytes                        = 1048576                                   {product} {ergonomic}
   size_t MinHeapSize                              = 8388608                                   {product} {ergonomic}
    uintx NonNMethodCodeHeapSize                   = 7594288                                {pd product} {ergonomic}
    uintx NonProfiledCodeHeapSize                  = 122031976                              {pd product} {ergonomic}
    uintx ProfiledCodeHeapSize                     = 122031976                              {pd product} {ergonomic}
    uintx ReservedCodeCacheSize                    = 251658240                              {pd product} {ergonomic}
     bool SegmentedCodeCache                       = true                                      {product} {ergonomic}
   size_t SoftMaxHeapSize                          = 4282384384                             {manageable} {ergonomic}
     bool UseCompressedClassPointers               = true                                 {lp64_product} {ergonomic}
     bool UseCompressedOops                        = true                                 {lp64_product} {ergonomic}
     bool UseG1GC                                  = true                                      {product} {ergonomic}
     bool UseLargePagesIndividualAllocation        = false                                  {pd product} {ergonomic}

Logging:
Log output configuration:
 #0: stdout all=warning uptime,level,tags
 #1: stderr all=off uptime,level,tags

Environment Variables:
JAVA_HOME=C:\Program Files\Java\jdk-13
PATH=C:\Program Files\NVIDIA GPU Computing Toolkit\CUDA\v9.2\bin;C:\Program Files\NVIDIA GPU Computing Toolkit\CUDA\v9.2\libnvvp;C:\Program Files (x86)\Common Files\Oracle\Java\javapath;C:\WINDOWS\system32;C:\WINDOWS;C:\WINDOWS\System32\Wbem;C:\WINDOWS\System32\WindowsPowerShell\v1.0\;C:\WINDOWS\System32\OpenSSH\;C:\Program Files (x86)\NVIDIA Corporation\PhysX\Common;C:\Program Files\Java\jdk-13\bin;C:\Program Files\Git\cmd;C:\Users\Salim\AppData\Local\Microsoft\WindowsApps;
USERNAME=Salim
OS=Windows_NT
PROCESSOR_IDENTIFIER=AMD64 Family 23 Model 8 Stepping 2, AuthenticAMD



---------------  S Y S T E M  ---------------

OS: Windows 10 , 64 bit Build 18362 (10.0.18362.329)

CPU:total 16 (initial active 16) (16 cores per cpu, 2 threads per core) family 23 model 8 stepping 2, cmov, cx8, fxsr, mmx, sse, sse2, sse3, ssse3, sse4.1, sse4.2, popcnt, avx, avx2, aes, clmul, mmxext, 3dnowpref, lzcnt, sse4a, ht, tsc, tscinvbit, tscinv, bmi1, bmi2, adx, sha, fma

Memory: 4k page, system-wide physical 16335M (7549M free)
TotalPageFile size 18767M (AvailPageFile size 3353M)
current process WorkingSet (physical memory assigned to process): 161M, peak: 161M
current process commit charge ("private bytes"): 394M, peak: 395M

vm_info: Java HotSpot(TM) 64-Bit Server VM (13+33) for windows-amd64 JRE (13+33), built on Sep 18 2019 21:38:00 by "mach5one" with unknown MS VC++:1916

END.
