#
# A fatal error has been detected by the Java Runtime Environment:
#
#  EXCEPTION_ACCESS_VIOLATION (0xc0000005) at pc=0x0000000068a1b4c1, pid=3980, tid=9244
#
# JRE version: Java(TM) SE Runtime Environment (13.0+33) (build 13+33)
# Java VM: Java HotSpot(TM) 64-Bit Server VM (13+33, mixed mode, sharing, tiered, compressed oops, g1 gc, windows-amd64)
# Problematic frame:
# C  [libtesseract-3.dll+0x1b4c1]
#
# No core dump will be written. Minidumps are not enabled by default on client versions of Windows
#
# If you would like to submit a bug report, please visit:
#   http://bugreport.java.com/bugreport/crash.jsp
# The crash happened outside the Java Virtual Machine in native code.
# See problematic frame for where to report the bug.
#

---------------  S U M M A R Y ------------

Command Line: com.mycompany.readreceipt.Main

Host: AMD Ryzen 7 2700X Eight-Core Processor         , 16 cores, 15G,  Windows 10 , 64 bit Build 18362 (10.0.18362.329)
Time: Mon Oct 21 04:38:03 2019 Türkiye Standart Saati elapsed time: 14 seconds (0d 0h 0m 14s)

---------------  T H R E A D  ---------------

Current thread (0x00000217cbaa7000):  JavaThread "main" [_thread_in_native, id=9244, stack(0x000000ca9e900000,0x000000ca9ea00000)]

Stack: [0x000000ca9e900000,0x000000ca9ea00000],  sp=0x000000ca9e9ff250,  free space=1020k
Native frames: (J=compiled Java code, j=interpreted, Vv=VM code, C=native code)
C  [libtesseract-3.dll+0x1b4c1]

Java frames: (J=compiled Java code, j=interpreted, Vv=VM code)
j  org.bytedeco.javacpp.tesseract$TessBaseAPI.GetUTF8Text()Lorg/bytedeco/javacpp/BytePointer;+0
j  com.mycompany.readreceipt.ReceiptScannerImpl.getStringFromImage(Ljava/lang/String;)Ljava/lang/String;+90
j  com.mycompany.readreceipt.ReceiptScannerImpl.getTextFromReceiptImage(Ljava/lang/String;)Ljava/lang/String;+117
j  com.mycompany.readreceipt.Main.main([Ljava/lang/String;)V+13
v  ~StubRoutines::call_stub

siginfo: EXCEPTION_ACCESS_VIOLATION (0xc0000005), reading address 0x000000000000000c


Register to memory mapping:

RIP=0x0000000068a1b4c1 libtesseract-3.dll
RAX=0x0 is NULL
RBX=0x00000217fe7e2410 points into unknown readable memory: 40 7c c3 68 00 00 00 00
RCX=0x00000217fe7e4168 points into unknown readable memory: 00 00 00 00 00 00 00 00
RDX=0x0 is NULL
RSP=0x000000ca9e9ff250 is pointing into the stack for thread: 0x00000217cbaa7000
RBP=0x0 is NULL
RSI=0x000000ca9e9ff2c0 is pointing into the stack for thread: 0x00000217cbaa7000
RDI=0x00000217fe7ebfc0 points into unknown readable memory: 00 00 00 00 00 00 00 00
R8 =0x0 is NULL
R9 =0x0 is NULL
R10=0xe47260615e737764 is an unknown value
R11=0x8101010101010100 is an unknown value
R12=0x0 is NULL
R13=0x0 is NULL
R14=0x0 is NULL
R15=0x00000217cbaa7000 is a thread


Registers:
RAX=0x0000000000000000, RBX=0x00000217fe7e2410, RCX=0x00000217fe7e4168, RDX=0x0000000000000000
RSP=0x000000ca9e9ff250, RBP=0x0000000000000000, RSI=0x000000ca9e9ff2c0, RDI=0x00000217fe7ebfc0
R8 =0x0000000000000000, R9 =0x0000000000000000, R10=0xe47260615e737764, R11=0x8101010101010100
R12=0x0000000000000000, R13=0x0000000000000000, R14=0x0000000000000000, R15=0x00000217cbaa7000
RIP=0x0000000068a1b4c1, EFLAGS=0x0000000000010246

Top of Stack: (sp=0x000000ca9e9ff250)
0x000000ca9e9ff250:   0000000000000000 0000000000000000
0x000000ca9e9ff260:   00000217fe7ed6d0 00000217fe7ec7a0
0x000000ca9e9ff270:   00000217fe7ed6d0 00000217b21567e0
0x000000ca9e9ff280:   0000000000000000 000000ca9e9ff2d0
0x000000ca9e9ff290:   00000217fe7ec6b0 00000217fe7ec590
0x000000ca9e9ff2a0:   0000000000000000 0000000068b64a56
0x000000ca9e9ff2b0:   0000000000000002 0000000000000030
0x000000ca9e9ff2c0:   00000217fe7ebfc0 0000000000000000
0x000000ca9e9ff2d0:   0000000000000000 0000000000000000
0x000000ca9e9ff2e0:   00000217b2156d90 00000217fe7ec590
0x000000ca9e9ff2f0:   00000217b21567e0 00000217fe7e8150
0x000000ca9e9ff300:   00000217fe7ec710 00000217b21567e0
0x000000ca9e9ff310:   00000217fe7ebfc8 00000217b21567e0
0x000000ca9e9ff320:   00000217b21567e0 00000217b21567e0
0x000000ca9e9ff330:   0000000000000000 00000217b21567e0
0x000000ca9e9ff340:   000000ca9e9ff300 00000217b2156808 

Instructions: (pc=0x0000000068a1b4c1)
0x0000000068a1b3c1:   44 1e 00 00 49 89 f8 4c 89 f1 e8 90 7e 0b 00 31
0x0000000068a1b3d1:   d2 48 89 f1 e8 36 d0 14 00 48 8b 84 24 90 00 00
0x0000000068a1b3e1:   00 48 85 c0 74 3e 66 0f 1f 84 00 00 00 00 00 48
0x0000000068a1b3f1:   8b 80 e8 00 00 00 48 85 c0 74 07 8b 50 34 85 d2
0x0000000068a1b401:   75 08 48 89 f1 e8 95 f0 14 00 45 31 c0 31 d2 48
0x0000000068a1b411:   89 f1 e8 08 cc 14 00 48 8b 84 24 90 00 00 00 48
0x0000000068a1b421:   85 c0 75 cb 48 85 ed 74 09 b8 64 00 00 00 66 89
0x0000000068a1b431:   45 02 b8 01 00 00 00 48 81 c4 78 01 00 00 5b 5e
0x0000000068a1b441:   5f 5d 41 5c 41 5d 41 5e 41 5f c3 0f 1f 40 00 8b
0x0000000068a1b451:   8b 70 4c 00 00 85 c9 0f 8e 33 ff ff ff 48 8b 83
0x0000000068a1b461:   78 4c 00 00 48 8b 10 83 ba 6c 1e 00 00 01 0f 85
0x0000000068a1b471:   94 fe ff ff 8d 51 ff 48 83 c0 08 48 8d 0c d0 eb
0x0000000068a1b481:   14 48 8b 10 48 83 c0 08 83 ba 6c 1e 00 00 01 0f
0x0000000068a1b491:   85 73 fe ff ff 48 39 c8 75 e7 e9 f1 fe ff ff 31
0x0000000068a1b4a1:   d2 48 89 f1 e8 66 cf 14 00 44 8b b3 f0 16 00 00
0x0000000068a1b4b1:   45 85 f6 0f 8f ea 00 00 00 48 8b 83 40 0b 00 00
0x0000000068a1b4c1:   80 78 0c 00 0f 85 05 03 00 00 44 8b 9b 70 4c 00
0x0000000068a1b4d1:   00 45 85 db 0f 8e d6 00 00 00 45 31 ff 45 31 f6
0x0000000068a1b4e1:   eb 26 48 8b 81 40 0b 00 00 80 78 0c 00 0f 85 20
0x0000000068a1b4f1:   02 00 00 41 83 c6 01 49 83 c7 08 44 3b b3 70 4c
0x0000000068a1b501:   00 00 0f 8d a8 00 00 00 48 8b 83 78 4c 00 00 4a
0x0000000068a1b511:   8b 0c 38 44 8b 91 f0 16 00 00 45 85 d2 7e c3 e8
0x0000000068a1b521:   eb ea 0e 00 eb cd 66 0f 1f 84 00 00 00 00 00 80
0x0000000068a1b531:   bb 92 31 00 00 00 0f 85 74 fe ff ff 8b 93 44 1e
0x0000000068a1b541:   00 00 49 89 f8 4c 89 f1 e8 12 7d 0b 00 31 d2 48
0x0000000068a1b551:   89 f1 e8 b8 ce 14 00 48 8b 84 24 90 00 00 00 48
0x0000000068a1b561:   85 c0 0f 85 87 fe ff ff e9 c5 fe ff ff 66 90 80
0x0000000068a1b571:   bb ba 33 00 00 00 0f 85 ac fd ff ff 80 bb 20 4c
0x0000000068a1b581:   00 00 00 0f 85 9f fd ff ff 44 8b 83 58 4c 00 00
0x0000000068a1b591:   49 89 f9 48 89 ea 48 89 d9 e8 71 db 00 00 e9 85
0x0000000068a1b5a1:   fd ff ff 48 89 d9 e8 64 ea 0e 00 e9 1a ff ff ff
0x0000000068a1b5b1:   4c 8d 74 24 50 4c 8b 8c 24 e0 01 00 00 48 89 7c 


Stack slot to memory mapping:
stack at sp + 0 slots: 0x0 is NULL
stack at sp + 1 slots: 0x0 is NULL
stack at sp + 2 slots: 0x00000217fe7ed6d0 points into unknown readable memory: 30 c3 7e fe 17 02 00 00
stack at sp + 3 slots: 0x00000217fe7ec7a0 points into unknown readable memory: 90 c5 7e fe 17 02 00 00
stack at sp + 4 slots: 0x00000217fe7ed6d0 points into unknown readable memory: 30 c3 7e fe 17 02 00 00
stack at sp + 5 slots: 0x00000217b21567e0 points into unknown readable memory: e0 67 15 b2 17 02 00 00
stack at sp + 6 slots: 0x0 is NULL
stack at sp + 7 slots: 0x000000ca9e9ff2d0 is pointing into the stack for thread: 0x00000217cbaa7000


---------------  P R O C E S S  ---------------

Threads class SMR info:
_java_thread_list=0x00000217f19ba230, length=14, elements={
0x00000217cbaa7000, 0x00000217efa87800, 0x00000217efa8b800, 0x00000217efaa9000,
0x00000217efaac000, 0x00000217efab1000, 0x00000217efab8800, 0x00000217efab9800,
0x00000217f0dc9800, 0x00000217f0d99800, 0x00000217f0e2d800, 0x00000217f1931800,
0x00000217f1904800, 0x00000217fed4f000
}

Java Threads: ( => current thread )
=>0x00000217cbaa7000 JavaThread "main" [_thread_in_native, id=9244, stack(0x000000ca9e900000,0x000000ca9ea00000)]
  0x00000217efa87800 JavaThread "Reference Handler" daemon [_thread_blocked, id=13928, stack(0x000000ca9f000000,0x000000ca9f100000)]
  0x00000217efa8b800 JavaThread "Finalizer" daemon [_thread_blocked, id=13464, stack(0x000000ca9f100000,0x000000ca9f200000)]
  0x00000217efaa9000 JavaThread "Signal Dispatcher" daemon [_thread_blocked, id=9196, stack(0x000000ca9f200000,0x000000ca9f300000)]
  0x00000217efaac000 JavaThread "Attach Listener" daemon [_thread_blocked, id=6560, stack(0x000000ca9f300000,0x000000ca9f400000)]
  0x00000217efab1000 JavaThread "C2 CompilerThread0" daemon [_thread_blocked, id=11888, stack(0x000000ca9f400000,0x000000ca9f500000)]
  0x00000217efab8800 JavaThread "C1 CompilerThread0" daemon [_thread_blocked, id=6620, stack(0x000000ca9f500000,0x000000ca9f600000)]
  0x00000217efab9800 JavaThread "Sweeper thread" daemon [_thread_blocked, id=7676, stack(0x000000ca9f600000,0x000000ca9f700000)]
  0x00000217f0dc9800 JavaThread "Service Thread" daemon [_thread_blocked, id=10136, stack(0x000000ca9f800000,0x000000ca9f900000)]
  0x00000217f0d99800 JavaThread "Common-Cleaner" daemon [_thread_blocked, id=5568, stack(0x000000ca9fa00000,0x000000ca9fb00000)]
  0x00000217f0e2d800 JavaThread "JavaCPP Deallocator" daemon [_thread_blocked, id=12612, stack(0x000000ca9fd00000,0x000000ca9fe00000)]
  0x00000217f1931800 JavaThread "C2 CompilerThread1" daemon [_thread_blocked, id=13880, stack(0x000000caa2d00000,0x000000caa2e00000)]
  0x00000217f1904800 JavaThread "C1 CompilerThread1" daemon [_thread_blocked, id=11020, stack(0x000000caa2e00000,0x000000caa2f00000)]
  0x00000217fed4f000 JavaThread "C1 CompilerThread2" daemon [_thread_blocked, id=656, stack(0x000000caa2f00000,0x000000caa3000000)]

Other Threads:
  0x00000217efa85800 VMThread "VM Thread" [stack: 0x000000ca9ef00000,0x000000ca9f000000] [id=992]
  0x00000217f0dca800 WatcherThread [stack: 0x000000ca9f900000,0x000000ca9fa00000] [id=10772]
  0x00000217cbb0c800 GCTaskThread "GC Thread#0" [stack: 0x000000ca9ea00000,0x000000ca9eb00000] [id=13864]
  0x00000217f1cf3000 GCTaskThread "GC Thread#1" [stack: 0x000000caa0d00000,0x000000caa0e00000] [id=9656]
  0x00000217f191b800 GCTaskThread "GC Thread#2" [stack: 0x000000caa0e00000,0x000000caa0f00000] [id=7836]
  0x00000217f1eed000 GCTaskThread "GC Thread#3" [stack: 0x000000caa0f00000,0x000000caa1000000] [id=2740]
  0x00000217f1f70000 GCTaskThread "GC Thread#4" [stack: 0x000000caa1000000,0x000000caa1100000] [id=5496]
  0x00000217f1841800 GCTaskThread "GC Thread#5" [stack: 0x000000caa1100000,0x000000caa1200000] [id=13932]
  0x00000217cbb2f800 ConcurrentGCThread "G1 Main Marker" [stack: 0x000000ca9eb00000,0x000000ca9ec00000] [id=9968]
  0x00000217cbb31000 ConcurrentGCThread "G1 Conc#0" [stack: 0x000000ca9ec00000,0x000000ca9ed00000] [id=2632]
  0x00000217ef9d8800 ConcurrentGCThread "G1 Refine#0" [stack: 0x000000ca9ed00000,0x000000ca9ee00000] [id=12420]
  0x00000217ef9da800 ConcurrentGCThread "G1 Young RemSet Sampling" [stack: 0x000000ca9ee00000,0x000000ca9ef00000] [id=9336]

Threads with active compile tasks:

VM state:not at safepoint (normal execution)

VM Mutex/Monitor currently owned by a thread: None

Heap address: 0x0000000700c00000, size: 4084 MB, Compressed Oops mode: Zero based, Oop shift amount: 3
Narrow klass base: 0x0000000800000000, Narrow klass shift: 3
Compressed class space size: 1073741824 Address: 0x0000000800b40000

Heap:
 garbage-first heap   total 262144K, used 75008K [0x0000000700c00000, 0x0000000800000000)
  region size 1024K, 70 young (71680K), 1 survivors (1024K)
 Metaspace       used 9260K, capacity 11970K, committed 12160K, reserved 1060864K
  class space    used 500K, capacity 802K, committed 896K, reserved 1048576K
Heap Regions: E=young(eden), S=young(survivor), O=old, HS=humongous(starts), HC=humongous(continues), CS=collection set, F=free, A=archive, TAMS=top-at-mark-start (previous, next)
|   0|0x0000000700c00000, 0x0000000700d00000, 0x0000000700d00000|100%| O|  |TAMS 0x0000000700c00000, 0x0000000700c00000| Untracked 
|   1|0x0000000700d00000, 0x0000000700e00000, 0x0000000700e00000|100%| O|  |TAMS 0x0000000700d00000, 0x0000000700d00000| Untracked 
|   2|0x0000000700e00000, 0x0000000700f00000, 0x0000000700f00000|100%| O|  |TAMS 0x0000000700e00000, 0x0000000700e00000| Untracked 
|   3|0x0000000700f00000, 0x0000000701000000, 0x0000000701000000|100%| O|  |TAMS 0x0000000700f00000, 0x0000000700f00000| Untracked 
|   4|0x0000000701000000, 0x00000007010b6a00, 0x0000000701100000| 71%| O|  |TAMS 0x0000000701000000, 0x0000000701000000| Untracked 
|   5|0x0000000701100000, 0x0000000701100000, 0x0000000701200000|  0%| F|  |TAMS 0x0000000701100000, 0x0000000701100000| Untracked 
|   6|0x0000000701200000, 0x0000000701200000, 0x0000000701300000|  0%| F|  |TAMS 0x0000000701200000, 0x0000000701200000| Untracked 
|   7|0x0000000701300000, 0x0000000701300000, 0x0000000701400000|  0%| F|  |TAMS 0x0000000701300000, 0x0000000701300000| Untracked 
|   8|0x0000000701400000, 0x0000000701400000, 0x0000000701500000|  0%| F|  |TAMS 0x0000000701400000, 0x0000000701400000| Untracked 
|   9|0x0000000701500000, 0x0000000701500000, 0x0000000701600000|  0%| F|  |TAMS 0x0000000701500000, 0x0000000701500000| Untracked 
|  10|0x0000000701600000, 0x0000000701600000, 0x0000000701700000|  0%| F|  |TAMS 0x0000000701600000, 0x0000000701600000| Untracked 
|  11|0x0000000701700000, 0x0000000701700000, 0x0000000701800000|  0%| F|  |TAMS 0x0000000701700000, 0x0000000701700000| Untracked 
|  12|0x0000000701800000, 0x0000000701800000, 0x0000000701900000|  0%| F|  |TAMS 0x0000000701800000, 0x0000000701800000| Untracked 
|  13|0x0000000701900000, 0x0000000701900000, 0x0000000701a00000|  0%| F|  |TAMS 0x0000000701900000, 0x0000000701900000| Untracked 
|  14|0x0000000701a00000, 0x0000000701a00000, 0x0000000701b00000|  0%| F|  |TAMS 0x0000000701a00000, 0x0000000701a00000| Untracked 
|  15|0x0000000701b00000, 0x0000000701b00000, 0x0000000701c00000|  0%| F|  |TAMS 0x0000000701b00000, 0x0000000701b00000| Untracked 
|  16|0x0000000701c00000, 0x0000000701c00000, 0x0000000701d00000|  0%| F|  |TAMS 0x0000000701c00000, 0x0000000701c00000| Untracked 
|  17|0x0000000701d00000, 0x0000000701d00000, 0x0000000701e00000|  0%| F|  |TAMS 0x0000000701d00000, 0x0000000701d00000| Untracked 
|  18|0x0000000701e00000, 0x0000000701e00000, 0x0000000701f00000|  0%| F|  |TAMS 0x0000000701e00000, 0x0000000701e00000| Untracked 
|  19|0x0000000701f00000, 0x0000000701f00000, 0x0000000702000000|  0%| F|  |TAMS 0x0000000701f00000, 0x0000000701f00000| Untracked 
|  20|0x0000000702000000, 0x0000000702000000, 0x0000000702100000|  0%| F|  |TAMS 0x0000000702000000, 0x0000000702000000| Untracked 
|  21|0x0000000702100000, 0x0000000702100000, 0x0000000702200000|  0%| F|  |TAMS 0x0000000702100000, 0x0000000702100000| Untracked 
|  22|0x0000000702200000, 0x0000000702200000, 0x0000000702300000|  0%| F|  |TAMS 0x0000000702200000, 0x0000000702200000| Untracked 
|  23|0x0000000702300000, 0x0000000702300000, 0x0000000702400000|  0%| F|  |TAMS 0x0000000702300000, 0x0000000702300000| Untracked 
|  24|0x0000000702400000, 0x0000000702400000, 0x0000000702500000|  0%| F|  |TAMS 0x0000000702400000, 0x0000000702400000| Untracked 
|  25|0x0000000702500000, 0x0000000702500000, 0x0000000702600000|  0%| F|  |TAMS 0x0000000702500000, 0x0000000702500000| Untracked 
|  26|0x0000000702600000, 0x0000000702600000, 0x0000000702700000|  0%| F|  |TAMS 0x0000000702600000, 0x0000000702600000| Untracked 
|  27|0x0000000702700000, 0x0000000702700000, 0x0000000702800000|  0%| F|  |TAMS 0x0000000702700000, 0x0000000702700000| Untracked 
|  28|0x0000000702800000, 0x0000000702800000, 0x0000000702900000|  0%| F|  |TAMS 0x0000000702800000, 0x0000000702800000| Untracked 
|  29|0x0000000702900000, 0x0000000702900000, 0x0000000702a00000|  0%| F|  |TAMS 0x0000000702900000, 0x0000000702900000| Untracked 
|  30|0x0000000702a00000, 0x0000000702a00000, 0x0000000702b00000|  0%| F|  |TAMS 0x0000000702a00000, 0x0000000702a00000| Untracked 
|  31|0x0000000702b00000, 0x0000000702b00000, 0x0000000702c00000|  0%| F|  |TAMS 0x0000000702b00000, 0x0000000702b00000| Untracked 
|  32|0x0000000702c00000, 0x0000000702c00000, 0x0000000702d00000|  0%| F|  |TAMS 0x0000000702c00000, 0x0000000702c00000| Untracked 
|  33|0x0000000702d00000, 0x0000000702d00000, 0x0000000702e00000|  0%| F|  |TAMS 0x0000000702d00000, 0x0000000702d00000| Untracked 
|  34|0x0000000702e00000, 0x0000000702e00000, 0x0000000702f00000|  0%| F|  |TAMS 0x0000000702e00000, 0x0000000702e00000| Untracked 
|  35|0x0000000702f00000, 0x0000000702f00000, 0x0000000703000000|  0%| F|  |TAMS 0x0000000702f00000, 0x0000000702f00000| Untracked 
|  36|0x0000000703000000, 0x0000000703000000, 0x0000000703100000|  0%| F|  |TAMS 0x0000000703000000, 0x0000000703000000| Untracked 
|  37|0x0000000703100000, 0x0000000703100000, 0x0000000703200000|  0%| F|  |TAMS 0x0000000703100000, 0x0000000703100000| Untracked 
|  38|0x0000000703200000, 0x0000000703200000, 0x0000000703300000|  0%| F|  |TAMS 0x0000000703200000, 0x0000000703200000| Untracked 
|  39|0x0000000703300000, 0x0000000703300000, 0x0000000703400000|  0%| F|  |TAMS 0x0000000703300000, 0x0000000703300000| Untracked 
|  40|0x0000000703400000, 0x0000000703400000, 0x0000000703500000|  0%| F|  |TAMS 0x0000000703400000, 0x0000000703400000| Untracked 
|  41|0x0000000703500000, 0x0000000703500000, 0x0000000703600000|  0%| F|  |TAMS 0x0000000703500000, 0x0000000703500000| Untracked 
|  42|0x0000000703600000, 0x0000000703600000, 0x0000000703700000|  0%| F|  |TAMS 0x0000000703600000, 0x0000000703600000| Untracked 
|  43|0x0000000703700000, 0x0000000703700000, 0x0000000703800000|  0%| F|  |TAMS 0x0000000703700000, 0x0000000703700000| Untracked 
|  44|0x0000000703800000, 0x0000000703800000, 0x0000000703900000|  0%| F|  |TAMS 0x0000000703800000, 0x0000000703800000| Untracked 
|  45|0x0000000703900000, 0x0000000703900000, 0x0000000703a00000|  0%| F|  |TAMS 0x0000000703900000, 0x0000000703900000| Untracked 
|  46|0x0000000703a00000, 0x0000000703a00000, 0x0000000703b00000|  0%| F|  |TAMS 0x0000000703a00000, 0x0000000703a00000| Untracked 
|  47|0x0000000703b00000, 0x0000000703b00000, 0x0000000703c00000|  0%| F|  |TAMS 0x0000000703b00000, 0x0000000703b00000| Untracked 
|  48|0x0000000703c00000, 0x0000000703c00000, 0x0000000703d00000|  0%| F|  |TAMS 0x0000000703c00000, 0x0000000703c00000| Untracked 
|  49|0x0000000703d00000, 0x0000000703d00000, 0x0000000703e00000|  0%| F|  |TAMS 0x0000000703d00000, 0x0000000703d00000| Untracked 
|  50|0x0000000703e00000, 0x0000000703e00000, 0x0000000703f00000|  0%| F|  |TAMS 0x0000000703e00000, 0x0000000703e00000| Untracked 
|  51|0x0000000703f00000, 0x0000000703f00000, 0x0000000704000000|  0%| F|  |TAMS 0x0000000703f00000, 0x0000000703f00000| Untracked 
|  52|0x0000000704000000, 0x0000000704000000, 0x0000000704100000|  0%| F|  |TAMS 0x0000000704000000, 0x0000000704000000| Untracked 
|  53|0x0000000704100000, 0x0000000704100000, 0x0000000704200000|  0%| F|  |TAMS 0x0000000704100000, 0x0000000704100000| Untracked 
|  54|0x0000000704200000, 0x0000000704200000, 0x0000000704300000|  0%| F|  |TAMS 0x0000000704200000, 0x0000000704200000| Untracked 
|  55|0x0000000704300000, 0x0000000704300000, 0x0000000704400000|  0%| F|  |TAMS 0x0000000704300000, 0x0000000704300000| Untracked 
|  56|0x0000000704400000, 0x0000000704400000, 0x0000000704500000|  0%| F|  |TAMS 0x0000000704400000, 0x0000000704400000| Untracked 
|  57|0x0000000704500000, 0x0000000704500000, 0x0000000704600000|  0%| F|  |TAMS 0x0000000704500000, 0x0000000704500000| Untracked 
|  58|0x0000000704600000, 0x0000000704600000, 0x0000000704700000|  0%| F|  |TAMS 0x0000000704600000, 0x0000000704600000| Untracked 
|  59|0x0000000704700000, 0x0000000704700000, 0x0000000704800000|  0%| F|  |TAMS 0x0000000704700000, 0x0000000704700000| Untracked 
|  60|0x0000000704800000, 0x0000000704800000, 0x0000000704900000|  0%| F|  |TAMS 0x0000000704800000, 0x0000000704800000| Untracked 
|  61|0x0000000704900000, 0x0000000704900000, 0x0000000704a00000|  0%| F|  |TAMS 0x0000000704900000, 0x0000000704900000| Untracked 
|  62|0x0000000704a00000, 0x0000000704a00000, 0x0000000704b00000|  0%| F|  |TAMS 0x0000000704a00000, 0x0000000704a00000| Untracked 
|  63|0x0000000704b00000, 0x0000000704b00000, 0x0000000704c00000|  0%| F|  |TAMS 0x0000000704b00000, 0x0000000704b00000| Untracked 
|  64|0x0000000704c00000, 0x0000000704c00000, 0x0000000704d00000|  0%| F|  |TAMS 0x0000000704c00000, 0x0000000704c00000| Untracked 
|  65|0x0000000704d00000, 0x0000000704d00000, 0x0000000704e00000|  0%| F|  |TAMS 0x0000000704d00000, 0x0000000704d00000| Untracked 
|  66|0x0000000704e00000, 0x0000000704e00000, 0x0000000704f00000|  0%| F|  |TAMS 0x0000000704e00000, 0x0000000704e00000| Untracked 
|  67|0x0000000704f00000, 0x0000000704f00000, 0x0000000705000000|  0%| F|  |TAMS 0x0000000704f00000, 0x0000000704f00000| Untracked 
|  68|0x0000000705000000, 0x0000000705000000, 0x0000000705100000|  0%| F|  |TAMS 0x0000000705000000, 0x0000000705000000| Untracked 
|  69|0x0000000705100000, 0x0000000705100000, 0x0000000705200000|  0%| F|  |TAMS 0x0000000705100000, 0x0000000705100000| Untracked 
|  70|0x0000000705200000, 0x0000000705200000, 0x0000000705300000|  0%| F|  |TAMS 0x0000000705200000, 0x0000000705200000| Untracked 
|  71|0x0000000705300000, 0x0000000705300000, 0x0000000705400000|  0%| F|  |TAMS 0x0000000705300000, 0x0000000705300000| Untracked 
|  72|0x0000000705400000, 0x0000000705400000, 0x0000000705500000|  0%| F|  |TAMS 0x0000000705400000, 0x0000000705400000| Untracked 
|  73|0x0000000705500000, 0x0000000705500000, 0x0000000705600000|  0%| F|  |TAMS 0x0000000705500000, 0x0000000705500000| Untracked 
|  74|0x0000000705600000, 0x0000000705600000, 0x0000000705700000|  0%| F|  |TAMS 0x0000000705600000, 0x0000000705600000| Untracked 
|  75|0x0000000705700000, 0x0000000705700000, 0x0000000705800000|  0%| F|  |TAMS 0x0000000705700000, 0x0000000705700000| Untracked 
|  76|0x0000000705800000, 0x0000000705800000, 0x0000000705900000|  0%| F|  |TAMS 0x0000000705800000, 0x0000000705800000| Untracked 
|  77|0x0000000705900000, 0x0000000705900000, 0x0000000705a00000|  0%| F|  |TAMS 0x0000000705900000, 0x0000000705900000| Untracked 
|  78|0x0000000705a00000, 0x0000000705a00000, 0x0000000705b00000|  0%| F|  |TAMS 0x0000000705a00000, 0x0000000705a00000| Untracked 
|  79|0x0000000705b00000, 0x0000000705b00000, 0x0000000705c00000|  0%| F|  |TAMS 0x0000000705b00000, 0x0000000705b00000| Untracked 
|  80|0x0000000705c00000, 0x0000000705c00000, 0x0000000705d00000|  0%| F|  |TAMS 0x0000000705c00000, 0x0000000705c00000| Untracked 
|  81|0x0000000705d00000, 0x0000000705d00000, 0x0000000705e00000|  0%| F|  |TAMS 0x0000000705d00000, 0x0000000705d00000| Untracked 
|  82|0x0000000705e00000, 0x0000000705e00000, 0x0000000705f00000|  0%| F|  |TAMS 0x0000000705e00000, 0x0000000705e00000| Untracked 
|  83|0x0000000705f00000, 0x0000000705f00000, 0x0000000706000000|  0%| F|  |TAMS 0x0000000705f00000, 0x0000000705f00000| Untracked 
|  84|0x0000000706000000, 0x0000000706000000, 0x0000000706100000|  0%| F|  |TAMS 0x0000000706000000, 0x0000000706000000| Untracked 
|  85|0x0000000706100000, 0x0000000706100000, 0x0000000706200000|  0%| F|  |TAMS 0x0000000706100000, 0x0000000706100000| Untracked 
|  86|0x0000000706200000, 0x0000000706200000, 0x0000000706300000|  0%| F|  |TAMS 0x0000000706200000, 0x0000000706200000| Untracked 
|  87|0x0000000706300000, 0x0000000706300000, 0x0000000706400000|  0%| F|  |TAMS 0x0000000706300000, 0x0000000706300000| Untracked 
|  88|0x0000000706400000, 0x0000000706400000, 0x0000000706500000|  0%| F|  |TAMS 0x0000000706400000, 0x0000000706400000| Untracked 
|  89|0x0000000706500000, 0x0000000706500000, 0x0000000706600000|  0%| F|  |TAMS 0x0000000706500000, 0x0000000706500000| Untracked 
|  90|0x0000000706600000, 0x0000000706600000, 0x0000000706700000|  0%| F|  |TAMS 0x0000000706600000, 0x0000000706600000| Untracked 
|  91|0x0000000706700000, 0x0000000706700000, 0x0000000706800000|  0%| F|  |TAMS 0x0000000706700000, 0x0000000706700000| Untracked 
|  92|0x0000000706800000, 0x0000000706800000, 0x0000000706900000|  0%| F|  |TAMS 0x0000000706800000, 0x0000000706800000| Untracked 
|  93|0x0000000706900000, 0x0000000706900000, 0x0000000706a00000|  0%| F|  |TAMS 0x0000000706900000, 0x0000000706900000| Untracked 
|  94|0x0000000706a00000, 0x0000000706a00000, 0x0000000706b00000|  0%| F|  |TAMS 0x0000000706a00000, 0x0000000706a00000| Untracked 
|  95|0x0000000706b00000, 0x0000000706b00000, 0x0000000706c00000|  0%| F|  |TAMS 0x0000000706b00000, 0x0000000706b00000| Untracked 
|  96|0x0000000706c00000, 0x0000000706c00000, 0x0000000706d00000|  0%| F|  |TAMS 0x0000000706c00000, 0x0000000706c00000| Untracked 
|  97|0x0000000706d00000, 0x0000000706d00000, 0x0000000706e00000|  0%| F|  |TAMS 0x0000000706d00000, 0x0000000706d00000| Untracked 
|  98|0x0000000706e00000, 0x0000000706e00000, 0x0000000706f00000|  0%| F|  |TAMS 0x0000000706e00000, 0x0000000706e00000| Untracked 
|  99|0x0000000706f00000, 0x0000000706f00000, 0x0000000707000000|  0%| F|  |TAMS 0x0000000706f00000, 0x0000000706f00000| Untracked 
| 100|0x0000000707000000, 0x0000000707000000, 0x0000000707100000|  0%| F|  |TAMS 0x0000000707000000, 0x0000000707000000| Untracked 
| 101|0x0000000707100000, 0x0000000707100000, 0x0000000707200000|  0%| F|  |TAMS 0x0000000707100000, 0x0000000707100000| Untracked 
| 102|0x0000000707200000, 0x00000007072898f8, 0x0000000707300000| 53%| S|CS|TAMS 0x0000000707200000, 0x0000000707200000| Complete 
| 103|0x0000000707300000, 0x0000000707300000, 0x0000000707400000|  0%| F|  |TAMS 0x0000000707300000, 0x0000000707300000| Untracked 
| 104|0x0000000707400000, 0x0000000707400000, 0x0000000707500000|  0%| F|  |TAMS 0x0000000707400000, 0x0000000707400000| Untracked 
| 105|0x0000000707500000, 0x0000000707500000, 0x0000000707600000|  0%| F|  |TAMS 0x0000000707500000, 0x0000000707500000| Untracked 
| 106|0x0000000707600000, 0x0000000707600000, 0x0000000707700000|  0%| F|  |TAMS 0x0000000707600000, 0x0000000707600000| Untracked 
| 107|0x0000000707700000, 0x0000000707700000, 0x0000000707800000|  0%| F|  |TAMS 0x0000000707700000, 0x0000000707700000| Untracked 
| 108|0x0000000707800000, 0x0000000707800000, 0x0000000707900000|  0%| F|  |TAMS 0x0000000707800000, 0x0000000707800000| Untracked 
| 109|0x0000000707900000, 0x0000000707900000, 0x0000000707a00000|  0%| F|  |TAMS 0x0000000707900000, 0x0000000707900000| Untracked 
| 110|0x0000000707a00000, 0x0000000707a00000, 0x0000000707b00000|  0%| F|  |TAMS 0x0000000707a00000, 0x0000000707a00000| Untracked 
| 111|0x0000000707b00000, 0x0000000707b00000, 0x0000000707c00000|  0%| F|  |TAMS 0x0000000707b00000, 0x0000000707b00000| Untracked 
| 112|0x0000000707c00000, 0x0000000707c00000, 0x0000000707d00000|  0%| F|  |TAMS 0x0000000707c00000, 0x0000000707c00000| Untracked 
| 113|0x0000000707d00000, 0x0000000707d00000, 0x0000000707e00000|  0%| F|  |TAMS 0x0000000707d00000, 0x0000000707d00000| Untracked 
| 114|0x0000000707e00000, 0x0000000707e00000, 0x0000000707f00000|  0%| F|  |TAMS 0x0000000707e00000, 0x0000000707e00000| Untracked 
| 115|0x0000000707f00000, 0x0000000707f00000, 0x0000000708000000|  0%| F|  |TAMS 0x0000000707f00000, 0x0000000707f00000| Untracked 
| 116|0x0000000708000000, 0x0000000708000000, 0x0000000708100000|  0%| F|  |TAMS 0x0000000708000000, 0x0000000708000000| Untracked 
| 117|0x0000000708100000, 0x0000000708100000, 0x0000000708200000|  0%| F|  |TAMS 0x0000000708100000, 0x0000000708100000| Untracked 
| 118|0x0000000708200000, 0x0000000708200000, 0x0000000708300000|  0%| F|  |TAMS 0x0000000708200000, 0x0000000708200000| Untracked 
| 119|0x0000000708300000, 0x0000000708300000, 0x0000000708400000|  0%| F|  |TAMS 0x0000000708300000, 0x0000000708300000| Untracked 
| 120|0x0000000708400000, 0x0000000708400000, 0x0000000708500000|  0%| F|  |TAMS 0x0000000708400000, 0x0000000708400000| Untracked 
| 121|0x0000000708500000, 0x0000000708500000, 0x0000000708600000|  0%| F|  |TAMS 0x0000000708500000, 0x0000000708500000| Untracked 
| 122|0x0000000708600000, 0x0000000708600000, 0x0000000708700000|  0%| F|  |TAMS 0x0000000708600000, 0x0000000708600000| Untracked 
| 123|0x0000000708700000, 0x0000000708700000, 0x0000000708800000|  0%| F|  |TAMS 0x0000000708700000, 0x0000000708700000| Untracked 
| 124|0x0000000708800000, 0x0000000708800000, 0x0000000708900000|  0%| F|  |TAMS 0x0000000708800000, 0x0000000708800000| Untracked 
| 125|0x0000000708900000, 0x0000000708900000, 0x0000000708a00000|  0%| F|  |TAMS 0x0000000708900000, 0x0000000708900000| Untracked 
| 126|0x0000000708a00000, 0x0000000708a00000, 0x0000000708b00000|  0%| F|  |TAMS 0x0000000708a00000, 0x0000000708a00000| Untracked 
| 127|0x0000000708b00000, 0x0000000708b00000, 0x0000000708c00000|  0%| F|  |TAMS 0x0000000708b00000, 0x0000000708b00000| Untracked 
| 128|0x0000000708c00000, 0x0000000708c00000, 0x0000000708d00000|  0%| F|  |TAMS 0x0000000708c00000, 0x0000000708c00000| Untracked 
| 129|0x0000000708d00000, 0x0000000708d00000, 0x0000000708e00000|  0%| F|  |TAMS 0x0000000708d00000, 0x0000000708d00000| Untracked 
| 130|0x0000000708e00000, 0x0000000708e00000, 0x0000000708f00000|  0%| F|  |TAMS 0x0000000708e00000, 0x0000000708e00000| Untracked 
| 131|0x0000000708f00000, 0x0000000708f00000, 0x0000000709000000|  0%| F|  |TAMS 0x0000000708f00000, 0x0000000708f00000| Untracked 
| 132|0x0000000709000000, 0x0000000709000000, 0x0000000709100000|  0%| F|  |TAMS 0x0000000709000000, 0x0000000709000000| Untracked 
| 133|0x0000000709100000, 0x0000000709100000, 0x0000000709200000|  0%| F|  |TAMS 0x0000000709100000, 0x0000000709100000| Untracked 
| 134|0x0000000709200000, 0x0000000709200000, 0x0000000709300000|  0%| F|  |TAMS 0x0000000709200000, 0x0000000709200000| Untracked 
| 135|0x0000000709300000, 0x0000000709300000, 0x0000000709400000|  0%| F|  |TAMS 0x0000000709300000, 0x0000000709300000| Untracked 
| 136|0x0000000709400000, 0x0000000709400000, 0x0000000709500000|  0%| F|  |TAMS 0x0000000709400000, 0x0000000709400000| Untracked 
| 137|0x0000000709500000, 0x0000000709500000, 0x0000000709600000|  0%| F|  |TAMS 0x0000000709500000, 0x0000000709500000| Untracked 
| 138|0x0000000709600000, 0x0000000709600000, 0x0000000709700000|  0%| F|  |TAMS 0x0000000709600000, 0x0000000709600000| Untracked 
| 139|0x0000000709700000, 0x0000000709700000, 0x0000000709800000|  0%| F|  |TAMS 0x0000000709700000, 0x0000000709700000| Untracked 
| 140|0x0000000709800000, 0x0000000709800000, 0x0000000709900000|  0%| F|  |TAMS 0x0000000709800000, 0x0000000709800000| Untracked 
| 141|0x0000000709900000, 0x0000000709900000, 0x0000000709a00000|  0%| F|  |TAMS 0x0000000709900000, 0x0000000709900000| Untracked 
| 142|0x0000000709a00000, 0x0000000709a00000, 0x0000000709b00000|  0%| F|  |TAMS 0x0000000709a00000, 0x0000000709a00000| Untracked 
| 143|0x0000000709b00000, 0x0000000709b00000, 0x0000000709c00000|  0%| F|  |TAMS 0x0000000709b00000, 0x0000000709b00000| Untracked 
| 144|0x0000000709c00000, 0x0000000709c00000, 0x0000000709d00000|  0%| F|  |TAMS 0x0000000709c00000, 0x0000000709c00000| Untracked 
| 145|0x0000000709d00000, 0x0000000709d00000, 0x0000000709e00000|  0%| F|  |TAMS 0x0000000709d00000, 0x0000000709d00000| Untracked 
| 146|0x0000000709e00000, 0x0000000709e00000, 0x0000000709f00000|  0%| F|  |TAMS 0x0000000709e00000, 0x0000000709e00000| Untracked 
| 147|0x0000000709f00000, 0x0000000709f00000, 0x000000070a000000|  0%| F|  |TAMS 0x0000000709f00000, 0x0000000709f00000| Untracked 
| 148|0x000000070a000000, 0x000000070a000000, 0x000000070a100000|  0%| F|  |TAMS 0x000000070a000000, 0x000000070a000000| Untracked 
| 149|0x000000070a100000, 0x000000070a100000, 0x000000070a200000|  0%| F|  |TAMS 0x000000070a100000, 0x000000070a100000| Untracked 
| 150|0x000000070a200000, 0x000000070a200000, 0x000000070a300000|  0%| F|  |TAMS 0x000000070a200000, 0x000000070a200000| Untracked 
| 151|0x000000070a300000, 0x000000070a300000, 0x000000070a400000|  0%| F|  |TAMS 0x000000070a300000, 0x000000070a300000| Untracked 
| 152|0x000000070a400000, 0x000000070a400000, 0x000000070a500000|  0%| F|  |TAMS 0x000000070a400000, 0x000000070a400000| Untracked 
| 153|0x000000070a500000, 0x000000070a500000, 0x000000070a600000|  0%| F|  |TAMS 0x000000070a500000, 0x000000070a500000| Untracked 
| 154|0x000000070a600000, 0x000000070a600000, 0x000000070a700000|  0%| F|  |TAMS 0x000000070a600000, 0x000000070a600000| Untracked 
| 155|0x000000070a700000, 0x000000070a700000, 0x000000070a800000|  0%| F|  |TAMS 0x000000070a700000, 0x000000070a700000| Untracked 
| 156|0x000000070a800000, 0x000000070a800000, 0x000000070a900000|  0%| F|  |TAMS 0x000000070a800000, 0x000000070a800000| Untracked 
| 157|0x000000070a900000, 0x000000070a900000, 0x000000070aa00000|  0%| F|  |TAMS 0x000000070a900000, 0x000000070a900000| Untracked 
| 158|0x000000070aa00000, 0x000000070aa00000, 0x000000070ab00000|  0%| F|  |TAMS 0x000000070aa00000, 0x000000070aa00000| Untracked 
| 159|0x000000070ab00000, 0x000000070ab00000, 0x000000070ac00000|  0%| F|  |TAMS 0x000000070ab00000, 0x000000070ab00000| Untracked 
| 160|0x000000070ac00000, 0x000000070ac00000, 0x000000070ad00000|  0%| F|  |TAMS 0x000000070ac00000, 0x000000070ac00000| Untracked 
| 161|0x000000070ad00000, 0x000000070ad00000, 0x000000070ae00000|  0%| F|  |TAMS 0x000000070ad00000, 0x000000070ad00000| Untracked 
| 162|0x000000070ae00000, 0x000000070ae00000, 0x000000070af00000|  0%| F|  |TAMS 0x000000070ae00000, 0x000000070ae00000| Untracked 
| 163|0x000000070af00000, 0x000000070af00000, 0x000000070b000000|  0%| F|  |TAMS 0x000000070af00000, 0x000000070af00000| Untracked 
| 164|0x000000070b000000, 0x000000070b000000, 0x000000070b100000|  0%| F|  |TAMS 0x000000070b000000, 0x000000070b000000| Untracked 
| 165|0x000000070b100000, 0x000000070b100000, 0x000000070b200000|  0%| F|  |TAMS 0x000000070b100000, 0x000000070b100000| Untracked 
| 166|0x000000070b200000, 0x000000070b200000, 0x000000070b300000|  0%| F|  |TAMS 0x000000070b200000, 0x000000070b200000| Untracked 
| 167|0x000000070b300000, 0x000000070b300000, 0x000000070b400000|  0%| F|  |TAMS 0x000000070b300000, 0x000000070b300000| Untracked 
| 168|0x000000070b400000, 0x000000070b400000, 0x000000070b500000|  0%| F|  |TAMS 0x000000070b400000, 0x000000070b400000| Untracked 
| 169|0x000000070b500000, 0x000000070b500000, 0x000000070b600000|  0%| F|  |TAMS 0x000000070b500000, 0x000000070b500000| Untracked 
| 170|0x000000070b600000, 0x000000070b600000, 0x000000070b700000|  0%| F|  |TAMS 0x000000070b600000, 0x000000070b600000| Untracked 
| 171|0x000000070b700000, 0x000000070b700000, 0x000000070b800000|  0%| F|  |TAMS 0x000000070b700000, 0x000000070b700000| Untracked 
| 172|0x000000070b800000, 0x000000070b800000, 0x000000070b900000|  0%| F|  |TAMS 0x000000070b800000, 0x000000070b800000| Untracked 
| 173|0x000000070b900000, 0x000000070b900000, 0x000000070ba00000|  0%| F|  |TAMS 0x000000070b900000, 0x000000070b900000| Untracked 
| 174|0x000000070ba00000, 0x000000070ba00000, 0x000000070bb00000|  0%| F|  |TAMS 0x000000070ba00000, 0x000000070ba00000| Untracked 
| 175|0x000000070bb00000, 0x000000070bb00000, 0x000000070bc00000|  0%| F|  |TAMS 0x000000070bb00000, 0x000000070bb00000| Untracked 
| 176|0x000000070bc00000, 0x000000070bc00000, 0x000000070bd00000|  0%| F|  |TAMS 0x000000070bc00000, 0x000000070bc00000| Untracked 
| 177|0x000000070bd00000, 0x000000070bd00000, 0x000000070be00000|  0%| F|  |TAMS 0x000000070bd00000, 0x000000070bd00000| Untracked 
| 178|0x000000070be00000, 0x000000070be00000, 0x000000070bf00000|  0%| F|  |TAMS 0x000000070be00000, 0x000000070be00000| Untracked 
| 179|0x000000070bf00000, 0x000000070bf00000, 0x000000070c000000|  0%| F|  |TAMS 0x000000070bf00000, 0x000000070bf00000| Untracked 
| 180|0x000000070c000000, 0x000000070c000000, 0x000000070c100000|  0%| F|  |TAMS 0x000000070c000000, 0x000000070c000000| Untracked 
| 181|0x000000070c100000, 0x000000070c100000, 0x000000070c200000|  0%| F|  |TAMS 0x000000070c100000, 0x000000070c100000| Untracked 
| 182|0x000000070c200000, 0x000000070c200000, 0x000000070c300000|  0%| F|  |TAMS 0x000000070c200000, 0x000000070c200000| Untracked 
| 183|0x000000070c300000, 0x000000070c300000, 0x000000070c400000|  0%| F|  |TAMS 0x000000070c300000, 0x000000070c300000| Untracked 
| 184|0x000000070c400000, 0x000000070c400000, 0x000000070c500000|  0%| F|  |TAMS 0x000000070c400000, 0x000000070c400000| Untracked 
| 185|0x000000070c500000, 0x000000070c500000, 0x000000070c600000|  0%| F|  |TAMS 0x000000070c500000, 0x000000070c500000| Untracked 
| 186|0x000000070c600000, 0x000000070c600000, 0x000000070c700000|  0%| F|  |TAMS 0x000000070c600000, 0x000000070c600000| Untracked 
| 187|0x000000070c700000, 0x000000070c800000, 0x000000070c800000|100%| E|  |TAMS 0x000000070c700000, 0x000000070c700000| Complete 
| 188|0x000000070c800000, 0x000000070c900000, 0x000000070c900000|100%| E|CS|TAMS 0x000000070c800000, 0x000000070c800000| Complete 
| 189|0x000000070c900000, 0x000000070ca00000, 0x000000070ca00000|100%| E|CS|TAMS 0x000000070c900000, 0x000000070c900000| Complete 
| 190|0x000000070ca00000, 0x000000070cb00000, 0x000000070cb00000|100%| E|CS|TAMS 0x000000070ca00000, 0x000000070ca00000| Complete 
| 191|0x000000070cb00000, 0x000000070cc00000, 0x000000070cc00000|100%| E|CS|TAMS 0x000000070cb00000, 0x000000070cb00000| Complete 
| 192|0x000000070cc00000, 0x000000070cd00000, 0x000000070cd00000|100%| E|CS|TAMS 0x000000070cc00000, 0x000000070cc00000| Complete 
| 193|0x000000070cd00000, 0x000000070ce00000, 0x000000070ce00000|100%| E|CS|TAMS 0x000000070cd00000, 0x000000070cd00000| Complete 
| 194|0x000000070ce00000, 0x000000070cf00000, 0x000000070cf00000|100%| E|CS|TAMS 0x000000070ce00000, 0x000000070ce00000| Complete 
| 195|0x000000070cf00000, 0x000000070d000000, 0x000000070d000000|100%| E|CS|TAMS 0x000000070cf00000, 0x000000070cf00000| Complete 
| 196|0x000000070d000000, 0x000000070d100000, 0x000000070d100000|100%| E|CS|TAMS 0x000000070d000000, 0x000000070d000000| Complete 
| 197|0x000000070d100000, 0x000000070d200000, 0x000000070d200000|100%| E|CS|TAMS 0x000000070d100000, 0x000000070d100000| Complete 
| 198|0x000000070d200000, 0x000000070d300000, 0x000000070d300000|100%| E|CS|TAMS 0x000000070d200000, 0x000000070d200000| Complete 
| 199|0x000000070d300000, 0x000000070d400000, 0x000000070d400000|100%| E|CS|TAMS 0x000000070d300000, 0x000000070d300000| Complete 
| 200|0x000000070d400000, 0x000000070d500000, 0x000000070d500000|100%| E|CS|TAMS 0x000000070d400000, 0x000000070d400000| Complete 
| 201|0x000000070d500000, 0x000000070d600000, 0x000000070d600000|100%| E|CS|TAMS 0x000000070d500000, 0x000000070d500000| Complete 
| 202|0x000000070d600000, 0x000000070d700000, 0x000000070d700000|100%| E|CS|TAMS 0x000000070d600000, 0x000000070d600000| Complete 
| 203|0x000000070d700000, 0x000000070d800000, 0x000000070d800000|100%| E|CS|TAMS 0x000000070d700000, 0x000000070d700000| Complete 
| 204|0x000000070d800000, 0x000000070d900000, 0x000000070d900000|100%| E|CS|TAMS 0x000000070d800000, 0x000000070d800000| Complete 
| 205|0x000000070d900000, 0x000000070da00000, 0x000000070da00000|100%| E|CS|TAMS 0x000000070d900000, 0x000000070d900000| Complete 
| 206|0x000000070da00000, 0x000000070db00000, 0x000000070db00000|100%| E|CS|TAMS 0x000000070da00000, 0x000000070da00000| Complete 
| 207|0x000000070db00000, 0x000000070dc00000, 0x000000070dc00000|100%| E|CS|TAMS 0x000000070db00000, 0x000000070db00000| Complete 
| 208|0x000000070dc00000, 0x000000070dd00000, 0x000000070dd00000|100%| E|CS|TAMS 0x000000070dc00000, 0x000000070dc00000| Complete 
| 209|0x000000070dd00000, 0x000000070de00000, 0x000000070de00000|100%| E|CS|TAMS 0x000000070dd00000, 0x000000070dd00000| Complete 
| 210|0x000000070de00000, 0x000000070df00000, 0x000000070df00000|100%| E|CS|TAMS 0x000000070de00000, 0x000000070de00000| Complete 
| 211|0x000000070df00000, 0x000000070e000000, 0x000000070e000000|100%| E|CS|TAMS 0x000000070df00000, 0x000000070df00000| Complete 
| 212|0x000000070e000000, 0x000000070e100000, 0x000000070e100000|100%| E|CS|TAMS 0x000000070e000000, 0x000000070e000000| Complete 
| 213|0x000000070e100000, 0x000000070e200000, 0x000000070e200000|100%| E|CS|TAMS 0x000000070e100000, 0x000000070e100000| Complete 
| 214|0x000000070e200000, 0x000000070e300000, 0x000000070e300000|100%| E|CS|TAMS 0x000000070e200000, 0x000000070e200000| Complete 
| 215|0x000000070e300000, 0x000000070e400000, 0x000000070e400000|100%| E|CS|TAMS 0x000000070e300000, 0x000000070e300000| Complete 
| 216|0x000000070e400000, 0x000000070e500000, 0x000000070e500000|100%| E|CS|TAMS 0x000000070e400000, 0x000000070e400000| Complete 
| 217|0x000000070e500000, 0x000000070e600000, 0x000000070e600000|100%| E|CS|TAMS 0x000000070e500000, 0x000000070e500000| Complete 
| 218|0x000000070e600000, 0x000000070e700000, 0x000000070e700000|100%| E|CS|TAMS 0x000000070e600000, 0x000000070e600000| Complete 
| 219|0x000000070e700000, 0x000000070e800000, 0x000000070e800000|100%| E|CS|TAMS 0x000000070e700000, 0x000000070e700000| Complete 
| 220|0x000000070e800000, 0x000000070e900000, 0x000000070e900000|100%| E|CS|TAMS 0x000000070e800000, 0x000000070e800000| Complete 
| 221|0x000000070e900000, 0x000000070ea00000, 0x000000070ea00000|100%| E|CS|TAMS 0x000000070e900000, 0x000000070e900000| Complete 
| 222|0x000000070ea00000, 0x000000070eb00000, 0x000000070eb00000|100%| E|CS|TAMS 0x000000070ea00000, 0x000000070ea00000| Complete 
| 223|0x000000070eb00000, 0x000000070ec00000, 0x000000070ec00000|100%| E|CS|TAMS 0x000000070eb00000, 0x000000070eb00000| Complete 
| 224|0x000000070ec00000, 0x000000070ed00000, 0x000000070ed00000|100%| E|CS|TAMS 0x000000070ec00000, 0x000000070ec00000| Complete 
| 225|0x000000070ed00000, 0x000000070ee00000, 0x000000070ee00000|100%| E|CS|TAMS 0x000000070ed00000, 0x000000070ed00000| Complete 
| 226|0x000000070ee00000, 0x000000070ef00000, 0x000000070ef00000|100%| E|CS|TAMS 0x000000070ee00000, 0x000000070ee00000| Complete 
| 227|0x000000070ef00000, 0x000000070f000000, 0x000000070f000000|100%| E|CS|TAMS 0x000000070ef00000, 0x000000070ef00000| Complete 
| 228|0x000000070f000000, 0x000000070f100000, 0x000000070f100000|100%| E|CS|TAMS 0x000000070f000000, 0x000000070f000000| Complete 
| 229|0x000000070f100000, 0x000000070f200000, 0x000000070f200000|100%| E|CS|TAMS 0x000000070f100000, 0x000000070f100000| Complete 
| 230|0x000000070f200000, 0x000000070f300000, 0x000000070f300000|100%| E|CS|TAMS 0x000000070f200000, 0x000000070f200000| Complete 
| 231|0x000000070f300000, 0x000000070f400000, 0x000000070f400000|100%| E|CS|TAMS 0x000000070f300000, 0x000000070f300000| Complete 
| 232|0x000000070f400000, 0x000000070f500000, 0x000000070f500000|100%| E|CS|TAMS 0x000000070f400000, 0x000000070f400000| Complete 
| 233|0x000000070f500000, 0x000000070f600000, 0x000000070f600000|100%| E|CS|TAMS 0x000000070f500000, 0x000000070f500000| Complete 
| 234|0x000000070f600000, 0x000000070f700000, 0x000000070f700000|100%| E|CS|TAMS 0x000000070f600000, 0x000000070f600000| Complete 
| 235|0x000000070f700000, 0x000000070f800000, 0x000000070f800000|100%| E|CS|TAMS 0x000000070f700000, 0x000000070f700000| Complete 
| 236|0x000000070f800000, 0x000000070f900000, 0x000000070f900000|100%| E|CS|TAMS 0x000000070f800000, 0x000000070f800000| Complete 
| 237|0x000000070f900000, 0x000000070fa00000, 0x000000070fa00000|100%| E|CS|TAMS 0x000000070f900000, 0x000000070f900000| Complete 
| 238|0x000000070fa00000, 0x000000070fb00000, 0x000000070fb00000|100%| E|CS|TAMS 0x000000070fa00000, 0x000000070fa00000| Complete 
| 239|0x000000070fb00000, 0x000000070fc00000, 0x000000070fc00000|100%| E|CS|TAMS 0x000000070fb00000, 0x000000070fb00000| Complete 
| 240|0x000000070fc00000, 0x000000070fd00000, 0x000000070fd00000|100%| E|CS|TAMS 0x000000070fc00000, 0x000000070fc00000| Complete 
| 241|0x000000070fd00000, 0x000000070fe00000, 0x000000070fe00000|100%| E|CS|TAMS 0x000000070fd00000, 0x000000070fd00000| Complete 
| 242|0x000000070fe00000, 0x000000070ff00000, 0x000000070ff00000|100%| E|CS|TAMS 0x000000070fe00000, 0x000000070fe00000| Complete 
| 243|0x000000070ff00000, 0x0000000710000000, 0x0000000710000000|100%| E|CS|TAMS 0x000000070ff00000, 0x000000070ff00000| Complete 
| 244|0x0000000710000000, 0x0000000710100000, 0x0000000710100000|100%| E|CS|TAMS 0x0000000710000000, 0x0000000710000000| Complete 
| 245|0x0000000710100000, 0x0000000710200000, 0x0000000710200000|100%| E|CS|TAMS 0x0000000710100000, 0x0000000710100000| Complete 
| 246|0x0000000710200000, 0x0000000710300000, 0x0000000710300000|100%| E|CS|TAMS 0x0000000710200000, 0x0000000710200000| Complete 
| 247|0x0000000710300000, 0x0000000710400000, 0x0000000710400000|100%| E|CS|TAMS 0x0000000710300000, 0x0000000710300000| Complete 
| 248|0x0000000710400000, 0x0000000710500000, 0x0000000710500000|100%| E|CS|TAMS 0x0000000710400000, 0x0000000710400000| Complete 
| 249|0x0000000710500000, 0x0000000710600000, 0x0000000710600000|100%| E|CS|TAMS 0x0000000710500000, 0x0000000710500000| Complete 
| 250|0x0000000710600000, 0x0000000710700000, 0x0000000710700000|100%| E|CS|TAMS 0x0000000710600000, 0x0000000710600000| Complete 
| 251|0x0000000710700000, 0x0000000710800000, 0x0000000710800000|100%| E|CS|TAMS 0x0000000710700000, 0x0000000710700000| Complete 
| 252|0x0000000710800000, 0x0000000710900000, 0x0000000710900000|100%| E|CS|TAMS 0x0000000710800000, 0x0000000710800000| Complete 
| 253|0x0000000710900000, 0x0000000710a00000, 0x0000000710a00000|100%| E|CS|TAMS 0x0000000710900000, 0x0000000710900000| Complete 
| 254|0x0000000710a00000, 0x0000000710b00000, 0x0000000710b00000|100%| E|CS|TAMS 0x0000000710a00000, 0x0000000710a00000| Complete 
| 255|0x0000000710b00000, 0x0000000710c00000, 0x0000000710c00000|100%| E|CS|TAMS 0x0000000710b00000, 0x0000000710b00000| Complete 

Card table byte_map: [0x00000217e4130000,0x00000217e4930000] _byte_map_base: 0x00000217e092a000

Marking Bits (Prev, Next): (CMBitMap*) 0x00000217cbb0d998, (CMBitMap*) 0x00000217cbb0d9d8
 Prev Bits: [0x00000217e5130000, 0x00000217e9100000)
 Next Bits: [0x00000217e9100000, 0x00000217ed0d0000)

Polling page: 0x00000217c97a0000

Metaspace:

Usage:
  Non-class:     10.91 MB capacity,     8.56 MB ( 78%) used,     2.34 MB ( 21%) free+waste,    10.19 KB ( <1%) overhead. 
      Class:    802.00 KB capacity,   500.05 KB ( 62%) used,   299.27 KB ( 37%) free+waste,     2.69 KB ( <1%) overhead. 
       Both:     11.69 MB capacity,     9.04 MB ( 77%) used,     2.63 MB ( 23%) free+waste,    12.88 KB ( <1%) overhead. 

Virtual space:
  Non-class space:       12.00 MB reserved,      11.00 MB ( 92%) committed 
      Class space:        1.00 GB reserved,     896.00 KB ( <1%) committed 
             Both:        1.01 GB reserved,      11.88 MB (  1%) committed 

Chunk freelists:
   Non-Class:  32.00 KB
       Class:  30.00 KB
        Both:  62.00 KB

MaxMetaspaceSize: 17179869184.00 GB
CompressedClassSpaceSize: 1.00 GB

CodeHeap 'non-profiled nmethods': size=119168Kb used=1368Kb max_used=1368Kb free=117799Kb
 bounds [0x00000217dbb20000, 0x00000217dbd90000, 0x00000217e2f80000]
CodeHeap 'profiled nmethods': size=119168Kb used=3590Kb max_used=3590Kb free=115577Kb
 bounds [0x00000217d46c0000, 0x00000217d4a50000, 0x00000217dbb20000]
CodeHeap 'non-nmethods': size=7424Kb used=2912Kb max_used=2929Kb free=4511Kb
 bounds [0x00000217d3f80000, 0x00000217d42c0000, 0x00000217d46c0000]
 total_blobs=3418 nmethods=1420 adapters=1080
 compilation: enabled
              stopped_count=0, restarted_count=0
 full_count=0

Compilation events (20 events):
Event: 13.953 Thread 0x00000217fed4f000 nmethod 1411 0x00000217d4a3a990 code [0x00000217d4a3ab80, 0x00000217d4a3b260]
Event: 13.953 Thread 0x00000217fed4f000 1413       3       java.lang.ClassLoader::getNamedPackage (73 bytes)
Event: 13.953 Thread 0x00000217fed4f000 nmethod 1413 0x00000217d4a3b410 code [0x00000217d4a3b600, 0x00000217d4a3bc10]
Event: 13.953 Thread 0x00000217fed4f000 1414       3       java.lang.ClassLoader::definePackage (85 bytes)
Event: 13.953 Thread 0x00000217f1904800 nmethod 1412 0x00000217d4a3be10 code [0x00000217d4a3c060, 0x00000217d4a3cca0]
Event: 13.953 Thread 0x00000217efab8800 nmethod 1410 0x00000217d4a3d090 code [0x00000217d4a3d440, 0x00000217d4a3ebf0]
Event: 13.954 Thread 0x00000217fed4f000 nmethod 1414 0x00000217d4a3f510 code [0x00000217d4a3f800, 0x00000217d4a40a00]
Event: 13.964 Thread 0x00000217fed4f000 1415       3       java.lang.String::trim (35 bytes)
Event: 13.964 Thread 0x00000217fed4f000 nmethod 1415 0x00000217d4a40f10 code [0x00000217d4a410e0, 0x00000217d4a41440]
Event: 13.966 Thread 0x00000217f1931800 nmethod 1393% 0x00000217dbc71290 code [0x00000217dbc71460, 0x00000217dbc729c8]
Event: 13.967 Thread 0x00000217efab1000 1416   !   4       sun.net.www.ParseUtil::decode (316 bytes)
Event: 13.969 Thread 0x00000217efab1000 nmethod 1416 0x00000217dbc73210 code [0x00000217dbc733a0, 0x00000217dbc735b8]
Event: 13.975 Thread 0x00000217efab1000 1417       4       sun.net.www.protocol.file.Handler::parseURL (18 bytes)
Event: 13.976 Thread 0x00000217f1931800 1418       4       java.lang.ClassLoader::loadLibrary0 (50 bytes)
Event: 13.983 Thread 0x00000217efab1000 nmethod 1417 0x00000217dbc73810 code [0x00000217dbc739c0, 0x00000217dbc73f08]
Event: 13.995 Thread 0x00000217f1931800 nmethod 1418 0x00000217dbc74290 code [0x00000217dbc744c0, 0x00000217dbc75480]
Event: 14.007 Thread 0x00000217fed4f000 1419       1       java.time.LocalDateTime::toLocalDate (5 bytes)
Event: 14.007 Thread 0x00000217fed4f000 nmethod 1419 0x00000217dbc75e90 code [0x00000217dbc76020, 0x00000217dbc76158]
Event: 14.024 Thread 0x00000217fed4f000 1420       3       sun.nio.cs.SingleByte$Encoder::encode (32 bytes)
Event: 14.024 Thread 0x00000217fed4f000 nmethod 1420 0x00000217d4a41510 code [0x00000217d4a416c0, 0x00000217d4a418f8]

GC Heap History (20 events):
Event: 12.772 GC heap before
{Heap before GC invocations=98 (full 0):
 garbage-first heap   total 262144K, used 160479K [0x0000000700c00000, 0x0000000800000000)
  region size 1024K, 153 young (156672K), 1 survivors (1024K)
 Metaspace       used 7230K, capacity 10079K, committed 10240K, reserved 1058816K
  class space    used 387K, capacity 705K, committed 768K, reserved 1048576K
}
Event: 12.772 GC heap after
{Heap after GC invocations=99 (full 0):
 garbage-first heap   total 262144K, used 4831K [0x0000000700c00000, 0x0000000800000000)
  region size 1024K, 1 young (1024K), 1 survivors (1024K)
 Metaspace       used 7230K, capacity 10079K, committed 10240K, reserved 1058816K
  class space    used 387K, capacity 705K, committed 768K, reserved 1048576K
}
Event: 12.901 GC heap before
{Heap before GC invocations=99 (full 0):
 garbage-first heap   total 262144K, used 160479K [0x0000000700c00000, 0x0000000800000000)
  region size 1024K, 153 young (156672K), 1 survivors (1024K)
 Metaspace       used 7230K, capacity 10079K, committed 10240K, reserved 1058816K
  class space    used 387K, capacity 705K, committed 768K, reserved 1048576K
}
Event: 12.902 GC heap after
{Heap after GC invocations=100 (full 0):
 garbage-first heap   total 262144K, used 4833K [0x0000000700c00000, 0x0000000800000000)
  region size 1024K, 1 young (1024K), 1 survivors (1024K)
 Metaspace       used 7230K, capacity 10079K, committed 10240K, reserved 1058816K
  class space    used 387K, capacity 705K, committed 768K, reserved 1048576K
}
Event: 13.026 GC heap before
{Heap before GC invocations=100 (full 0):
 garbage-first heap   total 262144K, used 160481K [0x0000000700c00000, 0x0000000800000000)
  region size 1024K, 153 young (156672K), 1 survivors (1024K)
 Metaspace       used 7230K, capacity 10079K, committed 10240K, reserved 1058816K
  class space    used 387K, capacity 705K, committed 768K, reserved 1048576K
}
Event: 13.026 GC heap after
{Heap after GC invocations=101 (full 0):
 garbage-first heap   total 262144K, used 4833K [0x0000000700c00000, 0x0000000800000000)
  region size 1024K, 1 young (1024K), 1 survivors (1024K)
 Metaspace       used 7230K, capacity 10079K, committed 10240K, reserved 1058816K
  class space    used 387K, capacity 705K, committed 768K, reserved 1048576K
}
Event: 13.148 GC heap before
{Heap before GC invocations=101 (full 0):
 garbage-first heap   total 262144K, used 160481K [0x0000000700c00000, 0x0000000800000000)
  region size 1024K, 153 young (156672K), 1 survivors (1024K)
 Metaspace       used 7230K, capacity 10079K, committed 10240K, reserved 1058816K
  class space    used 387K, capacity 705K, committed 768K, reserved 1048576K
}
Event: 13.149 GC heap after
{Heap after GC invocations=102 (full 0):
 garbage-first heap   total 262144K, used 4833K [0x0000000700c00000, 0x0000000800000000)
  region size 1024K, 1 young (1024K), 1 survivors (1024K)
 Metaspace       used 7230K, capacity 10079K, committed 10240K, reserved 1058816K
  class space    used 387K, capacity 705K, committed 768K, reserved 1048576K
}
Event: 13.278 GC heap before
{Heap before GC invocations=102 (full 0):
 garbage-first heap   total 262144K, used 160481K [0x0000000700c00000, 0x0000000800000000)
  region size 1024K, 153 young (156672K), 1 survivors (1024K)
 Metaspace       used 7230K, capacity 10079K, committed 10240K, reserved 1058816K
  class space    used 387K, capacity 705K, committed 768K, reserved 1048576K
}
Event: 13.278 GC heap after
{Heap after GC invocations=103 (full 0):
 garbage-first heap   total 262144K, used 4842K [0x0000000700c00000, 0x0000000800000000)
  region size 1024K, 1 young (1024K), 1 survivors (1024K)
 Metaspace       used 7230K, capacity 10079K, committed 10240K, reserved 1058816K
  class space    used 387K, capacity 705K, committed 768K, reserved 1048576K
}
Event: 13.400 GC heap before
{Heap before GC invocations=103 (full 0):
 garbage-first heap   total 262144K, used 160490K [0x0000000700c00000, 0x0000000800000000)
  region size 1024K, 153 young (156672K), 1 survivors (1024K)
 Metaspace       used 7230K, capacity 10079K, committed 10240K, reserved 1058816K
  class space    used 387K, capacity 705K, committed 768K, reserved 1048576K
}
Event: 13.401 GC heap after
{Heap after GC invocations=104 (full 0):
 garbage-first heap   total 262144K, used 4840K [0x0000000700c00000, 0x0000000800000000)
  region size 1024K, 1 young (1024K), 1 survivors (1024K)
 Metaspace       used 7230K, capacity 10079K, committed 10240K, reserved 1058816K
  class space    used 387K, capacity 705K, committed 768K, reserved 1048576K
}
Event: 13.520 GC heap before
{Heap before GC invocations=104 (full 0):
 garbage-first heap   total 262144K, used 160488K [0x0000000700c00000, 0x0000000800000000)
  region size 1024K, 153 young (156672K), 1 survivors (1024K)
 Metaspace       used 7230K, capacity 10079K, committed 10240K, reserved 1058816K
  class space    used 387K, capacity 705K, committed 768K, reserved 1048576K
}
Event: 13.521 GC heap after
{Heap after GC invocations=105 (full 0):
 garbage-first heap   total 262144K, used 4842K [0x0000000700c00000, 0x0000000800000000)
  region size 1024K, 1 young (1024K), 1 survivors (1024K)
 Metaspace       used 7230K, capacity 10079K, committed 10240K, reserved 1058816K
  class space    used 387K, capacity 705K, committed 768K, reserved 1048576K
}
Event: 13.640 GC heap before
{Heap before GC invocations=105 (full 0):
 garbage-first heap   total 262144K, used 160490K [0x0000000700c00000, 0x0000000800000000)
  region size 1024K, 153 young (156672K), 1 survivors (1024K)
 Metaspace       used 7230K, capacity 10079K, committed 10240K, reserved 1058816K
  class space    used 387K, capacity 705K, committed 768K, reserved 1048576K
}
Event: 13.640 GC heap after
{Heap after GC invocations=106 (full 0):
 garbage-first heap   total 262144K, used 4842K [0x0000000700c00000, 0x0000000800000000)
  region size 1024K, 1 young (1024K), 1 survivors (1024K)
 Metaspace       used 7230K, capacity 10079K, committed 10240K, reserved 1058816K
  class space    used 387K, capacity 705K, committed 768K, reserved 1048576K
}
Event: 13.758 GC heap before
{Heap before GC invocations=106 (full 0):
 garbage-first heap   total 262144K, used 160490K [0x0000000700c00000, 0x0000000800000000)
  region size 1024K, 153 young (156672K), 1 survivors (1024K)
 Metaspace       used 7230K, capacity 10079K, committed 10240K, reserved 1058816K
  class space    used 387K, capacity 705K, committed 768K, reserved 1048576K
}
Event: 13.758 GC heap after
{Heap after GC invocations=107 (full 0):
 garbage-first heap   total 262144K, used 4842K [0x0000000700c00000, 0x0000000800000000)
  region size 1024K, 1 young (1024K), 1 survivors (1024K)
 Metaspace       used 7230K, capacity 10079K, committed 10240K, reserved 1058816K
  class space    used 387K, capacity 705K, committed 768K, reserved 1048576K
}
Event: 13.948 GC heap before
{Heap before GC invocations=107 (full 0):
 garbage-first heap   total 262144K, used 160490K [0x0000000700c00000, 0x0000000800000000)
  region size 1024K, 153 young (156672K), 1 survivors (1024K)
 Metaspace       used 8978K, capacity 11714K, committed 11776K, reserved 1060864K
  class space    used 450K, capacity 738K, committed 768K, reserved 1048576K
}
Event: 13.948 GC heap after
{Heap after GC invocations=108 (full 0):
 garbage-first heap   total 262144K, used 5376K [0x0000000700c00000, 0x0000000800000000)
  region size 1024K, 1 young (1024K), 1 survivors (1024K)
 Metaspace       used 8978K, capacity 11714K, committed 11776K, reserved 1060864K
  class space    used 450K, capacity 738K, committed 768K, reserved 1048576K
}

Deoptimization events (20 events):
Event: 13.880 Thread 0x00000217cbaa7000 Uncommon trap: trap_request=0xffffff45 fr.pc=0x00000217dbbab440 relative=0x0000000000002de0
Event: 13.880 Thread 0x00000217cbaa7000 Uncommon trap: reason=unstable_if action=reinterpret pc=0x00000217dbbab440 method=java.net.URLStreamHandler.parseURL(Ljava/net/URL;Ljava/lang/String;II)V @ 57 c2
Event: 13.880 Thread 0x00000217cbaa7000 DEOPT PACKING pc=0x00000217dbbab440 sp=0x000000ca9e9ff070
Event: 13.880 Thread 0x00000217cbaa7000 DEOPT UNPACKING pc=0x00000217d3fc912f sp=0x000000ca9e9ff010 mode 2
Event: 13.880 Thread 0x00000217cbaa7000 Uncommon trap: trap_request=0xffffff45 fr.pc=0x00000217dbbb127c relative=0x000000000000275c
Event: 13.880 Thread 0x00000217cbaa7000 Uncommon trap: reason=unstable_if action=reinterpret pc=0x00000217dbbb127c method=java.io.WinNTFileSystem.resolve(Ljava/lang/String;Ljava/lang/String;)Ljava/lang/String; @ 19 c2
Event: 13.880 Thread 0x00000217cbaa7000 DEOPT PACKING pc=0x00000217dbbb127c sp=0x000000ca9e9ff2a0
Event: 13.880 Thread 0x00000217cbaa7000 DEOPT UNPACKING pc=0x00000217d3fc912f sp=0x000000ca9e9ff090 mode 2
Event: 13.897 Thread 0x00000217cbaa7000 Uncommon trap: trap_request=0xffffff45 fr.pc=0x00000217dbbf017c relative=0x0000000000002c7c
Event: 13.897 Thread 0x00000217cbaa7000 Uncommon trap: reason=unstable_if action=reinterpret pc=0x00000217dbbf017c method=org.bytedeco.javacpp.Loader.findResources(Ljava/lang/Class;Ljava/lang/String;I)[Ljava/net/URL; @ 37 c2
Event: 13.897 Thread 0x00000217cbaa7000 DEOPT PACKING pc=0x00000217dbbf017c sp=0x000000ca9e9fe130
Event: 13.897 Thread 0x00000217cbaa7000 DEOPT UNPACKING pc=0x00000217d3fc912f sp=0x000000ca9e9fe108 mode 2
Event: 13.903 Thread 0x00000217cbaa7000 Uncommon trap: trap_request=0xffffff54 fr.pc=0x00000217dbc39ea0 relative=0x0000000000000680
Event: 13.903 Thread 0x00000217cbaa7000 Uncommon trap: reason=speculate_null_assert action=make_not_entrant pc=0x00000217dbc39ea0 method=java.lang.ClassLoader.loadLibrary0(Ljava/lang/Class;Ljava/io/File;)Z @ 38 c2
Event: 13.903 Thread 0x00000217cbaa7000 DEOPT PACKING pc=0x00000217dbc39ea0 sp=0x000000ca9e9fc960
Event: 13.903 Thread 0x00000217cbaa7000 DEOPT UNPACKING pc=0x00000217d3fc912f sp=0x000000ca9e9fc930 mode 2
Event: 13.923 Thread 0x00000217cbaa7000 Uncommon trap: trap_request=0xffffff45 fr.pc=0x00000217dbb9cb40 relative=0x0000000000001420
Event: 13.923 Thread 0x00000217cbaa7000 Uncommon trap: reason=unstable_if action=reinterpret pc=0x00000217dbb9cb40 method=jdk.internal.loader.URLClassPath.findResource(Ljava/lang/String;Z)Ljava/net/URL; @ 24 c2
Event: 13.923 Thread 0x00000217cbaa7000 DEOPT PACKING pc=0x00000217dbb9cb40 sp=0x000000ca9e9fdd50
Event: 13.923 Thread 0x00000217cbaa7000 DEOPT UNPACKING pc=0x00000217d3fc912f sp=0x000000ca9e9fdd70 mode 2

Classes unloaded (0 events):
No events

Classes redefined (0 events):
No events

Internal exceptions (20 events):
Event: 13.982 Thread 0x00000217cbaa7000 Exception <a 'sun/nio/fs/WindowsException'{0x000000070f4c28a8}> (0x000000070f4c28a8) 
thrown [t:/workspace/open/src/hotspot/share/prims/jni.cpp, line 598]
Event: 13.983 Thread 0x00000217cbaa7000 Exception <a 'sun/nio/fs/WindowsException'{0x000000070f4c28d8}> (0x000000070f4c28d8) 
thrown [t:/workspace/open/src/hotspot/share/prims/jni.cpp, line 598]
Event: 13.983 Thread 0x00000217cbaa7000 Exception <a 'sun/nio/fs/WindowsException'{0x000000070f4c3bd8}> (0x000000070f4c3bd8) 
thrown [t:/workspace/open/src/hotspot/share/prims/jni.cpp, line 598]
Event: 13.983 Thread 0x00000217cbaa7000 Exception <a 'sun/nio/fs/WindowsException'{0x000000070f4c3c08}> (0x000000070f4c3c08) 
thrown [t:/workspace/open/src/hotspot/share/prims/jni.cpp, line 598]
Event: 14.008 Thread 0x00000217cbaa7000 Exception <a 'sun/nio/fs/WindowsException'{0x000000070dec00b8}> (0x000000070dec00b8) 
thrown [t:/workspace/open/src/hotspot/share/prims/jni.cpp, line 598]
Event: 14.008 Thread 0x00000217cbaa7000 Exception <a 'sun/nio/fs/WindowsException'{0x000000070dec00e8}> (0x000000070dec00e8) 
thrown [t:/workspace/open/src/hotspot/share/prims/jni.cpp, line 598]
Event: 14.009 Thread 0x00000217cbaa7000 Exception <a 'sun/nio/fs/WindowsException'{0x000000070dec1420}> (0x000000070dec1420) 
thrown [t:/workspace/open/src/hotspot/share/prims/jni.cpp, line 598]
Event: 14.009 Thread 0x00000217cbaa7000 Exception <a 'sun/nio/fs/WindowsException'{0x000000070dec1450}> (0x000000070dec1450) 
thrown [t:/workspace/open/src/hotspot/share/prims/jni.cpp, line 598]
Event: 14.009 Thread 0x00000217cbaa7000 Exception <a 'sun/nio/fs/WindowsException'{0x000000070dec2750}> (0x000000070dec2750) 
thrown [t:/workspace/open/src/hotspot/share/prims/jni.cpp, line 598]
Event: 14.009 Thread 0x00000217cbaa7000 Exception <a 'sun/nio/fs/WindowsException'{0x000000070dec2780}> (0x000000070dec2780) 
thrown [t:/workspace/open/src/hotspot/share/prims/jni.cpp, line 598]
Event: 14.010 Thread 0x00000217cbaa7000 Exception <a 'sun/nio/fs/WindowsException'{0x000000070dec3a80}> (0x000000070dec3a80) 
thrown [t:/workspace/open/src/hotspot/share/prims/jni.cpp, line 598]
Event: 14.010 Thread 0x00000217cbaa7000 Exception <a 'sun/nio/fs/WindowsException'{0x000000070dec3ab0}> (0x000000070dec3ab0) 
thrown [t:/workspace/open/src/hotspot/share/prims/jni.cpp, line 598]
Event: 14.018 Thread 0x00000217cbaa7000 Exception <a 'sun/nio/fs/WindowsException'{0x000000070d6a1c08}> (0x000000070d6a1c08) 
thrown [t:/workspace/open/src/hotspot/share/prims/jni.cpp, line 598]
Event: 14.018 Thread 0x00000217cbaa7000 Exception <a 'sun/nio/fs/WindowsException'{0x000000070d6a1c38}> (0x000000070d6a1c38) 
thrown [t:/workspace/open/src/hotspot/share/prims/jni.cpp, line 598]
Event: 14.018 Thread 0x00000217cbaa7000 Exception <a 'sun/nio/fs/WindowsException'{0x000000070d6a2f70}> (0x000000070d6a2f70) 
thrown [t:/workspace/open/src/hotspot/share/prims/jni.cpp, line 598]
Event: 14.019 Thread 0x00000217cbaa7000 Exception <a 'sun/nio/fs/WindowsException'{0x000000070d6a2fa0}> (0x000000070d6a2fa0) 
thrown [t:/workspace/open/src/hotspot/share/prims/jni.cpp, line 598]
Event: 14.019 Thread 0x00000217cbaa7000 Exception <a 'sun/nio/fs/WindowsException'{0x000000070d6a42a0}> (0x000000070d6a42a0) 
thrown [t:/workspace/open/src/hotspot/share/prims/jni.cpp, line 598]
Event: 14.019 Thread 0x00000217cbaa7000 Exception <a 'sun/nio/fs/WindowsException'{0x000000070d6a42d0}> (0x000000070d6a42d0) 
thrown [t:/workspace/open/src/hotspot/share/prims/jni.cpp, line 598]
Event: 14.019 Thread 0x00000217cbaa7000 Exception <a 'sun/nio/fs/WindowsException'{0x000000070d6a55d0}> (0x000000070d6a55d0) 
thrown [t:/workspace/open/src/hotspot/share/prims/jni.cpp, line 598]
Event: 14.020 Thread 0x00000217cbaa7000 Exception <a 'sun/nio/fs/WindowsException'{0x000000070d6a5600}> (0x000000070d6a5600) 
thrown [t:/workspace/open/src/hotspot/share/prims/jni.cpp, line 598]

Events (20 events):
Event: 13.994 loading class org/bytedeco/javacpp/tesseract$DeleteCallback
Event: 13.994 loading class org/bytedeco/javacpp/tesseract$DeleteCallback done
Event: 13.994 loading class org/bytedeco/javacpp/tesseract$IntClearCallback
Event: 13.994 loading class org/bytedeco/javacpp/tesseract$IntClearCallback done
Event: 13.994 loading class org/bytedeco/javacpp/tesseract$StringClearCallback
Event: 13.994 loading class org/bytedeco/javacpp/tesseract$StringClearCallback done
Event: 13.995 loading class org/bytedeco/javacpp/tesseract$CharClearCallback
Event: 13.995 loading class org/bytedeco/javacpp/tesseract$CharClearCallback done
Event: 13.995 loading class org/bytedeco/javacpp/tesseract$TessCallbackUtils_
Event: 13.995 loading class org/bytedeco/javacpp/tesseract$TessCallbackUtils_ done
Event: 13.995 loading class org/bytedeco/javacpp/tesseract$UNICHAR$const_iterator
Event: 13.995 loading class org/bytedeco/javacpp/tesseract$UNICHAR$const_iterator done
Event: 13.996 loading class org/bytedeco/javacpp/tesseract$UNICHAR
Event: 13.996 loading class org/bytedeco/javacpp/tesseract$UNICHAR done
Event: 13.996 loading class org/bytedeco/javacpp/tesseract$TessResultRenderer
Event: 13.996 loading class org/bytedeco/javacpp/tesseract$TessResultRenderer done
Event: 14.028 loading class org/bytedeco/javacpp/indexer/Indexer
Event: 14.028 loading class org/bytedeco/javacpp/indexer/Indexer done
Event: 14.029 loading class org/bytedeco/javacpp/indexer/UByteIndexer
Event: 14.029 loading class org/bytedeco/javacpp/indexer/UByteIndexer done


Dynamic libraries:
0x00007ff671fe0000 - 0x00007ff671fef000 	C:\Program Files\Java\jdk-13\bin\java.exe
0x00007ffae78c0000 - 0x00007ffae7ab0000 	C:\WINDOWS\SYSTEM32\ntdll.dll
0x00007ffae5ff0000 - 0x00007ffae60a2000 	C:\WINDOWS\System32\KERNEL32.DLL
0x00007ffae54c0000 - 0x00007ffae5763000 	C:\WINDOWS\System32\KERNELBASE.dll
0x00007ffae4850000 - 0x00007ffae494a000 	C:\WINDOWS\System32\ucrtbase.dll
0x00007ffae10d0000 - 0x00007ffae10e5000 	C:\Program Files\Java\jdk-13\bin\VCRUNTIME140.dll
0x00007ffae0e70000 - 0x00007ffae0e88000 	C:\Program Files\Java\jdk-13\bin\jli.dll
0x00007ffae5b70000 - 0x00007ffae5c13000 	C:\WINDOWS\System32\ADVAPI32.dll
0x00007ffae7110000 - 0x00007ffae71ae000 	C:\WINDOWS\System32\msvcrt.dll
0x00007ffae74e0000 - 0x00007ffae7577000 	C:\WINDOWS\System32\sechost.dll
0x00007ffae72d0000 - 0x00007ffae73f0000 	C:\WINDOWS\System32\RPCRT4.dll
0x00007ffae6f60000 - 0x00007ffae70f4000 	C:\WINDOWS\System32\USER32.dll
0x00007ffacfb50000 - 0x00007ffacfdd5000 	C:\WINDOWS\WinSxS\amd64_microsoft.windows.common-controls_6595b64144ccf1df_6.0.18362.418_none_e6c6b287130d565d\COMCTL32.dll
0x00007ffae4950000 - 0x00007ffae4971000 	C:\WINDOWS\System32\win32u.dll
0x00007ffae6270000 - 0x00007ffae6296000 	C:\WINDOWS\System32\GDI32.dll
0x00007ffae5c20000 - 0x00007ffae5f56000 	C:\WINDOWS\System32\combase.dll
0x00007ffae5210000 - 0x00007ffae53a4000 	C:\WINDOWS\System32\gdi32full.dll
0x00007ffae57a0000 - 0x00007ffae5820000 	C:\WINDOWS\System32\bcryptPrimitives.dll
0x00007ffae49d0000 - 0x00007ffae4a6e000 	C:\WINDOWS\System32\msvcp_win.dll
0x00007ffae0a90000 - 0x00007ffae0a9a000 	C:\WINDOWS\SYSTEM32\VERSION.dll
0x00007ffae7850000 - 0x00007ffae787e000 	C:\WINDOWS\System32\IMM32.DLL
0x00007ffacade0000 - 0x00007ffacae7b000 	C:\Program Files\Java\jdk-13\bin\msvcp140.dll
0x00007ffaae210000 - 0x00007ffaaed76000 	C:\Program Files\Java\jdk-13\bin\server\jvm.dll
0x00007ffae60b0000 - 0x00007ffae60b8000 	C:\WINDOWS\System32\PSAPI.DLL
0x00007ffacee90000 - 0x00007ffacee99000 	C:\WINDOWS\SYSTEM32\WSOCK32.dll
0x00007ffae73f0000 - 0x00007ffae745f000 	C:\WINDOWS\System32\WS2_32.dll
0x00007ffadd400000 - 0x00007ffadd424000 	C:\WINDOWS\SYSTEM32\WINMM.dll
0x00007ffadd3d0000 - 0x00007ffadd3fd000 	C:\WINDOWS\SYSTEM32\winmmbase.dll
0x00007ffae4980000 - 0x00007ffae49ca000 	C:\WINDOWS\System32\cfgmgr32.dll
0x00007ffae47f0000 - 0x00007ffae4801000 	C:\WINDOWS\System32\kernel.appcore.dll
0x00007ffae0f40000 - 0x00007ffae0f50000 	C:\Program Files\Java\jdk-13\bin\verify.dll
0x00007ffadfb80000 - 0x00007ffadfd74000 	C:\WINDOWS\SYSTEM32\DBGHELP.DLL
0x00007ffadf640000 - 0x00007ffadf66a000 	C:\WINDOWS\SYSTEM32\dbgcore.DLL
0x00007ffadf330000 - 0x00007ffadf356000 	C:\Program Files\Java\jdk-13\bin\java.dll
0x00007ffae0f10000 - 0x00007ffae0f27000 	C:\Program Files\Java\jdk-13\bin\zip.dll
0x00007ffae0eb0000 - 0x00007ffae0eba000 	C:\Program Files\Java\jdk-13\bin\jimage.dll
0x00007ffae62a0000 - 0x00007ffae6985000 	C:\WINDOWS\System32\SHELL32.dll
0x00007ffae7220000 - 0x00007ffae72c9000 	C:\WINDOWS\System32\shcore.dll
0x00007ffae4a90000 - 0x00007ffae520f000 	C:\WINDOWS\System32\windows.storage.dll
0x00007ffae4810000 - 0x00007ffae482f000 	C:\WINDOWS\System32\profapi.dll
0x00007ffae47a0000 - 0x00007ffae47ea000 	C:\WINDOWS\System32\powrprof.dll
0x00007ffae4790000 - 0x00007ffae47a0000 	C:\WINDOWS\System32\UMPDC.dll
0x00007ffae7740000 - 0x00007ffae7792000 	C:\WINDOWS\System32\shlwapi.dll
0x00007ffae4a70000 - 0x00007ffae4a87000 	C:\WINDOWS\System32\cryptsp.dll
0x00007ffad9e90000 - 0x00007ffad9ea9000 	C:\Program Files\Java\jdk-13\bin\net.dll
0x00007ffadd150000 - 0x00007ffadd326000 	C:\WINDOWS\SYSTEM32\urlmon.dll
0x00007ffadf4d0000 - 0x00007ffadf5c0000 	C:\WINDOWS\SYSTEM32\WINHTTP.dll
0x00007ffad9fe0000 - 0x00007ffada286000 	C:\WINDOWS\SYSTEM32\iertutil.dll
0x00007ffae41d0000 - 0x00007ffae41dc000 	C:\WINDOWS\SYSTEM32\CRYPTBASE.DLL
0x00007ffae4000000 - 0x00007ffae4067000 	C:\WINDOWS\system32\mswsock.dll
0x00007ffad1840000 - 0x00007ffad1853000 	C:\Program Files\Java\jdk-13\bin\nio.dll
0x000000006d7c0000 - 0x000000006f38f000 	C:\Users\Salim\.javacpp\cache\openblas-0.3.6-1.5.1-windows-x86_64.jar\org\bytedeco\openblas\windows-x86_64\libopenblas_nolapack.dll
0x0000000071000000 - 0x0000000071061000 	C:\Users\Salim\.javacpp\cache\openblas-0.3.6-1.5.1-windows-x86_64.jar\org\bytedeco\openblas\windows-x86_64\jniopenblas_nolapack.dll
0x00000000006a0000 - 0x000000000226f000 	C:\Users\Salim\.javacpp\cache\openblas-0.3.6-1.5.1-windows-x86_64.jar\org\bytedeco\openblas\windows-x86_64\libopenblas.dll
0x0000000067800000 - 0x0000000068716000 	C:\Users\Salim\.javacpp\cache\openblas-0.3.6-1.5.1-windows-x86_64.jar\org\bytedeco\openblas\windows-x86_64\jniopenblas.dll
0x00000217c9a40000 - 0x00000217c9a43000 	C:\Users\Salim\.javacpp\cache\opencv-4.1.0-1.5.1-windows-x86_64.jar\org\bytedeco\opencv\windows-x86_64\api-ms-win-crt-locale-l1-1-0.dll
0x00000217c9a50000 - 0x00000217c9a54000 	C:\Users\Salim\.javacpp\cache\opencv-4.1.0-1.5.1-windows-x86_64.jar\org\bytedeco\opencv\windows-x86_64\api-ms-win-crt-string-l1-1-0.dll
0x00000217c9a60000 - 0x00000217c9a64000 	C:\Users\Salim\.javacpp\cache\opencv-4.1.0-1.5.1-windows-x86_64.jar\org\bytedeco\opencv\windows-x86_64\api-ms-win-crt-stdio-l1-1-0.dll
0x00000217c9a70000 - 0x00000217c9a75000 	C:\Users\Salim\.javacpp\cache\opencv-4.1.0-1.5.1-windows-x86_64.jar\org\bytedeco\opencv\windows-x86_64\api-ms-win-crt-math-l1-1-0.dll
0x00000217c9a80000 - 0x00000217c9a83000 	C:\Users\Salim\.javacpp\cache\opencv-4.1.0-1.5.1-windows-x86_64.jar\org\bytedeco\opencv\windows-x86_64\api-ms-win-crt-heap-l1-1-0.dll
0x00000217c9a90000 - 0x00000217c9a94000 	C:\Users\Salim\.javacpp\cache\opencv-4.1.0-1.5.1-windows-x86_64.jar\org\bytedeco\opencv\windows-x86_64\api-ms-win-crt-runtime-l1-1-0.dll
0x00000217cb9b0000 - 0x00000217cb9b4000 	C:\Users\Salim\.javacpp\cache\opencv-4.1.0-1.5.1-windows-x86_64.jar\org\bytedeco\opencv\windows-x86_64\api-ms-win-crt-convert-l1-1-0.dll
0x00000217cb9c0000 - 0x00000217cb9c3000 	C:\Users\Salim\.javacpp\cache\opencv-4.1.0-1.5.1-windows-x86_64.jar\org\bytedeco\opencv\windows-x86_64\api-ms-win-crt-environment-l1-1-0.dll
0x00000217cb9d0000 - 0x00000217cb9d3000 	C:\Users\Salim\.javacpp\cache\opencv-4.1.0-1.5.1-windows-x86_64.jar\org\bytedeco\opencv\windows-x86_64\api-ms-win-crt-time-l1-1-0.dll
0x00000217cb9e0000 - 0x00000217cb9e3000 	C:\Users\Salim\.javacpp\cache\opencv-4.1.0-1.5.1-windows-x86_64.jar\org\bytedeco\opencv\windows-x86_64\api-ms-win-crt-filesystem-l1-1-0.dll
0x00000217cb9f0000 - 0x00000217cb9f3000 	C:\Users\Salim\.javacpp\cache\opencv-4.1.0-1.5.1-windows-x86_64.jar\org\bytedeco\opencv\windows-x86_64\api-ms-win-crt-utility-l1-1-0.dll
0x00000217cba00000 - 0x00000217cba05000 	C:\Users\Salim\.javacpp\cache\opencv-4.1.0-1.5.1-windows-x86_64.jar\org\bytedeco\opencv\windows-x86_64\api-ms-win-crt-multibyte-l1-1-0.dll
0x00000217cba10000 - 0x00000217cba13000 	C:\Users\Salim\.javacpp\cache\opencv-4.1.0-1.5.1-windows-x86_64.jar\org\bytedeco\opencv\windows-x86_64\api-ms-win-core-string-l1-1-0.dll
0x00000217cba20000 - 0x00000217cba23000 	C:\Users\Salim\.javacpp\cache\opencv-4.1.0-1.5.1-windows-x86_64.jar\org\bytedeco\opencv\windows-x86_64\api-ms-win-core-errorhandling-l1-1-0.dll
0x00000217cba30000 - 0x00000217cba33000 	C:\Users\Salim\.javacpp\cache\opencv-4.1.0-1.5.1-windows-x86_64.jar\org\bytedeco\opencv\windows-x86_64\api-ms-win-core-timezone-l1-1-0.dll
0x00000217cba40000 - 0x00000217cba44000 	C:\Users\Salim\.javacpp\cache\opencv-4.1.0-1.5.1-windows-x86_64.jar\org\bytedeco\opencv\windows-x86_64\api-ms-win-core-file-l1-1-0.dll
0x00000217ff7c0000 - 0x00000217ff7c3000 	C:\Users\Salim\.javacpp\cache\opencv-4.1.0-1.5.1-windows-x86_64.jar\org\bytedeco\opencv\windows-x86_64\api-ms-win-core-namedpipe-l1-1-0.dll
0x00000217ff7d0000 - 0x00000217ff7d3000 	C:\Users\Salim\.javacpp\cache\opencv-4.1.0-1.5.1-windows-x86_64.jar\org\bytedeco\opencv\windows-x86_64\api-ms-win-core-handle-l1-1-0.dll
0x00000217ff7e0000 - 0x00000217ff7e3000 	C:\Users\Salim\.javacpp\cache\opencv-4.1.0-1.5.1-windows-x86_64.jar\org\bytedeco\opencv\windows-x86_64\api-ms-win-core-file-l2-1-0.dll
0x00000217ff7f0000 - 0x00000217ff7f3000 	C:\Users\Salim\.javacpp\cache\opencv-4.1.0-1.5.1-windows-x86_64.jar\org\bytedeco\opencv\windows-x86_64\api-ms-win-core-heap-l1-1-0.dll
0x00000217ff800000 - 0x00000217ff803000 	C:\Users\Salim\.javacpp\cache\opencv-4.1.0-1.5.1-windows-x86_64.jar\org\bytedeco\opencv\windows-x86_64\api-ms-win-core-libraryloader-l1-1-0.dll
0x00000217ff810000 - 0x00000217ff813000 	C:\Users\Salim\.javacpp\cache\opencv-4.1.0-1.5.1-windows-x86_64.jar\org\bytedeco\opencv\windows-x86_64\api-ms-win-core-synch-l1-1-0.dll
0x00000217ff820000 - 0x00000217ff823000 	C:\Users\Salim\.javacpp\cache\opencv-4.1.0-1.5.1-windows-x86_64.jar\org\bytedeco\opencv\windows-x86_64\api-ms-win-core-processthreads-l1-1-0.dll
0x00000217ff830000 - 0x00000217ff833000 	C:\Users\Salim\.javacpp\cache\opencv-4.1.0-1.5.1-windows-x86_64.jar\org\bytedeco\opencv\windows-x86_64\api-ms-win-core-processenvironment-l1-1-0.dll
0x00000217ff840000 - 0x00000217ff843000 	C:\Users\Salim\.javacpp\cache\opencv-4.1.0-1.5.1-windows-x86_64.jar\org\bytedeco\opencv\windows-x86_64\api-ms-win-core-datetime-l1-1-0.dll
0x00000217ff850000 - 0x00000217ff853000 	C:\Users\Salim\.javacpp\cache\opencv-4.1.0-1.5.1-windows-x86_64.jar\org\bytedeco\opencv\windows-x86_64\api-ms-win-core-localization-l1-2-0.dll
0x00000217ff860000 - 0x00000217ff863000 	C:\Users\Salim\.javacpp\cache\opencv-4.1.0-1.5.1-windows-x86_64.jar\org\bytedeco\opencv\windows-x86_64\api-ms-win-core-sysinfo-l1-1-0.dll
0x00000217ff870000 - 0x00000217ff873000 	C:\Users\Salim\.javacpp\cache\opencv-4.1.0-1.5.1-windows-x86_64.jar\org\bytedeco\opencv\windows-x86_64\api-ms-win-core-synch-l1-2-0.dll
0x00000217ff880000 - 0x00000217ff883000 	C:\Users\Salim\.javacpp\cache\opencv-4.1.0-1.5.1-windows-x86_64.jar\org\bytedeco\opencv\windows-x86_64\api-ms-win-core-console-l1-1-0.dll
0x00000217ff890000 - 0x00000217ff893000 	C:\Users\Salim\.javacpp\cache\opencv-4.1.0-1.5.1-windows-x86_64.jar\org\bytedeco\opencv\windows-x86_64\api-ms-win-core-debug-l1-1-0.dll
0x00000217ff8a0000 - 0x00000217ff8a3000 	C:\Users\Salim\.javacpp\cache\opencv-4.1.0-1.5.1-windows-x86_64.jar\org\bytedeco\opencv\windows-x86_64\api-ms-win-core-rtlsupport-l1-1-0.dll
0x00000217ff8b0000 - 0x00000217ff8b3000 	C:\Users\Salim\.javacpp\cache\opencv-4.1.0-1.5.1-windows-x86_64.jar\org\bytedeco\opencv\windows-x86_64\api-ms-win-core-processthreads-l1-1-1.dll
0x00000217ff8c0000 - 0x00000217ff8c3000 	C:\Users\Salim\.javacpp\cache\opencv-4.1.0-1.5.1-windows-x86_64.jar\org\bytedeco\opencv\windows-x86_64\api-ms-win-core-file-l1-2-0.dll
0x00000217ff8d0000 - 0x00000217ff8d3000 	C:\Users\Salim\.javacpp\cache\opencv-4.1.0-1.5.1-windows-x86_64.jar\org\bytedeco\opencv\windows-x86_64\api-ms-win-core-profile-l1-1-0.dll
0x00000217ff8e0000 - 0x00000217ff8e3000 	C:\Users\Salim\.javacpp\cache\opencv-4.1.0-1.5.1-windows-x86_64.jar\org\bytedeco\opencv\windows-x86_64\api-ms-win-core-memory-l1-1-0.dll
0x00000217ff8f0000 - 0x00000217ff8f3000 	C:\Users\Salim\.javacpp\cache\opencv-4.1.0-1.5.1-windows-x86_64.jar\org\bytedeco\opencv\windows-x86_64\api-ms-win-core-util-l1-1-0.dll
0x00000217ff900000 - 0x00000217ff903000 	C:\Users\Salim\.javacpp\cache\opencv-4.1.0-1.5.1-windows-x86_64.jar\org\bytedeco\opencv\windows-x86_64\api-ms-win-core-interlocked-l1-1-0.dll
0x00007ffaae110000 - 0x00007ffaae205000 	C:\Users\Salim\.javacpp\cache\opencv-4.1.0-1.5.1-windows-x86_64.jar\org\bytedeco\opencv\windows-x86_64\ucrtbase.dll
0x00007ffacf110000 - 0x00007ffacf127000 	C:\Users\Salim\.javacpp\cache\opencv-4.1.0-1.5.1-windows-x86_64.jar\org\bytedeco\opencv\windows-x86_64\vcruntime140.dll
0x00007ffaae070000 - 0x00007ffaae10d000 	C:\Users\Salim\.javacpp\cache\opencv-4.1.0-1.5.1-windows-x86_64.jar\org\bytedeco\opencv\windows-x86_64\msvcp140.dll
0x00007ffab8780000 - 0x00007ffab87d1000 	C:\Users\Salim\.javacpp\cache\opencv-4.1.0-1.5.1-windows-x86_64.jar\org\bytedeco\opencv\windows-x86_64\concrt140.dll
0x00007ffacc3e0000 - 0x00007ffacc40e000 	C:\Users\Salim\.javacpp\cache\opencv-4.1.0-1.5.1-windows-x86_64.jar\org\bytedeco\opencv\windows-x86_64\vcomp140.dll
0x00007ffaaac20000 - 0x00007ffaab000000 	C:\Users\Salim\.javacpp\cache\opencv-4.1.0-1.5.1-windows-x86_64.jar\org\bytedeco\opencv\windows-x86_64\opencv_core410.dll
0x00007ffaaa5d0000 - 0x00007ffaaac15000 	C:\Users\Salim\.javacpp\cache\opencv-4.1.0-1.5.1-windows-x86_64.jar\org\bytedeco\opencv\windows-x86_64\opencv_imgproc410.dll
0x00007ffaaa290000 - 0x00007ffaaa5c1000 	C:\Users\Salim\.javacpp\cache\opencv-4.1.0-1.5.1-windows-x86_64.jar\org\bytedeco\opencv\windows-x86_64\jniopencv_core.dll
0x00007ffaadd70000 - 0x00007ffaadec4000 	C:\Users\Salim\.javacpp\cache\opencv-4.1.0-1.5.1-windows-x86_64.jar\org\bytedeco\opencv\windows-x86_64\jniopencv_imgproc.dll
0x00007ffaa9f80000 - 0x00007ffaaa283000 	C:\Users\Salim\.javacpp\cache\opencv-4.1.0-1.5.1-windows-x86_64.jar\org\bytedeco\opencv\windows-x86_64\opencv_imgcodecs410.dll
0x00007ffacb080000 - 0x00007ffacb0b0000 	C:\Users\Salim\.javacpp\cache\opencv-4.1.0-1.5.1-windows-x86_64.jar\org\bytedeco\opencv\windows-x86_64\jniopencv_imgcodecs.dll
0x0000000064940000 - 0x0000000064955000 	C:\Users\Salim\.javacpp\cache\leptonica-1.75.3-1.4.1-windows-x86_64.jar\org\bytedeco\javacpp\windows-x86_64\libwinpthread-1.dll
0x0000000061440000 - 0x000000006145c000 	C:\Users\Salim\.javacpp\cache\leptonica-1.75.3-1.4.1-windows-x86_64.jar\org\bytedeco\javacpp\windows-x86_64\libgcc_s_seh-1.dll
0x000000006fc40000 - 0x000000006fda6000 	C:\Users\Salim\.javacpp\cache\leptonica-1.75.3-1.4.1-windows-x86_64.jar\org\bytedeco\javacpp\windows-x86_64\libstdc++-6.dll
0x0000000002270000 - 0x0000000002700000 	C:\Users\Salim\.javacpp\cache\leptonica-1.75.3-1.4.1-windows-x86_64.jar\org\bytedeco\javacpp\windows-x86_64\liblept-5.dll
0x000000006bf40000 - 0x000000006c259000 	C:\Users\Salim\.javacpp\cache\leptonica-1.75.3-1.4.1-windows-x86_64.jar\org\bytedeco\javacpp\windows-x86_64\jnilept.dll
0x0000000068a00000 - 0x0000000068f51000 	C:\Users\Salim\.javacpp\cache\tesseract-3.05.01-1.4.1-windows-x86_64.jar\org\bytedeco\javacpp\windows-x86_64\libtesseract-3.dll
0x0000000065440000 - 0x00000000654d4000 	C:\Users\Salim\.javacpp\cache\tesseract-3.05.01-1.4.1-windows-x86_64.jar\org\bytedeco\javacpp\windows-x86_64\jnitesseract.dll

dbghelp: loaded successfully - version: 4.0.5 - missing functions: none
symbol engine: initialized successfully - sym options: 0x614 - pdb path: .;C:\Program Files\Java\jdk-13\bin;C:\WINDOWS\SYSTEM32;C:\WINDOWS\WinSxS\amd64_microsoft.windows.common-controls_6595b64144ccf1df_6.0.18362.418_none_e6c6b287130d565d;C:\Program Files\Java\jdk-13\bin\server;C:\Users\Salim\.javacpp\cache\openblas-0.3.6-1.5.1-windows-x86_64.jar\org\bytedeco\openblas\windows-x86_64;C:\Users\Salim\.javacpp\cache\opencv-4.1.0-1.5.1-windows-x86_64.jar\org\bytedeco\opencv\windows-x86_64;C:\Users\Salim\.javacpp\cache\leptonica-1.75.3-1.4.1-windows-x86_64.jar\org\bytedeco\javacpp\windows-x86_64;C:\Users\Salim\.javacpp\cache\tesseract-3.05.01-1.4.1-windows-x86_64.jar\org\bytedeco\javacpp\windows-x86_64

VM Arguments:
java_command: com.mycompany.readreceipt.Main
java_class_path (initial): C:\Users\Salim\Documents\NetBeansProjects\ReadReceipt\target\classes;C:\Users\Salim\.m2\repository\org\bytedeco\javacv-platform\1.5.1\javacv-platform-1.5.1.jar;C:\Users\Salim\.m2\repository\org\bytedeco\javacv\1.5.1\javacv-1.5.1.jar;C:\Users\Salim\.m2\repository\org\bytedeco\openblas\0.3.6-1.5.1\openblas-0.3.6-1.5.1.jar;C:\Users\Salim\.m2\repository\org\bytedeco\opencv\4.1.0-1.5.1\opencv-4.1.0-1.5.1.jar;C:\Users\Salim\.m2\repository\org\bytedeco\ffmpeg\4.1.3-1.5.1\ffmpeg-4.1.3-1.5.1.jar;C:\Users\Salim\.m2\repository\org\bytedeco\flycapture\2.13.3.31-1.5.1\flycapture-2.13.3.31-1.5.1.jar;C:\Users\Salim\.m2\repository\org\bytedeco\libdc1394\2.2.6-1.5.1\libdc1394-2.2.6-1.5.1.jar;C:\Users\Salim\.m2\repository\org\bytedeco\libfreenect\0.5.7-1.5.1\libfreenect-0.5.7-1.5.1.jar;C:\Users\Salim\.m2\repository\org\bytedeco\libfreenect2\0.2.0-1.5.1\libfreenect2-0.2.0-1.5.1.jar;C:\Users\Salim\.m2\repository\org\bytedeco\librealsense\1.12.1-1.5.1\librealsense-1.12.1-1.5.1.jar;C:\Users\Salim\.m2\repository\org\bytedeco\videoinput\0.200-1.5.1\videoinput-0.200-1.5.1.jar;C:\Users\Salim\.m2\repository\org\bytedeco\artoolkitplus\2.3.1-1.5.1\artoolkitplus-2.3.1-1.5.1.jar;C:\Users\Salim\.m2\repository\org\bytedeco\flandmark\1.07-1.5.1\flandmark-1.07-1.5.1.jar;C:\Users\Salim\.m2\repository\org\bytedeco\leptonica\1.78.0-1.5.1\leptonica-1.78.0-1.5.1.jar;C:\Users\Salim\.m2\repository\org\bytedeco\tesseract\4.1.0-1.5.1\tesseract-4.1.0-1.5.1.jar;C:\Users\Salim\.m2\repository\org\bytedeco\openblas-platform\0.3.6-1.5.1\openblas-platform-0.3.6-1.5.1.jar;C:\Users\Salim\.m2\repository\org\bytedeco\openblas\0.3.6-1.5.1\openblas-0.3.6-1.5.1-android-arm.jar;C:\Users\Salim\.m2\repository\org\bytedeco\openblas\0.3.6-1.5.1\openblas-0.3.6-1.5.1-android-arm64.jar;C:\Users\Salim\.m2\repository\org\bytedeco\openblas\0.3.6-1.5.1\openblas-0.3.6-1.5.1-android-x86.jar;C:\Users\Salim\.m2\repository\org\bytedeco\openblas\0.3.6-1.5.1\openblas-0.3.6-1.5.1-android-x86_64.jar;C:\Users\Salim\
Launcher Type: SUN_STANDARD

[Global flags]
     intx CICompilerCount                          = 12                                        {product} {ergonomic}
     uint ConcGCThreads                            = 3                                         {product} {ergonomic}
     uint G1ConcRefinementThreads                  = 13                                        {product} {ergonomic}
   size_t G1HeapRegionSize                         = 1048576                                   {product} {ergonomic}
    uintx GCDrainStackTargetSize                   = 64                                        {product} {ergonomic}
   size_t InitialHeapSize                          = 268435456                                 {product} {ergonomic}
   size_t MarkStackSize                            = 4194304                                   {product} {ergonomic}
   size_t MaxHeapSize                              = 4282384384                                {product} {ergonomic}
   size_t MaxNewSize                               = 2569011200                                {product} {ergonomic}
   size_t MinHeapDeltaBytes                        = 1048576                                   {product} {ergonomic}
   size_t MinHeapSize                              = 8388608                                   {product} {ergonomic}
    uintx NonNMethodCodeHeapSize                   = 7594288                                {pd product} {ergonomic}
    uintx NonProfiledCodeHeapSize                  = 122031976                              {pd product} {ergonomic}
    uintx ProfiledCodeHeapSize                     = 122031976                              {pd product} {ergonomic}
    uintx ReservedCodeCacheSize                    = 251658240                              {pd product} {ergonomic}
     bool SegmentedCodeCache                       = true                                      {product} {ergonomic}
   size_t SoftMaxHeapSize                          = 4282384384                             {manageable} {ergonomic}
     bool UseCompressedClassPointers               = true                                 {lp64_product} {ergonomic}
     bool UseCompressedOops                        = true                                 {lp64_product} {ergonomic}
     bool UseG1GC                                  = true                                      {product} {ergonomic}
     bool UseLargePagesIndividualAllocation        = false                                  {pd product} {ergonomic}

Logging:
Log output configuration:
 #0: stdout all=warning uptime,level,tags
 #1: stderr all=off uptime,level,tags

Environment Variables:
JAVA_HOME=C:\Program Files\Java\jdk-13
PATH=;C:\Program Files (x86)\Common Files\Oracle\Java\javapath;C:\WINDOWS\system32;C:\WINDOWS;C:\WINDOWS\System32\Wbem;C:\WINDOWS\System32\WindowsPowerShell\v1.0\;C:\WINDOWS\System32\OpenSSH\;C:\Program Files (x86)\NVIDIA Corporation\PhysX\Common;C:\Program Files\Git\cmd;"C:\Program Files\Java\jdk1.8.0_60\bin;";C:\Users\Salim\AppData\Local\Microsoft\WindowsApps;
USERNAME=Salim
OS=Windows_NT
PROCESSOR_IDENTIFIER=AMD64 Family 23 Model 8 Stepping 2, AuthenticAMD



---------------  S Y S T E M  ---------------

OS: Windows 10 , 64 bit Build 18362 (10.0.18362.329)

CPU:total 16 (initial active 16) (16 cores per cpu, 2 threads per core) family 23 model 8 stepping 2, cmov, cx8, fxsr, mmx, sse, sse2, sse3, ssse3, sse4.1, sse4.2, popcnt, avx, avx2, aes, clmul, mmxext, 3dnowpref, lzcnt, sse4a, ht, tsc, tscinvbit, tscinv, bmi1, bmi2, adx, sha, fma

Memory: 4k page, system-wide physical 16335M (9176M free)
TotalPageFile size 18767M (AvailPageFile size 5162M)
current process WorkingSet (physical memory assigned to process): 281M, peak: 281M
current process commit charge ("private bytes"): 1399M, peak: 1399M

vm_info: Java HotSpot(TM) 64-Bit Server VM (13+33) for windows-amd64 JRE (13+33), built on Sep 18 2019 21:38:00 by "mach5one" with unknown MS VC++:1916

END.
